[2022-08-06T14:58:02.626Z] Log level: Info
[2022-08-06T14:58:02.627Z] [info] Validating found git in: git
[2022-08-06T14:58:03.284Z] [info] Using git 2.37.1 from git
[2022-08-06T14:58:03.387Z] > git rev-parse --show-toplevel [93ms]
[2022-08-06T14:58:03.394Z] > git rev-parse --git-dir --git-common-dir [1ms]
[2022-08-06T14:58:03.399Z] [info] Open repository: /home/gaffclant/Programming/Rust/guessing_game
[2022-08-06T14:58:03.411Z] > git status -z -uall [6ms]
[2022-08-06T14:58:03.417Z] > git symbolic-ref --short HEAD [2ms]
[2022-08-06T14:58:03.427Z] > git for-each-ref --format=%(refname)%00%(upstream:short)%00%(objectname)%00%(upstream:track)%00%(upstream:remotename)%00%(upstream:remoteref) refs/heads/master refs/remotes/master [3ms]
[2022-08-06T14:58:03.437Z] > git remote --verbose [1ms]
[2022-08-06T14:58:03.444Z] > git for-each-ref --sort -committerdate --format %(refname) %(objectname) %(*objectname) [12ms]
[2022-08-06T14:58:03.457Z] > git config --get commit.template [1ms]
[2022-08-06T14:58:03.467Z] > git status -z -uall [2ms]
[2022-08-06T14:58:03.472Z] > git symbolic-ref --short HEAD [1ms]
[2022-08-06T14:58:03.477Z] > git for-each-ref --format=%(refname)%00%(upstream:short)%00%(objectname)%00%(upstream:track)%00%(upstream:remotename)%00%(upstream:remoteref) refs/heads/master refs/remotes/master [1ms]
[2022-08-06T14:58:03.483Z] > git for-each-ref --sort -committerdate --format %(refname) %(objectname) %(*objectname) [3ms]
[2022-08-06T14:58:03.483Z] > git remote --verbose [1ms]
[2022-08-06T14:58:03.489Z] > git config --get commit.template [1ms]
[2022-08-06T14:58:03.795Z] > git show --textconv :src/main.rs [69ms]
[2022-08-06T14:58:03.795Z] > git ls-files --stage -- /home/gaffclant/Programming/Rust/guessing_game/src/main.rs [61ms]
[2022-08-06T14:58:03.932Z] > git check-ignore -v -z --stdin [2ms]
[2022-08-06T14:58:06.772Z] > git status -z -uall [1ms]
[2022-08-06T14:58:06.779Z] > git symbolic-ref --short HEAD [2ms]
[2022-08-06T14:58:06.785Z] > git for-each-ref --format=%(refname)%00%(upstream:short)%00%(objectname)%00%(upstream:track)%00%(upstream:remotename)%00%(upstream:remoteref) refs/heads/master refs/remotes/master [1ms]
[2022-08-06T14:58:06.798Z] > git for-each-ref --sort -committerdate --format %(refname) %(objectname) %(*objectname) [7ms]
[2022-08-06T14:58:06.798Z] > git remote --verbose [2ms]
[2022-08-06T14:58:06.806Z] > git config --get commit.template [2ms]
[2022-08-06T14:58:17.080Z] > git status -z -uall [2ms]
[2022-08-06T14:58:17.084Z] > git symbolic-ref --short HEAD [1ms]
[2022-08-06T14:58:17.088Z] > git for-each-ref --format=%(refname)%00%(upstream:short)%00%(objectname)%00%(upstream:track)%00%(upstream:remotename)%00%(upstream:remoteref) refs/heads/master refs/remotes/master [1ms]
[2022-08-06T14:58:17.094Z] > git for-each-ref --sort -committerdate --format %(refname) %(objectname) %(*objectname) [3ms]
[2022-08-06T14:58:17.094Z] > git remote --verbose [1ms]
[2022-08-06T14:58:17.099Z] > git config --get commit.template [1ms]
[2022-08-06T15:46:26.969Z] > git log --format=%H%n%aN%n%aE%n%at%n%ct%n%P%n%D%n%B -z -n61 -- /home/gaffclant/Programming/Rust/guessing_game/src/main.rs [2ms]
[2022-08-06T15:46:26.969Z] fatal: your current branch 'master' does not have any commits yet
