[2022-08-15T19:23:49.379Z] Log level: Info
[2022-08-15T19:23:49.380Z] [info] Validating found git in: git
[2022-08-15T19:23:49.398Z] [info] Using git 2.37.1 from git
[2022-08-15T19:23:49.425Z] > git rev-parse --show-toplevel [6ms]
[2022-08-15T19:23:49.443Z] > git rev-parse --git-dir --git-common-dir [7ms]
[2022-08-15T19:23:49.456Z] [info] Open repository: /home/gaffclant/Programming/Rust/programming_concepts
[2022-08-15T19:23:49.473Z] > git status -z -uall [3ms]
[2022-08-15T19:23:49.485Z] > git symbolic-ref --short HEAD [3ms]
[2022-08-15T19:23:49.505Z] > git for-each-ref --format=%(refname)%00%(upstream:short)%00%(objectname)%00%(upstream:track)%00%(upstream:remotename)%00%(upstream:remoteref) refs/heads/master refs/remotes/master [12ms]
[2022-08-15T19:23:49.526Z] > git remote --verbose [4ms]
[2022-08-15T19:23:49.527Z] > git for-each-ref --sort -committerdate --format %(refname) %(objectname) %(*objectname) [13ms]
[2022-08-15T19:23:49.584Z] > git config --get commit.template [46ms]
[2022-08-15T19:23:49.606Z] > git status -z -uall [14ms]
[2022-08-15T19:23:49.614Z] > git symbolic-ref --short HEAD [2ms]
[2022-08-15T19:23:49.627Z] > git for-each-ref --format=%(refname)%00%(upstream:short)%00%(objectname)%00%(upstream:track)%00%(upstream:remotename)%00%(upstream:remoteref) refs/heads/master refs/remotes/master [4ms]
[2022-08-15T19:23:49.646Z] > git for-each-ref --sort -committerdate --format %(refname) %(objectname) %(*objectname) [11ms]
[2022-08-15T19:23:49.647Z] > git remote --verbose [3ms]
[2022-08-15T19:23:49.660Z] > git config --get commit.template [3ms]
[2022-08-15T19:23:50.087Z] > git check-ignore -v -z --stdin [1ms]
[2022-08-15T19:23:50.158Z] > git show --textconv :src/main.rs [7ms]
[2022-08-15T19:23:50.159Z] > git ls-files --stage -- /home/gaffclant/Programming/Rust/programming_concepts/src/main.rs [3ms]
[2022-08-15T19:23:50.922Z] > git status -z -uall [1ms]
[2022-08-15T19:23:50.926Z] > git symbolic-ref --short HEAD [1ms]
[2022-08-15T19:23:50.930Z] > git for-each-ref --format=%(refname)%00%(upstream:short)%00%(objectname)%00%(upstream:track)%00%(upstream:remotename)%00%(upstream:remoteref) refs/heads/master refs/remotes/master [1ms]
[2022-08-15T19:23:50.936Z] > git for-each-ref --sort -committerdate --format %(refname) %(objectname) %(*objectname) [3ms]
[2022-08-15T19:23:50.937Z] > git remote --verbose [1ms]
[2022-08-15T19:23:50.942Z] > git config --get commit.template [1ms]
[2022-08-15T19:24:13.862Z] > git status -z -uall [1ms]
[2022-08-15T19:24:13.866Z] > git symbolic-ref --short HEAD [1ms]
[2022-08-15T19:24:13.870Z] > git for-each-ref --format=%(refname)%00%(upstream:short)%00%(objectname)%00%(upstream:track)%00%(upstream:remotename)%00%(upstream:remoteref) refs/heads/master refs/remotes/master [1ms]
[2022-08-15T19:24:13.875Z] > git for-each-ref --sort -committerdate --format %(refname) %(objectname) %(*objectname) [3ms]
[2022-08-15T19:24:13.876Z] > git remote --verbose [1ms]
[2022-08-15T19:24:13.881Z] > git config --get commit.template [2ms]
[2022-08-15T19:24:18.886Z] > git status -z -uall [1ms]
[2022-08-15T19:24:18.890Z] > git symbolic-ref --short HEAD [1ms]
[2022-08-15T19:24:18.893Z] > git for-each-ref --format=%(refname)%00%(upstream:short)%00%(objectname)%00%(upstream:track)%00%(upstream:remotename)%00%(upstream:remoteref) refs/heads/master refs/remotes/master [1ms]
[2022-08-15T19:24:18.898Z] > git for-each-ref --sort -committerdate --format %(refname) %(objectname) %(*objectname) [3ms]
[2022-08-15T19:24:18.898Z] > git remote --verbose [1ms]
[2022-08-15T19:24:18.903Z] > git config --get commit.template [1ms]
[2022-08-15T19:24:23.908Z] > git status -z -uall [1ms]
[2022-08-15T19:24:23.912Z] > git symbolic-ref --short HEAD [1ms]
[2022-08-15T19:24:23.916Z] > git for-each-ref --format=%(refname)%00%(upstream:short)%00%(objectname)%00%(upstream:track)%00%(upstream:remotename)%00%(upstream:remoteref) refs/heads/master refs/remotes/master [1ms]
[2022-08-15T19:24:23.923Z] > git for-each-ref --sort -committerdate --format %(refname) %(objectname) %(*objectname) [4ms]
[2022-08-15T19:24:23.923Z] > git remote --verbose [1ms]
[2022-08-15T19:24:23.928Z] > git config --get commit.template [1ms]
[2022-08-15T19:24:28.932Z] > git status -z -uall [1ms]
[2022-08-15T19:24:28.936Z] > git symbolic-ref --short HEAD [1ms]
[2022-08-15T19:24:28.939Z] > git for-each-ref --format=%(refname)%00%(upstream:short)%00%(objectname)%00%(upstream:track)%00%(upstream:remotename)%00%(upstream:remoteref) refs/heads/master refs/remotes/master [1ms]
[2022-08-15T19:24:28.946Z] > git for-each-ref --sort -committerdate --format %(refname) %(objectname) %(*objectname) [3ms]
[2022-08-15T19:24:28.947Z] > git remote --verbose [2ms]
[2022-08-15T19:24:28.952Z] > git config --get commit.template [1ms]
[2022-08-15T19:24:33.959Z] > git status -z -uall [1ms]
[2022-08-15T19:24:33.967Z] > git symbolic-ref --short HEAD [1ms]
[2022-08-15T19:24:33.974Z] > git for-each-ref --format=%(refname)%00%(upstream:short)%00%(objectname)%00%(upstream:track)%00%(upstream:remotename)%00%(upstream:remoteref) refs/heads/master refs/remotes/master [2ms]
[2022-08-15T19:24:33.983Z] > git for-each-ref --sort -committerdate --format %(refname) %(objectname) %(*objectname) [5ms]
[2022-08-15T19:24:33.984Z] > git remote --verbose [2ms]
[2022-08-15T19:24:33.991Z] > git config --get commit.template [1ms]
[2022-08-15T19:24:38.996Z] > git status -z -uall [1ms]
[2022-08-15T19:24:38.999Z] > git symbolic-ref --short HEAD [1ms]
[2022-08-15T19:24:39.002Z] > git for-each-ref --format=%(refname)%00%(upstream:short)%00%(objectname)%00%(upstream:track)%00%(upstream:remotename)%00%(upstream:remoteref) refs/heads/master refs/remotes/master [1ms]
[2022-08-15T19:24:39.007Z] > git for-each-ref --sort -committerdate --format %(refname) %(objectname) %(*objectname) [3ms]
[2022-08-15T19:24:39.007Z] > git remote --verbose [1ms]
[2022-08-15T19:24:39.011Z] > git config --get commit.template [1ms]
[2022-08-15T19:25:48.690Z] > git status -z -uall [1ms]
[2022-08-15T19:25:48.693Z] > git symbolic-ref --short HEAD [1ms]
[2022-08-15T19:25:48.697Z] > git for-each-ref --format=%(refname)%00%(upstream:short)%00%(objectname)%00%(upstream:track)%00%(upstream:remotename)%00%(upstream:remoteref) refs/heads/master refs/remotes/master [1ms]
[2022-08-15T19:25:48.702Z] > git for-each-ref --sort -committerdate --format %(refname) %(objectname) %(*objectname) [3ms]
[2022-08-15T19:25:48.702Z] > git remote --verbose [1ms]
[2022-08-15T19:25:48.706Z] > git config --get commit.template [1ms]
[2022-08-15T19:25:57.016Z] > git status -z -uall [1ms]
[2022-08-15T19:25:57.020Z] > git symbolic-ref --short HEAD [1ms]
[2022-08-15T19:25:57.024Z] > git for-each-ref --format=%(refname)%00%(upstream:short)%00%(objectname)%00%(upstream:track)%00%(upstream:remotename)%00%(upstream:remoteref) refs/heads/master refs/remotes/master [1ms]
[2022-08-15T19:25:57.030Z] > git for-each-ref --sort -committerdate --format %(refname) %(objectname) %(*objectname) [3ms]
[2022-08-15T19:25:57.030Z] > git remote --verbose [1ms]
[2022-08-15T19:25:57.035Z] > git config --get commit.template [1ms]
[2022-08-15T19:26:02.044Z] > git status -z -uall [1ms]
[2022-08-15T19:26:02.048Z] > git symbolic-ref --short HEAD [1ms]
[2022-08-15T19:26:02.052Z] > git for-each-ref --format=%(refname)%00%(upstream:short)%00%(objectname)%00%(upstream:track)%00%(upstream:remotename)%00%(upstream:remoteref) refs/heads/master refs/remotes/master [1ms]
[2022-08-15T19:26:02.058Z] > git for-each-ref --sort -committerdate --format %(refname) %(objectname) %(*objectname) [3ms]
[2022-08-15T19:26:02.058Z] > git remote --verbose [1ms]
[2022-08-15T19:26:02.063Z] > git config --get commit.template [1ms]
[2022-08-15T19:26:07.068Z] > git status -z -uall [1ms]
[2022-08-15T19:26:07.073Z] > git symbolic-ref --short HEAD [1ms]
[2022-08-15T19:26:07.076Z] > git for-each-ref --format=%(refname)%00%(upstream:short)%00%(objectname)%00%(upstream:track)%00%(upstream:remotename)%00%(upstream:remoteref) refs/heads/master refs/remotes/master [1ms]
[2022-08-15T19:26:07.080Z] > git for-each-ref --sort -committerdate --format %(refname) %(objectname) %(*objectname) [2ms]
[2022-08-15T19:26:07.080Z] > git remote --verbose [0ms]
[2022-08-15T19:26:07.084Z] > git config --get commit.template [1ms]
[2022-08-15T19:26:12.091Z] > git status -z -uall [1ms]
[2022-08-15T19:26:12.098Z] > git symbolic-ref --short HEAD [2ms]
[2022-08-15T19:26:12.106Z] > git for-each-ref --format=%(refname)%00%(upstream:short)%00%(objectname)%00%(upstream:track)%00%(upstream:remotename)%00%(upstream:remoteref) refs/heads/master refs/remotes/master [1ms]
[2022-08-15T19:26:12.119Z] > git for-each-ref --sort -committerdate --format %(refname) %(objectname) %(*objectname) [5ms]
[2022-08-15T19:26:12.119Z] > git remote --verbose [1ms]
[2022-08-15T19:26:12.127Z] > git config --get commit.template [2ms]
[2022-08-15T19:26:17.138Z] > git status -z -uall [1ms]
[2022-08-15T19:26:17.145Z] > git symbolic-ref --short HEAD [2ms]
[2022-08-15T19:26:17.149Z] > git for-each-ref --format=%(refname)%00%(upstream:short)%00%(objectname)%00%(upstream:track)%00%(upstream:remotename)%00%(upstream:remoteref) refs/heads/master refs/remotes/master [1ms]
[2022-08-15T19:26:17.158Z] > git for-each-ref --sort -committerdate --format %(refname) %(objectname) %(*objectname) [5ms]
[2022-08-15T19:26:17.158Z] > git remote --verbose [1ms]
[2022-08-15T19:26:17.163Z] > git config --get commit.template [1ms]
[2022-08-15T19:26:22.171Z] > git status -z -uall [1ms]
[2022-08-15T19:26:22.175Z] > git symbolic-ref --short HEAD [1ms]
[2022-08-15T19:26:22.179Z] > git for-each-ref --format=%(refname)%00%(upstream:short)%00%(objectname)%00%(upstream:track)%00%(upstream:remotename)%00%(upstream:remoteref) refs/heads/master refs/remotes/master [1ms]
[2022-08-15T19:26:22.187Z] > git for-each-ref --sort -committerdate --format %(refname) %(objectname) %(*objectname) [5ms]
[2022-08-15T19:26:22.187Z] > git remote --verbose [2ms]
[2022-08-15T19:26:22.193Z] > git config --get commit.template [1ms]
[2022-08-15T19:26:27.200Z] > git status -z -uall [1ms]
[2022-08-15T19:26:27.204Z] > git symbolic-ref --short HEAD [1ms]
[2022-08-15T19:26:27.208Z] > git for-each-ref --format=%(refname)%00%(upstream:short)%00%(objectname)%00%(upstream:track)%00%(upstream:remotename)%00%(upstream:remoteref) refs/heads/master refs/remotes/master [1ms]
[2022-08-15T19:26:27.214Z] > git for-each-ref --sort -committerdate --format %(refname) %(objectname) %(*objectname) [4ms]
[2022-08-15T19:26:27.214Z] > git remote --verbose [1ms]
[2022-08-15T19:26:27.218Z] > git config --get commit.template [1ms]
[2022-08-15T19:26:54.547Z] > git status -z -uall [1ms]
[2022-08-15T19:26:54.557Z] > git symbolic-ref --short HEAD [2ms]
[2022-08-15T19:26:54.565Z] > git for-each-ref --format=%(refname)%00%(upstream:short)%00%(objectname)%00%(upstream:track)%00%(upstream:remotename)%00%(upstream:remoteref) refs/heads/master refs/remotes/master [1ms]
[2022-08-15T19:26:54.576Z] > git for-each-ref --sort -committerdate --format %(refname) %(objectname) %(*objectname) [7ms]
[2022-08-15T19:26:54.576Z] > git remote --verbose [1ms]
[2022-08-15T19:26:54.582Z] > git config --get commit.template [1ms]
[2022-08-15T19:27:01.282Z] > git status -z -uall [1ms]
[2022-08-15T19:27:01.287Z] > git symbolic-ref --short HEAD [1ms]
[2022-08-15T19:27:01.292Z] > git for-each-ref --format=%(refname)%00%(upstream:short)%00%(objectname)%00%(upstream:track)%00%(upstream:remotename)%00%(upstream:remoteref) refs/heads/master refs/remotes/master [1ms]
[2022-08-15T19:27:01.299Z] > git for-each-ref --sort -committerdate --format %(refname) %(objectname) %(*objectname) [3ms]
[2022-08-15T19:27:01.299Z] > git remote --verbose [1ms]
[2022-08-15T19:27:01.304Z] > git config --get commit.template [1ms]
[2022-08-15T19:27:35.640Z] > git status -z -uall [1ms]
[2022-08-15T19:27:35.643Z] > git symbolic-ref --short HEAD [1ms]
[2022-08-15T19:27:35.647Z] > git for-each-ref --format=%(refname)%00%(upstream:short)%00%(objectname)%00%(upstream:track)%00%(upstream:remotename)%00%(upstream:remoteref) refs/heads/master refs/remotes/master [1ms]
[2022-08-15T19:27:35.653Z] > git for-each-ref --sort -committerdate --format %(refname) %(objectname) %(*objectname) [4ms]
[2022-08-15T19:27:35.653Z] > git remote --verbose [1ms]
[2022-08-15T19:27:35.658Z] > git config --get commit.template [2ms]
[2022-08-15T19:27:40.668Z] > git status -z -uall [1ms]
[2022-08-15T19:27:40.672Z] > git symbolic-ref --short HEAD [1ms]
[2022-08-15T19:27:40.676Z] > git for-each-ref --format=%(refname)%00%(upstream:short)%00%(objectname)%00%(upstream:track)%00%(upstream:remotename)%00%(upstream:remoteref) refs/heads/master refs/remotes/master [1ms]
[2022-08-15T19:27:40.683Z] > git for-each-ref --sort -committerdate --format %(refname) %(objectname) %(*objectname) [4ms]
[2022-08-15T19:27:40.683Z] > git remote --verbose [1ms]
[2022-08-15T19:27:40.688Z] > git config --get commit.template [1ms]
[2022-08-15T19:28:00.739Z] > git status -z -uall [2ms]
[2022-08-15T19:28:00.742Z] > git symbolic-ref --short HEAD [0ms]
[2022-08-15T19:28:00.746Z] > git for-each-ref --format=%(refname)%00%(upstream:short)%00%(objectname)%00%(upstream:track)%00%(upstream:remotename)%00%(upstream:remoteref) refs/heads/master refs/remotes/master [1ms]
[2022-08-15T19:28:00.750Z] > git for-each-ref --sort -committerdate --format %(refname) %(objectname) %(*objectname) [2ms]
[2022-08-15T19:28:00.750Z] > git remote --verbose [0ms]
[2022-08-15T19:28:00.754Z] > git config --get commit.template [1ms]
[2022-08-15T19:28:05.761Z] > git status -z -uall [1ms]
[2022-08-15T19:28:05.768Z] > git symbolic-ref --short HEAD [1ms]
[2022-08-15T19:28:05.773Z] > git for-each-ref --format=%(refname)%00%(upstream:short)%00%(objectname)%00%(upstream:track)%00%(upstream:remotename)%00%(upstream:remoteref) refs/heads/master refs/remotes/master [1ms]
[2022-08-15T19:28:05.782Z] > git for-each-ref --sort -committerdate --format %(refname) %(objectname) %(*objectname) [4ms]
[2022-08-15T19:28:05.783Z] > git remote --verbose [2ms]
[2022-08-15T19:28:05.788Z] > git config --get commit.template [1ms]
[2022-08-15T19:28:10.793Z] > git status -z -uall [1ms]
[2022-08-15T19:28:10.798Z] > git symbolic-ref --short HEAD [1ms]
[2022-08-15T19:28:10.802Z] > git for-each-ref --format=%(refname)%00%(upstream:short)%00%(objectname)%00%(upstream:track)%00%(upstream:remotename)%00%(upstream:remoteref) refs/heads/master refs/remotes/master [1ms]
[2022-08-15T19:28:10.807Z] > git for-each-ref --sort -committerdate --format %(refname) %(objectname) %(*objectname) [3ms]
[2022-08-15T19:28:10.808Z] > git remote --verbose [1ms]
[2022-08-15T19:28:10.812Z] > git config --get commit.template [1ms]
[2022-08-15T19:28:15.818Z] > git status -z -uall [2ms]
[2022-08-15T19:28:15.823Z] > git symbolic-ref --short HEAD [1ms]
[2022-08-15T19:28:15.828Z] > git for-each-ref --format=%(refname)%00%(upstream:short)%00%(objectname)%00%(upstream:track)%00%(upstream:remotename)%00%(upstream:remoteref) refs/heads/master refs/remotes/master [1ms]
[2022-08-15T19:28:15.838Z] > git for-each-ref --sort -committerdate --format %(refname) %(objectname) %(*objectname) [5ms]
[2022-08-15T19:28:15.838Z] > git remote --verbose [1ms]
[2022-08-15T19:28:15.846Z] > git config --get commit.template [1ms]
[2022-08-15T19:28:20.853Z] > git status -z -uall [1ms]
[2022-08-15T19:28:20.856Z] > git symbolic-ref --short HEAD [1ms]
[2022-08-15T19:28:20.859Z] > git for-each-ref --format=%(refname)%00%(upstream:short)%00%(objectname)%00%(upstream:track)%00%(upstream:remotename)%00%(upstream:remoteref) refs/heads/master refs/remotes/master [1ms]
[2022-08-15T19:28:20.864Z] > git for-each-ref --sort -committerdate --format %(refname) %(objectname) %(*objectname) [2ms]
[2022-08-15T19:28:20.864Z] > git remote --verbose [1ms]
[2022-08-15T19:28:20.867Z] > git config --get commit.template [0ms]
[2022-08-15T19:28:40.035Z] > git status -z -uall [1ms]
[2022-08-15T19:28:40.040Z] > git symbolic-ref --short HEAD [1ms]
[2022-08-15T19:28:40.045Z] > git for-each-ref --format=%(refname)%00%(upstream:short)%00%(objectname)%00%(upstream:track)%00%(upstream:remotename)%00%(upstream:remoteref) refs/heads/master refs/remotes/master [1ms]
[2022-08-15T19:28:40.055Z] > git for-each-ref --sort -committerdate --format %(refname) %(objectname) %(*objectname) [6ms]
[2022-08-15T19:28:40.055Z] > git remote --verbose [2ms]
[2022-08-15T19:28:40.062Z] > git config --get commit.template [1ms]
[2022-08-15T19:28:45.072Z] > git status -z -uall [1ms]
[2022-08-15T19:28:45.076Z] > git symbolic-ref --short HEAD [1ms]
[2022-08-15T19:28:45.080Z] > git for-each-ref --format=%(refname)%00%(upstream:short)%00%(objectname)%00%(upstream:track)%00%(upstream:remotename)%00%(upstream:remoteref) refs/heads/master refs/remotes/master [1ms]
[2022-08-15T19:28:45.086Z] > git for-each-ref --sort -committerdate --format %(refname) %(objectname) %(*objectname) [3ms]
[2022-08-15T19:28:45.087Z] > git remote --verbose [1ms]
[2022-08-15T19:28:45.091Z] > git config --get commit.template [1ms]
[2022-08-15T19:28:53.864Z] > git status -z -uall [1ms]
[2022-08-15T19:28:53.868Z] > git symbolic-ref --short HEAD [1ms]
[2022-08-15T19:28:53.872Z] > git for-each-ref --format=%(refname)%00%(upstream:short)%00%(objectname)%00%(upstream:track)%00%(upstream:remotename)%00%(upstream:remoteref) refs/heads/master refs/remotes/master [1ms]
[2022-08-15T19:28:53.878Z] > git for-each-ref --sort -committerdate --format %(refname) %(objectname) %(*objectname) [3ms]
[2022-08-15T19:28:53.878Z] > git remote --verbose [1ms]
[2022-08-15T19:28:53.882Z] > git config --get commit.template [1ms]
[2022-08-15T19:28:58.891Z] > git status -z -uall [2ms]
[2022-08-15T19:28:58.895Z] > git symbolic-ref --short HEAD [1ms]
[2022-08-15T19:28:58.898Z] > git for-each-ref --format=%(refname)%00%(upstream:short)%00%(objectname)%00%(upstream:track)%00%(upstream:remotename)%00%(upstream:remoteref) refs/heads/master refs/remotes/master [1ms]
[2022-08-15T19:28:58.903Z] > git for-each-ref --sort -committerdate --format %(refname) %(objectname) %(*objectname) [2ms]
[2022-08-15T19:28:58.903Z] > git remote --verbose [0ms]
[2022-08-15T19:28:58.907Z] > git config --get commit.template [1ms]
[2022-08-15T19:29:04.588Z] > git status -z -uall [1ms]
[2022-08-15T19:29:04.592Z] > git symbolic-ref --short HEAD [1ms]
[2022-08-15T19:29:04.596Z] > git for-each-ref --format=%(refname)%00%(upstream:short)%00%(objectname)%00%(upstream:track)%00%(upstream:remotename)%00%(upstream:remoteref) refs/heads/master refs/remotes/master [1ms]
[2022-08-15T19:29:04.601Z] > git for-each-ref --sort -committerdate --format %(refname) %(objectname) %(*objectname) [3ms]
[2022-08-15T19:29:04.602Z] > git remote --verbose [1ms]
[2022-08-15T19:29:04.606Z] > git config --get commit.template [1ms]
[2022-08-15T19:29:09.612Z] > git status -z -uall [1ms]
[2022-08-15T19:29:09.616Z] > git symbolic-ref --short HEAD [1ms]
[2022-08-15T19:29:09.620Z] > git for-each-ref --format=%(refname)%00%(upstream:short)%00%(objectname)%00%(upstream:track)%00%(upstream:remotename)%00%(upstream:remoteref) refs/heads/master refs/remotes/master [1ms]
[2022-08-15T19:29:09.627Z] > git for-each-ref --sort -committerdate --format %(refname) %(objectname) %(*objectname) [4ms]
[2022-08-15T19:29:09.628Z] > git remote --verbose [1ms]
[2022-08-15T19:29:09.634Z] > git config --get commit.template [1ms]
[2022-08-15T19:29:14.643Z] > git status -z -uall [1ms]
[2022-08-15T19:29:14.647Z] > git symbolic-ref --short HEAD [1ms]
[2022-08-15T19:29:14.651Z] > git for-each-ref --format=%(refname)%00%(upstream:short)%00%(objectname)%00%(upstream:track)%00%(upstream:remotename)%00%(upstream:remoteref) refs/heads/master refs/remotes/master [0ms]
[2022-08-15T19:29:14.657Z] > git for-each-ref --sort -committerdate --format %(refname) %(objectname) %(*objectname) [4ms]
[2022-08-15T19:29:14.657Z] > git remote --verbose [1ms]
[2022-08-15T19:29:14.661Z] > git config --get commit.template [1ms]
[2022-08-15T19:31:00.855Z] > git status -z -uall [1ms]
[2022-08-15T19:31:00.858Z] > git symbolic-ref --short HEAD [1ms]
[2022-08-15T19:31:00.861Z] > git for-each-ref --format=%(refname)%00%(upstream:short)%00%(objectname)%00%(upstream:track)%00%(upstream:remotename)%00%(upstream:remoteref) refs/heads/master refs/remotes/master [0ms]
[2022-08-15T19:31:00.867Z] > git for-each-ref --sort -committerdate --format %(refname) %(objectname) %(*objectname) [3ms]
[2022-08-15T19:31:00.867Z] > git remote --verbose [1ms]
[2022-08-15T19:31:00.872Z] > git config --get commit.template [1ms]
[2022-08-15T19:31:05.878Z] > git status -z -uall [1ms]
[2022-08-15T19:31:05.884Z] > git symbolic-ref --short HEAD [1ms]
[2022-08-15T19:31:05.887Z] > git for-each-ref --format=%(refname)%00%(upstream:short)%00%(objectname)%00%(upstream:track)%00%(upstream:remotename)%00%(upstream:remoteref) refs/heads/master refs/remotes/master [1ms]
[2022-08-15T19:31:05.894Z] > git for-each-ref --sort -committerdate --format %(refname) %(objectname) %(*objectname) [4ms]
[2022-08-15T19:31:05.894Z] > git remote --verbose [1ms]
[2022-08-15T19:31:05.898Z] > git config --get commit.template [0ms]
[2022-08-15T19:31:10.903Z] > git status -z -uall [1ms]
[2022-08-15T19:31:10.907Z] > git symbolic-ref --short HEAD [1ms]
[2022-08-15T19:31:10.911Z] > git for-each-ref --format=%(refname)%00%(upstream:short)%00%(objectname)%00%(upstream:track)%00%(upstream:remotename)%00%(upstream:remoteref) refs/heads/master refs/remotes/master [1ms]
[2022-08-15T19:31:10.917Z] > git for-each-ref --sort -committerdate --format %(refname) %(objectname) %(*objectname) [3ms]
[2022-08-15T19:31:10.918Z] > git remote --verbose [1ms]
[2022-08-15T19:31:10.922Z] > git config --get commit.template [1ms]
[2022-08-15T19:31:29.297Z] > git status -z -uall [2ms]
[2022-08-15T19:31:29.303Z] > git symbolic-ref --short HEAD [1ms]
[2022-08-15T19:31:29.307Z] > git for-each-ref --format=%(refname)%00%(upstream:short)%00%(objectname)%00%(upstream:track)%00%(upstream:remotename)%00%(upstream:remoteref) refs/heads/master refs/remotes/master [1ms]
[2022-08-15T19:31:29.317Z] > git for-each-ref --sort -committerdate --format %(refname) %(objectname) %(*objectname) [5ms]
[2022-08-15T19:31:29.317Z] > git remote --verbose [1ms]
[2022-08-15T19:31:29.324Z] > git config --get commit.template [1ms]
[2022-08-15T19:31:36.877Z] > git status -z -uall [1ms]
[2022-08-15T19:31:36.881Z] > git symbolic-ref --short HEAD [1ms]
[2022-08-15T19:31:36.885Z] > git for-each-ref --format=%(refname)%00%(upstream:short)%00%(objectname)%00%(upstream:track)%00%(upstream:remotename)%00%(upstream:remoteref) refs/heads/master refs/remotes/master [1ms]
[2022-08-15T19:31:36.893Z] > git for-each-ref --sort -committerdate --format %(refname) %(objectname) %(*objectname) [4ms]
[2022-08-15T19:31:36.894Z] > git remote --verbose [2ms]
[2022-08-15T19:31:36.899Z] > git config --get commit.template [1ms]
[2022-08-15T19:31:41.908Z] > git status -z -uall [1ms]
[2022-08-15T19:31:41.912Z] > git symbolic-ref --short HEAD [1ms]
[2022-08-15T19:31:41.916Z] > git for-each-ref --format=%(refname)%00%(upstream:short)%00%(objectname)%00%(upstream:track)%00%(upstream:remotename)%00%(upstream:remoteref) refs/heads/master refs/remotes/master [1ms]
[2022-08-15T19:31:41.922Z] > git for-each-ref --sort -committerdate --format %(refname) %(objectname) %(*objectname) [3ms]
[2022-08-15T19:31:41.922Z] > git remote --verbose [1ms]
[2022-08-15T19:31:41.926Z] > git config --get commit.template [1ms]
[2022-08-15T19:31:46.935Z] > git status -z -uall [2ms]
[2022-08-15T19:31:46.939Z] > git symbolic-ref --short HEAD [1ms]
[2022-08-15T19:31:46.943Z] > git for-each-ref --format=%(refname)%00%(upstream:short)%00%(objectname)%00%(upstream:track)%00%(upstream:remotename)%00%(upstream:remoteref) refs/heads/master refs/remotes/master [1ms]
[2022-08-15T19:31:46.949Z] > git for-each-ref --sort -committerdate --format %(refname) %(objectname) %(*objectname) [3ms]
[2022-08-15T19:31:46.949Z] > git remote --verbose [1ms]
[2022-08-15T19:31:46.953Z] > git config --get commit.template [1ms]
[2022-08-15T19:31:51.958Z] > git status -z -uall [2ms]
[2022-08-15T19:31:51.962Z] > git symbolic-ref --short HEAD [1ms]
[2022-08-15T19:31:51.965Z] > git for-each-ref --format=%(refname)%00%(upstream:short)%00%(objectname)%00%(upstream:track)%00%(upstream:remotename)%00%(upstream:remoteref) refs/heads/master refs/remotes/master [1ms]
[2022-08-15T19:31:51.971Z] > git for-each-ref --sort -committerdate --format %(refname) %(objectname) %(*objectname) [3ms]
[2022-08-15T19:31:51.972Z] > git remote --verbose [1ms]
[2022-08-15T19:31:51.976Z] > git config --get commit.template [1ms]
[2022-08-15T19:31:56.980Z] > git status -z -uall [1ms]
[2022-08-15T19:31:56.983Z] > git symbolic-ref --short HEAD [1ms]
[2022-08-15T19:31:56.986Z] > git for-each-ref --format=%(refname)%00%(upstream:short)%00%(objectname)%00%(upstream:track)%00%(upstream:remotename)%00%(upstream:remoteref) refs/heads/master refs/remotes/master [1ms]
[2022-08-15T19:31:56.992Z] > git for-each-ref --sort -committerdate --format %(refname) %(objectname) %(*objectname) [3ms]
[2022-08-15T19:31:56.992Z] > git remote --verbose [0ms]
[2022-08-15T19:31:56.997Z] > git config --get commit.template [1ms]
[2022-08-15T19:32:02.007Z] > git status -z -uall [1ms]
[2022-08-15T19:32:02.011Z] > git symbolic-ref --short HEAD [1ms]
[2022-08-15T19:32:02.015Z] > git for-each-ref --format=%(refname)%00%(upstream:short)%00%(objectname)%00%(upstream:track)%00%(upstream:remotename)%00%(upstream:remoteref) refs/heads/master refs/remotes/master [1ms]
[2022-08-15T19:32:02.021Z] > git for-each-ref --sort -committerdate --format %(refname) %(objectname) %(*objectname) [4ms]
[2022-08-15T19:32:02.022Z] > git remote --verbose [2ms]
[2022-08-15T19:32:02.027Z] > git config --get commit.template [1ms]
[2022-08-15T19:32:07.037Z] > git status -z -uall [1ms]
[2022-08-15T19:32:07.041Z] > git symbolic-ref --short HEAD [1ms]
[2022-08-15T19:32:07.045Z] > git for-each-ref --format=%(refname)%00%(upstream:short)%00%(objectname)%00%(upstream:track)%00%(upstream:remotename)%00%(upstream:remoteref) refs/heads/master refs/remotes/master [1ms]
[2022-08-15T19:32:07.051Z] > git for-each-ref --sort -committerdate --format %(refname) %(objectname) %(*objectname) [4ms]
[2022-08-15T19:32:07.051Z] > git remote --verbose [1ms]
[2022-08-15T19:32:07.056Z] > git config --get commit.template [2ms]
[2022-08-15T19:32:12.064Z] > git status -z -uall [1ms]
[2022-08-15T19:32:12.068Z] > git symbolic-ref --short HEAD [1ms]
[2022-08-15T19:32:12.072Z] > git for-each-ref --format=%(refname)%00%(upstream:short)%00%(objectname)%00%(upstream:track)%00%(upstream:remotename)%00%(upstream:remoteref) refs/heads/master refs/remotes/master [1ms]
[2022-08-15T19:32:12.077Z] > git for-each-ref --sort -committerdate --format %(refname) %(objectname) %(*objectname) [3ms]
[2022-08-15T19:32:12.077Z] > git remote --verbose [1ms]
[2022-08-15T19:32:12.082Z] > git config --get commit.template [1ms]
[2022-08-15T19:32:18.763Z] > git status -z -uall [0ms]
[2022-08-15T19:32:18.767Z] > git symbolic-ref --short HEAD [1ms]
[2022-08-15T19:32:18.770Z] > git for-each-ref --format=%(refname)%00%(upstream:short)%00%(objectname)%00%(upstream:track)%00%(upstream:remotename)%00%(upstream:remoteref) refs/heads/master refs/remotes/master [1ms]
[2022-08-15T19:32:18.775Z] > git for-each-ref --sort -committerdate --format %(refname) %(objectname) %(*objectname) [3ms]
[2022-08-15T19:32:18.775Z] > git remote --verbose [1ms]
[2022-08-15T19:32:18.779Z] > git config --get commit.template [0ms]
[2022-08-15T19:32:23.786Z] > git status -z -uall [2ms]
[2022-08-15T19:32:23.794Z] > git symbolic-ref --short HEAD [2ms]
[2022-08-15T19:32:23.802Z] > git for-each-ref --format=%(refname)%00%(upstream:short)%00%(objectname)%00%(upstream:track)%00%(upstream:remotename)%00%(upstream:remoteref) refs/heads/master refs/remotes/master [1ms]
[2022-08-15T19:32:23.815Z] > git for-each-ref --sort -committerdate --format %(refname) %(objectname) %(*objectname) [8ms]
[2022-08-15T19:32:23.815Z] > git remote --verbose [1ms]
[2022-08-15T19:32:23.821Z] > git config --get commit.template [1ms]
[2022-08-15T19:32:28.826Z] > git status -z -uall [1ms]
[2022-08-15T19:32:28.830Z] > git symbolic-ref --short HEAD [1ms]
[2022-08-15T19:32:28.834Z] > git for-each-ref --format=%(refname)%00%(upstream:short)%00%(objectname)%00%(upstream:track)%00%(upstream:remotename)%00%(upstream:remoteref) refs/heads/master refs/remotes/master [1ms]
[2022-08-15T19:32:28.840Z] > git for-each-ref --sort -committerdate --format %(refname) %(objectname) %(*objectname) [3ms]
[2022-08-15T19:32:28.840Z] > git remote --verbose [1ms]
[2022-08-15T19:32:28.845Z] > git config --get commit.template [1ms]
[2022-08-15T19:32:33.849Z] > git status -z -uall [1ms]
[2022-08-15T19:32:33.852Z] > git symbolic-ref --short HEAD [1ms]
[2022-08-15T19:32:33.856Z] > git for-each-ref --format=%(refname)%00%(upstream:short)%00%(objectname)%00%(upstream:track)%00%(upstream:remotename)%00%(upstream:remoteref) refs/heads/master refs/remotes/master [1ms]
[2022-08-15T19:32:33.862Z] > git for-each-ref --sort -committerdate --format %(refname) %(objectname) %(*objectname) [3ms]
[2022-08-15T19:32:33.863Z] > git remote --verbose [1ms]
[2022-08-15T19:32:33.867Z] > git config --get commit.template [1ms]
