[2022-07-30T17:57:20.632Z] Log level: Info
[2022-07-30T17:57:20.634Z] [info] Validating found git in: git
[2022-07-30T17:57:20.644Z] [info] Using git 2.37.0 from git
[2022-07-30T17:57:20.657Z] > git rev-parse --show-toplevel [3ms]
[2022-07-30T17:57:20.665Z] > git rev-parse --git-dir --git-common-dir [0ms]
[2022-07-30T17:57:20.670Z] [info] Open repository: /home/gaffclant/Programming/Rust/guessing_game
[2022-07-30T17:57:20.678Z] > git status -z -uall [2ms]
[2022-07-30T17:57:20.684Z] > git symbolic-ref --short HEAD [1ms]
[2022-07-30T17:57:20.690Z] > git for-each-ref --format=%(refname)%00%(upstream:short)%00%(objectname)%00%(upstream:track)%00%(upstream:remotename)%00%(upstream:remoteref) refs/heads/master refs/remotes/master [2ms]
[2022-07-30T17:57:20.701Z] > git remote --verbose [1ms]
[2022-07-30T17:57:20.701Z] > git for-each-ref --sort -committerdate --format %(refname) %(objectname) %(*objectname) [7ms]
[2022-07-30T17:57:20.708Z] > git config --get commit.template [1ms]
[2022-07-30T17:57:20.716Z] > git status -z -uall [1ms]
[2022-07-30T17:57:20.723Z] > git symbolic-ref --short HEAD [1ms]
[2022-07-30T17:57:20.749Z] > git for-each-ref --format=%(refname)%00%(upstream:short)%00%(objectname)%00%(upstream:track)%00%(upstream:remotename)%00%(upstream:remoteref) refs/heads/master refs/remotes/master [20ms]
[2022-07-30T17:57:20.770Z] > git for-each-ref --sort -committerdate --format %(refname) %(objectname) %(*objectname) [16ms]
[2022-07-30T17:57:20.777Z] > git remote --verbose [19ms]
[2022-07-30T17:57:20.785Z] > git config --get commit.template [1ms]
[2022-07-30T17:57:21.146Z] > git show --textconv :Cargo.toml [9ms]
[2022-07-30T17:57:21.147Z] > git ls-files --stage -- /home/gaffclant/Programming/Rust/guessing_game/Cargo.toml [2ms]
[2022-07-30T17:57:21.271Z] > git check-ignore -v -z --stdin [2ms]
[2022-07-30T17:57:22.233Z] > git show --textconv :src/main.rs [7ms]
[2022-07-30T17:57:22.234Z] > git ls-files --stage -- /home/gaffclant/Programming/Rust/guessing_game/src/main.rs [2ms]
[2022-07-30T17:57:23.629Z] > git status -z -uall [2ms]
[2022-07-30T17:57:23.640Z] > git symbolic-ref --short HEAD [2ms]
[2022-07-30T17:57:23.650Z] > git for-each-ref --format=%(refname)%00%(upstream:short)%00%(objectname)%00%(upstream:track)%00%(upstream:remotename)%00%(upstream:remoteref) refs/heads/master refs/remotes/master [2ms]
[2022-07-30T17:57:23.668Z] > git for-each-ref --sort -committerdate --format %(refname) %(objectname) %(*objectname) [9ms]
[2022-07-30T17:57:23.668Z] > git remote --verbose [2ms]
[2022-07-30T17:57:23.683Z] > git config --get commit.template [2ms]
[2022-07-30T18:03:09.534Z] > git status -z -uall [2ms]
[2022-07-30T18:03:09.538Z] > git symbolic-ref --short HEAD [1ms]
[2022-07-30T18:03:09.542Z] > git for-each-ref --format=%(refname)%00%(upstream:short)%00%(objectname)%00%(upstream:track)%00%(upstream:remotename)%00%(upstream:remoteref) refs/heads/master refs/remotes/master [1ms]
[2022-07-30T18:03:09.547Z] > git for-each-ref --sort -committerdate --format %(refname) %(objectname) %(*objectname) [3ms]
[2022-07-30T18:03:09.548Z] > git remote --verbose [1ms]
[2022-07-30T18:03:09.552Z] > git config --get commit.template [0ms]
[2022-07-30T18:04:05.885Z] > git status -z -uall [1ms]
[2022-07-30T18:04:05.894Z] > git symbolic-ref --short HEAD [1ms]
[2022-07-30T18:04:05.900Z] > git for-each-ref --format=%(refname)%00%(upstream:short)%00%(objectname)%00%(upstream:track)%00%(upstream:remotename)%00%(upstream:remoteref) refs/heads/master refs/remotes/master [1ms]
[2022-07-30T18:04:05.913Z] > git for-each-ref --sort -committerdate --format %(refname) %(objectname) %(*objectname) [7ms]
[2022-07-30T18:04:05.914Z] > git remote --verbose [2ms]
[2022-07-30T18:04:05.921Z] > git config --get commit.template [2ms]
[2022-07-30T18:04:10.931Z] > git status -z -uall [1ms]
[2022-07-30T18:04:10.936Z] > git symbolic-ref --short HEAD [1ms]
[2022-07-30T18:04:10.940Z] > git for-each-ref --format=%(refname)%00%(upstream:short)%00%(objectname)%00%(upstream:track)%00%(upstream:remotename)%00%(upstream:remoteref) refs/heads/master refs/remotes/master [1ms]
[2022-07-30T18:04:10.947Z] > git for-each-ref --sort -committerdate --format %(refname) %(objectname) %(*objectname) [4ms]
[2022-07-30T18:04:10.947Z] > git remote --verbose [1ms]
[2022-07-30T18:04:10.952Z] > git config --get commit.template [1ms]
[2022-07-30T18:04:16.222Z] > git status -z -uall [1ms]
[2022-07-30T18:04:16.228Z] > git symbolic-ref --short HEAD [2ms]
[2022-07-30T18:04:16.236Z] > git for-each-ref --format=%(refname)%00%(upstream:short)%00%(objectname)%00%(upstream:track)%00%(upstream:remotename)%00%(upstream:remoteref) refs/heads/master refs/remotes/master [1ms]
[2022-07-30T18:04:16.246Z] > git for-each-ref --sort -committerdate --format %(refname) %(objectname) %(*objectname) [5ms]
[2022-07-30T18:04:16.246Z] > git remote --verbose [1ms]
[2022-07-30T18:04:16.253Z] > git config --get commit.template [1ms]
[2022-07-30T18:04:25.254Z] > git status -z -uall [2ms]
[2022-07-30T18:04:25.260Z] > git symbolic-ref --short HEAD [1ms]
[2022-07-30T18:04:25.266Z] > git for-each-ref --format=%(refname)%00%(upstream:short)%00%(objectname)%00%(upstream:track)%00%(upstream:remotename)%00%(upstream:remoteref) refs/heads/master refs/remotes/master [1ms]
[2022-07-30T18:04:25.276Z] > git for-each-ref --sort -committerdate --format %(refname) %(objectname) %(*objectname) [4ms]
[2022-07-30T18:04:25.277Z] > git remote --verbose [1ms]
[2022-07-30T18:04:25.284Z] > git config --get commit.template [2ms]
[2022-07-30T18:04:30.290Z] > git status -z -uall [1ms]
[2022-07-30T18:04:30.294Z] > git symbolic-ref --short HEAD [1ms]
[2022-07-30T18:04:30.297Z] > git for-each-ref --format=%(refname)%00%(upstream:short)%00%(objectname)%00%(upstream:track)%00%(upstream:remotename)%00%(upstream:remoteref) refs/heads/master refs/remotes/master [1ms]
[2022-07-30T18:04:30.306Z] > git for-each-ref --sort -committerdate --format %(refname) %(objectname) %(*objectname) [7ms]
[2022-07-30T18:04:30.307Z] > git remote --verbose [3ms]
[2022-07-30T18:04:30.312Z] > git config --get commit.template [1ms]
[2022-07-30T18:04:35.322Z] > git status -z -uall [1ms]
[2022-07-30T18:04:35.327Z] > git symbolic-ref --short HEAD [1ms]
[2022-07-30T18:04:35.331Z] > git for-each-ref --format=%(refname)%00%(upstream:short)%00%(objectname)%00%(upstream:track)%00%(upstream:remotename)%00%(upstream:remoteref) refs/heads/master refs/remotes/master [0ms]
[2022-07-30T18:04:35.336Z] > git for-each-ref --sort -committerdate --format %(refname) %(objectname) %(*objectname) [3ms]
[2022-07-30T18:04:35.337Z] > git remote --verbose [1ms]
[2022-07-30T18:04:35.341Z] > git config --get commit.template [1ms]
[2022-07-30T18:04:40.351Z] > git status -z -uall [1ms]
[2022-07-30T18:04:40.355Z] > git symbolic-ref --short HEAD [1ms]
[2022-07-30T18:04:40.359Z] > git for-each-ref --format=%(refname)%00%(upstream:short)%00%(objectname)%00%(upstream:track)%00%(upstream:remotename)%00%(upstream:remoteref) refs/heads/master refs/remotes/master [1ms]
[2022-07-30T18:04:40.365Z] > git for-each-ref --sort -committerdate --format %(refname) %(objectname) %(*objectname) [3ms]
[2022-07-30T18:04:40.365Z] > git remote --verbose [1ms]
[2022-07-30T18:04:40.370Z] > git config --get commit.template [1ms]
[2022-07-30T18:04:45.377Z] > git status -z -uall [2ms]
[2022-07-30T18:04:45.381Z] > git symbolic-ref --short HEAD [0ms]
[2022-07-30T18:04:45.386Z] > git for-each-ref --format=%(refname)%00%(upstream:short)%00%(objectname)%00%(upstream:track)%00%(upstream:remotename)%00%(upstream:remoteref) refs/heads/master refs/remotes/master [1ms]
[2022-07-30T18:04:45.393Z] > git for-each-ref --sort -committerdate --format %(refname) %(objectname) %(*objectname) [4ms]
[2022-07-30T18:04:45.393Z] > git remote --verbose [1ms]
[2022-07-30T18:04:45.400Z] > git config --get commit.template [1ms]
[2022-07-30T18:04:50.407Z] > git status -z -uall [2ms]
[2022-07-30T18:04:50.413Z] > git symbolic-ref --short HEAD [1ms]
[2022-07-30T18:04:50.418Z] > git for-each-ref --format=%(refname)%00%(upstream:short)%00%(objectname)%00%(upstream:track)%00%(upstream:remotename)%00%(upstream:remoteref) refs/heads/master refs/remotes/master [1ms]
[2022-07-30T18:04:50.427Z] > git for-each-ref --sort -committerdate --format %(refname) %(objectname) %(*objectname) [5ms]
[2022-07-30T18:04:50.427Z] > git remote --verbose [1ms]
[2022-07-30T18:04:50.442Z] > git config --get commit.template [6ms]
[2022-07-30T18:04:55.450Z] > git status -z -uall [1ms]
[2022-07-30T18:04:55.454Z] > git symbolic-ref --short HEAD [0ms]
[2022-07-30T18:04:55.459Z] > git for-each-ref --format=%(refname)%00%(upstream:short)%00%(objectname)%00%(upstream:track)%00%(upstream:remotename)%00%(upstream:remoteref) refs/heads/master refs/remotes/master [0ms]
[2022-07-30T18:04:55.469Z] > git for-each-ref --sort -committerdate --format %(refname) %(objectname) %(*objectname) [5ms]
[2022-07-30T18:04:55.469Z] > git remote --verbose [1ms]
[2022-07-30T18:04:55.475Z] > git config --get commit.template [1ms]
[2022-07-30T18:05:00.481Z] > git status -z -uall [1ms]
[2022-07-30T18:05:00.484Z] > git symbolic-ref --short HEAD [1ms]
[2022-07-30T18:05:00.487Z] > git for-each-ref --format=%(refname)%00%(upstream:short)%00%(objectname)%00%(upstream:track)%00%(upstream:remotename)%00%(upstream:remoteref) refs/heads/master refs/remotes/master [1ms]
[2022-07-30T18:05:00.492Z] > git for-each-ref --sort -committerdate --format %(refname) %(objectname) %(*objectname) [3ms]
[2022-07-30T18:05:00.492Z] > git remote --verbose [1ms]
[2022-07-30T18:05:00.497Z] > git config --get commit.template [1ms]
[2022-07-30T18:05:06.157Z] > git status -z -uall [1ms]
[2022-07-30T18:05:06.161Z] > git symbolic-ref --short HEAD [1ms]
[2022-07-30T18:05:06.165Z] > git for-each-ref --format=%(refname)%00%(upstream:short)%00%(objectname)%00%(upstream:track)%00%(upstream:remotename)%00%(upstream:remoteref) refs/heads/master refs/remotes/master [1ms]
[2022-07-30T18:05:06.171Z] > git for-each-ref --sort -committerdate --format %(refname) %(objectname) %(*objectname) [3ms]
[2022-07-30T18:05:06.172Z] > git remote --verbose [1ms]
[2022-07-30T18:05:06.177Z] > git config --get commit.template [1ms]
[2022-07-30T18:05:28.281Z] > git status -z -uall [1ms]
[2022-07-30T18:05:28.285Z] > git symbolic-ref --short HEAD [1ms]
[2022-07-30T18:05:28.289Z] > git for-each-ref --format=%(refname)%00%(upstream:short)%00%(objectname)%00%(upstream:track)%00%(upstream:remotename)%00%(upstream:remoteref) refs/heads/master refs/remotes/master [1ms]
[2022-07-30T18:05:28.294Z] > git for-each-ref --sort -committerdate --format %(refname) %(objectname) %(*objectname) [2ms]
[2022-07-30T18:05:28.294Z] > git remote --verbose [0ms]
[2022-07-30T18:05:28.298Z] > git config --get commit.template [1ms]
[2022-07-30T18:05:33.997Z] > git status -z -uall [1ms]
[2022-07-30T18:05:34.003Z] > git symbolic-ref --short HEAD [1ms]
[2022-07-30T18:05:34.011Z] > git for-each-ref --format=%(refname)%00%(upstream:short)%00%(objectname)%00%(upstream:track)%00%(upstream:remotename)%00%(upstream:remoteref) refs/heads/master refs/remotes/master [2ms]
[2022-07-30T18:05:34.025Z] > git for-each-ref --sort -committerdate --format %(refname) %(objectname) %(*objectname) [7ms]
[2022-07-30T18:05:34.026Z] > git remote --verbose [2ms]
[2022-07-30T18:05:34.036Z] > git config --get commit.template [2ms]
[2022-07-30T18:05:39.247Z] > git status -z -uall [1ms]
[2022-07-30T18:05:39.254Z] > git symbolic-ref --short HEAD [1ms]
[2022-07-30T18:05:39.260Z] > git for-each-ref --format=%(refname)%00%(upstream:short)%00%(objectname)%00%(upstream:track)%00%(upstream:remotename)%00%(upstream:remoteref) refs/heads/master refs/remotes/master [1ms]
[2022-07-30T18:05:39.268Z] > git for-each-ref --sort -committerdate --format %(refname) %(objectname) %(*objectname) [3ms]
[2022-07-30T18:05:39.268Z] > git remote --verbose [0ms]
[2022-07-30T18:05:39.272Z] > git config --get commit.template [1ms]
[2022-07-30T18:05:44.284Z] > git status -z -uall [1ms]
[2022-07-30T18:05:44.289Z] > git symbolic-ref --short HEAD [1ms]
[2022-07-30T18:05:44.293Z] > git for-each-ref --format=%(refname)%00%(upstream:short)%00%(objectname)%00%(upstream:track)%00%(upstream:remotename)%00%(upstream:remoteref) refs/heads/master refs/remotes/master [1ms]
[2022-07-30T18:05:44.301Z] > git for-each-ref --sort -committerdate --format %(refname) %(objectname) %(*objectname) [4ms]
[2022-07-30T18:05:44.301Z] > git remote --verbose [1ms]
[2022-07-30T18:05:44.306Z] > git config --get commit.template [1ms]
[2022-07-30T18:05:49.312Z] > git status -z -uall [1ms]
[2022-07-30T18:05:49.317Z] > git symbolic-ref --short HEAD [1ms]
[2022-07-30T18:05:49.323Z] > git for-each-ref --format=%(refname)%00%(upstream:short)%00%(objectname)%00%(upstream:track)%00%(upstream:remotename)%00%(upstream:remoteref) refs/heads/master refs/remotes/master [1ms]
[2022-07-30T18:05:49.331Z] > git for-each-ref --sort -committerdate --format %(refname) %(objectname) %(*objectname) [4ms]
[2022-07-30T18:05:49.331Z] > git remote --verbose [1ms]
[2022-07-30T18:05:49.336Z] > git config --get commit.template [1ms]
[2022-07-30T18:05:54.346Z] > git status -z -uall [6ms]
[2022-07-30T18:05:54.350Z] > git symbolic-ref --short HEAD [1ms]
[2022-07-30T18:05:54.354Z] > git for-each-ref --format=%(refname)%00%(upstream:short)%00%(objectname)%00%(upstream:track)%00%(upstream:remotename)%00%(upstream:remoteref) refs/heads/master refs/remotes/master [1ms]
[2022-07-30T18:05:54.359Z] > git for-each-ref --sort -committerdate --format %(refname) %(objectname) %(*objectname) [2ms]
[2022-07-30T18:05:54.360Z] > git remote --verbose [1ms]
[2022-07-30T18:05:54.364Z] > git config --get commit.template [1ms]
[2022-07-30T18:05:59.369Z] > git status -z -uall [1ms]
[2022-07-30T18:05:59.373Z] > git symbolic-ref --short HEAD [0ms]
[2022-07-30T18:05:59.377Z] > git for-each-ref --format=%(refname)%00%(upstream:short)%00%(objectname)%00%(upstream:track)%00%(upstream:remotename)%00%(upstream:remoteref) refs/heads/master refs/remotes/master [1ms]
[2022-07-30T18:05:59.382Z] > git for-each-ref --sort -committerdate --format %(refname) %(objectname) %(*objectname) [2ms]
[2022-07-30T18:05:59.382Z] > git remote --verbose [0ms]
[2022-07-30T18:05:59.386Z] > git config --get commit.template [1ms]
[2022-07-30T18:06:04.389Z] > git status -z -uall [1ms]
[2022-07-30T18:06:04.393Z] > git symbolic-ref --short HEAD [1ms]
[2022-07-30T18:06:04.396Z] > git for-each-ref --format=%(refname)%00%(upstream:short)%00%(objectname)%00%(upstream:track)%00%(upstream:remotename)%00%(upstream:remoteref) refs/heads/master refs/remotes/master [1ms]
[2022-07-30T18:06:04.402Z] > git for-each-ref --sort -committerdate --format %(refname) %(objectname) %(*objectname) [4ms]
[2022-07-30T18:06:04.402Z] > git remote --verbose [1ms]
[2022-07-30T18:06:04.407Z] > git config --get commit.template [1ms]
[2022-07-30T18:06:14.505Z] > git status -z -uall [1ms]
[2022-07-30T18:06:14.511Z] > git symbolic-ref --short HEAD [1ms]
[2022-07-30T18:06:14.519Z] > git for-each-ref --format=%(refname)%00%(upstream:short)%00%(objectname)%00%(upstream:track)%00%(upstream:remotename)%00%(upstream:remoteref) refs/heads/master refs/remotes/master [2ms]
[2022-07-30T18:06:14.533Z] > git for-each-ref --sort -committerdate --format %(refname) %(objectname) %(*objectname) [7ms]
[2022-07-30T18:06:14.533Z] > git remote --verbose [2ms]
[2022-07-30T18:06:14.543Z] > git config --get commit.template [2ms]
[2022-07-30T18:06:31.052Z] > git status -z -uall [1ms]
[2022-07-30T18:06:31.055Z] > git symbolic-ref --short HEAD [1ms]
[2022-07-30T18:06:31.059Z] > git for-each-ref --format=%(refname)%00%(upstream:short)%00%(objectname)%00%(upstream:track)%00%(upstream:remotename)%00%(upstream:remoteref) refs/heads/master refs/remotes/master [1ms]
[2022-07-30T18:06:31.064Z] > git for-each-ref --sort -committerdate --format %(refname) %(objectname) %(*objectname) [3ms]
[2022-07-30T18:06:31.064Z] > git remote --verbose [1ms]
[2022-07-30T18:06:31.068Z] > git config --get commit.template [1ms]
[2022-07-30T18:06:36.077Z] > git status -z -uall [1ms]
[2022-07-30T18:06:36.081Z] > git symbolic-ref --short HEAD [1ms]
[2022-07-30T18:06:36.085Z] > git for-each-ref --format=%(refname)%00%(upstream:short)%00%(objectname)%00%(upstream:track)%00%(upstream:remotename)%00%(upstream:remoteref) refs/heads/master refs/remotes/master [1ms]
[2022-07-30T18:06:36.091Z] > git for-each-ref --sort -committerdate --format %(refname) %(objectname) %(*objectname) [3ms]
[2022-07-30T18:06:36.091Z] > git remote --verbose [1ms]
[2022-07-30T18:06:36.096Z] > git config --get commit.template [1ms]
[2022-07-30T18:06:41.105Z] > git status -z -uall [1ms]
[2022-07-30T18:06:41.109Z] > git symbolic-ref --short HEAD [1ms]
[2022-07-30T18:06:41.113Z] > git for-each-ref --format=%(refname)%00%(upstream:short)%00%(objectname)%00%(upstream:track)%00%(upstream:remotename)%00%(upstream:remoteref) refs/heads/master refs/remotes/master [1ms]
[2022-07-30T18:06:41.119Z] > git for-each-ref --sort -committerdate --format %(refname) %(objectname) %(*objectname) [3ms]
[2022-07-30T18:06:41.119Z] > git remote --verbose [1ms]
[2022-07-30T18:06:41.124Z] > git config --get commit.template [1ms]
[2022-07-30T18:06:46.134Z] > git status -z -uall [2ms]
[2022-07-30T18:06:46.140Z] > git symbolic-ref --short HEAD [1ms]
[2022-07-30T18:06:46.144Z] > git for-each-ref --format=%(refname)%00%(upstream:short)%00%(objectname)%00%(upstream:track)%00%(upstream:remotename)%00%(upstream:remoteref) refs/heads/master refs/remotes/master [1ms]
[2022-07-30T18:06:46.154Z] > git for-each-ref --sort -committerdate --format %(refname) %(objectname) %(*objectname) [6ms]
[2022-07-30T18:06:46.154Z] > git remote --verbose [1ms]
[2022-07-30T18:06:46.159Z] > git config --get commit.template [1ms]
[2022-07-30T18:06:51.165Z] > git status -z -uall [1ms]
[2022-07-30T18:06:51.172Z] > git symbolic-ref --short HEAD [1ms]
[2022-07-30T18:06:51.178Z] > git for-each-ref --format=%(refname)%00%(upstream:short)%00%(objectname)%00%(upstream:track)%00%(upstream:remotename)%00%(upstream:remoteref) refs/heads/master refs/remotes/master [1ms]
[2022-07-30T18:06:51.188Z] > git for-each-ref --sort -committerdate --format %(refname) %(objectname) %(*objectname) [4ms]
[2022-07-30T18:06:51.188Z] > git remote --verbose [1ms]
[2022-07-30T18:06:51.192Z] > git config --get commit.template [1ms]
[2022-07-30T18:06:56.199Z] > git status -z -uall [1ms]
[2022-07-30T18:06:56.204Z] > git symbolic-ref --short HEAD [1ms]
[2022-07-30T18:06:56.208Z] > git for-each-ref --format=%(refname)%00%(upstream:short)%00%(objectname)%00%(upstream:track)%00%(upstream:remotename)%00%(upstream:remoteref) refs/heads/master refs/remotes/master [1ms]
[2022-07-30T18:06:56.213Z] > git for-each-ref --sort -committerdate --format %(refname) %(objectname) %(*objectname) [2ms]
[2022-07-30T18:06:56.214Z] > git remote --verbose [1ms]
[2022-07-30T18:06:56.217Z] > git config --get commit.template [1ms]
[2022-07-30T18:07:09.819Z] > git status -z -uall [1ms]
[2022-07-30T18:07:09.825Z] > git symbolic-ref --short HEAD [1ms]
[2022-07-30T18:07:09.830Z] > git for-each-ref --format=%(refname)%00%(upstream:short)%00%(objectname)%00%(upstream:track)%00%(upstream:remotename)%00%(upstream:remoteref) refs/heads/master refs/remotes/master [1ms]
[2022-07-30T18:07:09.838Z] > git for-each-ref --sort -committerdate --format %(refname) %(objectname) %(*objectname) [4ms]
[2022-07-30T18:07:09.838Z] > git remote --verbose [1ms]
[2022-07-30T18:07:09.843Z] > git config --get commit.template [1ms]
[2022-07-30T18:07:17.259Z] > git status -z -uall [1ms]
[2022-07-30T18:07:17.264Z] > git symbolic-ref --short HEAD [1ms]
[2022-07-30T18:07:17.271Z] > git for-each-ref --format=%(refname)%00%(upstream:short)%00%(objectname)%00%(upstream:track)%00%(upstream:remotename)%00%(upstream:remoteref) refs/heads/master refs/remotes/master [1ms]
[2022-07-30T18:07:17.280Z] > git for-each-ref --sort -committerdate --format %(refname) %(objectname) %(*objectname) [3ms]
[2022-07-30T18:07:17.280Z] > git remote --verbose [1ms]
[2022-07-30T18:07:17.288Z] > git config --get commit.template [2ms]
[2022-07-30T18:07:25.922Z] > git status -z -uall [2ms]
[2022-07-30T18:07:25.930Z] > git symbolic-ref --short HEAD [1ms]
[2022-07-30T18:07:25.935Z] > git for-each-ref --format=%(refname)%00%(upstream:short)%00%(objectname)%00%(upstream:track)%00%(upstream:remotename)%00%(upstream:remoteref) refs/heads/master refs/remotes/master [1ms]
[2022-07-30T18:07:25.948Z] > git for-each-ref --sort -committerdate --format %(refname) %(objectname) %(*objectname) [8ms]
[2022-07-30T18:07:25.949Z] > git remote --verbose [2ms]
[2022-07-30T18:07:25.957Z] > git config --get commit.template [2ms]
[2022-07-30T18:07:32.524Z] > git status -z -uall [1ms]
[2022-07-30T18:07:32.529Z] > git symbolic-ref --short HEAD [1ms]
[2022-07-30T18:07:32.534Z] > git for-each-ref --format=%(refname)%00%(upstream:short)%00%(objectname)%00%(upstream:track)%00%(upstream:remotename)%00%(upstream:remoteref) refs/heads/master refs/remotes/master [1ms]
[2022-07-30T18:07:32.540Z] > git for-each-ref --sort -committerdate --format %(refname) %(objectname) %(*objectname) [4ms]
[2022-07-30T18:07:32.540Z] > git remote --verbose [1ms]
[2022-07-30T18:07:32.545Z] > git config --get commit.template [1ms]
[2022-07-30T18:07:38.288Z] > git status -z -uall [1ms]
[2022-07-30T18:07:38.293Z] > git symbolic-ref --short HEAD [1ms]
[2022-07-30T18:07:38.297Z] > git for-each-ref --format=%(refname)%00%(upstream:short)%00%(objectname)%00%(upstream:track)%00%(upstream:remotename)%00%(upstream:remoteref) refs/heads/master refs/remotes/master [1ms]
[2022-07-30T18:07:38.304Z] > git for-each-ref --sort -committerdate --format %(refname) %(objectname) %(*objectname) [4ms]
[2022-07-30T18:07:38.304Z] > git remote --verbose [1ms]
[2022-07-30T18:07:38.309Z] > git config --get commit.template [1ms]
[2022-07-30T18:07:43.726Z] > git status -z -uall [2ms]
[2022-07-30T18:07:43.730Z] > git symbolic-ref --short HEAD [1ms]
[2022-07-30T18:07:43.734Z] > git for-each-ref --format=%(refname)%00%(upstream:short)%00%(objectname)%00%(upstream:track)%00%(upstream:remotename)%00%(upstream:remoteref) refs/heads/master refs/remotes/master [1ms]
[2022-07-30T18:07:43.741Z] > git for-each-ref --sort -committerdate --format %(refname) %(objectname) %(*objectname) [4ms]
[2022-07-30T18:07:43.741Z] > git remote --verbose [1ms]
[2022-07-30T18:07:43.745Z] > git config --get commit.template [1ms]
[2022-07-30T18:07:48.751Z] > git status -z -uall [1ms]
[2022-07-30T18:07:48.758Z] > git symbolic-ref --short HEAD [1ms]
[2022-07-30T18:07:48.762Z] > git for-each-ref --format=%(refname)%00%(upstream:short)%00%(objectname)%00%(upstream:track)%00%(upstream:remotename)%00%(upstream:remoteref) refs/heads/master refs/remotes/master [1ms]
[2022-07-30T18:07:48.776Z] > git for-each-ref --sort -committerdate --format %(refname) %(objectname) %(*objectname) [8ms]
[2022-07-30T18:07:48.776Z] > git remote --verbose [1ms]
[2022-07-30T18:07:48.782Z] > git config --get commit.template [1ms]
[2022-07-30T18:07:53.787Z] > git status -z -uall [1ms]
[2022-07-30T18:07:53.791Z] > git symbolic-ref --short HEAD [1ms]
[2022-07-30T18:07:53.794Z] > git for-each-ref --format=%(refname)%00%(upstream:short)%00%(objectname)%00%(upstream:track)%00%(upstream:remotename)%00%(upstream:remoteref) refs/heads/master refs/remotes/master [1ms]
[2022-07-30T18:07:53.799Z] > git for-each-ref --sort -committerdate --format %(refname) %(objectname) %(*objectname) [3ms]
[2022-07-30T18:07:53.799Z] > git remote --verbose [1ms]
[2022-07-30T18:07:53.803Z] > git config --get commit.template [1ms]
[2022-07-30T18:08:09.087Z] > git status -z -uall [1ms]
[2022-07-30T18:08:09.091Z] > git symbolic-ref --short HEAD [1ms]
[2022-07-30T18:08:09.095Z] > git for-each-ref --format=%(refname)%00%(upstream:short)%00%(objectname)%00%(upstream:track)%00%(upstream:remotename)%00%(upstream:remoteref) refs/heads/master refs/remotes/master [1ms]
[2022-07-30T18:08:09.102Z] > git for-each-ref --sort -committerdate --format %(refname) %(objectname) %(*objectname) [3ms]
[2022-07-30T18:08:09.103Z] > git remote --verbose [1ms]
[2022-07-30T18:08:09.107Z] > git config --get commit.template [1ms]
[2022-07-30T18:08:14.486Z] > git status -z -uall [3ms]
[2022-07-30T18:08:14.491Z] > git symbolic-ref --short HEAD [1ms]
[2022-07-30T18:08:14.497Z] > git for-each-ref --format=%(refname)%00%(upstream:short)%00%(objectname)%00%(upstream:track)%00%(upstream:remotename)%00%(upstream:remoteref) refs/heads/master refs/remotes/master [1ms]
[2022-07-30T18:08:14.507Z] > git for-each-ref --sort -committerdate --format %(refname) %(objectname) %(*objectname) [5ms]
[2022-07-30T18:08:14.508Z] > git remote --verbose [1ms]
[2022-07-30T18:08:14.512Z] > git config --get commit.template [0ms]
[2022-07-30T18:08:19.519Z] > git status -z -uall [1ms]
[2022-07-30T18:08:19.523Z] > git symbolic-ref --short HEAD [1ms]
[2022-07-30T18:08:19.527Z] > git for-each-ref --format=%(refname)%00%(upstream:short)%00%(objectname)%00%(upstream:track)%00%(upstream:remotename)%00%(upstream:remoteref) refs/heads/master refs/remotes/master [1ms]
[2022-07-30T18:08:19.533Z] > git for-each-ref --sort -committerdate --format %(refname) %(objectname) %(*objectname) [3ms]
[2022-07-30T18:08:19.533Z] > git remote --verbose [1ms]
[2022-07-30T18:08:19.538Z] > git config --get commit.template [1ms]
[2022-07-30T18:08:24.547Z] > git status -z -uall [1ms]
[2022-07-30T18:08:24.551Z] > git symbolic-ref --short HEAD [1ms]
[2022-07-30T18:08:24.554Z] > git for-each-ref --format=%(refname)%00%(upstream:short)%00%(objectname)%00%(upstream:track)%00%(upstream:remotename)%00%(upstream:remoteref) refs/heads/master refs/remotes/master [1ms]
[2022-07-30T18:08:24.559Z] > git for-each-ref --sort -committerdate --format %(refname) %(objectname) %(*objectname) [3ms]
[2022-07-30T18:08:24.559Z] > git remote --verbose [1ms]
[2022-07-30T18:08:24.564Z] > git config --get commit.template [1ms]
[2022-07-30T18:08:29.575Z] > git status -z -uall [2ms]
[2022-07-30T18:08:29.587Z] > git symbolic-ref --short HEAD [1ms]
[2022-07-30T18:08:29.598Z] > git for-each-ref --format=%(refname)%00%(upstream:short)%00%(objectname)%00%(upstream:track)%00%(upstream:remotename)%00%(upstream:remoteref) refs/heads/master refs/remotes/master [2ms]
[2022-07-30T18:08:29.615Z] > git remote --verbose [1ms]
[2022-07-30T18:08:29.615Z] > git for-each-ref --sort -committerdate --format %(refname) %(objectname) %(*objectname) [9ms]
[2022-07-30T18:08:29.621Z] > git config --get commit.template [1ms]
[2022-07-30T18:08:34.626Z] > git status -z -uall [1ms]
[2022-07-30T18:08:34.630Z] > git symbolic-ref --short HEAD [1ms]
[2022-07-30T18:08:34.633Z] > git for-each-ref --format=%(refname)%00%(upstream:short)%00%(objectname)%00%(upstream:track)%00%(upstream:remotename)%00%(upstream:remoteref) refs/heads/master refs/remotes/master [1ms]
[2022-07-30T18:08:34.638Z] > git for-each-ref --sort -committerdate --format %(refname) %(objectname) %(*objectname) [2ms]
[2022-07-30T18:08:34.638Z] > git remote --verbose [0ms]
[2022-07-30T18:08:34.643Z] > git config --get commit.template [1ms]
[2022-07-30T18:10:36.677Z] > git status -z -uall [3ms]
[2022-07-30T18:10:36.686Z] > git symbolic-ref --short HEAD [1ms]
[2022-07-30T18:10:36.696Z] > git for-each-ref --format=%(refname)%00%(upstream:short)%00%(objectname)%00%(upstream:track)%00%(upstream:remotename)%00%(upstream:remoteref) refs/heads/master refs/remotes/master [1ms]
[2022-07-30T18:10:36.711Z] > git for-each-ref --sort -committerdate --format %(refname) %(objectname) %(*objectname) [8ms]
[2022-07-30T18:10:36.711Z] > git remote --verbose [1ms]
[2022-07-30T18:10:36.720Z] > git config --get commit.template [1ms]
[2022-07-30T18:10:41.726Z] > git status -z -uall [2ms]
[2022-07-30T18:10:41.730Z] > git symbolic-ref --short HEAD [1ms]
[2022-07-30T18:10:41.733Z] > git for-each-ref --format=%(refname)%00%(upstream:short)%00%(objectname)%00%(upstream:track)%00%(upstream:remotename)%00%(upstream:remoteref) refs/heads/master refs/remotes/master [1ms]
[2022-07-30T18:10:41.739Z] > git for-each-ref --sort -committerdate --format %(refname) %(objectname) %(*objectname) [3ms]
[2022-07-30T18:10:41.739Z] > git remote --verbose [1ms]
[2022-07-30T18:10:41.744Z] > git config --get commit.template [1ms]
[2022-07-30T18:10:46.749Z] > git status -z -uall [1ms]
[2022-07-30T18:10:46.753Z] > git symbolic-ref --short HEAD [1ms]
[2022-07-30T18:10:46.757Z] > git for-each-ref --format=%(refname)%00%(upstream:short)%00%(objectname)%00%(upstream:track)%00%(upstream:remotename)%00%(upstream:remoteref) refs/heads/master refs/remotes/master [1ms]
[2022-07-30T18:10:46.762Z] > git for-each-ref --sort -committerdate --format %(refname) %(objectname) %(*objectname) [2ms]
[2022-07-30T18:10:46.762Z] > git remote --verbose [0ms]
[2022-07-30T18:10:46.766Z] > git config --get commit.template [1ms]
[2022-07-30T18:11:04.627Z] > git status -z -uall [2ms]
[2022-07-30T18:11:04.631Z] > git symbolic-ref --short HEAD [1ms]
[2022-07-30T18:11:04.634Z] > git for-each-ref --format=%(refname)%00%(upstream:short)%00%(objectname)%00%(upstream:track)%00%(upstream:remotename)%00%(upstream:remoteref) refs/heads/master refs/remotes/master [1ms]
[2022-07-30T18:11:04.640Z] > git for-each-ref --sort -committerdate --format %(refname) %(objectname) %(*objectname) [3ms]
[2022-07-30T18:11:04.640Z] > git remote --verbose [0ms]
[2022-07-30T18:11:04.645Z] > git config --get commit.template [1ms]
[2022-07-30T18:16:16.957Z] > git status -z -uall [1ms]
[2022-07-30T18:16:16.960Z] > git symbolic-ref --short HEAD [1ms]
[2022-07-30T18:16:16.963Z] > git for-each-ref --format=%(refname)%00%(upstream:short)%00%(objectname)%00%(upstream:track)%00%(upstream:remotename)%00%(upstream:remoteref) refs/heads/master refs/remotes/master [1ms]
[2022-07-30T18:16:16.968Z] > git for-each-ref --sort -committerdate --format %(refname) %(objectname) %(*objectname) [3ms]
[2022-07-30T18:16:16.968Z] > git remote --verbose [0ms]
[2022-07-30T18:16:16.973Z] > git config --get commit.template [1ms]
[2022-07-30T18:16:21.980Z] > git status -z -uall [2ms]
[2022-07-30T18:16:21.988Z] > git symbolic-ref --short HEAD [2ms]
[2022-07-30T18:16:21.997Z] > git for-each-ref --format=%(refname)%00%(upstream:short)%00%(objectname)%00%(upstream:track)%00%(upstream:remotename)%00%(upstream:remoteref) refs/heads/master refs/remotes/master [2ms]
[2022-07-30T18:16:22.007Z] > git for-each-ref --sort -committerdate --format %(refname) %(objectname) %(*objectname) [6ms]
[2022-07-30T18:16:22.008Z] > git remote --verbose [2ms]
[2022-07-30T18:16:22.015Z] > git config --get commit.template [1ms]
[2022-07-30T18:16:27.021Z] > git status -z -uall [1ms]
[2022-07-30T18:16:27.027Z] > git symbolic-ref --short HEAD [1ms]
[2022-07-30T18:16:27.034Z] > git for-each-ref --format=%(refname)%00%(upstream:short)%00%(objectname)%00%(upstream:track)%00%(upstream:remotename)%00%(upstream:remoteref) refs/heads/master refs/remotes/master [1ms]
[2022-07-30T18:16:27.042Z] > git for-each-ref --sort -committerdate --format %(refname) %(objectname) %(*objectname) [4ms]
[2022-07-30T18:16:27.042Z] > git remote --verbose [0ms]
[2022-07-30T18:16:27.049Z] > git config --get commit.template [2ms]
[2022-07-30T18:16:32.058Z] > git status -z -uall [1ms]
[2022-07-30T18:16:32.063Z] > git symbolic-ref --short HEAD [1ms]
[2022-07-30T18:16:32.067Z] > git for-each-ref --format=%(refname)%00%(upstream:short)%00%(objectname)%00%(upstream:track)%00%(upstream:remotename)%00%(upstream:remoteref) refs/heads/master refs/remotes/master [1ms]
[2022-07-30T18:16:32.073Z] > git for-each-ref --sort -committerdate --format %(refname) %(objectname) %(*objectname) [4ms]
[2022-07-30T18:16:32.073Z] > git remote --verbose [1ms]
[2022-07-30T18:16:32.078Z] > git config --get commit.template [1ms]
[2022-07-30T18:16:37.083Z] > git status -z -uall [1ms]
[2022-07-30T18:16:37.087Z] > git symbolic-ref --short HEAD [1ms]
[2022-07-30T18:16:37.090Z] > git for-each-ref --format=%(refname)%00%(upstream:short)%00%(objectname)%00%(upstream:track)%00%(upstream:remotename)%00%(upstream:remoteref) refs/heads/master refs/remotes/master [1ms]
[2022-07-30T18:16:37.096Z] > git for-each-ref --sort -committerdate --format %(refname) %(objectname) %(*objectname) [4ms]
[2022-07-30T18:16:37.096Z] > git remote --verbose [1ms]
[2022-07-30T18:16:37.101Z] > git config --get commit.template [1ms]
[2022-07-30T18:16:42.106Z] > git status -z -uall [1ms]
[2022-07-30T18:16:42.111Z] > git symbolic-ref --short HEAD [1ms]
[2022-07-30T18:16:42.115Z] > git for-each-ref --format=%(refname)%00%(upstream:short)%00%(objectname)%00%(upstream:track)%00%(upstream:remotename)%00%(upstream:remoteref) refs/heads/master refs/remotes/master [1ms]
[2022-07-30T18:16:42.121Z] > git for-each-ref --sort -committerdate --format %(refname) %(objectname) %(*objectname) [4ms]
[2022-07-30T18:16:42.121Z] > git remote --verbose [1ms]
[2022-07-30T18:16:42.125Z] > git config --get commit.template [1ms]
[2022-07-30T18:16:54.805Z] > git show --textconv :src/main.rs [4ms]
[2022-07-30T18:16:54.805Z] > git ls-files --stage -- /home/gaffclant/Programming/Rust/guessing_game/src/main.rs [1ms]
[2022-07-30T18:16:58.401Z] > git status -z -uall [2ms]
[2022-07-30T18:16:58.408Z] > git symbolic-ref --short HEAD [1ms]
[2022-07-30T18:16:58.417Z] > git for-each-ref --format=%(refname)%00%(upstream:short)%00%(objectname)%00%(upstream:track)%00%(upstream:remotename)%00%(upstream:remoteref) refs/heads/master refs/remotes/master [2ms]
[2022-07-30T18:16:58.428Z] > git for-each-ref --sort -committerdate --format %(refname) %(objectname) %(*objectname) [6ms]
[2022-07-30T18:16:58.428Z] > git remote --verbose [1ms]
[2022-07-30T18:16:58.438Z] > git config --get commit.template [1ms]
[2022-07-30T18:17:03.444Z] > git status -z -uall [1ms]
[2022-07-30T18:17:03.447Z] > git symbolic-ref --short HEAD [1ms]
[2022-07-30T18:17:03.450Z] > git for-each-ref --format=%(refname)%00%(upstream:short)%00%(objectname)%00%(upstream:track)%00%(upstream:remotename)%00%(upstream:remoteref) refs/heads/master refs/remotes/master [0ms]
[2022-07-30T18:17:03.455Z] > git for-each-ref --sort -committerdate --format %(refname) %(objectname) %(*objectname) [2ms]
[2022-07-30T18:17:03.455Z] > git remote --verbose [0ms]
[2022-07-30T18:17:03.460Z] > git config --get commit.template [1ms]
[2022-07-30T18:17:11.529Z] > git show --textconv :Cargo.toml [6ms]
[2022-07-30T18:17:11.530Z] > git ls-files --stage -- /home/gaffclant/Programming/Rust/guessing_game/Cargo.toml [1ms]
[2022-07-30T18:17:20.907Z] > git show --textconv :src/main.rs [4ms]
[2022-07-30T18:17:20.908Z] > git ls-files --stage -- /home/gaffclant/Programming/Rust/guessing_game/src/main.rs [1ms]
[2022-07-30T18:17:28.593Z] > git status -z -uall [1ms]
[2022-07-30T18:17:28.597Z] > git symbolic-ref --short HEAD [1ms]
[2022-07-30T18:17:28.600Z] > git for-each-ref --format=%(refname)%00%(upstream:short)%00%(objectname)%00%(upstream:track)%00%(upstream:remotename)%00%(upstream:remoteref) refs/heads/master refs/remotes/master [0ms]
[2022-07-30T18:17:28.605Z] > git for-each-ref --sort -committerdate --format %(refname) %(objectname) %(*objectname) [2ms]
[2022-07-30T18:17:28.605Z] > git remote --verbose [0ms]
[2022-07-30T18:17:28.609Z] > git config --get commit.template [1ms]
[2022-07-30T18:17:38.861Z] > git status -z -uall [1ms]
[2022-07-30T18:17:38.865Z] > git symbolic-ref --short HEAD [1ms]
[2022-07-30T18:17:38.868Z] > git for-each-ref --format=%(refname)%00%(upstream:short)%00%(objectname)%00%(upstream:track)%00%(upstream:remotename)%00%(upstream:remoteref) refs/heads/master refs/remotes/master [1ms]
[2022-07-30T18:17:38.873Z] > git for-each-ref --sort -committerdate --format %(refname) %(objectname) %(*objectname) [3ms]
[2022-07-30T18:17:38.873Z] > git remote --verbose [1ms]
[2022-07-30T18:17:38.876Z] > git config --get commit.template [0ms]
[2022-07-30T18:17:43.885Z] > git status -z -uall [1ms]
[2022-07-30T18:17:43.890Z] > git symbolic-ref --short HEAD [1ms]
[2022-07-30T18:17:43.894Z] > git for-each-ref --format=%(refname)%00%(upstream:short)%00%(objectname)%00%(upstream:track)%00%(upstream:remotename)%00%(upstream:remoteref) refs/heads/master refs/remotes/master [1ms]
[2022-07-30T18:17:43.900Z] > git for-each-ref --sort -committerdate --format %(refname) %(objectname) %(*objectname) [3ms]
[2022-07-30T18:17:43.900Z] > git remote --verbose [1ms]
[2022-07-30T18:17:43.905Z] > git config --get commit.template [1ms]
[2022-07-30T18:17:48.913Z] > git status -z -uall [1ms]
[2022-07-30T18:17:48.919Z] > git symbolic-ref --short HEAD [1ms]
[2022-07-30T18:17:48.926Z] > git for-each-ref --format=%(refname)%00%(upstream:short)%00%(objectname)%00%(upstream:track)%00%(upstream:remotename)%00%(upstream:remoteref) refs/heads/master refs/remotes/master [1ms]
[2022-07-30T18:17:48.939Z] > git for-each-ref --sort -committerdate --format %(refname) %(objectname) %(*objectname) [8ms]
[2022-07-30T18:17:48.939Z] > git remote --verbose [1ms]
[2022-07-30T18:17:48.948Z] > git config --get commit.template [1ms]
[2022-07-30T18:17:49.264Z] > git show --textconv :src/main.rs [4ms]
[2022-07-30T18:17:49.264Z] > git ls-files --stage -- /home/gaffclant/Programming/Rust/guessing_game/src/main.rs [1ms]
[2022-07-30T18:17:53.523Z] > git show --textconv :src/main.rs [6ms]
[2022-07-30T18:17:53.524Z] > git ls-files --stage -- /home/gaffclant/Programming/Rust/guessing_game/src/main.rs [1ms]
