[2022-07-30T17:44:36.149Z] Log level: Info
[2022-07-30T17:44:36.150Z] [info] Validating found git in: git
[2022-07-30T17:44:36.851Z] [info] Using git  from git
[2022-07-30T17:44:36.870Z] > git rev-parse --show-toplevel [5ms]
[2022-07-30T17:44:36.882Z] > git rev-parse --git-dir --git-common-dir [5ms]
[2022-07-30T17:44:36.888Z] [info] Open repository: /home/gaffclant/Programming/Rust/guessing_game
[2022-07-30T17:44:36.897Z] > git status -z -uall [2ms]
[2022-07-30T17:44:36.905Z] > git symbolic-ref --short HEAD [2ms]
[2022-07-30T17:44:36.952Z] > git for-each-ref --format=%(refname)%00%(upstream:short)%00%(objectname)%00%(upstream:track)%00%(upstream:remotename)%00%(upstream:remoteref) refs/heads/master refs/remotes/master [37ms]
[2022-07-30T17:44:36.964Z] > git for-each-ref --sort -committerdate --format %(refname) %(objectname) %(*objectname) [5ms]
[2022-07-30T17:44:36.975Z] > git remote --verbose [12ms]
[2022-07-30T17:44:36.993Z] > git config --get commit.template [8ms]
[2022-07-30T17:44:37.002Z] > git status -z -uall [2ms]
[2022-07-30T17:44:37.011Z] > git symbolic-ref --short HEAD [1ms]
[2022-07-30T17:44:37.019Z] > git for-each-ref --format=%(refname)%00%(upstream:short)%00%(objectname)%00%(upstream:track)%00%(upstream:remotename)%00%(upstream:remoteref) refs/heads/master refs/remotes/master [2ms]
[2022-07-30T17:44:37.031Z] > git for-each-ref --sort -committerdate --format %(refname) %(objectname) %(*objectname) [6ms]
[2022-07-30T17:44:37.031Z] > git remote --verbose [1ms]
[2022-07-30T17:44:37.040Z] > git config --get commit.template [2ms]
[2022-07-30T17:44:37.425Z] > git check-ignore -v -z --stdin [1ms]
[2022-07-30T17:44:38.044Z] > git check-ignore -v -z --stdin [1ms]
[2022-07-30T17:44:39.100Z] > git show --textconv :src/main.rs [298ms]
[2022-07-30T17:44:39.101Z] > git ls-files --stage -- /home/gaffclant/Programming/Rust/guessing_game/src/main.rs [292ms]
[2022-07-30T17:44:44.208Z] > git status -z -uall [2ms]
[2022-07-30T17:44:44.215Z] > git symbolic-ref --short HEAD [1ms]
[2022-07-30T17:44:44.223Z] > git for-each-ref --format=%(refname)%00%(upstream:short)%00%(objectname)%00%(upstream:track)%00%(upstream:remotename)%00%(upstream:remoteref) refs/heads/master refs/remotes/master [2ms]
[2022-07-30T17:44:44.232Z] > git for-each-ref --sort -committerdate --format %(refname) %(objectname) %(*objectname) [5ms]
[2022-07-30T17:44:44.232Z] > git remote --verbose [1ms]
[2022-07-30T17:44:44.242Z] > git config --get commit.template [1ms]
[2022-07-30T17:44:49.249Z] > git status -z -uall [2ms]
[2022-07-30T17:44:49.255Z] > git symbolic-ref --short HEAD [2ms]
[2022-07-30T17:44:49.259Z] > git for-each-ref --format=%(refname)%00%(upstream:short)%00%(objectname)%00%(upstream:track)%00%(upstream:remotename)%00%(upstream:remoteref) refs/heads/master refs/remotes/master [1ms]
[2022-07-30T17:44:49.267Z] > git for-each-ref --sort -committerdate --format %(refname) %(objectname) %(*objectname) [5ms]
[2022-07-30T17:44:49.267Z] > git remote --verbose [1ms]
[2022-07-30T17:44:49.278Z] > git config --get commit.template [3ms]
[2022-07-30T17:45:03.359Z] > git status -z -uall [2ms]
[2022-07-30T17:45:03.365Z] > git symbolic-ref --short HEAD [1ms]
[2022-07-30T17:45:03.369Z] > git for-each-ref --format=%(refname)%00%(upstream:short)%00%(objectname)%00%(upstream:track)%00%(upstream:remotename)%00%(upstream:remoteref) refs/heads/master refs/remotes/master [1ms]
[2022-07-30T17:45:03.375Z] > git for-each-ref --sort -committerdate --format %(refname) %(objectname) %(*objectname) [3ms]
[2022-07-30T17:45:03.375Z] > git remote --verbose [1ms]
[2022-07-30T17:45:03.380Z] > git config --get commit.template [1ms]
