[2022-08-09T20:31:33.056Z] Log level: Info
[2022-08-09T20:31:33.057Z] [info] Validating found git in: git
[2022-08-09T20:31:33.187Z] [info] Using git 2.37.1 from git
[2022-08-09T20:31:33.213Z] > git rev-parse --show-toplevel [5ms]
[2022-08-09T20:31:33.226Z] > git rev-parse --git-dir --git-common-dir [2ms]
[2022-08-09T20:31:33.233Z] [info] Open repository: /home/gaffclant/Programming/Rust/programming_concepts
[2022-08-09T20:31:34.335Z] > git status -z -uall [1091ms]
[2022-08-09T20:31:34.340Z] > git check-ignore -v -z --stdin [16ms]
[2022-08-09T20:31:34.343Z] > git symbolic-ref --short HEAD [3ms]
[2022-08-09T20:31:34.348Z] > git for-each-ref --format=%(refname)%00%(upstream:short)%00%(objectname)%00%(upstream:track)%00%(upstream:remotename)%00%(upstream:remoteref) refs/heads/master refs/remotes/master [1ms]
[2022-08-09T20:31:34.368Z] > git show --textconv :src/main.rs [5ms]
[2022-08-09T20:31:34.368Z] > git remote --verbose [12ms]
[2022-08-09T20:31:34.368Z] > git for-each-ref --sort -committerdate --format %(refname) %(objectname) %(*objectname) [15ms]
[2022-08-09T20:31:34.376Z] > git ls-files --stage -- /home/gaffclant/Programming/Rust/programming_concepts/src/main.rs [9ms]
[2022-08-09T20:31:34.377Z] > git config --get commit.template [2ms]
[2022-08-09T20:31:34.385Z] > git status -z -uall [1ms]
[2022-08-09T20:31:34.395Z] > git symbolic-ref --short HEAD [3ms]
[2022-08-09T20:31:34.401Z] > git for-each-ref --format=%(refname)%00%(upstream:short)%00%(objectname)%00%(upstream:track)%00%(upstream:remotename)%00%(upstream:remoteref) refs/heads/master refs/remotes/master [1ms]
[2022-08-09T20:31:34.408Z] > git for-each-ref --sort -committerdate --format %(refname) %(objectname) %(*objectname) [3ms]
[2022-08-09T20:31:34.408Z] > git remote --verbose [1ms]
[2022-08-09T20:31:34.412Z] > git config --get commit.template [1ms]
[2022-08-09T20:31:34.831Z] > git check-ignore -v -z --stdin [1ms]
[2022-08-09T20:31:36.273Z] > git status -z -uall [1ms]
[2022-08-09T20:31:36.282Z] > git symbolic-ref --short HEAD [2ms]
[2022-08-09T20:31:36.287Z] > git for-each-ref --format=%(refname)%00%(upstream:short)%00%(objectname)%00%(upstream:track)%00%(upstream:remotename)%00%(upstream:remoteref) refs/heads/master refs/remotes/master [0ms]
[2022-08-09T20:31:36.293Z] > git for-each-ref --sort -committerdate --format %(refname) %(objectname) %(*objectname) [3ms]
[2022-08-09T20:31:36.293Z] > git remote --verbose [1ms]
[2022-08-09T20:31:36.299Z] > git config --get commit.template [1ms]
[2022-08-09T20:32:47.469Z] > git status -z -uall [1ms]
[2022-08-09T20:32:47.473Z] > git symbolic-ref --short HEAD [1ms]
[2022-08-09T20:32:47.480Z] > git for-each-ref --format=%(refname)%00%(upstream:short)%00%(objectname)%00%(upstream:track)%00%(upstream:remotename)%00%(upstream:remoteref) refs/heads/master refs/remotes/master [2ms]
[2022-08-09T20:32:47.494Z] > git for-each-ref --sort -committerdate --format %(refname) %(objectname) %(*objectname) [6ms]
[2022-08-09T20:32:47.494Z] > git remote --verbose [1ms]
[2022-08-09T20:32:47.501Z] > git config --get commit.template [2ms]
[2022-08-09T20:32:52.516Z] > git status -z -uall [1ms]
[2022-08-09T20:32:52.522Z] > git symbolic-ref --short HEAD [2ms]
[2022-08-09T20:32:52.527Z] > git for-each-ref --format=%(refname)%00%(upstream:short)%00%(objectname)%00%(upstream:track)%00%(upstream:remotename)%00%(upstream:remoteref) refs/heads/master refs/remotes/master [2ms]
[2022-08-09T20:32:52.533Z] > git for-each-ref --sort -committerdate --format %(refname) %(objectname) %(*objectname) [4ms]
[2022-08-09T20:32:52.533Z] > git remote --verbose [1ms]
[2022-08-09T20:32:52.538Z] > git config --get commit.template [1ms]
[2022-08-09T20:32:57.550Z] > git status -z -uall [1ms]
[2022-08-09T20:32:57.556Z] > git symbolic-ref --short HEAD [1ms]
[2022-08-09T20:32:57.561Z] > git for-each-ref --format=%(refname)%00%(upstream:short)%00%(objectname)%00%(upstream:track)%00%(upstream:remotename)%00%(upstream:remoteref) refs/heads/master refs/remotes/master [1ms]
[2022-08-09T20:32:57.568Z] > git for-each-ref --sort -committerdate --format %(refname) %(objectname) %(*objectname) [4ms]
[2022-08-09T20:32:57.568Z] > git remote --verbose [1ms]
[2022-08-09T20:32:57.572Z] > git config --get commit.template [1ms]
[2022-08-09T20:33:02.639Z] > git status -z -uall [1ms]
[2022-08-09T20:33:02.644Z] > git symbolic-ref --short HEAD [1ms]
[2022-08-09T20:33:02.647Z] > git for-each-ref --format=%(refname)%00%(upstream:short)%00%(objectname)%00%(upstream:track)%00%(upstream:remotename)%00%(upstream:remoteref) refs/heads/master refs/remotes/master [1ms]
[2022-08-09T20:33:02.653Z] > git for-each-ref --sort -committerdate --format %(refname) %(objectname) %(*objectname) [3ms]
[2022-08-09T20:33:02.653Z] > git remote --verbose [1ms]
[2022-08-09T20:33:02.657Z] > git config --get commit.template [1ms]
[2022-08-09T20:33:07.666Z] > git status -z -uall [2ms]
[2022-08-09T20:33:07.672Z] > git symbolic-ref --short HEAD [1ms]
[2022-08-09T20:33:07.677Z] > git for-each-ref --format=%(refname)%00%(upstream:short)%00%(objectname)%00%(upstream:track)%00%(upstream:remotename)%00%(upstream:remoteref) refs/heads/master refs/remotes/master [1ms]
[2022-08-09T20:33:07.685Z] > git for-each-ref --sort -committerdate --format %(refname) %(objectname) %(*objectname) [4ms]
[2022-08-09T20:33:07.686Z] > git remote --verbose [1ms]
[2022-08-09T20:33:07.691Z] > git config --get commit.template [1ms]
[2022-08-09T20:33:12.700Z] > git status -z -uall [1ms]
[2022-08-09T20:33:12.707Z] > git symbolic-ref --short HEAD [1ms]
[2022-08-09T20:33:12.716Z] > git for-each-ref --format=%(refname)%00%(upstream:short)%00%(objectname)%00%(upstream:track)%00%(upstream:remotename)%00%(upstream:remoteref) refs/heads/master refs/remotes/master [1ms]
[2022-08-09T20:33:12.730Z] > git remote --verbose [1ms]
[2022-08-09T20:33:12.730Z] > git for-each-ref --sort -committerdate --format %(refname) %(objectname) %(*objectname) [9ms]
[2022-08-09T20:33:12.740Z] > git config --get commit.template [2ms]
[2022-08-09T20:33:17.751Z] > git status -z -uall [2ms]
[2022-08-09T20:33:17.755Z] > git symbolic-ref --short HEAD [1ms]
[2022-08-09T20:33:17.759Z] > git for-each-ref --format=%(refname)%00%(upstream:short)%00%(objectname)%00%(upstream:track)%00%(upstream:remotename)%00%(upstream:remoteref) refs/heads/master refs/remotes/master [1ms]
[2022-08-09T20:33:17.764Z] > git for-each-ref --sort -committerdate --format %(refname) %(objectname) %(*objectname) [3ms]
[2022-08-09T20:33:17.765Z] > git remote --verbose [1ms]
[2022-08-09T20:33:17.769Z] > git config --get commit.template [1ms]
[2022-08-09T20:49:48.431Z] > git status -z -uall [3ms]
[2022-08-09T20:49:48.438Z] > git symbolic-ref --short HEAD [2ms]
[2022-08-09T20:49:48.445Z] > git for-each-ref --format=%(refname)%00%(upstream:short)%00%(objectname)%00%(upstream:track)%00%(upstream:remotename)%00%(upstream:remoteref) refs/heads/master refs/remotes/master [2ms]
[2022-08-09T20:49:48.454Z] > git for-each-ref --sort -committerdate --format %(refname) %(objectname) %(*objectname) [4ms]
[2022-08-09T20:49:48.454Z] > git remote --verbose [1ms]
[2022-08-09T20:49:48.460Z] > git config --get commit.template [1ms]
[2022-08-09T20:52:15.319Z] > git status -z -uall [2ms]
[2022-08-09T20:52:15.323Z] > git symbolic-ref --short HEAD [1ms]
[2022-08-09T20:52:15.326Z] > git for-each-ref --format=%(refname)%00%(upstream:short)%00%(objectname)%00%(upstream:track)%00%(upstream:remotename)%00%(upstream:remoteref) refs/heads/master refs/remotes/master [1ms]
[2022-08-09T20:52:15.331Z] > git for-each-ref --sort -committerdate --format %(refname) %(objectname) %(*objectname) [2ms]
[2022-08-09T20:52:15.332Z] > git remote --verbose [1ms]
[2022-08-09T20:52:15.336Z] > git config --get commit.template [1ms]
[2022-08-09T20:56:40.220Z] > git status -z -uall [2ms]
[2022-08-09T20:56:40.224Z] > git symbolic-ref --short HEAD [1ms]
[2022-08-09T20:56:40.228Z] > git for-each-ref --format=%(refname)%00%(upstream:short)%00%(objectname)%00%(upstream:track)%00%(upstream:remotename)%00%(upstream:remoteref) refs/heads/master refs/remotes/master [1ms]
[2022-08-09T20:56:40.234Z] > git for-each-ref --sort -committerdate --format %(refname) %(objectname) %(*objectname) [3ms]
[2022-08-09T20:56:40.234Z] > git remote --verbose [1ms]
[2022-08-09T20:56:40.239Z] > git config --get commit.template [1ms]
[2022-08-09T20:56:45.249Z] > git status -z -uall [1ms]
[2022-08-09T20:56:45.253Z] > git symbolic-ref --short HEAD [1ms]
[2022-08-09T20:56:45.257Z] > git for-each-ref --format=%(refname)%00%(upstream:short)%00%(objectname)%00%(upstream:track)%00%(upstream:remotename)%00%(upstream:remoteref) refs/heads/master refs/remotes/master [1ms]
[2022-08-09T20:56:45.264Z] > git for-each-ref --sort -committerdate --format %(refname) %(objectname) %(*objectname) [4ms]
[2022-08-09T20:56:45.264Z] > git remote --verbose [1ms]
[2022-08-09T20:56:45.269Z] > git config --get commit.template [1ms]
[2022-08-09T20:56:50.275Z] > git status -z -uall [1ms]
[2022-08-09T20:56:50.280Z] > git symbolic-ref --short HEAD [1ms]
[2022-08-09T20:56:50.286Z] > git for-each-ref --format=%(refname)%00%(upstream:short)%00%(objectname)%00%(upstream:track)%00%(upstream:remotename)%00%(upstream:remoteref) refs/heads/master refs/remotes/master [1ms]
[2022-08-09T20:56:50.295Z] > git for-each-ref --sort -committerdate --format %(refname) %(objectname) %(*objectname) [4ms]
[2022-08-09T20:56:50.295Z] > git remote --verbose [1ms]
[2022-08-09T20:56:50.300Z] > git config --get commit.template [1ms]
[2022-08-09T20:56:55.326Z] > git status -z -uall [1ms]
[2022-08-09T20:56:55.331Z] > git symbolic-ref --short HEAD [1ms]
[2022-08-09T20:56:55.336Z] > git for-each-ref --format=%(refname)%00%(upstream:short)%00%(objectname)%00%(upstream:track)%00%(upstream:remotename)%00%(upstream:remoteref) refs/heads/master refs/remotes/master [1ms]
[2022-08-09T20:56:55.343Z] > git for-each-ref --sort -committerdate --format %(refname) %(objectname) %(*objectname) [3ms]
[2022-08-09T20:56:55.343Z] > git remote --verbose [1ms]
[2022-08-09T20:56:55.347Z] > git config --get commit.template [1ms]
[2022-08-09T20:57:00.355Z] > git status -z -uall [1ms]
[2022-08-09T20:57:00.361Z] > git symbolic-ref --short HEAD [2ms]
[2022-08-09T20:57:00.365Z] > git for-each-ref --format=%(refname)%00%(upstream:short)%00%(objectname)%00%(upstream:track)%00%(upstream:remotename)%00%(upstream:remoteref) refs/heads/master refs/remotes/master [1ms]
[2022-08-09T20:57:00.371Z] > git for-each-ref --sort -committerdate --format %(refname) %(objectname) %(*objectname) [3ms]
[2022-08-09T20:57:00.371Z] > git remote --verbose [1ms]
[2022-08-09T20:57:00.376Z] > git config --get commit.template [1ms]
[2022-08-09T20:57:05.380Z] > git status -z -uall [1ms]
[2022-08-09T20:57:05.384Z] > git symbolic-ref --short HEAD [1ms]
[2022-08-09T20:57:05.389Z] > git for-each-ref --format=%(refname)%00%(upstream:short)%00%(objectname)%00%(upstream:track)%00%(upstream:remotename)%00%(upstream:remoteref) refs/heads/master refs/remotes/master [1ms]
[2022-08-09T20:57:05.395Z] > git for-each-ref --sort -committerdate --format %(refname) %(objectname) %(*objectname) [3ms]
[2022-08-09T20:57:05.396Z] > git remote --verbose [1ms]
[2022-08-09T20:57:05.401Z] > git config --get commit.template [1ms]
[2022-08-09T20:57:10.410Z] > git status -z -uall [1ms]
[2022-08-09T20:57:10.416Z] > git symbolic-ref --short HEAD [2ms]
[2022-08-09T20:57:10.420Z] > git for-each-ref --format=%(refname)%00%(upstream:short)%00%(objectname)%00%(upstream:track)%00%(upstream:remotename)%00%(upstream:remoteref) refs/heads/master refs/remotes/master [1ms]
[2022-08-09T20:57:10.427Z] > git for-each-ref --sort -committerdate --format %(refname) %(objectname) %(*objectname) [4ms]
[2022-08-09T20:57:10.428Z] > git remote --verbose [1ms]
[2022-08-09T20:57:10.433Z] > git config --get commit.template [2ms]
[2022-08-09T20:57:15.442Z] > git status -z -uall [1ms]
[2022-08-09T20:57:15.448Z] > git symbolic-ref --short HEAD [1ms]
[2022-08-09T20:57:15.452Z] > git for-each-ref --format=%(refname)%00%(upstream:short)%00%(objectname)%00%(upstream:track)%00%(upstream:remotename)%00%(upstream:remoteref) refs/heads/master refs/remotes/master [1ms]
[2022-08-09T20:57:15.459Z] > git for-each-ref --sort -committerdate --format %(refname) %(objectname) %(*objectname) [4ms]
[2022-08-09T20:57:15.459Z] > git remote --verbose [1ms]
[2022-08-09T20:57:15.464Z] > git config --get commit.template [1ms]
[2022-08-09T20:57:20.475Z] > git status -z -uall [1ms]
[2022-08-09T20:57:20.481Z] > git symbolic-ref --short HEAD [1ms]
[2022-08-09T20:57:20.488Z] > git for-each-ref --format=%(refname)%00%(upstream:short)%00%(objectname)%00%(upstream:track)%00%(upstream:remotename)%00%(upstream:remoteref) refs/heads/master refs/remotes/master [2ms]
[2022-08-09T20:57:20.494Z] > git for-each-ref --sort -committerdate --format %(refname) %(objectname) %(*objectname) [3ms]
[2022-08-09T20:57:20.495Z] > git remote --verbose [1ms]
[2022-08-09T20:57:20.500Z] > git config --get commit.template [1ms]
[2022-08-09T20:57:25.510Z] > git status -z -uall [1ms]
[2022-08-09T20:57:25.514Z] > git symbolic-ref --short HEAD [1ms]
[2022-08-09T20:57:25.518Z] > git for-each-ref --format=%(refname)%00%(upstream:short)%00%(objectname)%00%(upstream:track)%00%(upstream:remotename)%00%(upstream:remoteref) refs/heads/master refs/remotes/master [1ms]
[2022-08-09T20:57:25.522Z] > git for-each-ref --sort -committerdate --format %(refname) %(objectname) %(*objectname) [2ms]
[2022-08-09T20:57:25.523Z] > git remote --verbose [1ms]
[2022-08-09T20:57:25.526Z] > git config --get commit.template [1ms]
[2022-08-09T20:57:30.533Z] > git status -z -uall [1ms]
[2022-08-09T20:57:30.539Z] > git symbolic-ref --short HEAD [1ms]
[2022-08-09T20:57:30.545Z] > git for-each-ref --format=%(refname)%00%(upstream:short)%00%(objectname)%00%(upstream:track)%00%(upstream:remotename)%00%(upstream:remoteref) refs/heads/master refs/remotes/master [2ms]
[2022-08-09T20:57:30.557Z] > git for-each-ref --sort -committerdate --format %(refname) %(objectname) %(*objectname) [8ms]
[2022-08-09T20:57:30.557Z] > git remote --verbose [2ms]
[2022-08-09T20:57:30.564Z] > git config --get commit.template [1ms]
[2022-08-09T20:57:35.569Z] > git status -z -uall [1ms]
[2022-08-09T20:57:35.572Z] > git symbolic-ref --short HEAD [1ms]
[2022-08-09T20:57:35.575Z] > git for-each-ref --format=%(refname)%00%(upstream:short)%00%(objectname)%00%(upstream:track)%00%(upstream:remotename)%00%(upstream:remoteref) refs/heads/master refs/remotes/master [0ms]
[2022-08-09T20:57:35.580Z] > git for-each-ref --sort -committerdate --format %(refname) %(objectname) %(*objectname) [2ms]
[2022-08-09T20:57:35.580Z] > git remote --verbose [1ms]
[2022-08-09T20:57:35.585Z] > git config --get commit.template [1ms]
[2022-08-09T20:57:40.589Z] > git status -z -uall [1ms]
[2022-08-09T20:57:40.593Z] > git symbolic-ref --short HEAD [1ms]
[2022-08-09T20:57:40.598Z] > git for-each-ref --format=%(refname)%00%(upstream:short)%00%(objectname)%00%(upstream:track)%00%(upstream:remotename)%00%(upstream:remoteref) refs/heads/master refs/remotes/master [1ms]
[2022-08-09T20:57:40.603Z] > git for-each-ref --sort -committerdate --format %(refname) %(objectname) %(*objectname) [3ms]
[2022-08-09T20:57:40.603Z] > git remote --verbose [1ms]
[2022-08-09T20:57:40.608Z] > git config --get commit.template [0ms]
[2022-08-09T20:57:45.613Z] > git status -z -uall [1ms]
[2022-08-09T20:57:45.618Z] > git symbolic-ref --short HEAD [1ms]
[2022-08-09T20:57:45.622Z] > git for-each-ref --format=%(refname)%00%(upstream:short)%00%(objectname)%00%(upstream:track)%00%(upstream:remotename)%00%(upstream:remoteref) refs/heads/master refs/remotes/master [1ms]
[2022-08-09T20:57:45.627Z] > git for-each-ref --sort -committerdate --format %(refname) %(objectname) %(*objectname) [3ms]
[2022-08-09T20:57:45.628Z] > git remote --verbose [1ms]
[2022-08-09T20:57:45.632Z] > git config --get commit.template [1ms]
[2022-08-09T20:57:50.643Z] > git status -z -uall [1ms]
[2022-08-09T20:57:50.647Z] > git symbolic-ref --short HEAD [1ms]
[2022-08-09T20:57:50.651Z] > git for-each-ref --format=%(refname)%00%(upstream:short)%00%(objectname)%00%(upstream:track)%00%(upstream:remotename)%00%(upstream:remoteref) refs/heads/master refs/remotes/master [1ms]
[2022-08-09T20:57:50.657Z] > git for-each-ref --sort -committerdate --format %(refname) %(objectname) %(*objectname) [3ms]
[2022-08-09T20:57:50.657Z] > git remote --verbose [1ms]
[2022-08-09T20:57:50.661Z] > git config --get commit.template [0ms]
[2022-08-09T20:57:55.670Z] > git status -z -uall [1ms]
[2022-08-09T20:57:55.675Z] > git symbolic-ref --short HEAD [1ms]
[2022-08-09T20:57:55.680Z] > git for-each-ref --format=%(refname)%00%(upstream:short)%00%(objectname)%00%(upstream:track)%00%(upstream:remotename)%00%(upstream:remoteref) refs/heads/master refs/remotes/master [1ms]
[2022-08-09T20:57:55.691Z] > git for-each-ref --sort -committerdate --format %(refname) %(objectname) %(*objectname) [6ms]
[2022-08-09T20:57:55.691Z] > git remote --verbose [1ms]
[2022-08-09T20:57:55.697Z] > git config --get commit.template [1ms]
[2022-08-09T20:58:00.707Z] > git status -z -uall [1ms]
[2022-08-09T20:58:00.711Z] > git symbolic-ref --short HEAD [1ms]
[2022-08-09T20:58:00.715Z] > git for-each-ref --format=%(refname)%00%(upstream:short)%00%(objectname)%00%(upstream:track)%00%(upstream:remotename)%00%(upstream:remoteref) refs/heads/master refs/remotes/master [1ms]
[2022-08-09T20:58:00.721Z] > git for-each-ref --sort -committerdate --format %(refname) %(objectname) %(*objectname) [3ms]
[2022-08-09T20:58:00.722Z] > git remote --verbose [2ms]
[2022-08-09T20:58:00.727Z] > git config --get commit.template [1ms]
[2022-08-09T20:59:43.315Z] > git status -z -uall [2ms]
[2022-08-09T20:59:43.319Z] > git symbolic-ref --short HEAD [1ms]
[2022-08-09T20:59:43.323Z] > git for-each-ref --format=%(refname)%00%(upstream:short)%00%(objectname)%00%(upstream:track)%00%(upstream:remotename)%00%(upstream:remoteref) refs/heads/master refs/remotes/master [1ms]
[2022-08-09T20:59:43.328Z] > git for-each-ref --sort -committerdate --format %(refname) %(objectname) %(*objectname) [3ms]
[2022-08-09T20:59:43.328Z] > git remote --verbose [1ms]
[2022-08-09T20:59:43.333Z] > git config --get commit.template [1ms]
[2022-08-09T20:59:48.379Z] > git status -z -uall [2ms]
[2022-08-09T20:59:48.382Z] > git symbolic-ref --short HEAD [1ms]
[2022-08-09T20:59:48.386Z] > git for-each-ref --format=%(refname)%00%(upstream:short)%00%(objectname)%00%(upstream:track)%00%(upstream:remotename)%00%(upstream:remoteref) refs/heads/master refs/remotes/master [1ms]
[2022-08-09T20:59:48.392Z] > git for-each-ref --sort -committerdate --format %(refname) %(objectname) %(*objectname) [3ms]
[2022-08-09T20:59:48.392Z] > git remote --verbose [1ms]
[2022-08-09T20:59:48.396Z] > git config --get commit.template [1ms]
[2022-08-09T20:59:53.408Z] > git status -z -uall [2ms]
[2022-08-09T20:59:53.413Z] > git symbolic-ref --short HEAD [1ms]
[2022-08-09T20:59:53.419Z] > git for-each-ref --format=%(refname)%00%(upstream:short)%00%(objectname)%00%(upstream:track)%00%(upstream:remotename)%00%(upstream:remoteref) refs/heads/master refs/remotes/master [1ms]
[2022-08-09T20:59:53.428Z] > git for-each-ref --sort -committerdate --format %(refname) %(objectname) %(*objectname) [4ms]
[2022-08-09T20:59:53.429Z] > git remote --verbose [2ms]
[2022-08-09T20:59:53.434Z] > git config --get commit.template [1ms]
[2022-08-09T21:00:01.606Z] > git status -z -uall [1ms]
[2022-08-09T21:00:01.611Z] > git symbolic-ref --short HEAD [1ms]
[2022-08-09T21:00:01.615Z] > git for-each-ref --format=%(refname)%00%(upstream:short)%00%(objectname)%00%(upstream:track)%00%(upstream:remotename)%00%(upstream:remoteref) refs/heads/master refs/remotes/master [1ms]
[2022-08-09T21:00:01.622Z] > git for-each-ref --sort -committerdate --format %(refname) %(objectname) %(*objectname) [4ms]
[2022-08-09T21:00:01.622Z] > git remote --verbose [1ms]
[2022-08-09T21:00:01.626Z] > git config --get commit.template [1ms]
[2022-08-09T21:00:06.632Z] > git status -z -uall [1ms]
[2022-08-09T21:00:06.637Z] > git symbolic-ref --short HEAD [1ms]
[2022-08-09T21:00:06.640Z] > git for-each-ref --format=%(refname)%00%(upstream:short)%00%(objectname)%00%(upstream:track)%00%(upstream:remotename)%00%(upstream:remoteref) refs/heads/master refs/remotes/master [1ms]
[2022-08-09T21:00:06.646Z] > git for-each-ref --sort -committerdate --format %(refname) %(objectname) %(*objectname) [3ms]
[2022-08-09T21:00:06.646Z] > git remote --verbose [1ms]
[2022-08-09T21:00:06.650Z] > git config --get commit.template [1ms]
[2022-08-09T21:00:11.654Z] > git status -z -uall [1ms]
[2022-08-09T21:00:11.658Z] > git symbolic-ref --short HEAD [1ms]
[2022-08-09T21:00:11.662Z] > git for-each-ref --format=%(refname)%00%(upstream:short)%00%(objectname)%00%(upstream:track)%00%(upstream:remotename)%00%(upstream:remoteref) refs/heads/master refs/remotes/master [1ms]
[2022-08-09T21:00:11.669Z] > git for-each-ref --sort -committerdate --format %(refname) %(objectname) %(*objectname) [4ms]
[2022-08-09T21:00:11.669Z] > git remote --verbose [1ms]
[2022-08-09T21:00:11.674Z] > git config --get commit.template [1ms]
[2022-08-09T21:00:16.678Z] > git status -z -uall [1ms]
[2022-08-09T21:00:16.682Z] > git symbolic-ref --short HEAD [1ms]
[2022-08-09T21:00:16.686Z] > git for-each-ref --format=%(refname)%00%(upstream:short)%00%(objectname)%00%(upstream:track)%00%(upstream:remotename)%00%(upstream:remoteref) refs/heads/master refs/remotes/master [1ms]
[2022-08-09T21:00:16.696Z] > git for-each-ref --sort -committerdate --format %(refname) %(objectname) %(*objectname) [5ms]
[2022-08-09T21:00:16.696Z] > git remote --verbose [1ms]
[2022-08-09T21:00:16.702Z] > git config --get commit.template [1ms]
[2022-08-09T21:00:21.710Z] > git status -z -uall [2ms]
[2022-08-09T21:00:21.715Z] > git symbolic-ref --short HEAD [0ms]
[2022-08-09T21:00:21.721Z] > git for-each-ref --format=%(refname)%00%(upstream:short)%00%(objectname)%00%(upstream:track)%00%(upstream:remotename)%00%(upstream:remoteref) refs/heads/master refs/remotes/master [1ms]
[2022-08-09T21:00:21.731Z] > git for-each-ref --sort -committerdate --format %(refname) %(objectname) %(*objectname) [5ms]
[2022-08-09T21:00:21.731Z] > git remote --verbose [1ms]
[2022-08-09T21:00:21.739Z] > git config --get commit.template [1ms]
[2022-08-09T21:00:26.748Z] > git status -z -uall [1ms]
[2022-08-09T21:00:26.752Z] > git symbolic-ref --short HEAD [1ms]
[2022-08-09T21:00:26.756Z] > git for-each-ref --format=%(refname)%00%(upstream:short)%00%(objectname)%00%(upstream:track)%00%(upstream:remotename)%00%(upstream:remoteref) refs/heads/master refs/remotes/master [1ms]
[2022-08-09T21:00:26.762Z] > git for-each-ref --sort -committerdate --format %(refname) %(objectname) %(*objectname) [3ms]
[2022-08-09T21:00:26.762Z] > git remote --verbose [1ms]
[2022-08-09T21:00:26.767Z] > git config --get commit.template [1ms]
[2022-08-09T21:00:31.772Z] > git status -z -uall [1ms]
[2022-08-09T21:00:31.776Z] > git symbolic-ref --short HEAD [1ms]
[2022-08-09T21:00:31.780Z] > git for-each-ref --format=%(refname)%00%(upstream:short)%00%(objectname)%00%(upstream:track)%00%(upstream:remotename)%00%(upstream:remoteref) refs/heads/master refs/remotes/master [1ms]
[2022-08-09T21:00:31.786Z] > git for-each-ref --sort -committerdate --format %(refname) %(objectname) %(*objectname) [3ms]
[2022-08-09T21:00:31.786Z] > git remote --verbose [1ms]
[2022-08-09T21:00:31.791Z] > git config --get commit.template [1ms]
[2022-08-09T21:00:36.798Z] > git status -z -uall [2ms]
[2022-08-09T21:00:36.808Z] > git symbolic-ref --short HEAD [1ms]
[2022-08-09T21:00:36.814Z] > git for-each-ref --format=%(refname)%00%(upstream:short)%00%(objectname)%00%(upstream:track)%00%(upstream:remotename)%00%(upstream:remoteref) refs/heads/master refs/remotes/master [2ms]
[2022-08-09T21:00:36.828Z] > git for-each-ref --sort -committerdate --format %(refname) %(objectname) %(*objectname) [5ms]
[2022-08-09T21:00:36.828Z] > git remote --verbose [1ms]
[2022-08-09T21:00:36.836Z] > git config --get commit.template [1ms]
[2022-08-09T21:00:41.846Z] > git status -z -uall [1ms]
[2022-08-09T21:00:41.851Z] > git symbolic-ref --short HEAD [2ms]
[2022-08-09T21:00:41.855Z] > git for-each-ref --format=%(refname)%00%(upstream:short)%00%(objectname)%00%(upstream:track)%00%(upstream:remotename)%00%(upstream:remoteref) refs/heads/master refs/remotes/master [1ms]
[2022-08-09T21:00:41.861Z] > git for-each-ref --sort -committerdate --format %(refname) %(objectname) %(*objectname) [3ms]
[2022-08-09T21:00:41.861Z] > git remote --verbose [1ms]
[2022-08-09T21:00:41.865Z] > git config --get commit.template [1ms]
[2022-08-09T21:00:51.472Z] > git status -z -uall [1ms]
[2022-08-09T21:00:51.477Z] > git symbolic-ref --short HEAD [2ms]
[2022-08-09T21:00:51.481Z] > git for-each-ref --format=%(refname)%00%(upstream:short)%00%(objectname)%00%(upstream:track)%00%(upstream:remotename)%00%(upstream:remoteref) refs/heads/master refs/remotes/master [1ms]
[2022-08-09T21:00:51.487Z] > git for-each-ref --sort -committerdate --format %(refname) %(objectname) %(*objectname) [3ms]
[2022-08-09T21:00:51.488Z] > git remote --verbose [1ms]
[2022-08-09T21:00:51.493Z] > git config --get commit.template [1ms]
[2022-08-09T21:03:30.037Z] > git status -z -uall [1ms]
[2022-08-09T21:03:30.041Z] > git symbolic-ref --short HEAD [1ms]
[2022-08-09T21:03:30.044Z] > git for-each-ref --format=%(refname)%00%(upstream:short)%00%(objectname)%00%(upstream:track)%00%(upstream:remotename)%00%(upstream:remoteref) refs/heads/master refs/remotes/master [1ms]
[2022-08-09T21:03:30.048Z] > git for-each-ref --sort -committerdate --format %(refname) %(objectname) %(*objectname) [2ms]
[2022-08-09T21:03:30.049Z] > git remote --verbose [1ms]
[2022-08-09T21:03:30.052Z] > git config --get commit.template [1ms]
[2022-08-09T21:03:35.061Z] > git status -z -uall [1ms]
[2022-08-09T21:03:35.065Z] > git symbolic-ref --short HEAD [1ms]
[2022-08-09T21:03:35.069Z] > git for-each-ref --format=%(refname)%00%(upstream:short)%00%(objectname)%00%(upstream:track)%00%(upstream:remotename)%00%(upstream:remoteref) refs/heads/master refs/remotes/master [1ms]
[2022-08-09T21:03:35.076Z] > git for-each-ref --sort -committerdate --format %(refname) %(objectname) %(*objectname) [3ms]
[2022-08-09T21:03:35.076Z] > git remote --verbose [0ms]
[2022-08-09T21:03:35.080Z] > git config --get commit.template [1ms]
[2022-08-09T21:03:40.087Z] > git status -z -uall [1ms]
[2022-08-09T21:03:40.091Z] > git symbolic-ref --short HEAD [1ms]
[2022-08-09T21:03:40.096Z] > git for-each-ref --format=%(refname)%00%(upstream:short)%00%(objectname)%00%(upstream:track)%00%(upstream:remotename)%00%(upstream:remoteref) refs/heads/master refs/remotes/master [1ms]
[2022-08-09T21:03:40.101Z] > git for-each-ref --sort -committerdate --format %(refname) %(objectname) %(*objectname) [3ms]
[2022-08-09T21:03:40.101Z] > git remote --verbose [1ms]
[2022-08-09T21:03:40.107Z] > git config --get commit.template [2ms]
[2022-08-09T21:03:45.114Z] > git status -z -uall [1ms]
[2022-08-09T21:03:45.118Z] > git symbolic-ref --short HEAD [1ms]
[2022-08-09T21:03:45.122Z] > git for-each-ref --format=%(refname)%00%(upstream:short)%00%(objectname)%00%(upstream:track)%00%(upstream:remotename)%00%(upstream:remoteref) refs/heads/master refs/remotes/master [1ms]
[2022-08-09T21:03:45.129Z] > git for-each-ref --sort -committerdate --format %(refname) %(objectname) %(*objectname) [4ms]
[2022-08-09T21:03:45.129Z] > git remote --verbose [1ms]
[2022-08-09T21:03:45.134Z] > git config --get commit.template [1ms]
[2022-08-09T21:03:50.141Z] > git status -z -uall [1ms]
[2022-08-09T21:03:50.145Z] > git symbolic-ref --short HEAD [1ms]
[2022-08-09T21:03:50.149Z] > git for-each-ref --format=%(refname)%00%(upstream:short)%00%(objectname)%00%(upstream:track)%00%(upstream:remotename)%00%(upstream:remoteref) refs/heads/master refs/remotes/master [1ms]
[2022-08-09T21:03:50.155Z] > git for-each-ref --sort -committerdate --format %(refname) %(objectname) %(*objectname) [3ms]
[2022-08-09T21:03:50.156Z] > git remote --verbose [2ms]
[2022-08-09T21:03:50.161Z] > git config --get commit.template [1ms]
[2022-08-09T21:03:55.169Z] > git status -z -uall [1ms]
[2022-08-09T21:03:55.173Z] > git symbolic-ref --short HEAD [1ms]
[2022-08-09T21:03:55.176Z] > git for-each-ref --format=%(refname)%00%(upstream:short)%00%(objectname)%00%(upstream:track)%00%(upstream:remotename)%00%(upstream:remoteref) refs/heads/master refs/remotes/master [1ms]
[2022-08-09T21:03:55.181Z] > git for-each-ref --sort -committerdate --format %(refname) %(objectname) %(*objectname) [3ms]
[2022-08-09T21:03:55.181Z] > git remote --verbose [1ms]
[2022-08-09T21:03:55.184Z] > git config --get commit.template [0ms]
[2022-08-09T21:04:00.192Z] > git status -z -uall [1ms]
[2022-08-09T21:04:00.196Z] > git symbolic-ref --short HEAD [1ms]
[2022-08-09T21:04:00.201Z] > git for-each-ref --format=%(refname)%00%(upstream:short)%00%(objectname)%00%(upstream:track)%00%(upstream:remotename)%00%(upstream:remoteref) refs/heads/master refs/remotes/master [2ms]
[2022-08-09T21:04:00.210Z] > git for-each-ref --sort -committerdate --format %(refname) %(objectname) %(*objectname) [6ms]
[2022-08-09T21:04:00.210Z] > git remote --verbose [2ms]
[2022-08-09T21:04:00.215Z] > git config --get commit.template [1ms]
[2022-08-09T21:04:05.224Z] > git status -z -uall [2ms]
[2022-08-09T21:04:05.229Z] > git symbolic-ref --short HEAD [1ms]
[2022-08-09T21:04:05.232Z] > git for-each-ref --format=%(refname)%00%(upstream:short)%00%(objectname)%00%(upstream:track)%00%(upstream:remotename)%00%(upstream:remoteref) refs/heads/master refs/remotes/master [1ms]
[2022-08-09T21:04:05.239Z] > git for-each-ref --sort -committerdate --format %(refname) %(objectname) %(*objectname) [4ms]
[2022-08-09T21:04:05.239Z] > git remote --verbose [1ms]
[2022-08-09T21:04:05.246Z] > git config --get commit.template [2ms]
[2022-08-09T21:04:10.250Z] > git status -z -uall [1ms]
[2022-08-09T21:04:10.254Z] > git symbolic-ref --short HEAD [1ms]
[2022-08-09T21:04:10.257Z] > git for-each-ref --format=%(refname)%00%(upstream:short)%00%(objectname)%00%(upstream:track)%00%(upstream:remotename)%00%(upstream:remoteref) refs/heads/master refs/remotes/master [1ms]
[2022-08-09T21:04:10.262Z] > git for-each-ref --sort -committerdate --format %(refname) %(objectname) %(*objectname) [3ms]
[2022-08-09T21:04:10.262Z] > git remote --verbose [1ms]
[2022-08-09T21:04:10.266Z] > git config --get commit.template [1ms]
[2022-08-09T21:04:15.277Z] > git status -z -uall [2ms]
[2022-08-09T21:04:15.281Z] > git symbolic-ref --short HEAD [1ms]
[2022-08-09T21:04:15.285Z] > git for-each-ref --format=%(refname)%00%(upstream:short)%00%(objectname)%00%(upstream:track)%00%(upstream:remotename)%00%(upstream:remoteref) refs/heads/master refs/remotes/master [1ms]
[2022-08-09T21:04:15.291Z] > git for-each-ref --sort -committerdate --format %(refname) %(objectname) %(*objectname) [3ms]
[2022-08-09T21:04:15.292Z] > git remote --verbose [1ms]
[2022-08-09T21:04:15.296Z] > git config --get commit.template [1ms]
[2022-08-09T21:04:20.305Z] > git status -z -uall [1ms]
[2022-08-09T21:04:20.309Z] > git symbolic-ref --short HEAD [1ms]
[2022-08-09T21:04:20.313Z] > git for-each-ref --format=%(refname)%00%(upstream:short)%00%(objectname)%00%(upstream:track)%00%(upstream:remotename)%00%(upstream:remoteref) refs/heads/master refs/remotes/master [1ms]
[2022-08-09T21:04:20.319Z] > git for-each-ref --sort -committerdate --format %(refname) %(objectname) %(*objectname) [3ms]
[2022-08-09T21:04:20.319Z] > git remote --verbose [1ms]
[2022-08-09T21:04:20.322Z] > git config --get commit.template [0ms]
[2022-08-09T21:05:58.898Z] > git status -z -uall [2ms]
[2022-08-09T21:05:58.904Z] > git symbolic-ref --short HEAD [1ms]
[2022-08-09T21:05:58.910Z] > git for-each-ref --format=%(refname)%00%(upstream:short)%00%(objectname)%00%(upstream:track)%00%(upstream:remotename)%00%(upstream:remoteref) refs/heads/master refs/remotes/master [1ms]
[2022-08-09T21:05:58.918Z] > git for-each-ref --sort -committerdate --format %(refname) %(objectname) %(*objectname) [4ms]
[2022-08-09T21:05:58.918Z] > git remote --verbose [1ms]
[2022-08-09T21:05:58.924Z] > git config --get commit.template [2ms]
[2022-08-09T21:06:06.864Z] > git status -z -uall [1ms]
[2022-08-09T21:06:06.868Z] > git symbolic-ref --short HEAD [1ms]
[2022-08-09T21:06:06.872Z] > git for-each-ref --format=%(refname)%00%(upstream:short)%00%(objectname)%00%(upstream:track)%00%(upstream:remotename)%00%(upstream:remoteref) refs/heads/master refs/remotes/master [1ms]
[2022-08-09T21:06:06.878Z] > git for-each-ref --sort -committerdate --format %(refname) %(objectname) %(*objectname) [3ms]
[2022-08-09T21:06:06.878Z] > git remote --verbose [1ms]
[2022-08-09T21:06:06.882Z] > git config --get commit.template [1ms]
[2022-08-09T21:06:11.889Z] > git status -z -uall [1ms]
[2022-08-09T21:06:11.896Z] > git symbolic-ref --short HEAD [2ms]
[2022-08-09T21:06:11.904Z] > git for-each-ref --format=%(refname)%00%(upstream:short)%00%(objectname)%00%(upstream:track)%00%(upstream:remotename)%00%(upstream:remoteref) refs/heads/master refs/remotes/master [1ms]
[2022-08-09T21:06:11.910Z] > git for-each-ref --sort -committerdate --format %(refname) %(objectname) %(*objectname) [3ms]
[2022-08-09T21:06:11.911Z] > git remote --verbose [2ms]
[2022-08-09T21:06:11.915Z] > git config --get commit.template [1ms]
[2022-08-09T21:06:16.926Z] > git status -z -uall [1ms]
[2022-08-09T21:06:16.932Z] > git symbolic-ref --short HEAD [1ms]
[2022-08-09T21:06:16.937Z] > git for-each-ref --format=%(refname)%00%(upstream:short)%00%(objectname)%00%(upstream:track)%00%(upstream:remotename)%00%(upstream:remoteref) refs/heads/master refs/remotes/master [1ms]
[2022-08-09T21:06:16.946Z] > git for-each-ref --sort -committerdate --format %(refname) %(objectname) %(*objectname) [4ms]
[2022-08-09T21:06:16.947Z] > git remote --verbose [1ms]
[2022-08-09T21:06:16.953Z] > git config --get commit.template [1ms]
[2022-08-09T21:06:21.962Z] > git status -z -uall [1ms]
[2022-08-09T21:06:21.966Z] > git symbolic-ref --short HEAD [1ms]
[2022-08-09T21:06:21.971Z] > git for-each-ref --format=%(refname)%00%(upstream:short)%00%(objectname)%00%(upstream:track)%00%(upstream:remotename)%00%(upstream:remoteref) refs/heads/master refs/remotes/master [1ms]
[2022-08-09T21:06:21.978Z] > git for-each-ref --sort -committerdate --format %(refname) %(objectname) %(*objectname) [3ms]
[2022-08-09T21:06:21.978Z] > git remote --verbose [1ms]
[2022-08-09T21:06:21.983Z] > git config --get commit.template [1ms]
[2022-08-09T21:06:26.988Z] > git status -z -uall [1ms]
[2022-08-09T21:06:26.992Z] > git symbolic-ref --short HEAD [1ms]
[2022-08-09T21:06:26.996Z] > git for-each-ref --format=%(refname)%00%(upstream:short)%00%(objectname)%00%(upstream:track)%00%(upstream:remotename)%00%(upstream:remoteref) refs/heads/master refs/remotes/master [1ms]
[2022-08-09T21:06:27.001Z] > git for-each-ref --sort -committerdate --format %(refname) %(objectname) %(*objectname) [3ms]
[2022-08-09T21:06:27.002Z] > git remote --verbose [1ms]
[2022-08-09T21:06:27.005Z] > git config --get commit.template [1ms]
[2022-08-09T21:06:32.011Z] > git status -z -uall [1ms]
[2022-08-09T21:06:32.016Z] > git symbolic-ref --short HEAD [1ms]
[2022-08-09T21:06:32.019Z] > git for-each-ref --format=%(refname)%00%(upstream:short)%00%(objectname)%00%(upstream:track)%00%(upstream:remotename)%00%(upstream:remoteref) refs/heads/master refs/remotes/master [1ms]
[2022-08-09T21:06:32.026Z] > git for-each-ref --sort -committerdate --format %(refname) %(objectname) %(*objectname) [4ms]
[2022-08-09T21:06:32.027Z] > git remote --verbose [2ms]
[2022-08-09T21:06:32.032Z] > git config --get commit.template [1ms]
[2022-08-09T21:06:37.038Z] > git status -z -uall [1ms]
[2022-08-09T21:06:37.041Z] > git symbolic-ref --short HEAD [1ms]
[2022-08-09T21:06:37.045Z] > git for-each-ref --format=%(refname)%00%(upstream:short)%00%(objectname)%00%(upstream:track)%00%(upstream:remotename)%00%(upstream:remoteref) refs/heads/master refs/remotes/master [1ms]
[2022-08-09T21:06:37.051Z] > git for-each-ref --sort -committerdate --format %(refname) %(objectname) %(*objectname) [4ms]
[2022-08-09T21:06:37.051Z] > git remote --verbose [1ms]
[2022-08-09T21:06:37.057Z] > git config --get commit.template [3ms]
[2022-08-09T21:06:42.066Z] > git status -z -uall [1ms]
[2022-08-09T21:06:42.071Z] > git symbolic-ref --short HEAD [1ms]
[2022-08-09T21:06:42.075Z] > git for-each-ref --format=%(refname)%00%(upstream:short)%00%(objectname)%00%(upstream:track)%00%(upstream:remotename)%00%(upstream:remoteref) refs/heads/master refs/remotes/master [1ms]
[2022-08-09T21:06:42.085Z] > git for-each-ref --sort -committerdate --format %(refname) %(objectname) %(*objectname) [7ms]
[2022-08-09T21:06:42.085Z] > git remote --verbose [1ms]
[2022-08-09T21:06:42.089Z] > git config --get commit.template [0ms]
[2022-08-09T21:06:47.099Z] > git status -z -uall [1ms]
[2022-08-09T21:06:47.103Z] > git symbolic-ref --short HEAD [1ms]
[2022-08-09T21:06:47.106Z] > git for-each-ref --format=%(refname)%00%(upstream:short)%00%(objectname)%00%(upstream:track)%00%(upstream:remotename)%00%(upstream:remoteref) refs/heads/master refs/remotes/master [1ms]
[2022-08-09T21:06:47.111Z] > git for-each-ref --sort -committerdate --format %(refname) %(objectname) %(*objectname) [2ms]
[2022-08-09T21:06:47.111Z] > git remote --verbose [0ms]
[2022-08-09T21:06:47.115Z] > git config --get commit.template [1ms]
[2022-08-09T21:06:52.123Z] > git status -z -uall [1ms]
[2022-08-09T21:06:52.128Z] > git symbolic-ref --short HEAD [2ms]
[2022-08-09T21:06:52.131Z] > git for-each-ref --format=%(refname)%00%(upstream:short)%00%(objectname)%00%(upstream:track)%00%(upstream:remotename)%00%(upstream:remoteref) refs/heads/master refs/remotes/master [1ms]
[2022-08-09T21:06:52.138Z] > git for-each-ref --sort -committerdate --format %(refname) %(objectname) %(*objectname) [4ms]
[2022-08-09T21:06:52.139Z] > git remote --verbose [2ms]
[2022-08-09T21:06:52.144Z] > git config --get commit.template [1ms]
[2022-08-09T21:06:57.153Z] > git status -z -uall [1ms]
[2022-08-09T21:06:57.157Z] > git symbolic-ref --short HEAD [1ms]
[2022-08-09T21:06:57.162Z] > git for-each-ref --format=%(refname)%00%(upstream:short)%00%(objectname)%00%(upstream:track)%00%(upstream:remotename)%00%(upstream:remoteref) refs/heads/master refs/remotes/master [1ms]
[2022-08-09T21:06:57.167Z] > git for-each-ref --sort -committerdate --format %(refname) %(objectname) %(*objectname) [3ms]
[2022-08-09T21:06:57.168Z] > git remote --verbose [1ms]
[2022-08-09T21:06:57.172Z] > git config --get commit.template [1ms]
[2022-08-09T21:56:44.943Z] > git status -z -uall [1ms]
[2022-08-09T21:56:44.948Z] > git symbolic-ref --short HEAD [1ms]
[2022-08-09T21:56:44.952Z] > git for-each-ref --format=%(refname)%00%(upstream:short)%00%(objectname)%00%(upstream:track)%00%(upstream:remotename)%00%(upstream:remoteref) refs/heads/master refs/remotes/master [1ms]
[2022-08-09T21:56:44.958Z] > git for-each-ref --sort -committerdate --format %(refname) %(objectname) %(*objectname) [3ms]
[2022-08-09T21:56:44.958Z] > git remote --verbose [1ms]
[2022-08-09T21:56:44.962Z] > git config --get commit.template [1ms]
[2022-08-09T23:00:08.770Z] > git status -z -uall [1ms]
[2022-08-09T23:00:08.777Z] > git symbolic-ref --short HEAD [1ms]
[2022-08-09T23:00:08.783Z] > git for-each-ref --format=%(refname)%00%(upstream:short)%00%(objectname)%00%(upstream:track)%00%(upstream:remotename)%00%(upstream:remoteref) refs/heads/master refs/remotes/master [2ms]
[2022-08-09T23:00:08.794Z] > git for-each-ref --sort -committerdate --format %(refname) %(objectname) %(*objectname) [6ms]
[2022-08-09T23:00:08.795Z] > git remote --verbose [2ms]
[2022-08-09T23:00:08.801Z] > git config --get commit.template [1ms]
