[2022-08-15T13:12:45.420Z] Log level: Info
[2022-08-15T13:12:45.423Z] [info] Validating found git in: git
[2022-08-15T13:12:46.113Z] [info] Using git 2.37.1 from git
[2022-08-15T13:12:46.172Z] > git rev-parse --show-toplevel [43ms]
[2022-08-15T13:12:46.181Z] > git rev-parse --git-dir --git-common-dir [1ms]
[2022-08-15T13:12:46.188Z] [info] Open repository: /home/gaffclant/Programming/Rust/programming_concepts
[2022-08-15T13:12:46.372Z] > git status -z -uall [177ms]
[2022-08-15T13:12:46.380Z] > git symbolic-ref --short HEAD [2ms]
[2022-08-15T13:12:46.462Z] > git for-each-ref --format=%(refname)%00%(upstream:short)%00%(objectname)%00%(upstream:track)%00%(upstream:remotename)%00%(upstream:remoteref) refs/heads/master refs/remotes/master [77ms]
[2022-08-15T13:12:46.471Z] > git remote --verbose [2ms]
[2022-08-15T13:12:46.471Z] > git for-each-ref --sort -committerdate --format %(refname) %(objectname) %(*objectname) [5ms]
[2022-08-15T13:12:46.478Z] > git config --get commit.template [1ms]
[2022-08-15T13:12:46.485Z] > git status -z -uall [2ms]
[2022-08-15T13:12:46.491Z] > git symbolic-ref --short HEAD [2ms]
[2022-08-15T13:12:46.495Z] > git for-each-ref --format=%(refname)%00%(upstream:short)%00%(objectname)%00%(upstream:track)%00%(upstream:remotename)%00%(upstream:remoteref) refs/heads/master refs/remotes/master [1ms]
[2022-08-15T13:12:46.501Z] > git for-each-ref --sort -committerdate --format %(refname) %(objectname) %(*objectname) [3ms]
[2022-08-15T13:12:46.502Z] > git remote --verbose [1ms]
[2022-08-15T13:12:46.507Z] > git config --get commit.template [1ms]
[2022-08-15T13:12:46.705Z] > git check-ignore -v -z --stdin [1ms]
[2022-08-15T13:12:47.069Z] > git show --textconv :src/main.rs [27ms]
[2022-08-15T13:12:47.069Z] > git ls-files --stage -- /home/gaffclant/Programming/Rust/programming_concepts/src/main.rs [23ms]
[2022-08-15T13:12:51.621Z] > git status -z -uall [1ms]
[2022-08-15T13:12:51.625Z] > git symbolic-ref --short HEAD [1ms]
[2022-08-15T13:12:51.630Z] > git for-each-ref --format=%(refname)%00%(upstream:short)%00%(objectname)%00%(upstream:track)%00%(upstream:remotename)%00%(upstream:remoteref) refs/heads/master refs/remotes/master [1ms]
[2022-08-15T13:12:51.636Z] > git for-each-ref --sort -committerdate --format %(refname) %(objectname) %(*objectname) [4ms]
[2022-08-15T13:12:51.636Z] > git remote --verbose [1ms]
[2022-08-15T13:12:51.640Z] > git config --get commit.template [1ms]
[2022-08-15T13:12:56.645Z] > git status -z -uall [1ms]
[2022-08-15T13:12:56.649Z] > git symbolic-ref --short HEAD [1ms]
[2022-08-15T13:12:56.652Z] > git for-each-ref --format=%(refname)%00%(upstream:short)%00%(objectname)%00%(upstream:track)%00%(upstream:remotename)%00%(upstream:remoteref) refs/heads/master refs/remotes/master [1ms]
[2022-08-15T13:12:56.656Z] > git for-each-ref --sort -committerdate --format %(refname) %(objectname) %(*objectname) [2ms]
[2022-08-15T13:12:56.657Z] > git remote --verbose [1ms]
[2022-08-15T13:12:56.662Z] > git config --get commit.template [1ms]
[2022-08-15T13:14:21.895Z] > git status -z -uall [1ms]
[2022-08-15T13:14:21.899Z] > git symbolic-ref --short HEAD [1ms]
[2022-08-15T13:14:21.903Z] > git for-each-ref --format=%(refname)%00%(upstream:short)%00%(objectname)%00%(upstream:track)%00%(upstream:remotename)%00%(upstream:remoteref) refs/heads/master refs/remotes/master [1ms]
[2022-08-15T13:14:21.909Z] > git for-each-ref --sort -committerdate --format %(refname) %(objectname) %(*objectname) [4ms]
[2022-08-15T13:14:21.909Z] > git remote --verbose [1ms]
[2022-08-15T13:14:21.914Z] > git config --get commit.template [1ms]
[2022-08-15T13:14:42.557Z] > git status -z -uall [1ms]
[2022-08-15T13:14:42.560Z] > git symbolic-ref --short HEAD [0ms]
[2022-08-15T13:14:42.564Z] > git for-each-ref --format=%(refname)%00%(upstream:short)%00%(objectname)%00%(upstream:track)%00%(upstream:remotename)%00%(upstream:remoteref) refs/heads/master refs/remotes/master [1ms]
[2022-08-15T13:14:42.568Z] > git for-each-ref --sort -committerdate --format %(refname) %(objectname) %(*objectname) [2ms]
[2022-08-15T13:14:42.569Z] > git remote --verbose [1ms]
[2022-08-15T13:14:42.574Z] > git config --get commit.template [1ms]
[2022-08-15T13:14:47.583Z] > git status -z -uall [1ms]
[2022-08-15T13:14:47.588Z] > git symbolic-ref --short HEAD [1ms]
[2022-08-15T13:14:47.592Z] > git for-each-ref --format=%(refname)%00%(upstream:short)%00%(objectname)%00%(upstream:track)%00%(upstream:remotename)%00%(upstream:remoteref) refs/heads/master refs/remotes/master [1ms]
[2022-08-15T13:14:47.598Z] > git for-each-ref --sort -committerdate --format %(refname) %(objectname) %(*objectname) [3ms]
[2022-08-15T13:14:47.598Z] > git remote --verbose [1ms]
[2022-08-15T13:14:47.604Z] > git config --get commit.template [1ms]
[2022-08-15T13:14:57.412Z] > git status -z -uall [1ms]
[2022-08-15T13:14:57.416Z] > git symbolic-ref --short HEAD [1ms]
[2022-08-15T13:14:57.420Z] > git for-each-ref --format=%(refname)%00%(upstream:short)%00%(objectname)%00%(upstream:track)%00%(upstream:remotename)%00%(upstream:remoteref) refs/heads/master refs/remotes/master [1ms]
[2022-08-15T13:14:57.425Z] > git for-each-ref --sort -committerdate --format %(refname) %(objectname) %(*objectname) [3ms]
[2022-08-15T13:14:57.426Z] > git remote --verbose [1ms]
[2022-08-15T13:14:57.430Z] > git config --get commit.template [1ms]
[2022-08-15T13:15:02.435Z] > git status -z -uall [1ms]
[2022-08-15T13:15:02.439Z] > git symbolic-ref --short HEAD [1ms]
[2022-08-15T13:15:02.442Z] > git for-each-ref --format=%(refname)%00%(upstream:short)%00%(objectname)%00%(upstream:track)%00%(upstream:remotename)%00%(upstream:remoteref) refs/heads/master refs/remotes/master [1ms]
[2022-08-15T13:15:02.450Z] > git for-each-ref --sort -committerdate --format %(refname) %(objectname) %(*objectname) [3ms]
[2022-08-15T13:15:02.451Z] > git remote --verbose [2ms]
[2022-08-15T13:15:02.455Z] > git config --get commit.template [1ms]
[2022-08-15T13:15:07.838Z] > git status -z -uall [1ms]
[2022-08-15T13:15:07.842Z] > git symbolic-ref --short HEAD [1ms]
[2022-08-15T13:15:07.847Z] > git for-each-ref --format=%(refname)%00%(upstream:short)%00%(objectname)%00%(upstream:track)%00%(upstream:remotename)%00%(upstream:remoteref) refs/heads/master refs/remotes/master [1ms]
[2022-08-15T13:15:07.852Z] > git for-each-ref --sort -committerdate --format %(refname) %(objectname) %(*objectname) [3ms]
[2022-08-15T13:15:07.853Z] > git remote --verbose [1ms]
[2022-08-15T13:15:07.857Z] > git config --get commit.template [1ms]
[2022-08-15T13:15:12.861Z] > git status -z -uall [1ms]
[2022-08-15T13:15:12.865Z] > git symbolic-ref --short HEAD [1ms]
[2022-08-15T13:15:12.869Z] > git for-each-ref --format=%(refname)%00%(upstream:short)%00%(objectname)%00%(upstream:track)%00%(upstream:remotename)%00%(upstream:remoteref) refs/heads/master refs/remotes/master [1ms]
[2022-08-15T13:15:12.874Z] > git for-each-ref --sort -committerdate --format %(refname) %(objectname) %(*objectname) [3ms]
[2022-08-15T13:15:12.875Z] > git remote --verbose [1ms]
[2022-08-15T13:15:12.879Z] > git config --get commit.template [1ms]
[2022-08-15T13:15:17.889Z] > git status -z -uall [1ms]
[2022-08-15T13:15:17.893Z] > git symbolic-ref --short HEAD [1ms]
[2022-08-15T13:15:17.896Z] > git for-each-ref --format=%(refname)%00%(upstream:short)%00%(objectname)%00%(upstream:track)%00%(upstream:remotename)%00%(upstream:remoteref) refs/heads/master refs/remotes/master [1ms]
[2022-08-15T13:15:17.902Z] > git for-each-ref --sort -committerdate --format %(refname) %(objectname) %(*objectname) [3ms]
[2022-08-15T13:15:17.902Z] > git remote --verbose [1ms]
[2022-08-15T13:15:17.906Z] > git config --get commit.template [1ms]
[2022-08-15T13:15:22.916Z] > git status -z -uall [2ms]
[2022-08-15T13:15:22.920Z] > git symbolic-ref --short HEAD [1ms]
[2022-08-15T13:15:22.923Z] > git for-each-ref --format=%(refname)%00%(upstream:short)%00%(objectname)%00%(upstream:track)%00%(upstream:remotename)%00%(upstream:remoteref) refs/heads/master refs/remotes/master [1ms]
[2022-08-15T13:15:22.929Z] > git for-each-ref --sort -committerdate --format %(refname) %(objectname) %(*objectname) [3ms]
[2022-08-15T13:15:22.929Z] > git remote --verbose [1ms]
[2022-08-15T13:15:22.934Z] > git config --get commit.template [0ms]
[2022-08-15T13:15:27.942Z] > git status -z -uall [1ms]
[2022-08-15T13:15:27.946Z] > git symbolic-ref --short HEAD [1ms]
[2022-08-15T13:15:27.950Z] > git for-each-ref --format=%(refname)%00%(upstream:short)%00%(objectname)%00%(upstream:track)%00%(upstream:remotename)%00%(upstream:remoteref) refs/heads/master refs/remotes/master [1ms]
[2022-08-15T13:15:27.955Z] > git for-each-ref --sort -committerdate --format %(refname) %(objectname) %(*objectname) [3ms]
[2022-08-15T13:15:27.955Z] > git remote --verbose [1ms]
[2022-08-15T13:15:27.959Z] > git config --get commit.template [1ms]
[2022-08-15T13:15:32.963Z] > git status -z -uall [1ms]
[2022-08-15T13:15:32.967Z] > git symbolic-ref --short HEAD [1ms]
[2022-08-15T13:15:32.970Z] > git for-each-ref --format=%(refname)%00%(upstream:short)%00%(objectname)%00%(upstream:track)%00%(upstream:remotename)%00%(upstream:remoteref) refs/heads/master refs/remotes/master [1ms]
[2022-08-15T13:15:32.976Z] > git for-each-ref --sort -committerdate --format %(refname) %(objectname) %(*objectname) [3ms]
[2022-08-15T13:15:32.976Z] > git remote --verbose [1ms]
[2022-08-15T13:15:32.980Z] > git config --get commit.template [1ms]
[2022-08-15T13:15:38.226Z] > git status -z -uall [1ms]
[2022-08-15T13:15:38.229Z] > git symbolic-ref --short HEAD [1ms]
[2022-08-15T13:15:38.233Z] > git for-each-ref --format=%(refname)%00%(upstream:short)%00%(objectname)%00%(upstream:track)%00%(upstream:remotename)%00%(upstream:remoteref) refs/heads/master refs/remotes/master [1ms]
[2022-08-15T13:15:38.238Z] > git for-each-ref --sort -committerdate --format %(refname) %(objectname) %(*objectname) [3ms]
[2022-08-15T13:15:38.238Z] > git remote --verbose [1ms]
[2022-08-15T13:15:38.242Z] > git config --get commit.template [1ms]
[2022-08-15T13:15:43.251Z] > git status -z -uall [1ms]
[2022-08-15T13:15:43.255Z] > git symbolic-ref --short HEAD [1ms]
[2022-08-15T13:15:43.260Z] > git for-each-ref --format=%(refname)%00%(upstream:short)%00%(objectname)%00%(upstream:track)%00%(upstream:remotename)%00%(upstream:remoteref) refs/heads/master refs/remotes/master [1ms]
[2022-08-15T13:15:43.267Z] > git for-each-ref --sort -committerdate --format %(refname) %(objectname) %(*objectname) [3ms]
[2022-08-15T13:15:43.267Z] > git remote --verbose [1ms]
[2022-08-15T13:15:43.273Z] > git config --get commit.template [1ms]
[2022-08-15T13:15:48.278Z] > git status -z -uall [1ms]
[2022-08-15T13:15:48.282Z] > git symbolic-ref --short HEAD [1ms]
[2022-08-15T13:15:48.285Z] > git for-each-ref --format=%(refname)%00%(upstream:short)%00%(objectname)%00%(upstream:track)%00%(upstream:remotename)%00%(upstream:remoteref) refs/heads/master refs/remotes/master [1ms]
[2022-08-15T13:15:48.289Z] > git for-each-ref --sort -committerdate --format %(refname) %(objectname) %(*objectname) [3ms]
[2022-08-15T13:15:48.289Z] > git remote --verbose [1ms]
[2022-08-15T13:15:48.292Z] > git config --get commit.template [0ms]
[2022-08-15T13:15:53.299Z] > git status -z -uall [1ms]
[2022-08-15T13:15:53.303Z] > git symbolic-ref --short HEAD [0ms]
[2022-08-15T13:15:53.310Z] > git for-each-ref --format=%(refname)%00%(upstream:short)%00%(objectname)%00%(upstream:track)%00%(upstream:remotename)%00%(upstream:remoteref) refs/heads/master refs/remotes/master [1ms]
[2022-08-15T13:15:53.317Z] > git for-each-ref --sort -committerdate --format %(refname) %(objectname) %(*objectname) [3ms]
[2022-08-15T13:15:53.317Z] > git remote --verbose [0ms]
[2022-08-15T13:15:53.322Z] > git config --get commit.template [1ms]
[2022-08-15T13:15:58.328Z] > git status -z -uall [2ms]
[2022-08-15T13:15:58.331Z] > git symbolic-ref --short HEAD [0ms]
[2022-08-15T13:15:58.334Z] > git for-each-ref --format=%(refname)%00%(upstream:short)%00%(objectname)%00%(upstream:track)%00%(upstream:remotename)%00%(upstream:remoteref) refs/heads/master refs/remotes/master [1ms]
[2022-08-15T13:15:58.338Z] > git for-each-ref --sort -committerdate --format %(refname) %(objectname) %(*objectname) [2ms]
[2022-08-15T13:15:58.339Z] > git remote --verbose [1ms]
[2022-08-15T13:15:58.342Z] > git config --get commit.template [1ms]
[2022-08-15T13:16:03.350Z] > git status -z -uall [1ms]
[2022-08-15T13:16:03.354Z] > git symbolic-ref --short HEAD [1ms]
[2022-08-15T13:16:03.357Z] > git for-each-ref --format=%(refname)%00%(upstream:short)%00%(objectname)%00%(upstream:track)%00%(upstream:remotename)%00%(upstream:remoteref) refs/heads/master refs/remotes/master [1ms]
[2022-08-15T13:16:03.361Z] > git for-each-ref --sort -committerdate --format %(refname) %(objectname) %(*objectname) [2ms]
[2022-08-15T13:16:03.362Z] > git remote --verbose [1ms]
[2022-08-15T13:16:03.366Z] > git config --get commit.template [1ms]
[2022-08-15T13:16:11.002Z] > git status -z -uall [1ms]
[2022-08-15T13:16:11.007Z] > git symbolic-ref --short HEAD [1ms]
[2022-08-15T13:16:11.012Z] > git for-each-ref --format=%(refname)%00%(upstream:short)%00%(objectname)%00%(upstream:track)%00%(upstream:remotename)%00%(upstream:remoteref) refs/heads/master refs/remotes/master [1ms]
[2022-08-15T13:16:11.019Z] > git for-each-ref --sort -committerdate --format %(refname) %(objectname) %(*objectname) [4ms]
[2022-08-15T13:16:11.019Z] > git remote --verbose [1ms]
[2022-08-15T13:16:11.024Z] > git config --get commit.template [1ms]
[2022-08-15T13:16:16.029Z] > git status -z -uall [1ms]
[2022-08-15T13:16:16.033Z] > git symbolic-ref --short HEAD [1ms]
[2022-08-15T13:16:16.037Z] > git for-each-ref --format=%(refname)%00%(upstream:short)%00%(objectname)%00%(upstream:track)%00%(upstream:remotename)%00%(upstream:remoteref) refs/heads/master refs/remotes/master [1ms]
[2022-08-15T13:16:16.042Z] > git for-each-ref --sort -committerdate --format %(refname) %(objectname) %(*objectname) [3ms]
[2022-08-15T13:16:16.042Z] > git remote --verbose [0ms]
[2022-08-15T13:16:16.046Z] > git config --get commit.template [1ms]
[2022-08-15T13:16:31.822Z] > git status -z -uall [1ms]
[2022-08-15T13:16:31.826Z] > git symbolic-ref --short HEAD [1ms]
[2022-08-15T13:16:31.830Z] > git for-each-ref --format=%(refname)%00%(upstream:short)%00%(objectname)%00%(upstream:track)%00%(upstream:remotename)%00%(upstream:remoteref) refs/heads/master refs/remotes/master [0ms]
[2022-08-15T13:16:31.836Z] > git for-each-ref --sort -committerdate --format %(refname) %(objectname) %(*objectname) [3ms]
[2022-08-15T13:16:31.836Z] > git remote --verbose [1ms]
[2022-08-15T13:16:31.841Z] > git config --get commit.template [1ms]
[2022-08-15T13:16:36.846Z] > git status -z -uall [1ms]
[2022-08-15T13:16:36.850Z] > git symbolic-ref --short HEAD [1ms]
[2022-08-15T13:16:36.853Z] > git for-each-ref --format=%(refname)%00%(upstream:short)%00%(objectname)%00%(upstream:track)%00%(upstream:remotename)%00%(upstream:remoteref) refs/heads/master refs/remotes/master [1ms]
[2022-08-15T13:16:36.859Z] > git for-each-ref --sort -committerdate --format %(refname) %(objectname) %(*objectname) [3ms]
[2022-08-15T13:16:36.859Z] > git remote --verbose [1ms]
[2022-08-15T13:16:36.863Z] > git config --get commit.template [1ms]
[2022-08-15T13:16:41.868Z] > git status -z -uall [1ms]
[2022-08-15T13:16:41.872Z] > git symbolic-ref --short HEAD [1ms]
[2022-08-15T13:16:41.876Z] > git for-each-ref --format=%(refname)%00%(upstream:short)%00%(objectname)%00%(upstream:track)%00%(upstream:remotename)%00%(upstream:remoteref) refs/heads/master refs/remotes/master [1ms]
[2022-08-15T13:16:41.882Z] > git for-each-ref --sort -committerdate --format %(refname) %(objectname) %(*objectname) [4ms]
[2022-08-15T13:16:41.882Z] > git remote --verbose [1ms]
[2022-08-15T13:16:41.886Z] > git config --get commit.template [1ms]
[2022-08-15T13:16:48.278Z] > git status -z -uall [1ms]
[2022-08-15T13:16:48.283Z] > git symbolic-ref --short HEAD [1ms]
[2022-08-15T13:16:48.287Z] > git for-each-ref --format=%(refname)%00%(upstream:short)%00%(objectname)%00%(upstream:track)%00%(upstream:remotename)%00%(upstream:remoteref) refs/heads/master refs/remotes/master [0ms]
[2022-08-15T13:16:48.296Z] > git for-each-ref --sort -committerdate --format %(refname) %(objectname) %(*objectname) [4ms]
[2022-08-15T13:16:48.296Z] > git remote --verbose [1ms]
[2022-08-15T13:16:48.301Z] > git config --get commit.template [1ms]
[2022-08-15T13:16:53.307Z] > git status -z -uall [1ms]
[2022-08-15T13:16:53.310Z] > git symbolic-ref --short HEAD [0ms]
[2022-08-15T13:16:53.314Z] > git for-each-ref --format=%(refname)%00%(upstream:short)%00%(objectname)%00%(upstream:track)%00%(upstream:remotename)%00%(upstream:remoteref) refs/heads/master refs/remotes/master [1ms]
[2022-08-15T13:16:53.323Z] > git for-each-ref --sort -committerdate --format %(refname) %(objectname) %(*objectname) [6ms]
[2022-08-15T13:16:53.323Z] > git remote --verbose [3ms]
[2022-08-15T13:16:53.327Z] > git config --get commit.template [1ms]
[2022-08-15T13:16:58.332Z] > git status -z -uall [1ms]
[2022-08-15T13:16:58.335Z] > git symbolic-ref --short HEAD [1ms]
[2022-08-15T13:16:58.342Z] > git for-each-ref --format=%(refname)%00%(upstream:short)%00%(objectname)%00%(upstream:track)%00%(upstream:remotename)%00%(upstream:remoteref) refs/heads/master refs/remotes/master [1ms]
[2022-08-15T13:16:58.350Z] > git for-each-ref --sort -committerdate --format %(refname) %(objectname) %(*objectname) [5ms]
[2022-08-15T13:16:58.350Z] > git remote --verbose [1ms]
[2022-08-15T13:16:58.355Z] > git config --get commit.template [0ms]
[2022-08-15T13:17:03.365Z] > git status -z -uall [1ms]
[2022-08-15T13:17:03.370Z] > git symbolic-ref --short HEAD [1ms]
[2022-08-15T13:17:03.373Z] > git for-each-ref --format=%(refname)%00%(upstream:short)%00%(objectname)%00%(upstream:track)%00%(upstream:remotename)%00%(upstream:remoteref) refs/heads/master refs/remotes/master [1ms]
[2022-08-15T13:17:03.379Z] > git for-each-ref --sort -committerdate --format %(refname) %(objectname) %(*objectname) [3ms]
[2022-08-15T13:17:03.380Z] > git remote --verbose [1ms]
[2022-08-15T13:17:03.384Z] > git config --get commit.template [1ms]
[2022-08-15T13:17:08.397Z] > git status -z -uall [2ms]
[2022-08-15T13:17:08.403Z] > git symbolic-ref --short HEAD [2ms]
[2022-08-15T13:17:08.408Z] > git for-each-ref --format=%(refname)%00%(upstream:short)%00%(objectname)%00%(upstream:track)%00%(upstream:remotename)%00%(upstream:remoteref) refs/heads/master refs/remotes/master [1ms]
[2022-08-15T13:17:08.415Z] > git for-each-ref --sort -committerdate --format %(refname) %(objectname) %(*objectname) [3ms]
[2022-08-15T13:17:08.415Z] > git remote --verbose [0ms]
[2022-08-15T13:17:08.420Z] > git config --get commit.template [1ms]
[2022-08-15T13:17:13.428Z] > git status -z -uall [2ms]
[2022-08-15T13:17:13.432Z] > git symbolic-ref --short HEAD [1ms]
[2022-08-15T13:17:13.436Z] > git for-each-ref --format=%(refname)%00%(upstream:short)%00%(objectname)%00%(upstream:track)%00%(upstream:remotename)%00%(upstream:remoteref) refs/heads/master refs/remotes/master [1ms]
[2022-08-15T13:17:13.443Z] > git for-each-ref --sort -committerdate --format %(refname) %(objectname) %(*objectname) [4ms]
[2022-08-15T13:17:13.443Z] > git remote --verbose [1ms]
[2022-08-15T13:17:13.447Z] > git config --get commit.template [1ms]
[2022-08-15T13:17:21.612Z] > git status -z -uall [2ms]
[2022-08-15T13:17:21.621Z] > git symbolic-ref --short HEAD [2ms]
[2022-08-15T13:17:21.629Z] > git for-each-ref --format=%(refname)%00%(upstream:short)%00%(objectname)%00%(upstream:track)%00%(upstream:remotename)%00%(upstream:remoteref) refs/heads/master refs/remotes/master [2ms]
[2022-08-15T13:17:21.641Z] > git for-each-ref --sort -committerdate --format %(refname) %(objectname) %(*objectname) [4ms]
[2022-08-15T13:17:21.641Z] > git remote --verbose [1ms]
[2022-08-15T13:17:21.649Z] > git config --get commit.template [1ms]
[2022-08-15T13:17:26.656Z] > git status -z -uall [1ms]
[2022-08-15T13:17:26.664Z] > git symbolic-ref --short HEAD [2ms]
[2022-08-15T13:17:26.671Z] > git for-each-ref --format=%(refname)%00%(upstream:short)%00%(objectname)%00%(upstream:track)%00%(upstream:remotename)%00%(upstream:remoteref) refs/heads/master refs/remotes/master [1ms]
[2022-08-15T13:17:26.684Z] > git for-each-ref --sort -committerdate --format %(refname) %(objectname) %(*objectname) [7ms]
[2022-08-15T13:17:26.684Z] > git remote --verbose [2ms]
[2022-08-15T13:17:26.689Z] > git config --get commit.template [1ms]
[2022-08-15T13:17:31.697Z] > git status -z -uall [1ms]
[2022-08-15T13:17:31.701Z] > git symbolic-ref --short HEAD [1ms]
[2022-08-15T13:17:31.705Z] > git for-each-ref --format=%(refname)%00%(upstream:short)%00%(objectname)%00%(upstream:track)%00%(upstream:remotename)%00%(upstream:remoteref) refs/heads/master refs/remotes/master [1ms]
[2022-08-15T13:17:31.711Z] > git for-each-ref --sort -committerdate --format %(refname) %(objectname) %(*objectname) [4ms]
[2022-08-15T13:17:31.711Z] > git remote --verbose [1ms]
[2022-08-15T13:17:31.715Z] > git config --get commit.template [0ms]
[2022-08-15T13:17:36.722Z] > git status -z -uall [1ms]
[2022-08-15T13:17:36.726Z] > git symbolic-ref --short HEAD [1ms]
[2022-08-15T13:17:36.730Z] > git for-each-ref --format=%(refname)%00%(upstream:short)%00%(objectname)%00%(upstream:track)%00%(upstream:remotename)%00%(upstream:remoteref) refs/heads/master refs/remotes/master [1ms]
[2022-08-15T13:17:36.736Z] > git for-each-ref --sort -committerdate --format %(refname) %(objectname) %(*objectname) [3ms]
[2022-08-15T13:17:36.737Z] > git remote --verbose [1ms]
[2022-08-15T13:17:36.741Z] > git config --get commit.template [1ms]
[2022-08-15T13:17:41.750Z] > git status -z -uall [2ms]
[2022-08-15T13:17:41.757Z] > git symbolic-ref --short HEAD [2ms]
[2022-08-15T13:17:41.762Z] > git for-each-ref --format=%(refname)%00%(upstream:short)%00%(objectname)%00%(upstream:track)%00%(upstream:remotename)%00%(upstream:remoteref) refs/heads/master refs/remotes/master [1ms]
[2022-08-15T13:17:41.777Z] > git for-each-ref --sort -committerdate --format %(refname) %(objectname) %(*objectname) [10ms]
[2022-08-15T13:17:41.777Z] > git remote --verbose [5ms]
[2022-08-15T13:17:41.782Z] > git config --get commit.template [1ms]
[2022-08-15T13:17:46.791Z] > git status -z -uall [1ms]
[2022-08-15T13:17:46.796Z] > git symbolic-ref --short HEAD [1ms]
[2022-08-15T13:17:46.800Z] > git for-each-ref --format=%(refname)%00%(upstream:short)%00%(objectname)%00%(upstream:track)%00%(upstream:remotename)%00%(upstream:remoteref) refs/heads/master refs/remotes/master [1ms]
[2022-08-15T13:17:46.805Z] > git for-each-ref --sort -committerdate --format %(refname) %(objectname) %(*objectname) [3ms]
[2022-08-15T13:17:46.806Z] > git remote --verbose [1ms]
[2022-08-15T13:17:46.810Z] > git config --get commit.template [1ms]
[2022-08-15T13:17:51.815Z] > git status -z -uall [1ms]
[2022-08-15T13:17:51.821Z] > git symbolic-ref --short HEAD [3ms]
[2022-08-15T13:17:51.824Z] > git for-each-ref --format=%(refname)%00%(upstream:short)%00%(objectname)%00%(upstream:track)%00%(upstream:remotename)%00%(upstream:remoteref) refs/heads/master refs/remotes/master [1ms]
[2022-08-15T13:17:51.829Z] > git for-each-ref --sort -committerdate --format %(refname) %(objectname) %(*objectname) [3ms]
[2022-08-15T13:17:51.829Z] > git remote --verbose [1ms]
[2022-08-15T13:17:51.833Z] > git config --get commit.template [1ms]
[2022-08-15T13:17:56.841Z] > git status -z -uall [1ms]
[2022-08-15T13:17:56.845Z] > git symbolic-ref --short HEAD [1ms]
[2022-08-15T13:17:56.850Z] > git for-each-ref --format=%(refname)%00%(upstream:short)%00%(objectname)%00%(upstream:track)%00%(upstream:remotename)%00%(upstream:remoteref) refs/heads/master refs/remotes/master [1ms]
[2022-08-15T13:17:56.856Z] > git for-each-ref --sort -committerdate --format %(refname) %(objectname) %(*objectname) [3ms]
[2022-08-15T13:17:56.856Z] > git remote --verbose [1ms]
[2022-08-15T13:17:56.861Z] > git config --get commit.template [1ms]
[2022-08-15T13:18:01.868Z] > git status -z -uall [1ms]
[2022-08-15T13:18:01.874Z] > git symbolic-ref --short HEAD [1ms]
[2022-08-15T13:18:01.877Z] > git for-each-ref --format=%(refname)%00%(upstream:short)%00%(objectname)%00%(upstream:track)%00%(upstream:remotename)%00%(upstream:remoteref) refs/heads/master refs/remotes/master [1ms]
[2022-08-15T13:18:01.882Z] > git for-each-ref --sort -committerdate --format %(refname) %(objectname) %(*objectname) [2ms]
[2022-08-15T13:18:01.883Z] > git remote --verbose [1ms]
[2022-08-15T13:18:01.886Z] > git config --get commit.template [0ms]
[2022-08-15T13:18:06.894Z] > git status -z -uall [2ms]
[2022-08-15T13:18:06.897Z] > git symbolic-ref --short HEAD [1ms]
[2022-08-15T13:18:06.900Z] > git for-each-ref --format=%(refname)%00%(upstream:short)%00%(objectname)%00%(upstream:track)%00%(upstream:remotename)%00%(upstream:remoteref) refs/heads/master refs/remotes/master [1ms]
[2022-08-15T13:18:06.906Z] > git for-each-ref --sort -committerdate --format %(refname) %(objectname) %(*objectname) [3ms]
[2022-08-15T13:18:06.906Z] > git remote --verbose [1ms]
[2022-08-15T13:18:06.910Z] > git config --get commit.template [1ms]
[2022-08-15T13:18:11.915Z] > git status -z -uall [1ms]
[2022-08-15T13:18:11.918Z] > git symbolic-ref --short HEAD [1ms]
[2022-08-15T13:18:11.921Z] > git for-each-ref --format=%(refname)%00%(upstream:short)%00%(objectname)%00%(upstream:track)%00%(upstream:remotename)%00%(upstream:remoteref) refs/heads/master refs/remotes/master [1ms]
[2022-08-15T13:18:11.926Z] > git for-each-ref --sort -committerdate --format %(refname) %(objectname) %(*objectname) [3ms]
[2022-08-15T13:18:11.926Z] > git remote --verbose [1ms]
[2022-08-15T13:18:11.930Z] > git config --get commit.template [1ms]
[2022-08-15T13:18:16.940Z] > git status -z -uall [1ms]
[2022-08-15T13:18:16.944Z] > git symbolic-ref --short HEAD [1ms]
[2022-08-15T13:18:16.948Z] > git for-each-ref --format=%(refname)%00%(upstream:short)%00%(objectname)%00%(upstream:track)%00%(upstream:remotename)%00%(upstream:remoteref) refs/heads/master refs/remotes/master [1ms]
[2022-08-15T13:18:16.953Z] > git for-each-ref --sort -committerdate --format %(refname) %(objectname) %(*objectname) [3ms]
[2022-08-15T13:18:16.953Z] > git remote --verbose [1ms]
[2022-08-15T13:18:16.957Z] > git config --get commit.template [1ms]
[2022-08-15T13:18:23.022Z] > git status -z -uall [1ms]
[2022-08-15T13:18:23.026Z] > git symbolic-ref --short HEAD [1ms]
[2022-08-15T13:18:23.029Z] > git for-each-ref --format=%(refname)%00%(upstream:short)%00%(objectname)%00%(upstream:track)%00%(upstream:remotename)%00%(upstream:remoteref) refs/heads/master refs/remotes/master [1ms]
[2022-08-15T13:18:23.034Z] > git for-each-ref --sort -committerdate --format %(refname) %(objectname) %(*objectname) [2ms]
[2022-08-15T13:18:23.035Z] > git remote --verbose [1ms]
[2022-08-15T13:18:23.038Z] > git config --get commit.template [1ms]
[2022-08-15T13:18:32.751Z] > git status -z -uall [2ms]
[2022-08-15T13:18:32.755Z] > git symbolic-ref --short HEAD [1ms]
[2022-08-15T13:18:32.759Z] > git for-each-ref --format=%(refname)%00%(upstream:short)%00%(objectname)%00%(upstream:track)%00%(upstream:remotename)%00%(upstream:remoteref) refs/heads/master refs/remotes/master [1ms]
[2022-08-15T13:18:32.764Z] > git for-each-ref --sort -committerdate --format %(refname) %(objectname) %(*objectname) [3ms]
[2022-08-15T13:18:32.765Z] > git remote --verbose [1ms]
[2022-08-15T13:18:32.769Z] > git config --get commit.template [1ms]
[2022-08-15T13:18:37.775Z] > git status -z -uall [1ms]
[2022-08-15T13:18:37.779Z] > git symbolic-ref --short HEAD [1ms]
[2022-08-15T13:18:37.782Z] > git for-each-ref --format=%(refname)%00%(upstream:short)%00%(objectname)%00%(upstream:track)%00%(upstream:remotename)%00%(upstream:remoteref) refs/heads/master refs/remotes/master [1ms]
[2022-08-15T13:18:37.788Z] > git for-each-ref --sort -committerdate --format %(refname) %(objectname) %(*objectname) [4ms]
[2022-08-15T13:18:37.788Z] > git remote --verbose [1ms]
[2022-08-15T13:18:37.792Z] > git config --get commit.template [1ms]
[2022-08-15T13:18:42.801Z] > git status -z -uall [1ms]
[2022-08-15T13:18:42.805Z] > git symbolic-ref --short HEAD [1ms]
[2022-08-15T13:18:42.809Z] > git for-each-ref --format=%(refname)%00%(upstream:short)%00%(objectname)%00%(upstream:track)%00%(upstream:remotename)%00%(upstream:remoteref) refs/heads/master refs/remotes/master [1ms]
[2022-08-15T13:18:42.815Z] > git for-each-ref --sort -committerdate --format %(refname) %(objectname) %(*objectname) [3ms]
[2022-08-15T13:18:42.815Z] > git remote --verbose [1ms]
[2022-08-15T13:18:42.819Z] > git config --get commit.template [1ms]
[2022-08-15T13:18:50.388Z] > git status -z -uall [1ms]
[2022-08-15T13:18:50.393Z] > git symbolic-ref --short HEAD [1ms]
[2022-08-15T13:18:50.397Z] > git for-each-ref --format=%(refname)%00%(upstream:short)%00%(objectname)%00%(upstream:track)%00%(upstream:remotename)%00%(upstream:remoteref) refs/heads/master refs/remotes/master [1ms]
[2022-08-15T13:18:50.403Z] > git for-each-ref --sort -committerdate --format %(refname) %(objectname) %(*objectname) [3ms]
[2022-08-15T13:18:50.403Z] > git remote --verbose [1ms]
[2022-08-15T13:18:50.407Z] > git config --get commit.template [1ms]
[2022-08-15T13:18:55.414Z] > git status -z -uall [1ms]
[2022-08-15T13:18:55.417Z] > git symbolic-ref --short HEAD [1ms]
[2022-08-15T13:18:55.420Z] > git for-each-ref --format=%(refname)%00%(upstream:short)%00%(objectname)%00%(upstream:track)%00%(upstream:remotename)%00%(upstream:remoteref) refs/heads/master refs/remotes/master [1ms]
[2022-08-15T13:18:55.425Z] > git for-each-ref --sort -committerdate --format %(refname) %(objectname) %(*objectname) [3ms]
[2022-08-15T13:18:55.425Z] > git remote --verbose [1ms]
[2022-08-15T13:18:55.429Z] > git config --get commit.template [1ms]
[2022-08-15T13:19:00.437Z] > git status -z -uall [1ms]
[2022-08-15T13:19:00.441Z] > git symbolic-ref --short HEAD [1ms]
[2022-08-15T13:19:00.445Z] > git for-each-ref --format=%(refname)%00%(upstream:short)%00%(objectname)%00%(upstream:track)%00%(upstream:remotename)%00%(upstream:remoteref) refs/heads/master refs/remotes/master [1ms]
[2022-08-15T13:19:00.451Z] > git for-each-ref --sort -committerdate --format %(refname) %(objectname) %(*objectname) [4ms]
[2022-08-15T13:19:00.451Z] > git remote --verbose [1ms]
[2022-08-15T13:19:00.455Z] > git config --get commit.template [1ms]
[2022-08-15T13:19:05.463Z] > git status -z -uall [1ms]
[2022-08-15T13:19:05.467Z] > git symbolic-ref --short HEAD [1ms]
[2022-08-15T13:19:05.471Z] > git for-each-ref --format=%(refname)%00%(upstream:short)%00%(objectname)%00%(upstream:track)%00%(upstream:remotename)%00%(upstream:remoteref) refs/heads/master refs/remotes/master [1ms]
[2022-08-15T13:19:05.476Z] > git for-each-ref --sort -committerdate --format %(refname) %(objectname) %(*objectname) [3ms]
[2022-08-15T13:19:05.477Z] > git remote --verbose [1ms]
[2022-08-15T13:19:05.481Z] > git config --get commit.template [1ms]
[2022-08-15T13:19:10.487Z] > git status -z -uall [1ms]
[2022-08-15T13:19:10.493Z] > git symbolic-ref --short HEAD [1ms]
[2022-08-15T13:19:10.498Z] > git for-each-ref --format=%(refname)%00%(upstream:short)%00%(objectname)%00%(upstream:track)%00%(upstream:remotename)%00%(upstream:remoteref) refs/heads/master refs/remotes/master [2ms]
[2022-08-15T13:19:10.504Z] > git for-each-ref --sort -committerdate --format %(refname) %(objectname) %(*objectname) [3ms]
[2022-08-15T13:19:10.504Z] > git remote --verbose [1ms]
[2022-08-15T13:19:10.508Z] > git config --get commit.template [0ms]
[2022-08-15T13:19:22.085Z] > git status -z -uall [1ms]
[2022-08-15T13:19:22.089Z] > git symbolic-ref --short HEAD [1ms]
[2022-08-15T13:19:22.093Z] > git for-each-ref --format=%(refname)%00%(upstream:short)%00%(objectname)%00%(upstream:track)%00%(upstream:remotename)%00%(upstream:remoteref) refs/heads/master refs/remotes/master [1ms]
[2022-08-15T13:19:22.098Z] > git for-each-ref --sort -committerdate --format %(refname) %(objectname) %(*objectname) [3ms]
[2022-08-15T13:19:22.099Z] > git remote --verbose [1ms]
[2022-08-15T13:19:22.103Z] > git config --get commit.template [1ms]
[2022-08-15T13:19:28.328Z] > git status -z -uall [1ms]
[2022-08-15T13:19:28.335Z] > git symbolic-ref --short HEAD [2ms]
[2022-08-15T13:19:28.339Z] > git for-each-ref --format=%(refname)%00%(upstream:short)%00%(objectname)%00%(upstream:track)%00%(upstream:remotename)%00%(upstream:remoteref) refs/heads/master refs/remotes/master [1ms]
[2022-08-15T13:19:28.346Z] > git for-each-ref --sort -committerdate --format %(refname) %(objectname) %(*objectname) [4ms]
[2022-08-15T13:19:28.346Z] > git remote --verbose [1ms]
[2022-08-15T13:19:28.351Z] > git config --get commit.template [1ms]
[2022-08-15T13:19:33.356Z] > git status -z -uall [1ms]
[2022-08-15T13:19:33.360Z] > git symbolic-ref --short HEAD [1ms]
[2022-08-15T13:19:33.365Z] > git for-each-ref --format=%(refname)%00%(upstream:short)%00%(objectname)%00%(upstream:track)%00%(upstream:remotename)%00%(upstream:remoteref) refs/heads/master refs/remotes/master [1ms]
[2022-08-15T13:19:33.373Z] > git for-each-ref --sort -committerdate --format %(refname) %(objectname) %(*objectname) [4ms]
[2022-08-15T13:19:33.373Z] > git remote --verbose [1ms]
[2022-08-15T13:19:33.377Z] > git config --get commit.template [1ms]
[2022-08-15T13:19:38.386Z] > git status -z -uall [1ms]
[2022-08-15T13:19:38.390Z] > git symbolic-ref --short HEAD [1ms]
[2022-08-15T13:19:38.394Z] > git for-each-ref --format=%(refname)%00%(upstream:short)%00%(objectname)%00%(upstream:track)%00%(upstream:remotename)%00%(upstream:remoteref) refs/heads/master refs/remotes/master [1ms]
[2022-08-15T13:19:38.399Z] > git for-each-ref --sort -committerdate --format %(refname) %(objectname) %(*objectname) [2ms]
[2022-08-15T13:19:38.399Z] > git remote --verbose [0ms]
[2022-08-15T13:19:38.403Z] > git config --get commit.template [1ms]
[2022-08-15T13:19:43.412Z] > git status -z -uall [1ms]
[2022-08-15T13:19:43.416Z] > git symbolic-ref --short HEAD [1ms]
[2022-08-15T13:19:43.419Z] > git for-each-ref --format=%(refname)%00%(upstream:short)%00%(objectname)%00%(upstream:track)%00%(upstream:remotename)%00%(upstream:remoteref) refs/heads/master refs/remotes/master [1ms]
[2022-08-15T13:19:43.424Z] > git for-each-ref --sort -committerdate --format %(refname) %(objectname) %(*objectname) [3ms]
[2022-08-15T13:19:43.424Z] > git remote --verbose [1ms]
[2022-08-15T13:19:43.427Z] > git config --get commit.template [0ms]
[2022-08-15T13:19:50.584Z] > git status -z -uall [1ms]
[2022-08-15T13:19:50.589Z] > git symbolic-ref --short HEAD [1ms]
[2022-08-15T13:19:50.592Z] > git for-each-ref --format=%(refname)%00%(upstream:short)%00%(objectname)%00%(upstream:track)%00%(upstream:remotename)%00%(upstream:remoteref) refs/heads/master refs/remotes/master [1ms]
[2022-08-15T13:19:50.596Z] > git for-each-ref --sort -committerdate --format %(refname) %(objectname) %(*objectname) [2ms]
[2022-08-15T13:19:50.597Z] > git remote --verbose [1ms]
[2022-08-15T13:19:50.601Z] > git config --get commit.template [1ms]
[2022-08-15T13:19:55.605Z] > git status -z -uall [1ms]
[2022-08-15T13:19:55.609Z] > git symbolic-ref --short HEAD [1ms]
[2022-08-15T13:19:55.612Z] > git for-each-ref --format=%(refname)%00%(upstream:short)%00%(objectname)%00%(upstream:track)%00%(upstream:remotename)%00%(upstream:remoteref) refs/heads/master refs/remotes/master [1ms]
[2022-08-15T13:19:55.617Z] > git for-each-ref --sort -committerdate --format %(refname) %(objectname) %(*objectname) [3ms]
[2022-08-15T13:19:55.617Z] > git remote --verbose [0ms]
[2022-08-15T13:19:55.621Z] > git config --get commit.template [1ms]
[2022-08-15T13:20:00.629Z] > git status -z -uall [1ms]
[2022-08-15T13:20:00.634Z] > git symbolic-ref --short HEAD [1ms]
[2022-08-15T13:20:00.638Z] > git for-each-ref --format=%(refname)%00%(upstream:short)%00%(objectname)%00%(upstream:track)%00%(upstream:remotename)%00%(upstream:remoteref) refs/heads/master refs/remotes/master [1ms]
[2022-08-15T13:20:00.643Z] > git for-each-ref --sort -committerdate --format %(refname) %(objectname) %(*objectname) [2ms]
[2022-08-15T13:20:00.644Z] > git remote --verbose [1ms]
[2022-08-15T13:20:00.647Z] > git config --get commit.template [1ms]
[2022-08-15T13:20:05.650Z] > git status -z -uall [1ms]
[2022-08-15T13:20:05.653Z] > git symbolic-ref --short HEAD [0ms]
[2022-08-15T13:20:05.656Z] > git for-each-ref --format=%(refname)%00%(upstream:short)%00%(objectname)%00%(upstream:track)%00%(upstream:remotename)%00%(upstream:remoteref) refs/heads/master refs/remotes/master [1ms]
[2022-08-15T13:20:05.662Z] > git for-each-ref --sort -committerdate --format %(refname) %(objectname) %(*objectname) [3ms]
[2022-08-15T13:20:05.662Z] > git remote --verbose [1ms]
[2022-08-15T13:20:05.666Z] > git config --get commit.template [1ms]
[2022-08-15T13:20:10.674Z] > git status -z -uall [1ms]
[2022-08-15T13:20:10.677Z] > git symbolic-ref --short HEAD [1ms]
[2022-08-15T13:20:10.681Z] > git for-each-ref --format=%(refname)%00%(upstream:short)%00%(objectname)%00%(upstream:track)%00%(upstream:remotename)%00%(upstream:remoteref) refs/heads/master refs/remotes/master [1ms]
[2022-08-15T13:20:10.686Z] > git for-each-ref --sort -committerdate --format %(refname) %(objectname) %(*objectname) [3ms]
[2022-08-15T13:20:10.686Z] > git remote --verbose [1ms]
[2022-08-15T13:20:10.690Z] > git config --get commit.template [2ms]
[2022-08-15T13:20:15.698Z] > git status -z -uall [1ms]
[2022-08-15T13:20:15.702Z] > git symbolic-ref --short HEAD [1ms]
[2022-08-15T13:20:15.706Z] > git for-each-ref --format=%(refname)%00%(upstream:short)%00%(objectname)%00%(upstream:track)%00%(upstream:remotename)%00%(upstream:remoteref) refs/heads/master refs/remotes/master [1ms]
[2022-08-15T13:20:15.711Z] > git for-each-ref --sort -committerdate --format %(refname) %(objectname) %(*objectname) [3ms]
[2022-08-15T13:20:15.712Z] > git remote --verbose [1ms]
[2022-08-15T13:20:15.716Z] > git config --get commit.template [1ms]
[2022-08-15T13:20:20.728Z] > git status -z -uall [2ms]
[2022-08-15T13:20:20.733Z] > git symbolic-ref --short HEAD [2ms]
[2022-08-15T13:20:20.741Z] > git for-each-ref --format=%(refname)%00%(upstream:short)%00%(objectname)%00%(upstream:track)%00%(upstream:remotename)%00%(upstream:remoteref) refs/heads/master refs/remotes/master [1ms]
[2022-08-15T13:20:20.750Z] > git for-each-ref --sort -committerdate --format %(refname) %(objectname) %(*objectname) [4ms]
[2022-08-15T13:20:20.751Z] > git remote --verbose [3ms]
[2022-08-15T13:20:20.758Z] > git config --get commit.template [2ms]
[2022-08-15T13:21:15.162Z] > git status -z -uall [1ms]
[2022-08-15T13:21:15.165Z] > git symbolic-ref --short HEAD [0ms]
[2022-08-15T13:21:15.168Z] > git for-each-ref --format=%(refname)%00%(upstream:short)%00%(objectname)%00%(upstream:track)%00%(upstream:remotename)%00%(upstream:remoteref) refs/heads/master refs/remotes/master [1ms]
[2022-08-15T13:21:15.174Z] > git for-each-ref --sort -committerdate --format %(refname) %(objectname) %(*objectname) [3ms]
[2022-08-15T13:21:15.174Z] > git remote --verbose [0ms]
[2022-08-15T13:21:15.178Z] > git config --get commit.template [0ms]
[2022-08-15T13:21:20.183Z] > git status -z -uall [1ms]
[2022-08-15T13:21:20.186Z] > git symbolic-ref --short HEAD [1ms]
[2022-08-15T13:21:20.190Z] > git for-each-ref --format=%(refname)%00%(upstream:short)%00%(objectname)%00%(upstream:track)%00%(upstream:remotename)%00%(upstream:remoteref) refs/heads/master refs/remotes/master [1ms]
[2022-08-15T13:21:20.195Z] > git for-each-ref --sort -committerdate --format %(refname) %(objectname) %(*objectname) [3ms]
[2022-08-15T13:21:20.196Z] > git remote --verbose [1ms]
[2022-08-15T13:21:20.200Z] > git config --get commit.template [1ms]
[2022-08-15T13:21:25.204Z] > git status -z -uall [1ms]
[2022-08-15T13:21:25.209Z] > git symbolic-ref --short HEAD [1ms]
[2022-08-15T13:21:25.213Z] > git for-each-ref --format=%(refname)%00%(upstream:short)%00%(objectname)%00%(upstream:track)%00%(upstream:remotename)%00%(upstream:remoteref) refs/heads/master refs/remotes/master [1ms]
[2022-08-15T13:21:25.219Z] > git for-each-ref --sort -committerdate --format %(refname) %(objectname) %(*objectname) [3ms]
[2022-08-15T13:21:25.219Z] > git remote --verbose [0ms]
[2022-08-15T13:21:25.225Z] > git config --get commit.template [0ms]
[2022-08-15T13:21:30.234Z] > git status -z -uall [1ms]
[2022-08-15T13:21:30.238Z] > git symbolic-ref --short HEAD [1ms]
[2022-08-15T13:21:30.242Z] > git for-each-ref --format=%(refname)%00%(upstream:short)%00%(objectname)%00%(upstream:track)%00%(upstream:remotename)%00%(upstream:remoteref) refs/heads/master refs/remotes/master [1ms]
[2022-08-15T13:21:30.248Z] > git for-each-ref --sort -committerdate --format %(refname) %(objectname) %(*objectname) [3ms]
[2022-08-15T13:21:30.249Z] > git remote --verbose [1ms]
[2022-08-15T13:21:30.252Z] > git config --get commit.template [0ms]
[2022-08-15T13:21:35.261Z] > git status -z -uall [1ms]
[2022-08-15T13:21:35.265Z] > git symbolic-ref --short HEAD [1ms]
[2022-08-15T13:21:35.269Z] > git for-each-ref --format=%(refname)%00%(upstream:short)%00%(objectname)%00%(upstream:track)%00%(upstream:remotename)%00%(upstream:remoteref) refs/heads/master refs/remotes/master [1ms]
[2022-08-15T13:21:35.276Z] > git for-each-ref --sort -committerdate --format %(refname) %(objectname) %(*objectname) [4ms]
[2022-08-15T13:21:35.276Z] > git remote --verbose [1ms]
[2022-08-15T13:21:35.280Z] > git config --get commit.template [1ms]
[2022-08-15T13:21:40.290Z] > git status -z -uall [1ms]
[2022-08-15T13:21:40.294Z] > git symbolic-ref --short HEAD [1ms]
[2022-08-15T13:21:40.299Z] > git for-each-ref --format=%(refname)%00%(upstream:short)%00%(objectname)%00%(upstream:track)%00%(upstream:remotename)%00%(upstream:remoteref) refs/heads/master refs/remotes/master [1ms]
[2022-08-15T13:21:40.305Z] > git for-each-ref --sort -committerdate --format %(refname) %(objectname) %(*objectname) [3ms]
[2022-08-15T13:21:40.305Z] > git remote --verbose [1ms]
[2022-08-15T13:21:40.309Z] > git config --get commit.template [1ms]
[2022-08-15T13:21:45.314Z] > git status -z -uall [1ms]
[2022-08-15T13:21:45.317Z] > git symbolic-ref --short HEAD [1ms]
[2022-08-15T13:21:45.321Z] > git for-each-ref --format=%(refname)%00%(upstream:short)%00%(objectname)%00%(upstream:track)%00%(upstream:remotename)%00%(upstream:remoteref) refs/heads/master refs/remotes/master [1ms]
[2022-08-15T13:21:45.327Z] > git for-each-ref --sort -committerdate --format %(refname) %(objectname) %(*objectname) [3ms]
[2022-08-15T13:21:45.327Z] > git remote --verbose [1ms]
[2022-08-15T13:21:45.331Z] > git config --get commit.template [0ms]
[2022-08-15T13:21:50.338Z] > git status -z -uall [2ms]
[2022-08-15T13:21:50.341Z] > git symbolic-ref --short HEAD [1ms]
[2022-08-15T13:21:50.345Z] > git for-each-ref --format=%(refname)%00%(upstream:short)%00%(objectname)%00%(upstream:track)%00%(upstream:remotename)%00%(upstream:remoteref) refs/heads/master refs/remotes/master [1ms]
[2022-08-15T13:21:50.351Z] > git for-each-ref --sort -committerdate --format %(refname) %(objectname) %(*objectname) [3ms]
[2022-08-15T13:21:50.351Z] > git remote --verbose [1ms]
[2022-08-15T13:21:50.356Z] > git config --get commit.template [1ms]
[2022-08-15T13:21:55.361Z] > git status -z -uall [2ms]
[2022-08-15T13:21:55.364Z] > git symbolic-ref --short HEAD [1ms]
[2022-08-15T13:21:55.368Z] > git for-each-ref --format=%(refname)%00%(upstream:short)%00%(objectname)%00%(upstream:track)%00%(upstream:remotename)%00%(upstream:remoteref) refs/heads/master refs/remotes/master [1ms]
[2022-08-15T13:21:55.373Z] > git for-each-ref --sort -committerdate --format %(refname) %(objectname) %(*objectname) [2ms]
[2022-08-15T13:21:55.374Z] > git remote --verbose [1ms]
[2022-08-15T13:21:55.377Z] > git config --get commit.template [1ms]
[2022-08-15T13:22:00.383Z] > git status -z -uall [2ms]
[2022-08-15T13:22:00.387Z] > git symbolic-ref --short HEAD [1ms]
[2022-08-15T13:22:00.391Z] > git for-each-ref --format=%(refname)%00%(upstream:short)%00%(objectname)%00%(upstream:track)%00%(upstream:remotename)%00%(upstream:remoteref) refs/heads/master refs/remotes/master [1ms]
[2022-08-15T13:22:00.395Z] > git for-each-ref --sort -committerdate --format %(refname) %(objectname) %(*objectname) [2ms]
[2022-08-15T13:22:00.396Z] > git remote --verbose [1ms]
[2022-08-15T13:22:00.399Z] > git config --get commit.template [1ms]
[2022-08-15T13:22:05.408Z] > git status -z -uall [1ms]
[2022-08-15T13:22:05.412Z] > git symbolic-ref --short HEAD [1ms]
[2022-08-15T13:22:05.415Z] > git for-each-ref --format=%(refname)%00%(upstream:short)%00%(objectname)%00%(upstream:track)%00%(upstream:remotename)%00%(upstream:remoteref) refs/heads/master refs/remotes/master [1ms]
[2022-08-15T13:22:05.421Z] > git for-each-ref --sort -committerdate --format %(refname) %(objectname) %(*objectname) [3ms]
[2022-08-15T13:22:05.421Z] > git remote --verbose [0ms]
[2022-08-15T13:22:05.426Z] > git config --get commit.template [1ms]
[2022-08-15T13:22:10.430Z] > git status -z -uall [1ms]
[2022-08-15T13:22:10.434Z] > git symbolic-ref --short HEAD [1ms]
[2022-08-15T13:22:10.438Z] > git for-each-ref --format=%(refname)%00%(upstream:short)%00%(objectname)%00%(upstream:track)%00%(upstream:remotename)%00%(upstream:remoteref) refs/heads/master refs/remotes/master [1ms]
[2022-08-15T13:22:10.444Z] > git for-each-ref --sort -committerdate --format %(refname) %(objectname) %(*objectname) [3ms]
[2022-08-15T13:22:10.444Z] > git remote --verbose [1ms]
[2022-08-15T13:22:10.447Z] > git config --get commit.template [1ms]
[2022-08-15T13:22:15.452Z] > git status -z -uall [1ms]
[2022-08-15T13:22:15.456Z] > git symbolic-ref --short HEAD [1ms]
[2022-08-15T13:22:15.460Z] > git for-each-ref --format=%(refname)%00%(upstream:short)%00%(objectname)%00%(upstream:track)%00%(upstream:remotename)%00%(upstream:remoteref) refs/heads/master refs/remotes/master [1ms]
[2022-08-15T13:22:15.466Z] > git for-each-ref --sort -committerdate --format %(refname) %(objectname) %(*objectname) [3ms]
[2022-08-15T13:22:15.466Z] > git remote --verbose [1ms]
[2022-08-15T13:22:15.470Z] > git config --get commit.template [1ms]
[2022-08-15T13:22:22.601Z] > git status -z -uall [1ms]
[2022-08-15T13:22:22.605Z] > git symbolic-ref --short HEAD [1ms]
[2022-08-15T13:22:22.608Z] > git for-each-ref --format=%(refname)%00%(upstream:short)%00%(objectname)%00%(upstream:track)%00%(upstream:remotename)%00%(upstream:remoteref) refs/heads/master refs/remotes/master [1ms]
[2022-08-15T13:22:22.614Z] > git for-each-ref --sort -committerdate --format %(refname) %(objectname) %(*objectname) [3ms]
[2022-08-15T13:22:22.614Z] > git remote --verbose [1ms]
[2022-08-15T13:22:22.618Z] > git config --get commit.template [1ms]
