{"artifact":"/home/gaffclant/Programming/Rust/MailServer-main/target/rls/debug/deps/cfg_if-88879d2dc0fa106c.d","emit":"dep-info"}
{"artifact":"/home/gaffclant/Programming/Rust/MailServer-main/target/rls/debug/deps/unicode_ident-b3c3eb1ebc033cd2.d","emit":"dep-info"}
{"artifact":"/home/gaffclant/Programming/Rust/MailServer-main/target/rls/debug/deps/save-analysis/libcfg_if-88879d2dc0fa106c.json","emit":"save-analysis"}
{"artifact":"/home/gaffclant/Programming/Rust/MailServer-main/target/rls/debug/deps/libcfg_if-88879d2dc0fa106c.rmeta","emit":"metadata"}
{"artifact":"/home/gaffclant/Programming/Rust/MailServer-main/target/rls/debug/deps/smallvec-61e548ea0cf3be6d.d","emit":"dep-info"}
{"artifact":"/home/gaffclant/Programming/Rust/MailServer-main/target/rls/debug/deps/version_check-bf6ae18cbaff31d1.d","emit":"dep-info"}
{"artifact":"/home/gaffclant/Programming/Rust/MailServer-main/target/rls/debug/build/syn-597bc9a0f5b90dd4/build_script_build-597bc9a0f5b90dd4.d","emit":"dep-info"}
{"artifact":"/home/gaffclant/Programming/Rust/MailServer-main/target/rls/debug/build/proc-macro2-c265eb5712843879/build_script_build-c265eb5712843879.d","emit":"dep-info"}
{"artifact":"/home/gaffclant/Programming/Rust/MailServer-main/target/rls/debug/build/libc-d2d302c68ab6c510/build_script_build-d2d302c68ab6c510.d","emit":"dep-info"}
{"artifact":"/home/gaffclant/Programming/Rust/MailServer-main/target/rls/debug/deps/autocfg-5788d3b0c0ad14fb.d","emit":"dep-info"}
{"artifact":"/home/gaffclant/Programming/Rust/MailServer-main/target/rls/debug/deps/once_cell-9ae32b429e6aed29.d","emit":"dep-info"}
{"artifact":"/home/gaffclant/Programming/Rust/MailServer-main/target/rls/debug/deps/save-analysis/libunicode_ident-b3c3eb1ebc033cd2.json","emit":"save-analysis"}
{"artifact":"/home/gaffclant/Programming/Rust/MailServer-main/target/rls/debug/deps/libunicode_ident-b3c3eb1ebc033cd2.rmeta","emit":"metadata"}
{"artifact":"/home/gaffclant/Programming/Rust/MailServer-main/target/rls/debug/build/syn-597bc9a0f5b90dd4/save-analysis/build_script_build-597bc9a0f5b90dd4.json","emit":"save-analysis"}
{"artifact":"/home/gaffclant/Programming/Rust/MailServer-main/target/rls/debug/build/libc-d2d302c68ab6c510/save-analysis/build_script_build-d2d302c68ab6c510.json","emit":"save-analysis"}
{"artifact":"/home/gaffclant/Programming/Rust/MailServer-main/target/rls/debug/build/proc-macro2-c265eb5712843879/save-analysis/build_script_build-c265eb5712843879.json","emit":"save-analysis"}
{"artifact":"/home/gaffclant/Programming/Rust/MailServer-main/target/rls/debug/deps/save-analysis/libautocfg-5788d3b0c0ad14fb.json","emit":"save-analysis"}
{"artifact":"/home/gaffclant/Programming/Rust/MailServer-main/target/rls/debug/deps/save-analysis/libonce_cell-9ae32b429e6aed29.json","emit":"save-analysis"}
{"artifact":"/home/gaffclant/Programming/Rust/MailServer-main/target/rls/debug/deps/libonce_cell-9ae32b429e6aed29.rmeta","emit":"metadata"}
{"artifact":"/home/gaffclant/Programming/Rust/MailServer-main/target/rls/debug/build/serde_derive-2bb20147a96a7781/build_script_build-2bb20147a96a7781.d","emit":"dep-info"}
{"artifact":"/home/gaffclant/Programming/Rust/MailServer-main/target/rls/debug/build/serde_derive-2bb20147a96a7781/save-analysis/build_script_build-2bb20147a96a7781.json","emit":"save-analysis"}
{"artifact":"/home/gaffclant/Programming/Rust/MailServer-main/target/rls/debug/deps/save-analysis/libversion_check-bf6ae18cbaff31d1.json","emit":"save-analysis"}
{"artifact":"/home/gaffclant/Programming/Rust/MailServer-main/target/rls/debug/deps/libversion_check-bf6ae18cbaff31d1.rmeta","emit":"metadata"}
{"artifact":"/home/gaffclant/Programming/Rust/MailServer-main/target/rls/debug/deps/libautocfg-5788d3b0c0ad14fb.rmeta","emit":"metadata"}
{"artifact":"/home/gaffclant/Programming/Rust/MailServer-main/target/rls/debug/deps/save-analysis/libsmallvec-61e548ea0cf3be6d.json","emit":"save-analysis"}
{"artifact":"/home/gaffclant/Programming/Rust/MailServer-main/target/rls/debug/deps/libsmallvec-61e548ea0cf3be6d.rmeta","emit":"metadata"}
{"artifact":"/home/gaffclant/Programming/Rust/MailServer-main/target/rls/debug/deps/vcpkg-fd873ba736077920.d","emit":"dep-info"}
{"artifact":"/home/gaffclant/Programming/Rust/MailServer-main/target/rls/debug/deps/libunicode_ident-b3c3eb1ebc033cd2.rlib","emit":"link"}
{"artifact":"/home/gaffclant/Programming/Rust/MailServer-main/target/rls/debug/deps/save-analysis/libvcpkg-fd873ba736077920.json","emit":"save-analysis"}
{"artifact":"/home/gaffclant/Programming/Rust/MailServer-main/target/rls/debug/deps/pkg_config-9675c841656f0817.d","emit":"dep-info"}
{"artifact":"/home/gaffclant/Programming/Rust/MailServer-main/target/rls/debug/deps/save-analysis/libpkg_config-9675c841656f0817.json","emit":"save-analysis"}
{"artifact":"/home/gaffclant/Programming/Rust/MailServer-main/target/rls/debug/deps/libvcpkg-fd873ba736077920.rmeta","emit":"metadata"}
{"artifact":"/home/gaffclant/Programming/Rust/MailServer-main/target/rls/debug/deps/libpkg_config-9675c841656f0817.rmeta","emit":"metadata"}
{"artifact":"/home/gaffclant/Programming/Rust/MailServer-main/target/rls/debug/deps/libversion_check-bf6ae18cbaff31d1.rlib","emit":"link"}
{"artifact":"/home/gaffclant/Programming/Rust/MailServer-main/target/rls/debug/build/log-c5879a61b5f04c22/build_script_build-c5879a61b5f04c22.d","emit":"dep-info"}
{"artifact":"/home/gaffclant/Programming/Rust/MailServer-main/target/rls/debug/build/log-c5879a61b5f04c22/save-analysis/build_script_build-c5879a61b5f04c22.json","emit":"save-analysis"}
{"artifact":"/home/gaffclant/Programming/Rust/MailServer-main/target/rls/debug/deps/libautocfg-5788d3b0c0ad14fb.rlib","emit":"link"}
{"artifact":"/home/gaffclant/Programming/Rust/MailServer-main/target/rls/debug/build/memchr-359aa0212e42dbd4/build_script_build-359aa0212e42dbd4.d","emit":"dep-info"}
{"artifact":"/home/gaffclant/Programming/Rust/MailServer-main/target/rls/debug/build/memchr-359aa0212e42dbd4/save-analysis/build_script_build-359aa0212e42dbd4.json","emit":"save-analysis"}
{"artifact":"/home/gaffclant/Programming/Rust/MailServer-main/target/rls/debug/build/log-c5879a61b5f04c22/build_script_build-c5879a61b5f04c22","emit":"link"}
{"artifact":"/home/gaffclant/Programming/Rust/MailServer-main/target/rls/debug/build/proc-macro2-c265eb5712843879/build_script_build-c265eb5712843879","emit":"link"}
{"artifact":"/home/gaffclant/Programming/Rust/MailServer-main/target/rls/debug/build/serde_derive-2bb20147a96a7781/build_script_build-2bb20147a96a7781","emit":"link"}
{"artifact":"/home/gaffclant/Programming/Rust/MailServer-main/target/rls/debug/build/memchr-359aa0212e42dbd4/build_script_build-359aa0212e42dbd4","emit":"link"}
{"artifact":"/home/gaffclant/Programming/Rust/MailServer-main/target/rls/debug/build/libc-d2d302c68ab6c510/build_script_build-d2d302c68ab6c510","emit":"link"}
{"artifact":"/home/gaffclant/Programming/Rust/MailServer-main/target/rls/debug/build/parking_lot_core-24b4545f8c61bfdb/build_script_build-24b4545f8c61bfdb.d","emit":"dep-info"}
{"artifact":"/home/gaffclant/Programming/Rust/MailServer-main/target/rls/debug/build/syn-597bc9a0f5b90dd4/build_script_build-597bc9a0f5b90dd4","emit":"link"}
{"artifact":"/home/gaffclant/Programming/Rust/MailServer-main/target/rls/debug/build/serde-d7cf42fb0ccd4c6a/build_script_build-d7cf42fb0ccd4c6a.d","emit":"dep-info"}
{"artifact":"/home/gaffclant/Programming/Rust/MailServer-main/target/rls/debug/build/parking_lot_core-24b4545f8c61bfdb/save-analysis/build_script_build-24b4545f8c61bfdb.json","emit":"save-analysis"}
{"artifact":"/home/gaffclant/Programming/Rust/MailServer-main/target/rls/debug/build/serde_json-73e29b055cfb74cd/build_script_build-73e29b055cfb74cd.d","emit":"dep-info"}
{"artifact":"/home/gaffclant/Programming/Rust/MailServer-main/target/rls/debug/build/serde-d7cf42fb0ccd4c6a/save-analysis/build_script_build-d7cf42fb0ccd4c6a.json","emit":"save-analysis"}
{"artifact":"/home/gaffclant/Programming/Rust/MailServer-main/target/rls/debug/deps/scopeguard-033365f7c16f4ed6.d","emit":"dep-info"}
{"artifact":"/home/gaffclant/Programming/Rust/MailServer-main/target/rls/debug/build/serde_json-73e29b055cfb74cd/save-analysis/build_script_build-73e29b055cfb74cd.json","emit":"save-analysis"}
{"artifact":"/home/gaffclant/Programming/Rust/MailServer-main/target/rls/debug/deps/save-analysis/libscopeguard-033365f7c16f4ed6.json","emit":"save-analysis"}
{"artifact":"/home/gaffclant/Programming/Rust/MailServer-main/target/rls/debug/deps/libscopeguard-033365f7c16f4ed6.rmeta","emit":"metadata"}
{"artifact":"/home/gaffclant/Programming/Rust/MailServer-main/target/rls/debug/deps/itoa-a2c0cd33a2bcc7a7.d","emit":"dep-info"}
{"artifact":"/home/gaffclant/Programming/Rust/MailServer-main/target/rls/debug/deps/pin_project_lite-194da388bfcdfa6d.d","emit":"dep-info"}
{"artifact":"/home/gaffclant/Programming/Rust/MailServer-main/target/rls/debug/deps/save-analysis/libpin_project_lite-194da388bfcdfa6d.json","emit":"save-analysis"}
{"artifact":"/home/gaffclant/Programming/Rust/MailServer-main/target/rls/debug/deps/libpin_project_lite-194da388bfcdfa6d.rmeta","emit":"metadata"}
{"artifact":"/home/gaffclant/Programming/Rust/MailServer-main/target/rls/debug/deps/ppv_lite86-69fd5a07e81a9f25.d","emit":"dep-info"}
{"artifact":"/home/gaffclant/Programming/Rust/MailServer-main/target/rls/debug/deps/save-analysis/libitoa-a2c0cd33a2bcc7a7.json","emit":"save-analysis"}
{"artifact":"/home/gaffclant/Programming/Rust/MailServer-main/target/rls/debug/deps/libitoa-a2c0cd33a2bcc7a7.rmeta","emit":"metadata"}
{"artifact":"/home/gaffclant/Programming/Rust/MailServer-main/target/rls/debug/deps/bytes-0b6620405fcf1713.d","emit":"dep-info"}
{"artifact":"/home/gaffclant/Programming/Rust/MailServer-main/target/rls/debug/deps/bitflags-f75283d3dcd3daad.d","emit":"dep-info"}
{"artifact":"/home/gaffclant/Programming/Rust/MailServer-main/target/rls/debug/deps/save-analysis/libbitflags-f75283d3dcd3daad.json","emit":"save-analysis"}
{"artifact":"/home/gaffclant/Programming/Rust/MailServer-main/target/rls/debug/deps/libbitflags-f75283d3dcd3daad.rmeta","emit":"metadata"}
{"artifact":"/home/gaffclant/Programming/Rust/MailServer-main/target/rls/debug/deps/ryu-8959613479d2d57e.d","emit":"dep-info"}
{"artifact":"/home/gaffclant/Programming/Rust/MailServer-main/target/rls/debug/build/parking_lot_core-24b4545f8c61bfdb/build_script_build-24b4545f8c61bfdb","emit":"link"}
{"artifact":"/home/gaffclant/Programming/Rust/MailServer-main/target/rls/debug/deps/libpkg_config-9675c841656f0817.rlib","emit":"link"}
{"artifact":"/home/gaffclant/Programming/Rust/MailServer-main/target/rls/debug/deps/save-analysis/libryu-8959613479d2d57e.json","emit":"save-analysis"}
{"artifact":"/home/gaffclant/Programming/Rust/MailServer-main/target/rls/debug/deps/fallible_iterator-4d83cfd33d52a405.d","emit":"dep-info"}
{"artifact":"/home/gaffclant/Programming/Rust/MailServer-main/target/rls/debug/deps/libryu-8959613479d2d57e.rmeta","emit":"metadata"}
{"artifact":"/home/gaffclant/Programming/Rust/MailServer-main/target/rls/debug/deps/fallible_streaming_iterator-d043f026fc7b3c54.d","emit":"dep-info"}
{"artifact":"/home/gaffclant/Programming/Rust/MailServer-main/target/rls/debug/build/ahash-0cdd75fa2a1a666c/build_script_build-0cdd75fa2a1a666c.d","emit":"dep-info"}
{"artifact":"/home/gaffclant/Programming/Rust/MailServer-main/target/rls/debug/build/ahash-0cdd75fa2a1a666c/save-analysis/build_script_build-0cdd75fa2a1a666c.json","emit":"save-analysis"}
{"artifact":"/home/gaffclant/Programming/Rust/MailServer-main/target/rls/debug/build/serde_json-73e29b055cfb74cd/build_script_build-73e29b055cfb74cd","emit":"link"}
{"artifact":"/home/gaffclant/Programming/Rust/MailServer-main/target/rls/debug/deps/save-analysis/libfallible_streaming_iterator-d043f026fc7b3c54.json","emit":"save-analysis"}
{"artifact":"/home/gaffclant/Programming/Rust/MailServer-main/target/rls/debug/deps/libfallible_streaming_iterator-d043f026fc7b3c54.rmeta","emit":"metadata"}
{"artifact":"/home/gaffclant/Programming/Rust/MailServer-main/target/rls/debug/build/lock_api-f3b1499a7d0517c9/build_script_build-f3b1499a7d0517c9.d","emit":"dep-info"}
{"artifact":"/home/gaffclant/Programming/Rust/MailServer-main/target/rls/debug/build/lock_api-f3b1499a7d0517c9/save-analysis/build_script_build-f3b1499a7d0517c9.json","emit":"save-analysis"}
{"artifact":"/home/gaffclant/Programming/Rust/MailServer-main/target/rls/debug/build/serde-d7cf42fb0ccd4c6a/build_script_build-d7cf42fb0ccd4c6a","emit":"link"}
{"artifact":"/home/gaffclant/Programming/Rust/MailServer-main/target/rls/debug/deps/save-analysis/libppv_lite86-69fd5a07e81a9f25.json","emit":"save-analysis"}
{"artifact":"/home/gaffclant/Programming/Rust/MailServer-main/target/rls/debug/deps/libppv_lite86-69fd5a07e81a9f25.rmeta","emit":"metadata"}
{"artifact":"/home/gaffclant/Programming/Rust/MailServer-main/target/rls/debug/deps/save-analysis/libfallible_iterator-4d83cfd33d52a405.json","emit":"save-analysis"}
{"artifact":"/home/gaffclant/Programming/Rust/MailServer-main/target/rls/debug/deps/libfallible_iterator-4d83cfd33d52a405.rmeta","emit":"metadata"}
{"artifact":"/home/gaffclant/Programming/Rust/MailServer-main/target/rls/debug/build/ahash-0cdd75fa2a1a666c/build_script_build-0cdd75fa2a1a666c","emit":"link"}
{"artifact":"/home/gaffclant/Programming/Rust/MailServer-main/target/rls/debug/deps/log-e08e6005f620851e.d","emit":"dep-info"}
{"artifact":"/home/gaffclant/Programming/Rust/MailServer-main/target/rls/debug/deps/save-analysis/libbytes-0b6620405fcf1713.json","emit":"save-analysis"}
{"artifact":"/home/gaffclant/Programming/Rust/MailServer-main/target/rls/debug/deps/libbytes-0b6620405fcf1713.rmeta","emit":"metadata"}
{"artifact":"/home/gaffclant/Programming/Rust/MailServer-main/target/rls/debug/build/lock_api-f3b1499a7d0517c9/build_script_build-f3b1499a7d0517c9","emit":"link"}
{"artifact":"/home/gaffclant/Programming/Rust/MailServer-main/target/rls/debug/deps/memchr-09421297eb8835cb.d","emit":"dep-info"}
{"artifact":"/home/gaffclant/Programming/Rust/MailServer-main/target/rls/debug/deps/proc_macro2-8cb96000c96f9250.d","emit":"dep-info"}
{"artifact":"/home/gaffclant/Programming/Rust/MailServer-main/target/rls/debug/deps/save-analysis/liblog-e08e6005f620851e.json","emit":"save-analysis"}
{"artifact":"/home/gaffclant/Programming/Rust/MailServer-main/target/rls/debug/deps/liblog-e08e6005f620851e.rmeta","emit":"metadata"}
{"artifact":"/home/gaffclant/Programming/Rust/MailServer-main/target/rls/debug/deps/libvcpkg-fd873ba736077920.rlib","emit":"link"}
{"artifact":"/home/gaffclant/Programming/Rust/MailServer-main/target/rls/debug/deps/libc-a22854f29c09f49f.d","emit":"dep-info"}
{"artifact":"/home/gaffclant/Programming/Rust/MailServer-main/target/rls/debug/build/libsqlite3-sys-2e7da72f6d9a9972/build_script_build-2e7da72f6d9a9972.d","emit":"dep-info"}
{"artifact":"/home/gaffclant/Programming/Rust/MailServer-main/target/rls/debug/build/libsqlite3-sys-2e7da72f6d9a9972/save-analysis/build_script_build-2e7da72f6d9a9972.json","emit":"save-analysis"}
{"artifact":"/home/gaffclant/Programming/Rust/MailServer-main/target/rls/debug/deps/lock_api-2cb75106c8a81b48.d","emit":"dep-info"}
{"artifact":"/home/gaffclant/Programming/Rust/MailServer-main/target/rls/debug/deps/save-analysis/libproc_macro2-8cb96000c96f9250.json","emit":"save-analysis"}
{"artifact":"/home/gaffclant/Programming/Rust/MailServer-main/target/rls/debug/deps/save-analysis/libmemchr-09421297eb8835cb.json","emit":"save-analysis"}
{"artifact":"/home/gaffclant/Programming/Rust/MailServer-main/target/rls/debug/deps/libmemchr-09421297eb8835cb.rmeta","emit":"metadata"}
{"artifact":"/home/gaffclant/Programming/Rust/MailServer-main/target/rls/debug/deps/libproc_macro2-8cb96000c96f9250.rmeta","emit":"metadata"}
{"artifact":"/home/gaffclant/Programming/Rust/MailServer-main/target/rls/debug/deps/save-analysis/liblock_api-2cb75106c8a81b48.json","emit":"save-analysis"}
{"artifact":"/home/gaffclant/Programming/Rust/MailServer-main/target/rls/debug/deps/liblock_api-2cb75106c8a81b48.rmeta","emit":"metadata"}
{"artifact":"/home/gaffclant/Programming/Rust/MailServer-main/target/rls/debug/deps/libproc_macro2-8cb96000c96f9250.rlib","emit":"link"}
{"artifact":"/home/gaffclant/Programming/Rust/MailServer-main/target/rls/debug/deps/quote-6531c3c818581e12.d","emit":"dep-info"}
{"artifact":"/home/gaffclant/Programming/Rust/MailServer-main/target/rls/debug/build/libsqlite3-sys-2e7da72f6d9a9972/build_script_build-2e7da72f6d9a9972","emit":"link"}
{"artifact":"/home/gaffclant/Programming/Rust/MailServer-main/target/rls/debug/deps/liblibc-a22854f29c09f49f.rmeta","emit":"metadata"}
{"artifact":"/home/gaffclant/Programming/Rust/MailServer-main/target/rls/debug/deps/libsqlite3_sys-ca6101c5ddbaa4a0.d","emit":"dep-info"}
{"artifact":"/home/gaffclant/Programming/Rust/MailServer-main/target/rls/debug/deps/save-analysis/libquote-6531c3c818581e12.json","emit":"save-analysis"}
{"artifact":"/home/gaffclant/Programming/Rust/MailServer-main/target/rls/debug/deps/getrandom-fb4bfb7cf59cf900.d","emit":"dep-info"}
{"artifact":"/home/gaffclant/Programming/Rust/MailServer-main/target/rls/debug/deps/libquote-6531c3c818581e12.rmeta","emit":"metadata"}
{"artifact":"/home/gaffclant/Programming/Rust/MailServer-main/target/rls/debug/deps/signal_hook_registry-5b63086092f9847c.d","emit":"dep-info"}
{"artifact":"/home/gaffclant/Programming/Rust/MailServer-main/target/rls/debug/deps/parking_lot_core-ece18bcd44502dad.d","emit":"dep-info"}
{"artifact":"/home/gaffclant/Programming/Rust/MailServer-main/target/rls/debug/deps/socket2-c7197fa7c27f5f33.d","emit":"dep-info"}
{"artifact":"/home/gaffclant/Programming/Rust/MailServer-main/target/rls/debug/deps/mio-1ba975cce38b5264.d","emit":"dep-info"}
{"artifact":"/home/gaffclant/Programming/Rust/MailServer-main/target/rls/debug/deps/num_cpus-38a5bec3a6a2e536.d","emit":"dep-info"}
{"artifact":"/home/gaffclant/Programming/Rust/MailServer-main/target/rls/debug/deps/save-analysis/libgetrandom-fb4bfb7cf59cf900.json","emit":"save-analysis"}
{"artifact":"/home/gaffclant/Programming/Rust/MailServer-main/target/rls/debug/deps/libgetrandom-fb4bfb7cf59cf900.rmeta","emit":"metadata"}
{"artifact":"/home/gaffclant/Programming/Rust/MailServer-main/target/rls/debug/deps/save-analysis/libnum_cpus-38a5bec3a6a2e536.json","emit":"save-analysis"}
{"artifact":"/home/gaffclant/Programming/Rust/MailServer-main/target/rls/debug/deps/libnum_cpus-38a5bec3a6a2e536.rmeta","emit":"metadata"}
{"artifact":"/home/gaffclant/Programming/Rust/MailServer-main/target/rls/debug/deps/save-analysis/libsignal_hook_registry-5b63086092f9847c.json","emit":"save-analysis"}
{"artifact":"/home/gaffclant/Programming/Rust/MailServer-main/target/rls/debug/deps/libsignal_hook_registry-5b63086092f9847c.rmeta","emit":"metadata"}
{"artifact":"/home/gaffclant/Programming/Rust/MailServer-main/target/rls/debug/deps/save-analysis/liblibsqlite3_sys-ca6101c5ddbaa4a0.json","emit":"save-analysis"}
{"artifact":"/home/gaffclant/Programming/Rust/MailServer-main/target/rls/debug/deps/liblibsqlite3_sys-ca6101c5ddbaa4a0.rmeta","emit":"metadata"}
{"artifact":"/home/gaffclant/Programming/Rust/MailServer-main/target/rls/debug/deps/ahash-3d295a151df3f06b.d","emit":"dep-info"}
{"artifact":"/home/gaffclant/Programming/Rust/MailServer-main/target/rls/debug/deps/save-analysis/libparking_lot_core-ece18bcd44502dad.json","emit":"save-analysis"}
{"artifact":"/home/gaffclant/Programming/Rust/MailServer-main/target/rls/debug/deps/libparking_lot_core-ece18bcd44502dad.rmeta","emit":"metadata"}
{"artifact":"/home/gaffclant/Programming/Rust/MailServer-main/target/rls/debug/deps/rand_core-f143586844453f36.d","emit":"dep-info"}
{"artifact":"/home/gaffclant/Programming/Rust/MailServer-main/target/rls/debug/deps/libquote-6531c3c818581e12.rlib","emit":"link"}
{"artifact":"/home/gaffclant/Programming/Rust/MailServer-main/target/rls/debug/deps/parking_lot-97f681aa4d619ba6.d","emit":"dep-info"}
{"artifact":"/home/gaffclant/Programming/Rust/MailServer-main/target/rls/debug/deps/save-analysis/libsocket2-c7197fa7c27f5f33.json","emit":"save-analysis"}
{"artifact":"/home/gaffclant/Programming/Rust/MailServer-main/target/rls/debug/deps/libsocket2-c7197fa7c27f5f33.rmeta","emit":"metadata"}
{"artifact":"/home/gaffclant/Programming/Rust/MailServer-main/target/rls/debug/deps/save-analysis/librand_core-f143586844453f36.json","emit":"save-analysis"}
{"artifact":"/home/gaffclant/Programming/Rust/MailServer-main/target/rls/debug/deps/save-analysis/libahash-3d295a151df3f06b.json","emit":"save-analysis"}
{"artifact":"/home/gaffclant/Programming/Rust/MailServer-main/target/rls/debug/deps/librand_core-f143586844453f36.rmeta","emit":"metadata"}
{"artifact":"/home/gaffclant/Programming/Rust/MailServer-main/target/rls/debug/deps/libahash-3d295a151df3f06b.rmeta","emit":"metadata"}
{"artifact":"/home/gaffclant/Programming/Rust/MailServer-main/target/rls/debug/deps/rand_chacha-1f258a87e7370aba.d","emit":"dep-info"}
{"artifact":"/home/gaffclant/Programming/Rust/MailServer-main/target/rls/debug/deps/save-analysis/libmio-1ba975cce38b5264.json","emit":"save-analysis"}
{"artifact":"/home/gaffclant/Programming/Rust/MailServer-main/target/rls/debug/deps/libmio-1ba975cce38b5264.rmeta","emit":"metadata"}
{"artifact":"/home/gaffclant/Programming/Rust/MailServer-main/target/rls/debug/deps/hashbrown-bd86eb4d08f56639.d","emit":"dep-info"}
{"artifact":"/home/gaffclant/Programming/Rust/MailServer-main/target/rls/debug/deps/save-analysis/libparking_lot-97f681aa4d619ba6.json","emit":"save-analysis"}
{"artifact":"/home/gaffclant/Programming/Rust/MailServer-main/target/rls/debug/deps/libparking_lot-97f681aa4d619ba6.rmeta","emit":"metadata"}
{"artifact":"/home/gaffclant/Programming/Rust/MailServer-main/target/rls/debug/deps/save-analysis/librand_chacha-1f258a87e7370aba.json","emit":"save-analysis"}
{"artifact":"/home/gaffclant/Programming/Rust/MailServer-main/target/rls/debug/deps/librand_chacha-1f258a87e7370aba.rmeta","emit":"metadata"}
{"artifact":"/home/gaffclant/Programming/Rust/MailServer-main/target/rls/debug/deps/syn-5bf3d4fe0f9f6df8.d","emit":"dep-info"}
{"artifact":"/home/gaffclant/Programming/Rust/MailServer-main/target/rls/debug/deps/rand-bc6f6956df4cb011.d","emit":"dep-info"}
{"artifact":"/home/gaffclant/Programming/Rust/MailServer-main/target/rls/debug/deps/save-analysis/libhashbrown-bd86eb4d08f56639.json","emit":"save-analysis"}
{"artifact":"/home/gaffclant/Programming/Rust/MailServer-main/target/rls/debug/deps/libhashbrown-bd86eb4d08f56639.rmeta","emit":"metadata"}
{"artifact":"/home/gaffclant/Programming/Rust/MailServer-main/target/rls/debug/deps/hashlink-f5e636fb1b24b236.d","emit":"dep-info"}
{"artifact":"/home/gaffclant/Programming/Rust/MailServer-main/target/rls/debug/deps/save-analysis/libhashlink-f5e636fb1b24b236.json","emit":"save-analysis"}
{"artifact":"/home/gaffclant/Programming/Rust/MailServer-main/target/rls/debug/deps/libhashlink-f5e636fb1b24b236.rmeta","emit":"metadata"}
{"artifact":"/home/gaffclant/Programming/Rust/MailServer-main/target/rls/debug/deps/rusqlite-0eae9cb77b4cf572.d","emit":"dep-info"}
{"artifact":"/home/gaffclant/Programming/Rust/MailServer-main/target/rls/debug/deps/save-analysis/librand-bc6f6956df4cb011.json","emit":"save-analysis"}
{"artifact":"/home/gaffclant/Programming/Rust/MailServer-main/target/rls/debug/deps/librand-bc6f6956df4cb011.rmeta","emit":"metadata"}
{"artifact":"/home/gaffclant/Programming/Rust/MailServer-main/target/rls/debug/deps/save-analysis/librusqlite-0eae9cb77b4cf572.json","emit":"save-analysis"}
{"artifact":"/home/gaffclant/Programming/Rust/MailServer-main/target/rls/debug/deps/librusqlite-0eae9cb77b4cf572.rmeta","emit":"metadata"}
{"artifact":"/home/gaffclant/Programming/Rust/MailServer-main/target/rls/debug/deps/save-analysis/libsyn-5bf3d4fe0f9f6df8.json","emit":"save-analysis"}
{"artifact":"/home/gaffclant/Programming/Rust/MailServer-main/target/rls/debug/deps/libsyn-5bf3d4fe0f9f6df8.rmeta","emit":"metadata"}
{"artifact":"/home/gaffclant/Programming/Rust/MailServer-main/target/rls/debug/deps/libsyn-5bf3d4fe0f9f6df8.rlib","emit":"link"}
{"artifact":"/home/gaffclant/Programming/Rust/MailServer-main/target/rls/debug/deps/tokio_macros-27238f7f0bf77a46.d","emit":"dep-info"}
{"artifact":"/home/gaffclant/Programming/Rust/MailServer-main/target/rls/debug/deps/save-analysis/libtokio_macros-27238f7f0bf77a46.json","emit":"save-analysis"}
{"artifact":"/home/gaffclant/Programming/Rust/MailServer-main/target/rls/debug/deps/serde_derive-12931b9a4c8c5c20.d","emit":"dep-info"}
{"artifact":"/home/gaffclant/Programming/Rust/MailServer-main/target/rls/debug/deps/save-analysis/libserde_derive-12931b9a4c8c5c20.json","emit":"save-analysis"}
{"artifact":"/home/gaffclant/Programming/Rust/MailServer-main/target/rls/debug/deps/libtokio_macros-27238f7f0bf77a46.so","emit":"link"}
{"artifact":"/home/gaffclant/Programming/Rust/MailServer-main/target/rls/debug/deps/tokio-3950f93bf48d84e1.d","emit":"dep-info"}
{"artifact":"/home/gaffclant/Programming/Rust/MailServer-main/target/rls/debug/deps/libserde_derive-12931b9a4c8c5c20.so","emit":"link"}
{"artifact":"/home/gaffclant/Programming/Rust/MailServer-main/target/rls/debug/deps/serde-1df00b16f787d88d.d","emit":"dep-info"}
{"artifact":"/home/gaffclant/Programming/Rust/MailServer-main/target/rls/debug/deps/save-analysis/libtokio-3950f93bf48d84e1.json","emit":"save-analysis"}
{"artifact":"/home/gaffclant/Programming/Rust/MailServer-main/target/rls/debug/deps/libtokio-3950f93bf48d84e1.rmeta","emit":"metadata"}
{"artifact":"/home/gaffclant/Programming/Rust/MailServer-main/target/rls/debug/deps/libserde-1df00b16f787d88d.rmeta","emit":"metadata"}
{"artifact":"/home/gaffclant/Programming/Rust/MailServer-main/target/rls/debug/deps/serde_json-c083caf3f496a435.d","emit":"dep-info"}
{"artifact":"/home/gaffclant/Programming/Rust/MailServer-main/target/rls/debug/deps/libserde_json-c083caf3f496a435.rmeta","emit":"metadata"}
