[2022-08-06T16:16:01.029Z] Log level: Info
[2022-08-06T16:16:01.030Z] [info] Validating found git in: git
[2022-08-06T16:16:01.050Z] [info] Using git 2.37.1 from git
[2022-08-06T16:16:01.067Z] > git rev-parse --show-toplevel [3ms]
[2022-08-06T16:16:01.086Z] > git rev-parse --git-dir --git-common-dir [5ms]
[2022-08-06T16:16:01.096Z] [info] Open repository: /home/gaffclant/Programming/Rust/programming_concepts
[2022-08-06T16:16:01.114Z] > git status -z -uall [4ms]
[2022-08-06T16:16:01.127Z] > git symbolic-ref --short HEAD [3ms]
[2022-08-06T16:16:01.141Z] > git for-each-ref --format=%(refname)%00%(upstream:short)%00%(objectname)%00%(upstream:track)%00%(upstream:remotename)%00%(upstream:remoteref) refs/heads/master refs/remotes/master [3ms]
[2022-08-06T16:16:01.171Z] > git remote --verbose [5ms]
[2022-08-06T16:16:01.171Z] > git for-each-ref --sort -committerdate --format %(refname) %(objectname) %(*objectname) [17ms]
[2022-08-06T16:16:01.190Z] > git config --get commit.template [2ms]
[2022-08-06T16:16:01.215Z] > git status -z -uall [11ms]
[2022-08-06T16:16:01.231Z] > git symbolic-ref --short HEAD [3ms]
[2022-08-06T16:16:01.244Z] > git for-each-ref --format=%(refname)%00%(upstream:short)%00%(objectname)%00%(upstream:track)%00%(upstream:remotename)%00%(upstream:remoteref) refs/heads/master refs/remotes/master [2ms]
[2022-08-06T16:16:01.265Z] > git for-each-ref --sort -committerdate --format %(refname) %(objectname) %(*objectname) [9ms]
[2022-08-06T16:16:01.265Z] > git remote --verbose [2ms]
[2022-08-06T16:16:01.280Z] > git config --get commit.template [2ms]
[2022-08-06T16:16:02.066Z] > git check-ignore -v -z --stdin [1ms]
[2022-08-06T16:16:02.732Z] > git show --textconv :src/main.rs [12ms]
[2022-08-06T16:16:02.734Z] > git ls-files --stage -- /home/gaffclant/Programming/Rust/programming_concepts/src/main.rs [4ms]
[2022-08-06T16:16:04.096Z] > git status -z -uall [2ms]
[2022-08-06T16:16:04.101Z] > git symbolic-ref --short HEAD [1ms]
[2022-08-06T16:16:04.105Z] > git for-each-ref --format=%(refname)%00%(upstream:short)%00%(objectname)%00%(upstream:track)%00%(upstream:remotename)%00%(upstream:remoteref) refs/heads/master refs/remotes/master [1ms]
[2022-08-06T16:16:04.111Z] > git for-each-ref --sort -committerdate --format %(refname) %(objectname) %(*objectname) [3ms]
[2022-08-06T16:16:04.111Z] > git remote --verbose [1ms]
[2022-08-06T16:16:04.116Z] > git config --get commit.template [1ms]
[2022-08-06T16:16:09.130Z] > git status -z -uall [3ms]
[2022-08-06T16:16:09.142Z] > git symbolic-ref --short HEAD [2ms]
[2022-08-06T16:16:09.151Z] > git for-each-ref --format=%(refname)%00%(upstream:short)%00%(objectname)%00%(upstream:track)%00%(upstream:remotename)%00%(upstream:remoteref) refs/heads/master refs/remotes/master [1ms]
[2022-08-06T16:16:09.166Z] > git for-each-ref --sort -committerdate --format %(refname) %(objectname) %(*objectname) [7ms]
[2022-08-06T16:16:09.166Z] > git remote --verbose [2ms]
[2022-08-06T16:16:09.178Z] > git config --get commit.template [2ms]
[2022-08-06T16:16:16.800Z] > git status -z -uall [3ms]
[2022-08-06T16:16:16.811Z] > git symbolic-ref --short HEAD [3ms]
[2022-08-06T16:16:16.821Z] > git for-each-ref --format=%(refname)%00%(upstream:short)%00%(objectname)%00%(upstream:track)%00%(upstream:remotename)%00%(upstream:remoteref) refs/heads/master refs/remotes/master [2ms]
[2022-08-06T16:16:16.836Z] > git for-each-ref --sort -committerdate --format %(refname) %(objectname) %(*objectname) [7ms]
[2022-08-06T16:16:16.837Z] > git remote --verbose [2ms]
[2022-08-06T16:16:16.849Z] > git config --get commit.template [3ms]
[2022-08-06T16:16:21.861Z] > git status -z -uall [2ms]
[2022-08-06T16:16:21.871Z] > git symbolic-ref --short HEAD [2ms]
[2022-08-06T16:16:21.880Z] > git for-each-ref --format=%(refname)%00%(upstream:short)%00%(objectname)%00%(upstream:track)%00%(upstream:remotename)%00%(upstream:remoteref) refs/heads/master refs/remotes/master [2ms]
[2022-08-06T16:16:21.901Z] > git for-each-ref --sort -committerdate --format %(refname) %(objectname) %(*objectname) [12ms]
[2022-08-06T16:16:21.901Z] > git remote --verbose [5ms]
[2022-08-06T16:16:21.912Z] > git config --get commit.template [2ms]
[2022-08-06T16:16:26.927Z] > git status -z -uall [2ms]
[2022-08-06T16:16:26.936Z] > git symbolic-ref --short HEAD [2ms]
[2022-08-06T16:16:26.945Z] > git for-each-ref --format=%(refname)%00%(upstream:short)%00%(objectname)%00%(upstream:track)%00%(upstream:remotename)%00%(upstream:remoteref) refs/heads/master refs/remotes/master [1ms]
[2022-08-06T16:16:26.959Z] > git for-each-ref --sort -committerdate --format %(refname) %(objectname) %(*objectname) [8ms]
[2022-08-06T16:16:26.959Z] > git remote --verbose [2ms]
[2022-08-06T16:16:26.967Z] > git config --get commit.template [1ms]
[2022-08-06T16:16:31.979Z] > git status -z -uall [2ms]
[2022-08-06T16:16:31.983Z] > git symbolic-ref --short HEAD [1ms]
[2022-08-06T16:16:31.987Z] > git for-each-ref --format=%(refname)%00%(upstream:short)%00%(objectname)%00%(upstream:track)%00%(upstream:remotename)%00%(upstream:remoteref) refs/heads/master refs/remotes/master [1ms]
[2022-08-06T16:16:31.991Z] > git for-each-ref --sort -committerdate --format %(refname) %(objectname) %(*objectname) [2ms]
[2022-08-06T16:16:31.992Z] > git remote --verbose [1ms]
[2022-08-06T16:16:31.996Z] > git config --get commit.template [1ms]
[2022-08-06T16:16:37.011Z] > git status -z -uall [2ms]
[2022-08-06T16:16:37.020Z] > git symbolic-ref --short HEAD [2ms]
[2022-08-06T16:16:37.029Z] > git for-each-ref --format=%(refname)%00%(upstream:short)%00%(objectname)%00%(upstream:track)%00%(upstream:remotename)%00%(upstream:remoteref) refs/heads/master refs/remotes/master [1ms]
[2022-08-06T16:16:37.042Z] > git for-each-ref --sort -committerdate --format %(refname) %(objectname) %(*objectname) [7ms]
[2022-08-06T16:16:37.043Z] > git remote --verbose [2ms]
[2022-08-06T16:16:37.050Z] > git config --get commit.template [1ms]
[2022-08-06T16:16:42.059Z] > git status -z -uall [1ms]
[2022-08-06T16:16:42.063Z] > git symbolic-ref --short HEAD [1ms]
[2022-08-06T16:16:42.066Z] > git for-each-ref --format=%(refname)%00%(upstream:short)%00%(objectname)%00%(upstream:track)%00%(upstream:remotename)%00%(upstream:remoteref) refs/heads/master refs/remotes/master [1ms]
[2022-08-06T16:16:42.072Z] > git for-each-ref --sort -committerdate --format %(refname) %(objectname) %(*objectname) [3ms]
[2022-08-06T16:16:42.072Z] > git remote --verbose [1ms]
[2022-08-06T16:16:42.078Z] > git config --get commit.template [1ms]
[2022-08-06T16:16:47.092Z] > git status -z -uall [3ms]
[2022-08-06T16:16:47.103Z] > git symbolic-ref --short HEAD [2ms]
[2022-08-06T16:16:47.111Z] > git for-each-ref --format=%(refname)%00%(upstream:short)%00%(objectname)%00%(upstream:track)%00%(upstream:remotename)%00%(upstream:remoteref) refs/heads/master refs/remotes/master [1ms]
[2022-08-06T16:16:47.126Z] > git for-each-ref --sort -committerdate --format %(refname) %(objectname) %(*objectname) [7ms]
[2022-08-06T16:16:47.126Z] > git remote --verbose [1ms]
[2022-08-06T16:16:47.133Z] > git config --get commit.template [1ms]
[2022-08-06T16:17:07.065Z] > git status -z -uall [3ms]
[2022-08-06T16:17:07.074Z] > git symbolic-ref --short HEAD [1ms]
[2022-08-06T16:17:07.083Z] > git for-each-ref --format=%(refname)%00%(upstream:short)%00%(objectname)%00%(upstream:track)%00%(upstream:remotename)%00%(upstream:remoteref) refs/heads/master refs/remotes/master [2ms]
[2022-08-06T16:17:07.098Z] > git for-each-ref --sort -committerdate --format %(refname) %(objectname) %(*objectname) [7ms]
[2022-08-06T16:17:07.099Z] > git remote --verbose [1ms]
[2022-08-06T16:17:07.109Z] > git config --get commit.template [2ms]
[2022-08-06T16:17:12.115Z] > git status -z -uall [2ms]
[2022-08-06T16:17:12.118Z] > git symbolic-ref --short HEAD [0ms]
[2022-08-06T16:17:12.122Z] > git for-each-ref --format=%(refname)%00%(upstream:short)%00%(objectname)%00%(upstream:track)%00%(upstream:remotename)%00%(upstream:remoteref) refs/heads/master refs/remotes/master [1ms]
[2022-08-06T16:17:12.128Z] > git for-each-ref --sort -committerdate --format %(refname) %(objectname) %(*objectname) [3ms]
[2022-08-06T16:17:12.128Z] > git remote --verbose [0ms]
[2022-08-06T16:17:12.134Z] > git config --get commit.template [1ms]
[2022-08-06T16:17:17.145Z] > git status -z -uall [3ms]
[2022-08-06T16:17:17.153Z] > git symbolic-ref --short HEAD [2ms]
[2022-08-06T16:17:17.161Z] > git for-each-ref --format=%(refname)%00%(upstream:short)%00%(objectname)%00%(upstream:track)%00%(upstream:remotename)%00%(upstream:remoteref) refs/heads/master refs/remotes/master [1ms]
[2022-08-06T16:17:17.180Z] > git for-each-ref --sort -committerdate --format %(refname) %(objectname) %(*objectname) [14ms]
[2022-08-06T16:17:17.180Z] > git remote --verbose [6ms]
[2022-08-06T16:17:17.190Z] > git config --get commit.template [2ms]
[2022-08-06T16:17:22.199Z] > git status -z -uall [1ms]
[2022-08-06T16:17:22.205Z] > git symbolic-ref --short HEAD [1ms]
[2022-08-06T16:17:22.212Z] > git for-each-ref --format=%(refname)%00%(upstream:short)%00%(objectname)%00%(upstream:track)%00%(upstream:remotename)%00%(upstream:remoteref) refs/heads/master refs/remotes/master [1ms]
[2022-08-06T16:17:22.220Z] > git for-each-ref --sort -committerdate --format %(refname) %(objectname) %(*objectname) [4ms]
[2022-08-06T16:17:22.221Z] > git remote --verbose [2ms]
[2022-08-06T16:17:22.226Z] > git config --get commit.template [1ms]
[2022-08-06T16:17:27.241Z] > git status -z -uall [3ms]
[2022-08-06T16:17:27.250Z] > git symbolic-ref --short HEAD [2ms]
[2022-08-06T16:17:27.259Z] > git for-each-ref --format=%(refname)%00%(upstream:short)%00%(objectname)%00%(upstream:track)%00%(upstream:remotename)%00%(upstream:remoteref) refs/heads/master refs/remotes/master [1ms]
[2022-08-06T16:17:27.271Z] > git for-each-ref --sort -committerdate --format %(refname) %(objectname) %(*objectname) [6ms]
[2022-08-06T16:17:27.272Z] > git remote --verbose [2ms]
[2022-08-06T16:17:27.279Z] > git config --get commit.template [1ms]
[2022-08-06T16:17:39.704Z] > git status -z -uall [3ms]
[2022-08-06T16:17:39.717Z] > git symbolic-ref --short HEAD [4ms]
[2022-08-06T16:17:39.727Z] > git for-each-ref --format=%(refname)%00%(upstream:short)%00%(objectname)%00%(upstream:track)%00%(upstream:remotename)%00%(upstream:remoteref) refs/heads/master refs/remotes/master [1ms]
[2022-08-06T16:17:39.746Z] > git for-each-ref --sort -committerdate --format %(refname) %(objectname) %(*objectname) [11ms]
[2022-08-06T16:17:39.746Z] > git remote --verbose [3ms]
[2022-08-06T16:17:39.761Z] > git config --get commit.template [2ms]
[2022-08-06T16:17:44.773Z] > git status -z -uall [3ms]
[2022-08-06T16:17:44.782Z] > git symbolic-ref --short HEAD [2ms]
[2022-08-06T16:17:44.791Z] > git for-each-ref --format=%(refname)%00%(upstream:short)%00%(objectname)%00%(upstream:track)%00%(upstream:remotename)%00%(upstream:remoteref) refs/heads/master refs/remotes/master [2ms]
[2022-08-06T16:17:44.805Z] > git for-each-ref --sort -committerdate --format %(refname) %(objectname) %(*objectname) [8ms]
[2022-08-06T16:17:44.806Z] > git remote --verbose [3ms]
[2022-08-06T16:17:44.816Z] > git config --get commit.template [3ms]
[2022-08-06T16:17:49.827Z] > git status -z -uall [2ms]
[2022-08-06T16:17:49.837Z] > git symbolic-ref --short HEAD [2ms]
[2022-08-06T16:17:49.848Z] > git for-each-ref --format=%(refname)%00%(upstream:short)%00%(objectname)%00%(upstream:track)%00%(upstream:remotename)%00%(upstream:remoteref) refs/heads/master refs/remotes/master [2ms]
[2022-08-06T16:17:49.862Z] > git for-each-ref --sort -committerdate --format %(refname) %(objectname) %(*objectname) [7ms]
[2022-08-06T16:17:49.863Z] > git remote --verbose [2ms]
[2022-08-06T16:17:49.872Z] > git config --get commit.template [1ms]
[2022-08-06T16:17:54.883Z] > git status -z -uall [2ms]
[2022-08-06T16:17:54.891Z] > git symbolic-ref --short HEAD [1ms]
[2022-08-06T16:17:54.900Z] > git for-each-ref --format=%(refname)%00%(upstream:short)%00%(objectname)%00%(upstream:track)%00%(upstream:remotename)%00%(upstream:remoteref) refs/heads/master refs/remotes/master [1ms]
[2022-08-06T16:17:54.913Z] > git for-each-ref --sort -committerdate --format %(refname) %(objectname) %(*objectname) [6ms]
[2022-08-06T16:17:54.913Z] > git remote --verbose [1ms]
[2022-08-06T16:17:54.922Z] > git config --get commit.template [1ms]
[2022-08-06T16:17:59.931Z] > git status -z -uall [1ms]
[2022-08-06T16:17:59.936Z] > git symbolic-ref --short HEAD [1ms]
[2022-08-06T16:17:59.941Z] > git for-each-ref --format=%(refname)%00%(upstream:short)%00%(objectname)%00%(upstream:track)%00%(upstream:remotename)%00%(upstream:remoteref) refs/heads/master refs/remotes/master [1ms]
[2022-08-06T16:17:59.949Z] > git for-each-ref --sort -committerdate --format %(refname) %(objectname) %(*objectname) [4ms]
[2022-08-06T16:17:59.949Z] > git remote --verbose [1ms]
[2022-08-06T16:17:59.953Z] > git config --get commit.template [0ms]
[2022-08-06T16:18:06.299Z] > git status -z -uall [2ms]
[2022-08-06T16:18:06.305Z] > git symbolic-ref --short HEAD [1ms]
[2022-08-06T16:18:06.311Z] > git for-each-ref --format=%(refname)%00%(upstream:short)%00%(objectname)%00%(upstream:track)%00%(upstream:remotename)%00%(upstream:remoteref) refs/heads/master refs/remotes/master [2ms]
[2022-08-06T16:18:06.326Z] > git for-each-ref --sort -committerdate --format %(refname) %(objectname) %(*objectname) [8ms]
[2022-08-06T16:18:06.327Z] > git remote --verbose [2ms]
[2022-08-06T16:18:06.338Z] > git config --get commit.template [1ms]
[2022-08-06T16:18:11.351Z] > git status -z -uall [3ms]
[2022-08-06T16:18:11.362Z] > git symbolic-ref --short HEAD [3ms]
[2022-08-06T16:18:11.371Z] > git for-each-ref --format=%(refname)%00%(upstream:short)%00%(objectname)%00%(upstream:track)%00%(upstream:remotename)%00%(upstream:remoteref) refs/heads/master refs/remotes/master [2ms]
[2022-08-06T16:18:11.387Z] > git for-each-ref --sort -committerdate --format %(refname) %(objectname) %(*objectname) [10ms]
[2022-08-06T16:18:11.387Z] > git remote --verbose [2ms]
[2022-08-06T16:18:11.399Z] > git config --get commit.template [3ms]
[2022-08-06T16:18:16.413Z] > git status -z -uall [2ms]
[2022-08-06T16:18:16.421Z] > git symbolic-ref --short HEAD [2ms]
[2022-08-06T16:18:16.431Z] > git for-each-ref --format=%(refname)%00%(upstream:short)%00%(objectname)%00%(upstream:track)%00%(upstream:remotename)%00%(upstream:remoteref) refs/heads/master refs/remotes/master [3ms]
[2022-08-06T16:18:16.443Z] > git for-each-ref --sort -committerdate --format %(refname) %(objectname) %(*objectname) [5ms]
[2022-08-06T16:18:16.444Z] > git remote --verbose [1ms]
[2022-08-06T16:18:16.451Z] > git config --get commit.template [1ms]
[2022-08-06T16:18:21.463Z] > git status -z -uall [1ms]
[2022-08-06T16:18:21.474Z] > git symbolic-ref --short HEAD [2ms]
[2022-08-06T16:18:21.482Z] > git for-each-ref --format=%(refname)%00%(upstream:short)%00%(objectname)%00%(upstream:track)%00%(upstream:remotename)%00%(upstream:remoteref) refs/heads/master refs/remotes/master [2ms]
[2022-08-06T16:18:21.497Z] > git for-each-ref --sort -committerdate --format %(refname) %(objectname) %(*objectname) [7ms]
[2022-08-06T16:18:21.498Z] > git remote --verbose [2ms]
[2022-08-06T16:18:21.507Z] > git config --get commit.template [2ms]
[2022-08-06T16:18:50.085Z] > git status -z -uall [2ms]
[2022-08-06T16:18:50.089Z] > git symbolic-ref --short HEAD [1ms]
[2022-08-06T16:18:50.094Z] > git for-each-ref --format=%(refname)%00%(upstream:short)%00%(objectname)%00%(upstream:track)%00%(upstream:remotename)%00%(upstream:remoteref) refs/heads/master refs/remotes/master [1ms]
[2022-08-06T16:18:50.100Z] > git for-each-ref --sort -committerdate --format %(refname) %(objectname) %(*objectname) [3ms]
[2022-08-06T16:18:50.101Z] > git remote --verbose [1ms]
[2022-08-06T16:18:50.105Z] > git config --get commit.template [1ms]
[2022-08-06T16:19:38.199Z] > git status -z -uall [3ms]
[2022-08-06T16:19:38.208Z] > git symbolic-ref --short HEAD [2ms]
[2022-08-06T16:19:38.215Z] > git for-each-ref --format=%(refname)%00%(upstream:short)%00%(objectname)%00%(upstream:track)%00%(upstream:remotename)%00%(upstream:remoteref) refs/heads/master refs/remotes/master [2ms]
[2022-08-06T16:19:38.225Z] > git for-each-ref --sort -committerdate --format %(refname) %(objectname) %(*objectname) [6ms]
[2022-08-06T16:19:38.226Z] > git remote --verbose [1ms]
[2022-08-06T16:19:38.233Z] > git config --get commit.template [2ms]
[2022-08-06T16:19:43.993Z] > git status -z -uall [1ms]
[2022-08-06T16:19:43.998Z] > git symbolic-ref --short HEAD [1ms]
[2022-08-06T16:19:44.003Z] > git for-each-ref --format=%(refname)%00%(upstream:short)%00%(objectname)%00%(upstream:track)%00%(upstream:remotename)%00%(upstream:remoteref) refs/heads/master refs/remotes/master [1ms]
[2022-08-06T16:19:44.009Z] > git for-each-ref --sort -committerdate --format %(refname) %(objectname) %(*objectname) [3ms]
[2022-08-06T16:19:44.009Z] > git remote --verbose [1ms]
[2022-08-06T16:19:44.013Z] > git config --get commit.template [1ms]
[2022-08-06T16:19:49.024Z] > git status -z -uall [2ms]
[2022-08-06T16:19:49.034Z] > git symbolic-ref --short HEAD [3ms]
[2022-08-06T16:19:49.044Z] > git for-each-ref --format=%(refname)%00%(upstream:short)%00%(objectname)%00%(upstream:track)%00%(upstream:remotename)%00%(upstream:remoteref) refs/heads/master refs/remotes/master [2ms]
[2022-08-06T16:19:49.057Z] > git for-each-ref --sort -committerdate --format %(refname) %(objectname) %(*objectname) [6ms]
[2022-08-06T16:19:49.058Z] > git remote --verbose [2ms]
[2022-08-06T16:19:49.068Z] > git config --get commit.template [2ms]
[2022-08-06T16:20:07.952Z] > git status -z -uall [1ms]
[2022-08-06T16:20:07.956Z] > git symbolic-ref --short HEAD [1ms]
[2022-08-06T16:20:07.960Z] > git for-each-ref --format=%(refname)%00%(upstream:short)%00%(objectname)%00%(upstream:track)%00%(upstream:remotename)%00%(upstream:remoteref) refs/heads/master refs/remotes/master [1ms]
[2022-08-06T16:20:07.966Z] > git for-each-ref --sort -committerdate --format %(refname) %(objectname) %(*objectname) [3ms]
[2022-08-06T16:20:07.967Z] > git remote --verbose [0ms]
[2022-08-06T16:20:07.972Z] > git config --get commit.template [1ms]
[2022-08-06T16:20:12.982Z] > git status -z -uall [1ms]
[2022-08-06T16:20:12.991Z] > git symbolic-ref --short HEAD [2ms]
[2022-08-06T16:20:12.999Z] > git for-each-ref --format=%(refname)%00%(upstream:short)%00%(objectname)%00%(upstream:track)%00%(upstream:remotename)%00%(upstream:remoteref) refs/heads/master refs/remotes/master [2ms]
[2022-08-06T16:20:13.013Z] > git for-each-ref --sort -committerdate --format %(refname) %(objectname) %(*objectname) [7ms]
[2022-08-06T16:20:13.013Z] > git remote --verbose [1ms]
[2022-08-06T16:20:13.021Z] > git config --get commit.template [1ms]
[2022-08-06T16:20:19.654Z] > git status -z -uall [2ms]
[2022-08-06T16:20:19.666Z] > git symbolic-ref --short HEAD [2ms]
[2022-08-06T16:20:19.677Z] > git for-each-ref --format=%(refname)%00%(upstream:short)%00%(objectname)%00%(upstream:track)%00%(upstream:remotename)%00%(upstream:remoteref) refs/heads/master refs/remotes/master [2ms]
[2022-08-06T16:20:19.694Z] > git for-each-ref --sort -committerdate --format %(refname) %(objectname) %(*objectname) [10ms]
[2022-08-06T16:20:19.694Z] > git remote --verbose [2ms]
[2022-08-06T16:20:19.706Z] > git config --get commit.template [1ms]
[2022-08-06T16:20:24.717Z] > git status -z -uall [2ms]
[2022-08-06T16:20:24.725Z] > git symbolic-ref --short HEAD [1ms]
[2022-08-06T16:20:24.738Z] > git for-each-ref --format=%(refname)%00%(upstream:short)%00%(objectname)%00%(upstream:track)%00%(upstream:remotename)%00%(upstream:remoteref) refs/heads/master refs/remotes/master [2ms]
[2022-08-06T16:20:24.760Z] > git for-each-ref --sort -committerdate --format %(refname) %(objectname) %(*objectname) [13ms]
[2022-08-06T16:20:24.761Z] > git remote --verbose [5ms]
[2022-08-06T16:20:24.771Z] > git config --get commit.template [2ms]
[2022-08-06T16:20:29.787Z] > git status -z -uall [3ms]
[2022-08-06T16:20:29.797Z] > git symbolic-ref --short HEAD [2ms]
[2022-08-06T16:20:29.806Z] > git for-each-ref --format=%(refname)%00%(upstream:short)%00%(objectname)%00%(upstream:track)%00%(upstream:remotename)%00%(upstream:remoteref) refs/heads/master refs/remotes/master [2ms]
[2022-08-06T16:20:29.821Z] > git for-each-ref --sort -committerdate --format %(refname) %(objectname) %(*objectname) [8ms]
[2022-08-06T16:20:29.822Z] > git remote --verbose [2ms]
[2022-08-06T16:20:29.831Z] > git config --get commit.template [2ms]
[2022-08-06T16:20:34.841Z] > git status -z -uall [2ms]
[2022-08-06T16:20:34.852Z] > git symbolic-ref --short HEAD [2ms]
[2022-08-06T16:20:34.862Z] > git for-each-ref --format=%(refname)%00%(upstream:short)%00%(objectname)%00%(upstream:track)%00%(upstream:remotename)%00%(upstream:remoteref) refs/heads/master refs/remotes/master [2ms]
[2022-08-06T16:20:34.877Z] > git for-each-ref --sort -committerdate --format %(refname) %(objectname) %(*objectname) [8ms]
[2022-08-06T16:20:34.877Z] > git remote --verbose [2ms]
[2022-08-06T16:20:34.886Z] > git config --get commit.template [1ms]
[2022-08-06T16:20:39.897Z] > git status -z -uall [2ms]
[2022-08-06T16:20:39.905Z] > git symbolic-ref --short HEAD [2ms]
[2022-08-06T16:20:39.914Z] > git for-each-ref --format=%(refname)%00%(upstream:short)%00%(objectname)%00%(upstream:track)%00%(upstream:remotename)%00%(upstream:remoteref) refs/heads/master refs/remotes/master [2ms]
[2022-08-06T16:20:39.924Z] > git remote --verbose [1ms]
[2022-08-06T16:20:39.924Z] > git for-each-ref --sort -committerdate --format %(refname) %(objectname) %(*objectname) [6ms]
[2022-08-06T16:20:39.933Z] > git config --get commit.template [1ms]
[2022-08-06T16:20:44.943Z] > git status -z -uall [1ms]
[2022-08-06T16:20:44.953Z] > git symbolic-ref --short HEAD [3ms]
[2022-08-06T16:20:44.962Z] > git for-each-ref --format=%(refname)%00%(upstream:short)%00%(objectname)%00%(upstream:track)%00%(upstream:remotename)%00%(upstream:remoteref) refs/heads/master refs/remotes/master [2ms]
[2022-08-06T16:20:44.977Z] > git for-each-ref --sort -committerdate --format %(refname) %(objectname) %(*objectname) [8ms]
[2022-08-06T16:20:44.977Z] > git remote --verbose [1ms]
[2022-08-06T16:20:44.988Z] > git config --get commit.template [2ms]
[2022-08-06T16:20:49.998Z] > git status -z -uall [1ms]
[2022-08-06T16:20:50.002Z] > git symbolic-ref --short HEAD [1ms]
[2022-08-06T16:20:50.006Z] > git for-each-ref --format=%(refname)%00%(upstream:short)%00%(objectname)%00%(upstream:track)%00%(upstream:remotename)%00%(upstream:remoteref) refs/heads/master refs/remotes/master [1ms]
[2022-08-06T16:20:50.012Z] > git for-each-ref --sort -committerdate --format %(refname) %(objectname) %(*objectname) [3ms]
[2022-08-06T16:20:50.012Z] > git remote --verbose [1ms]
[2022-08-06T16:20:50.017Z] > git config --get commit.template [1ms]
[2022-08-06T16:20:55.692Z] > git status -z -uall [2ms]
[2022-08-06T16:20:55.704Z] > git symbolic-ref --short HEAD [3ms]
[2022-08-06T16:20:55.715Z] > git for-each-ref --format=%(refname)%00%(upstream:short)%00%(objectname)%00%(upstream:track)%00%(upstream:remotename)%00%(upstream:remoteref) refs/heads/master refs/remotes/master [2ms]
[2022-08-06T16:20:55.734Z] > git for-each-ref --sort -committerdate --format %(refname) %(objectname) %(*objectname) [10ms]
[2022-08-06T16:20:55.735Z] > git remote --verbose [2ms]
[2022-08-06T16:20:55.745Z] > git config --get commit.template [2ms]
[2022-08-06T16:21:00.757Z] > git status -z -uall [2ms]
[2022-08-06T16:21:00.766Z] > git symbolic-ref --short HEAD [2ms]
[2022-08-06T16:21:00.773Z] > git for-each-ref --format=%(refname)%00%(upstream:short)%00%(objectname)%00%(upstream:track)%00%(upstream:remotename)%00%(upstream:remoteref) refs/heads/master refs/remotes/master [1ms]
[2022-08-06T16:21:00.788Z] > git for-each-ref --sort -committerdate --format %(refname) %(objectname) %(*objectname) [8ms]
[2022-08-06T16:21:00.788Z] > git remote --verbose [1ms]
[2022-08-06T16:21:00.798Z] > git config --get commit.template [2ms]
[2022-08-06T16:21:05.810Z] > git status -z -uall [2ms]
[2022-08-06T16:21:05.820Z] > git symbolic-ref --short HEAD [2ms]
[2022-08-06T16:21:05.828Z] > git for-each-ref --format=%(refname)%00%(upstream:short)%00%(objectname)%00%(upstream:track)%00%(upstream:remotename)%00%(upstream:remoteref) refs/heads/master refs/remotes/master [1ms]
[2022-08-06T16:21:05.846Z] > git for-each-ref --sort -committerdate --format %(refname) %(objectname) %(*objectname) [9ms]
[2022-08-06T16:21:05.846Z] > git remote --verbose [1ms]
[2022-08-06T16:21:05.856Z] > git config --get commit.template [1ms]
[2022-08-06T16:21:10.868Z] > git status -z -uall [2ms]
[2022-08-06T16:21:10.878Z] > git symbolic-ref --short HEAD [2ms]
[2022-08-06T16:21:10.888Z] > git for-each-ref --format=%(refname)%00%(upstream:short)%00%(objectname)%00%(upstream:track)%00%(upstream:remotename)%00%(upstream:remoteref) refs/heads/master refs/remotes/master [2ms]
[2022-08-06T16:21:10.904Z] > git for-each-ref --sort -committerdate --format %(refname) %(objectname) %(*objectname) [8ms]
[2022-08-06T16:21:10.905Z] > git remote --verbose [3ms]
[2022-08-06T16:21:10.913Z] > git config --get commit.template [1ms]
[2022-08-06T16:21:15.927Z] > git status -z -uall [3ms]
[2022-08-06T16:21:15.934Z] > git symbolic-ref --short HEAD [1ms]
[2022-08-06T16:21:15.939Z] > git for-each-ref --format=%(refname)%00%(upstream:short)%00%(objectname)%00%(upstream:track)%00%(upstream:remotename)%00%(upstream:remoteref) refs/heads/master refs/remotes/master [1ms]
[2022-08-06T16:21:15.945Z] > git for-each-ref --sort -committerdate --format %(refname) %(objectname) %(*objectname) [3ms]
[2022-08-06T16:21:15.946Z] > git remote --verbose [1ms]
[2022-08-06T16:21:15.950Z] > git config --get commit.template [1ms]
[2022-08-06T16:21:20.962Z] > git status -z -uall [2ms]
[2022-08-06T16:21:20.972Z] > git symbolic-ref --short HEAD [2ms]
[2022-08-06T16:21:20.980Z] > git for-each-ref --format=%(refname)%00%(upstream:short)%00%(objectname)%00%(upstream:track)%00%(upstream:remotename)%00%(upstream:remoteref) refs/heads/master refs/remotes/master [1ms]
[2022-08-06T16:21:20.994Z] > git for-each-ref --sort -committerdate --format %(refname) %(objectname) %(*objectname) [7ms]
[2022-08-06T16:21:20.995Z] > git remote --verbose [2ms]
[2022-08-06T16:21:21.003Z] > git config --get commit.template [1ms]
[2022-08-06T16:21:31.567Z] > git status -z -uall [1ms]
[2022-08-06T16:21:31.577Z] > git symbolic-ref --short HEAD [1ms]
[2022-08-06T16:21:31.588Z] > git for-each-ref --format=%(refname)%00%(upstream:short)%00%(objectname)%00%(upstream:track)%00%(upstream:remotename)%00%(upstream:remoteref) refs/heads/master refs/remotes/master [3ms]
[2022-08-06T16:21:31.608Z] > git for-each-ref --sort -committerdate --format %(refname) %(objectname) %(*objectname) [13ms]
[2022-08-06T16:21:31.609Z] > git remote --verbose [7ms]
[2022-08-06T16:21:31.620Z] > git config --get commit.template [2ms]
[2022-08-06T16:21:36.631Z] > git status -z -uall [2ms]
[2022-08-06T16:21:36.643Z] > git symbolic-ref --short HEAD [1ms]
[2022-08-06T16:21:36.654Z] > git for-each-ref --format=%(refname)%00%(upstream:short)%00%(objectname)%00%(upstream:track)%00%(upstream:remotename)%00%(upstream:remoteref) refs/heads/master refs/remotes/master [3ms]
[2022-08-06T16:21:36.667Z] > git for-each-ref --sort -committerdate --format %(refname) %(objectname) %(*objectname) [6ms]
[2022-08-06T16:21:36.667Z] > git remote --verbose [1ms]
[2022-08-06T16:21:36.678Z] > git config --get commit.template [2ms]
[2022-08-06T16:21:41.690Z] > git status -z -uall [2ms]
[2022-08-06T16:21:41.700Z] > git symbolic-ref --short HEAD [1ms]
[2022-08-06T16:21:41.711Z] > git for-each-ref --format=%(refname)%00%(upstream:short)%00%(objectname)%00%(upstream:track)%00%(upstream:remotename)%00%(upstream:remoteref) refs/heads/master refs/remotes/master [2ms]
[2022-08-06T16:21:41.727Z] > git for-each-ref --sort -committerdate --format %(refname) %(objectname) %(*objectname) [8ms]
[2022-08-06T16:21:41.728Z] > git remote --verbose [3ms]
[2022-08-06T16:21:41.738Z] > git config --get commit.template [1ms]
[2022-08-06T16:21:46.752Z] > git status -z -uall [2ms]
[2022-08-06T16:21:46.762Z] > git symbolic-ref --short HEAD [2ms]
[2022-08-06T16:21:46.769Z] > git for-each-ref --format=%(refname)%00%(upstream:short)%00%(objectname)%00%(upstream:track)%00%(upstream:remotename)%00%(upstream:remoteref) refs/heads/master refs/remotes/master [1ms]
[2022-08-06T16:21:46.781Z] > git for-each-ref --sort -committerdate --format %(refname) %(objectname) %(*objectname) [6ms]
[2022-08-06T16:21:46.782Z] > git remote --verbose [2ms]
[2022-08-06T16:21:46.788Z] > git config --get commit.template [1ms]
[2022-08-06T16:21:52.325Z] > git status -z -uall [1ms]
[2022-08-06T16:21:52.334Z] > git symbolic-ref --short HEAD [1ms]
[2022-08-06T16:21:52.341Z] > git for-each-ref --format=%(refname)%00%(upstream:short)%00%(objectname)%00%(upstream:track)%00%(upstream:remotename)%00%(upstream:remoteref) refs/heads/master refs/remotes/master [1ms]
[2022-08-06T16:21:52.356Z] > git for-each-ref --sort -committerdate --format %(refname) %(objectname) %(*objectname) [8ms]
[2022-08-06T16:21:52.357Z] > git remote --verbose [2ms]
[2022-08-06T16:21:52.368Z] > git config --get commit.template [2ms]
[2022-08-06T16:21:53.712Z] > git show --textconv :src/main.rs [7ms]
[2022-08-06T16:21:53.713Z] > git ls-files --stage -- /home/gaffclant/Programming/Rust/programming_concepts/src/main.rs [2ms]
[2022-08-06T16:22:16.041Z] > git status -z -uall [1ms]
[2022-08-06T16:22:16.045Z] > git symbolic-ref --short HEAD [0ms]
[2022-08-06T16:22:16.049Z] > git for-each-ref --format=%(refname)%00%(upstream:short)%00%(objectname)%00%(upstream:track)%00%(upstream:remotename)%00%(upstream:remoteref) refs/heads/master refs/remotes/master [0ms]
[2022-08-06T16:22:16.055Z] > git for-each-ref --sort -committerdate --format %(refname) %(objectname) %(*objectname) [3ms]
[2022-08-06T16:22:16.056Z] > git remote --verbose [1ms]
[2022-08-06T16:22:16.060Z] > git config --get commit.template [1ms]
[2022-08-06T16:22:21.077Z] > git status -z -uall [3ms]
[2022-08-06T16:22:21.087Z] > git symbolic-ref --short HEAD [2ms]
[2022-08-06T16:22:21.098Z] > git for-each-ref --format=%(refname)%00%(upstream:short)%00%(objectname)%00%(upstream:track)%00%(upstream:remotename)%00%(upstream:remoteref) refs/heads/master refs/remotes/master [2ms]
[2022-08-06T16:22:21.111Z] > git for-each-ref --sort -committerdate --format %(refname) %(objectname) %(*objectname) [6ms]
[2022-08-06T16:22:21.111Z] > git remote --verbose [2ms]
[2022-08-06T16:22:21.121Z] > git config --get commit.template [2ms]
[2022-08-06T16:22:26.127Z] > git status -z -uall [1ms]
[2022-08-06T16:22:26.131Z] > git symbolic-ref --short HEAD [1ms]
[2022-08-06T16:22:26.135Z] > git for-each-ref --format=%(refname)%00%(upstream:short)%00%(objectname)%00%(upstream:track)%00%(upstream:remotename)%00%(upstream:remoteref) refs/heads/master refs/remotes/master [1ms]
[2022-08-06T16:22:26.141Z] > git for-each-ref --sort -committerdate --format %(refname) %(objectname) %(*objectname) [3ms]
[2022-08-06T16:22:26.141Z] > git remote --verbose [1ms]
[2022-08-06T16:22:26.146Z] > git config --get commit.template [1ms]
[2022-08-06T16:22:31.957Z] > git show --textconv :src/main.rs [6ms]
[2022-08-06T16:22:31.958Z] > git ls-files --stage -- /home/gaffclant/Programming/Rust/programming_concepts/src/main.rs [1ms]
[2022-08-06T16:22:37.237Z] > git status -z -uall [3ms]
[2022-08-06T16:22:37.247Z] > git symbolic-ref --short HEAD [1ms]
[2022-08-06T16:22:37.255Z] > git for-each-ref --format=%(refname)%00%(upstream:short)%00%(objectname)%00%(upstream:track)%00%(upstream:remotename)%00%(upstream:remoteref) refs/heads/master refs/remotes/master [1ms]
[2022-08-06T16:22:37.268Z] > git for-each-ref --sort -committerdate --format %(refname) %(objectname) %(*objectname) [6ms]
[2022-08-06T16:22:37.268Z] > git remote --verbose [0ms]
[2022-08-06T16:22:37.278Z] > git config --get commit.template [1ms]
[2022-08-06T16:22:45.287Z] > git status -z -uall [1ms]
[2022-08-06T16:22:45.300Z] > git symbolic-ref --short HEAD [3ms]
[2022-08-06T16:22:45.308Z] > git for-each-ref --format=%(refname)%00%(upstream:short)%00%(objectname)%00%(upstream:track)%00%(upstream:remotename)%00%(upstream:remoteref) refs/heads/master refs/remotes/master [2ms]
[2022-08-06T16:22:45.322Z] > git for-each-ref --sort -committerdate --format %(refname) %(objectname) %(*objectname) [7ms]
[2022-08-06T16:22:45.323Z] > git remote --verbose [2ms]
[2022-08-06T16:22:45.334Z] > git config --get commit.template [1ms]
[2022-08-06T16:22:50.346Z] > git status -z -uall [2ms]
[2022-08-06T16:22:50.355Z] > git symbolic-ref --short HEAD [2ms]
[2022-08-06T16:22:50.364Z] > git for-each-ref --format=%(refname)%00%(upstream:short)%00%(objectname)%00%(upstream:track)%00%(upstream:remotename)%00%(upstream:remoteref) refs/heads/master refs/remotes/master [1ms]
[2022-08-06T16:22:50.378Z] > git for-each-ref --sort -committerdate --format %(refname) %(objectname) %(*objectname) [7ms]
[2022-08-06T16:22:50.378Z] > git remote --verbose [2ms]
[2022-08-06T16:22:50.388Z] > git config --get commit.template [2ms]
[2022-08-06T16:22:55.400Z] > git status -z -uall [3ms]
[2022-08-06T16:22:55.408Z] > git symbolic-ref --short HEAD [1ms]
[2022-08-06T16:22:55.417Z] > git for-each-ref --format=%(refname)%00%(upstream:short)%00%(objectname)%00%(upstream:track)%00%(upstream:remotename)%00%(upstream:remoteref) refs/heads/master refs/remotes/master [2ms]
[2022-08-06T16:22:55.431Z] > git for-each-ref --sort -committerdate --format %(refname) %(objectname) %(*objectname) [6ms]
[2022-08-06T16:22:55.431Z] > git remote --verbose [1ms]
[2022-08-06T16:22:55.441Z] > git config --get commit.template [1ms]
[2022-08-06T16:23:00.453Z] > git status -z -uall [3ms]
[2022-08-06T16:23:00.463Z] > git symbolic-ref --short HEAD [2ms]
[2022-08-06T16:23:00.473Z] > git for-each-ref --format=%(refname)%00%(upstream:short)%00%(objectname)%00%(upstream:track)%00%(upstream:remotename)%00%(upstream:remoteref) refs/heads/master refs/remotes/master [2ms]
[2022-08-06T16:23:00.494Z] > git for-each-ref --sort -committerdate --format %(refname) %(objectname) %(*objectname) [12ms]
[2022-08-06T16:23:00.494Z] > git remote --verbose [3ms]
[2022-08-06T16:23:00.506Z] > git config --get commit.template [2ms]
[2022-08-06T16:23:08.040Z] > git status -z -uall [1ms]
[2022-08-06T16:23:08.046Z] > git symbolic-ref --short HEAD [1ms]
[2022-08-06T16:23:08.050Z] > git for-each-ref --format=%(refname)%00%(upstream:short)%00%(objectname)%00%(upstream:track)%00%(upstream:remotename)%00%(upstream:remoteref) refs/heads/master refs/remotes/master [1ms]
[2022-08-06T16:23:08.056Z] > git for-each-ref --sort -committerdate --format %(refname) %(objectname) %(*objectname) [3ms]
[2022-08-06T16:23:08.056Z] > git remote --verbose [1ms]
[2022-08-06T16:23:08.060Z] > git config --get commit.template [1ms]
[2022-08-06T16:24:11.805Z] > git status -z -uall [2ms]
[2022-08-06T16:24:11.816Z] > git symbolic-ref --short HEAD [2ms]
[2022-08-06T16:24:11.825Z] > git for-each-ref --format=%(refname)%00%(upstream:short)%00%(objectname)%00%(upstream:track)%00%(upstream:remotename)%00%(upstream:remoteref) refs/heads/master refs/remotes/master [2ms]
[2022-08-06T16:24:11.842Z] > git for-each-ref --sort -committerdate --format %(refname) %(objectname) %(*objectname) [9ms]
[2022-08-06T16:24:11.843Z] > git remote --verbose [3ms]
[2022-08-06T16:24:11.854Z] > git config --get commit.template [1ms]
[2022-08-06T16:24:17.128Z] > git status -z -uall [2ms]
[2022-08-06T16:24:17.138Z] > git symbolic-ref --short HEAD [2ms]
[2022-08-06T16:24:17.147Z] > git for-each-ref --format=%(refname)%00%(upstream:short)%00%(objectname)%00%(upstream:track)%00%(upstream:remotename)%00%(upstream:remoteref) refs/heads/master refs/remotes/master [1ms]
[2022-08-06T16:24:17.160Z] > git for-each-ref --sort -committerdate --format %(refname) %(objectname) %(*objectname) [7ms]
[2022-08-06T16:24:17.161Z] > git remote --verbose [2ms]
[2022-08-06T16:24:17.169Z] > git config --get commit.template [1ms]
[2022-08-06T16:24:31.033Z] > git status -z -uall [2ms]
[2022-08-06T16:24:31.042Z] > git symbolic-ref --short HEAD [2ms]
[2022-08-06T16:24:31.048Z] > git for-each-ref --format=%(refname)%00%(upstream:short)%00%(objectname)%00%(upstream:track)%00%(upstream:remotename)%00%(upstream:remoteref) refs/heads/master refs/remotes/master [2ms]
[2022-08-06T16:24:31.060Z] > git for-each-ref --sort -committerdate --format %(refname) %(objectname) %(*objectname) [7ms]
[2022-08-06T16:24:31.061Z] > git remote --verbose [2ms]
[2022-08-06T16:24:31.067Z] > git config --get commit.template [1ms]
[2022-08-06T16:24:36.073Z] > git status -z -uall [1ms]
[2022-08-06T16:24:36.081Z] > git symbolic-ref --short HEAD [1ms]
[2022-08-06T16:24:36.087Z] > git for-each-ref --format=%(refname)%00%(upstream:short)%00%(objectname)%00%(upstream:track)%00%(upstream:remotename)%00%(upstream:remoteref) refs/heads/master refs/remotes/master [2ms]
[2022-08-06T16:24:36.096Z] > git for-each-ref --sort -committerdate --format %(refname) %(objectname) %(*objectname) [5ms]
[2022-08-06T16:24:36.096Z] > git remote --verbose [1ms]
[2022-08-06T16:24:36.102Z] > git config --get commit.template [1ms]
[2022-08-06T16:24:41.117Z] > git status -z -uall [3ms]
[2022-08-06T16:24:41.127Z] > git symbolic-ref --short HEAD [1ms]
[2022-08-06T16:24:41.134Z] > git for-each-ref --format=%(refname)%00%(upstream:short)%00%(objectname)%00%(upstream:track)%00%(upstream:remotename)%00%(upstream:remoteref) refs/heads/master refs/remotes/master [1ms]
[2022-08-06T16:24:41.146Z] > git for-each-ref --sort -committerdate --format %(refname) %(objectname) %(*objectname) [5ms]
[2022-08-06T16:24:41.146Z] > git remote --verbose [1ms]
[2022-08-06T16:24:41.155Z] > git config --get commit.template [2ms]
[2022-08-06T16:24:46.160Z] > git status -z -uall [1ms]
[2022-08-06T16:24:46.164Z] > git symbolic-ref --short HEAD [1ms]
[2022-08-06T16:24:46.167Z] > git for-each-ref --format=%(refname)%00%(upstream:short)%00%(objectname)%00%(upstream:track)%00%(upstream:remotename)%00%(upstream:remoteref) refs/heads/master refs/remotes/master [1ms]
[2022-08-06T16:24:46.172Z] > git for-each-ref --sort -committerdate --format %(refname) %(objectname) %(*objectname) [3ms]
[2022-08-06T16:24:46.172Z] > git remote --verbose [1ms]
[2022-08-06T16:24:46.175Z] > git config --get commit.template [0ms]
[2022-08-06T16:24:51.620Z] > git status -z -uall [2ms]
[2022-08-06T16:24:51.627Z] > git symbolic-ref --short HEAD [2ms]
[2022-08-06T16:24:51.638Z] > git for-each-ref --format=%(refname)%00%(upstream:short)%00%(objectname)%00%(upstream:track)%00%(upstream:remotename)%00%(upstream:remoteref) refs/heads/master refs/remotes/master [3ms]
[2022-08-06T16:24:51.657Z] > git for-each-ref --sort -committerdate --format %(refname) %(objectname) %(*objectname) [10ms]
[2022-08-06T16:24:51.657Z] > git remote --verbose [1ms]
[2022-08-06T16:24:51.669Z] > git config --get commit.template [1ms]
[2022-08-06T16:24:56.684Z] > git status -z -uall [3ms]
[2022-08-06T16:24:56.693Z] > git symbolic-ref --short HEAD [2ms]
[2022-08-06T16:24:56.697Z] > git for-each-ref --format=%(refname)%00%(upstream:short)%00%(objectname)%00%(upstream:track)%00%(upstream:remotename)%00%(upstream:remoteref) refs/heads/master refs/remotes/master [1ms]
[2022-08-06T16:24:56.704Z] > git for-each-ref --sort -committerdate --format %(refname) %(objectname) %(*objectname) [4ms]
[2022-08-06T16:24:56.705Z] > git remote --verbose [2ms]
[2022-08-06T16:24:56.710Z] > git config --get commit.template [1ms]
[2022-08-06T16:25:01.720Z] > git status -z -uall [2ms]
[2022-08-06T16:25:01.731Z] > git symbolic-ref --short HEAD [2ms]
[2022-08-06T16:25:01.742Z] > git for-each-ref --format=%(refname)%00%(upstream:short)%00%(objectname)%00%(upstream:track)%00%(upstream:remotename)%00%(upstream:remoteref) refs/heads/master refs/remotes/master [2ms]
[2022-08-06T16:25:01.757Z] > git for-each-ref --sort -committerdate --format %(refname) %(objectname) %(*objectname) [7ms]
[2022-08-06T16:25:01.757Z] > git remote --verbose [1ms]
[2022-08-06T16:25:01.766Z] > git config --get commit.template [1ms]
[2022-08-06T16:25:08.750Z] > git status -z -uall [3ms]
[2022-08-06T16:25:08.760Z] > git symbolic-ref --short HEAD [2ms]
[2022-08-06T16:25:08.768Z] > git for-each-ref --format=%(refname)%00%(upstream:short)%00%(objectname)%00%(upstream:track)%00%(upstream:remotename)%00%(upstream:remoteref) refs/heads/master refs/remotes/master [2ms]
[2022-08-06T16:25:08.781Z] > git for-each-ref --sort -committerdate --format %(refname) %(objectname) %(*objectname) [5ms]
[2022-08-06T16:25:08.782Z] > git remote --verbose [2ms]
[2022-08-06T16:25:08.792Z] > git config --get commit.template [2ms]
[2022-08-06T16:25:19.895Z] > git status -z -uall [2ms]
[2022-08-06T16:25:19.903Z] > git symbolic-ref --short HEAD [2ms]
[2022-08-06T16:25:19.910Z] > git for-each-ref --format=%(refname)%00%(upstream:short)%00%(objectname)%00%(upstream:track)%00%(upstream:remotename)%00%(upstream:remoteref) refs/heads/master refs/remotes/master [1ms]
[2022-08-06T16:25:19.916Z] > git for-each-ref --sort -committerdate --format %(refname) %(objectname) %(*objectname) [3ms]
[2022-08-06T16:25:19.916Z] > git remote --verbose [1ms]
[2022-08-06T16:25:19.921Z] > git config --get commit.template [1ms]
[2022-08-06T16:25:24.937Z] > git status -z -uall [3ms]
[2022-08-06T16:25:24.947Z] > git symbolic-ref --short HEAD [2ms]
[2022-08-06T16:25:24.956Z] > git for-each-ref --format=%(refname)%00%(upstream:short)%00%(objectname)%00%(upstream:track)%00%(upstream:remotename)%00%(upstream:remoteref) refs/heads/master refs/remotes/master [2ms]
[2022-08-06T16:25:24.973Z] > git for-each-ref --sort -committerdate --format %(refname) %(objectname) %(*objectname) [9ms]
[2022-08-06T16:25:24.973Z] > git remote --verbose [2ms]
[2022-08-06T16:25:24.984Z] > git config --get commit.template [2ms]
[2022-08-06T16:25:32.010Z] > git status -z -uall [3ms]
[2022-08-06T16:25:32.019Z] > git symbolic-ref --short HEAD [1ms]
[2022-08-06T16:25:32.024Z] > git for-each-ref --format=%(refname)%00%(upstream:short)%00%(objectname)%00%(upstream:track)%00%(upstream:remotename)%00%(upstream:remoteref) refs/heads/master refs/remotes/master [1ms]
[2022-08-06T16:25:32.036Z] > git for-each-ref --sort -committerdate --format %(refname) %(objectname) %(*objectname) [6ms]
[2022-08-06T16:25:32.036Z] > git remote --verbose [1ms]
[2022-08-06T16:25:32.042Z] > git config --get commit.template [2ms]
[2022-08-06T16:25:37.056Z] > git status -z -uall [3ms]
[2022-08-06T16:25:37.066Z] > git symbolic-ref --short HEAD [2ms]
[2022-08-06T16:25:37.075Z] > git for-each-ref --format=%(refname)%00%(upstream:short)%00%(objectname)%00%(upstream:track)%00%(upstream:remotename)%00%(upstream:remoteref) refs/heads/master refs/remotes/master [1ms]
[2022-08-06T16:25:37.090Z] > git for-each-ref --sort -committerdate --format %(refname) %(objectname) %(*objectname) [9ms]
[2022-08-06T16:25:37.091Z] > git remote --verbose [3ms]
[2022-08-06T16:25:37.100Z] > git config --get commit.template [2ms]
[2022-08-06T16:41:33.533Z] > git status -z -uall [2ms]
[2022-08-06T16:41:33.540Z] > git symbolic-ref --short HEAD [1ms]
[2022-08-06T16:41:33.548Z] > git for-each-ref --format=%(refname)%00%(upstream:short)%00%(objectname)%00%(upstream:track)%00%(upstream:remotename)%00%(upstream:remoteref) refs/heads/master refs/remotes/master [2ms]
[2022-08-06T16:41:33.566Z] > git for-each-ref --sort -committerdate --format %(refname) %(objectname) %(*objectname) [10ms]
[2022-08-06T16:41:33.566Z] > git remote --verbose [2ms]
[2022-08-06T16:41:33.581Z] > git config --get commit.template [5ms]
[2022-08-06T16:41:38.595Z] > git status -z -uall [3ms]
[2022-08-06T16:41:38.606Z] > git symbolic-ref --short HEAD [3ms]
[2022-08-06T16:41:38.616Z] > git for-each-ref --format=%(refname)%00%(upstream:short)%00%(objectname)%00%(upstream:track)%00%(upstream:remotename)%00%(upstream:remoteref) refs/heads/master refs/remotes/master [3ms]
[2022-08-06T16:41:38.630Z] > git for-each-ref --sort -committerdate --format %(refname) %(objectname) %(*objectname) [8ms]
[2022-08-06T16:41:38.631Z] > git remote --verbose [2ms]
[2022-08-06T16:41:38.640Z] > git config --get commit.template [1ms]
[2022-08-06T16:45:03.459Z] > git status -z -uall [1ms]
[2022-08-06T16:45:03.467Z] > git symbolic-ref --short HEAD [1ms]
[2022-08-06T16:45:03.476Z] > git for-each-ref --format=%(refname)%00%(upstream:short)%00%(objectname)%00%(upstream:track)%00%(upstream:remotename)%00%(upstream:remoteref) refs/heads/master refs/remotes/master [1ms]
[2022-08-06T16:45:03.491Z] > git for-each-ref --sort -committerdate --format %(refname) %(objectname) %(*objectname) [8ms]
[2022-08-06T16:45:03.492Z] > git remote --verbose [1ms]
[2022-08-06T16:45:03.501Z] > git config --get commit.template [1ms]
[2022-08-06T16:45:08.515Z] > git status -z -uall [2ms]
[2022-08-06T16:45:08.522Z] > git symbolic-ref --short HEAD [2ms]
[2022-08-06T16:45:08.532Z] > git for-each-ref --format=%(refname)%00%(upstream:short)%00%(objectname)%00%(upstream:track)%00%(upstream:remotename)%00%(upstream:remoteref) refs/heads/master refs/remotes/master [2ms]
[2022-08-06T16:45:08.544Z] > git for-each-ref --sort -committerdate --format %(refname) %(objectname) %(*objectname) [7ms]
[2022-08-06T16:45:08.544Z] > git remote --verbose [1ms]
[2022-08-06T16:45:08.552Z] > git config --get commit.template [2ms]
[2022-08-06T16:45:14.061Z] > git status -z -uall [2ms]
[2022-08-06T16:45:14.069Z] > git symbolic-ref --short HEAD [1ms]
[2022-08-06T16:45:14.078Z] > git for-each-ref --format=%(refname)%00%(upstream:short)%00%(objectname)%00%(upstream:track)%00%(upstream:remotename)%00%(upstream:remoteref) refs/heads/master refs/remotes/master [1ms]
[2022-08-06T16:45:14.095Z] > git for-each-ref --sort -committerdate --format %(refname) %(objectname) %(*objectname) [8ms]
[2022-08-06T16:45:14.095Z] > git remote --verbose [1ms]
[2022-08-06T16:45:14.103Z] > git config --get commit.template [1ms]
[2022-08-06T16:45:19.115Z] > git status -z -uall [1ms]
[2022-08-06T16:45:19.123Z] > git symbolic-ref --short HEAD [2ms]
[2022-08-06T16:45:19.131Z] > git for-each-ref --format=%(refname)%00%(upstream:short)%00%(objectname)%00%(upstream:track)%00%(upstream:remotename)%00%(upstream:remoteref) refs/heads/master refs/remotes/master [2ms]
[2022-08-06T16:45:19.142Z] > git for-each-ref --sort -committerdate --format %(refname) %(objectname) %(*objectname) [6ms]
[2022-08-06T16:45:19.142Z] > git remote --verbose [1ms]
[2022-08-06T16:45:19.150Z] > git config --get commit.template [2ms]
[2022-08-06T16:45:24.157Z] > git status -z -uall [1ms]
[2022-08-06T16:45:24.164Z] > git symbolic-ref --short HEAD [2ms]
[2022-08-06T16:45:24.171Z] > git for-each-ref --format=%(refname)%00%(upstream:short)%00%(objectname)%00%(upstream:track)%00%(upstream:remotename)%00%(upstream:remoteref) refs/heads/master refs/remotes/master [1ms]
[2022-08-06T16:45:24.182Z] > git for-each-ref --sort -committerdate --format %(refname) %(objectname) %(*objectname) [5ms]
[2022-08-06T16:45:24.182Z] > git remote --verbose [0ms]
[2022-08-06T16:45:24.188Z] > git config --get commit.template [1ms]
[2022-08-06T16:45:30.215Z] > git status -z -uall [1ms]
[2022-08-06T16:45:30.219Z] > git symbolic-ref --short HEAD [1ms]
[2022-08-06T16:45:30.223Z] > git for-each-ref --format=%(refname)%00%(upstream:short)%00%(objectname)%00%(upstream:track)%00%(upstream:remotename)%00%(upstream:remoteref) refs/heads/master refs/remotes/master [0ms]
[2022-08-06T16:45:30.228Z] > git for-each-ref --sort -committerdate --format %(refname) %(objectname) %(*objectname) [2ms]
[2022-08-06T16:45:30.229Z] > git remote --verbose [1ms]
[2022-08-06T16:45:30.233Z] > git config --get commit.template [1ms]
[2022-08-06T16:46:36.475Z] > git status -z -uall [2ms]
[2022-08-06T16:46:36.482Z] > git symbolic-ref --short HEAD [1ms]
[2022-08-06T16:46:36.491Z] > git for-each-ref --format=%(refname)%00%(upstream:short)%00%(objectname)%00%(upstream:track)%00%(upstream:remotename)%00%(upstream:remoteref) refs/heads/master refs/remotes/master [2ms]
[2022-08-06T16:46:36.503Z] > git for-each-ref --sort -committerdate --format %(refname) %(objectname) %(*objectname) [7ms]
[2022-08-06T16:46:36.504Z] > git remote --verbose [3ms]
[2022-08-06T16:46:36.510Z] > git config --get commit.template [1ms]
[2022-08-06T16:46:41.527Z] > git status -z -uall [3ms]
[2022-08-06T16:46:41.538Z] > git symbolic-ref --short HEAD [2ms]
[2022-08-06T16:46:41.547Z] > git for-each-ref --format=%(refname)%00%(upstream:short)%00%(objectname)%00%(upstream:track)%00%(upstream:remotename)%00%(upstream:remoteref) refs/heads/master refs/remotes/master [2ms]
[2022-08-06T16:46:41.566Z] > git for-each-ref --sort -committerdate --format %(refname) %(objectname) %(*objectname) [11ms]
[2022-08-06T16:46:41.566Z] > git remote --verbose [3ms]
[2022-08-06T16:46:41.577Z] > git config --get commit.template [2ms]
[2022-08-06T16:46:46.591Z] > git status -z -uall [2ms]
[2022-08-06T16:46:46.601Z] > git symbolic-ref --short HEAD [2ms]
[2022-08-06T16:46:46.610Z] > git for-each-ref --format=%(refname)%00%(upstream:short)%00%(objectname)%00%(upstream:track)%00%(upstream:remotename)%00%(upstream:remoteref) refs/heads/master refs/remotes/master [2ms]
[2022-08-06T16:46:46.629Z] > git for-each-ref --sort -committerdate --format %(refname) %(objectname) %(*objectname) [10ms]
[2022-08-06T16:46:46.629Z] > git remote --verbose [2ms]
[2022-08-06T16:46:46.638Z] > git config --get commit.template [1ms]
[2022-08-06T16:46:53.842Z] > git status -z -uall [2ms]
[2022-08-06T16:46:53.853Z] > git symbolic-ref --short HEAD [2ms]
[2022-08-06T16:46:53.862Z] > git for-each-ref --format=%(refname)%00%(upstream:short)%00%(objectname)%00%(upstream:track)%00%(upstream:remotename)%00%(upstream:remoteref) refs/heads/master refs/remotes/master [2ms]
[2022-08-06T16:46:53.873Z] > git for-each-ref --sort -committerdate --format %(refname) %(objectname) %(*objectname) [6ms]
[2022-08-06T16:46:53.873Z] > git remote --verbose [1ms]
[2022-08-06T16:46:53.879Z] > git config --get commit.template [1ms]
[2022-08-06T16:46:58.891Z] > git status -z -uall [1ms]
[2022-08-06T16:46:58.899Z] > git symbolic-ref --short HEAD [2ms]
[2022-08-06T16:46:58.908Z] > git for-each-ref --format=%(refname)%00%(upstream:short)%00%(objectname)%00%(upstream:track)%00%(upstream:remotename)%00%(upstream:remoteref) refs/heads/master refs/remotes/master [2ms]
[2022-08-06T16:46:58.922Z] > git for-each-ref --sort -committerdate --format %(refname) %(objectname) %(*objectname) [8ms]
[2022-08-06T16:46:58.922Z] > git remote --verbose [1ms]
[2022-08-06T16:46:58.932Z] > git config --get commit.template [2ms]
[2022-08-06T16:47:03.946Z] > git status -z -uall [2ms]
[2022-08-06T16:47:03.957Z] > git symbolic-ref --short HEAD [2ms]
[2022-08-06T16:47:03.963Z] > git for-each-ref --format=%(refname)%00%(upstream:short)%00%(objectname)%00%(upstream:track)%00%(upstream:remotename)%00%(upstream:remoteref) refs/heads/master refs/remotes/master [1ms]
[2022-08-06T16:47:03.968Z] > git for-each-ref --sort -committerdate --format %(refname) %(objectname) %(*objectname) [3ms]
[2022-08-06T16:47:03.968Z] > git remote --verbose [1ms]
[2022-08-06T16:47:03.972Z] > git config --get commit.template [1ms]
[2022-08-06T16:47:09.297Z] > git status -z -uall [1ms]
[2022-08-06T16:47:09.308Z] > git symbolic-ref --short HEAD [1ms]
[2022-08-06T16:47:09.317Z] > git for-each-ref --format=%(refname)%00%(upstream:short)%00%(objectname)%00%(upstream:track)%00%(upstream:remotename)%00%(upstream:remoteref) refs/heads/master refs/remotes/master [2ms]
[2022-08-06T16:47:09.335Z] > git for-each-ref --sort -committerdate --format %(refname) %(objectname) %(*objectname) [9ms]
[2022-08-06T16:47:09.336Z] > git remote --verbose [2ms]
[2022-08-06T16:47:09.347Z] > git config --get commit.template [2ms]
[2022-08-06T16:49:59.820Z] > git status -z -uall [2ms]
[2022-08-06T16:49:59.828Z] > git symbolic-ref --short HEAD [2ms]
[2022-08-06T16:49:59.838Z] > git for-each-ref --format=%(refname)%00%(upstream:short)%00%(objectname)%00%(upstream:track)%00%(upstream:remotename)%00%(upstream:remoteref) refs/heads/master refs/remotes/master [2ms]
[2022-08-06T16:49:59.856Z] > git for-each-ref --sort -committerdate --format %(refname) %(objectname) %(*objectname) [9ms]
[2022-08-06T16:49:59.856Z] > git remote --verbose [2ms]
[2022-08-06T16:49:59.869Z] > git config --get commit.template [3ms]
[2022-08-06T16:50:04.880Z] > git status -z -uall [2ms]
[2022-08-06T16:50:04.892Z] > git symbolic-ref --short HEAD [2ms]
[2022-08-06T16:50:04.900Z] > git for-each-ref --format=%(refname)%00%(upstream:short)%00%(objectname)%00%(upstream:track)%00%(upstream:remotename)%00%(upstream:remoteref) refs/heads/master refs/remotes/master [1ms]
[2022-08-06T16:50:04.912Z] > git for-each-ref --sort -committerdate --format %(refname) %(objectname) %(*objectname) [6ms]
[2022-08-06T16:50:04.913Z] > git remote --verbose [2ms]
[2022-08-06T16:50:04.923Z] > git config --get commit.template [2ms]
[2022-08-06T16:50:09.934Z] > git status -z -uall [2ms]
[2022-08-06T16:50:09.944Z] > git symbolic-ref --short HEAD [1ms]
[2022-08-06T16:50:09.953Z] > git for-each-ref --format=%(refname)%00%(upstream:short)%00%(objectname)%00%(upstream:track)%00%(upstream:remotename)%00%(upstream:remoteref) refs/heads/master refs/remotes/master [2ms]
[2022-08-06T16:50:09.968Z] > git for-each-ref --sort -committerdate --format %(refname) %(objectname) %(*objectname) [8ms]
[2022-08-06T16:50:09.968Z] > git remote --verbose [1ms]
[2022-08-06T16:50:09.981Z] > git config --get commit.template [2ms]
[2022-08-06T16:50:14.993Z] > git status -z -uall [2ms]
[2022-08-06T16:50:15.003Z] > git symbolic-ref --short HEAD [1ms]
[2022-08-06T16:50:15.013Z] > git for-each-ref --format=%(refname)%00%(upstream:short)%00%(objectname)%00%(upstream:track)%00%(upstream:remotename)%00%(upstream:remoteref) refs/heads/master refs/remotes/master [1ms]
[2022-08-06T16:50:15.031Z] > git for-each-ref --sort -committerdate --format %(refname) %(objectname) %(*objectname) [10ms]
[2022-08-06T16:50:15.032Z] > git remote --verbose [2ms]
[2022-08-06T16:50:15.043Z] > git config --get commit.template [2ms]
[2022-08-06T16:50:25.077Z] > git status -z -uall [2ms]
[2022-08-06T16:50:25.088Z] > git symbolic-ref --short HEAD [3ms]
[2022-08-06T16:50:25.098Z] > git for-each-ref --format=%(refname)%00%(upstream:short)%00%(objectname)%00%(upstream:track)%00%(upstream:remotename)%00%(upstream:remoteref) refs/heads/master refs/remotes/master [2ms]
[2022-08-06T16:50:25.114Z] > git for-each-ref --sort -committerdate --format %(refname) %(objectname) %(*objectname) [8ms]
[2022-08-06T16:50:25.114Z] > git remote --verbose [1ms]
[2022-08-06T16:50:25.123Z] > git config --get commit.template [1ms]
[2022-08-06T16:50:30.132Z] > git status -z -uall [2ms]
[2022-08-06T16:50:30.139Z] > git symbolic-ref --short HEAD [1ms]
[2022-08-06T16:50:30.145Z] > git for-each-ref --format=%(refname)%00%(upstream:short)%00%(objectname)%00%(upstream:track)%00%(upstream:remotename)%00%(upstream:remoteref) refs/heads/master refs/remotes/master [1ms]
[2022-08-06T16:50:30.152Z] > git for-each-ref --sort -committerdate --format %(refname) %(objectname) %(*objectname) [3ms]
[2022-08-06T16:50:30.152Z] > git remote --verbose [1ms]
[2022-08-06T16:50:30.158Z] > git config --get commit.template [1ms]
[2022-08-06T16:50:35.171Z] > git status -z -uall [3ms]
[2022-08-06T16:50:35.183Z] > git symbolic-ref --short HEAD [3ms]
[2022-08-06T16:50:35.195Z] > git for-each-ref --format=%(refname)%00%(upstream:short)%00%(objectname)%00%(upstream:track)%00%(upstream:remotename)%00%(upstream:remoteref) refs/heads/master refs/remotes/master [1ms]
[2022-08-06T16:50:35.213Z] > git for-each-ref --sort -committerdate --format %(refname) %(objectname) %(*objectname) [8ms]
[2022-08-06T16:50:35.214Z] > git remote --verbose [2ms]
[2022-08-06T16:50:35.226Z] > git config --get commit.template [3ms]
[2022-08-06T16:50:41.371Z] > git status -z -uall [2ms]
[2022-08-06T16:50:41.381Z] > git symbolic-ref --short HEAD [2ms]
[2022-08-06T16:50:41.387Z] > git for-each-ref --format=%(refname)%00%(upstream:short)%00%(objectname)%00%(upstream:track)%00%(upstream:remotename)%00%(upstream:remoteref) refs/heads/master refs/remotes/master [2ms]
[2022-08-06T16:50:41.403Z] > git for-each-ref --sort -committerdate --format %(refname) %(objectname) %(*objectname) [8ms]
[2022-08-06T16:50:41.403Z] > git remote --verbose [1ms]
[2022-08-06T16:50:41.412Z] > git config --get commit.template [1ms]
[2022-08-06T16:50:46.419Z] > git status -z -uall [2ms]
[2022-08-06T16:50:46.427Z] > git symbolic-ref --short HEAD [2ms]
[2022-08-06T16:50:46.434Z] > git for-each-ref --format=%(refname)%00%(upstream:short)%00%(objectname)%00%(upstream:track)%00%(upstream:remotename)%00%(upstream:remoteref) refs/heads/master refs/remotes/master [2ms]
[2022-08-06T16:50:46.446Z] > git for-each-ref --sort -committerdate --format %(refname) %(objectname) %(*objectname) [7ms]
[2022-08-06T16:50:46.447Z] > git remote --verbose [2ms]
[2022-08-06T16:50:46.453Z] > git config --get commit.template [2ms]
[2022-08-06T16:50:52.112Z] > git status -z -uall [2ms]
[2022-08-06T16:50:52.116Z] > git symbolic-ref --short HEAD [1ms]
[2022-08-06T16:50:52.120Z] > git for-each-ref --format=%(refname)%00%(upstream:short)%00%(objectname)%00%(upstream:track)%00%(upstream:remotename)%00%(upstream:remoteref) refs/heads/master refs/remotes/master [1ms]
[2022-08-06T16:50:52.126Z] > git for-each-ref --sort -committerdate --format %(refname) %(objectname) %(*objectname) [3ms]
[2022-08-06T16:50:52.126Z] > git remote --verbose [1ms]
[2022-08-06T16:50:52.131Z] > git config --get commit.template [1ms]
[2022-08-06T16:51:00.859Z] > git status -z -uall [1ms]
[2022-08-06T16:51:00.868Z] > git symbolic-ref --short HEAD [2ms]
[2022-08-06T16:51:00.877Z] > git for-each-ref --format=%(refname)%00%(upstream:short)%00%(objectname)%00%(upstream:track)%00%(upstream:remotename)%00%(upstream:remoteref) refs/heads/master refs/remotes/master [2ms]
[2022-08-06T16:51:00.896Z] > git for-each-ref --sort -committerdate --format %(refname) %(objectname) %(*objectname) [9ms]
[2022-08-06T16:51:00.896Z] > git remote --verbose [2ms]
[2022-08-06T16:51:00.907Z] > git config --get commit.template [2ms]
[2022-08-06T16:51:05.918Z] > git status -z -uall [2ms]
[2022-08-06T16:51:05.928Z] > git symbolic-ref --short HEAD [1ms]
[2022-08-06T16:51:05.935Z] > git for-each-ref --format=%(refname)%00%(upstream:short)%00%(objectname)%00%(upstream:track)%00%(upstream:remotename)%00%(upstream:remoteref) refs/heads/master refs/remotes/master [2ms]
[2022-08-06T16:51:05.949Z] > git for-each-ref --sort -committerdate --format %(refname) %(objectname) %(*objectname) [7ms]
[2022-08-06T16:51:05.950Z] > git remote --verbose [2ms]
[2022-08-06T16:51:05.956Z] > git config --get commit.template [1ms]
[2022-08-06T16:51:10.969Z] > git status -z -uall [2ms]
[2022-08-06T16:51:10.978Z] > git symbolic-ref --short HEAD [1ms]
[2022-08-06T16:51:10.987Z] > git for-each-ref --format=%(refname)%00%(upstream:short)%00%(objectname)%00%(upstream:track)%00%(upstream:remotename)%00%(upstream:remoteref) refs/heads/master refs/remotes/master [2ms]
[2022-08-06T16:51:10.999Z] > git for-each-ref --sort -committerdate --format %(refname) %(objectname) %(*objectname) [6ms]
[2022-08-06T16:51:11.000Z] > git remote --verbose [2ms]
[2022-08-06T16:51:11.010Z] > git config --get commit.template [2ms]
[2022-08-06T16:51:16.018Z] > git status -z -uall [1ms]
[2022-08-06T16:51:16.022Z] > git symbolic-ref --short HEAD [1ms]
[2022-08-06T16:51:16.027Z] > git for-each-ref --format=%(refname)%00%(upstream:short)%00%(objectname)%00%(upstream:track)%00%(upstream:remotename)%00%(upstream:remoteref) refs/heads/master refs/remotes/master [1ms]
[2022-08-06T16:51:16.033Z] > git for-each-ref --sort -committerdate --format %(refname) %(objectname) %(*objectname) [3ms]
[2022-08-06T16:51:16.033Z] > git remote --verbose [1ms]
[2022-08-06T16:51:16.038Z] > git config --get commit.template [1ms]
[2022-08-06T16:51:23.675Z] > git status -z -uall [2ms]
[2022-08-06T16:51:23.685Z] > git symbolic-ref --short HEAD [2ms]
[2022-08-06T16:51:23.695Z] > git for-each-ref --format=%(refname)%00%(upstream:short)%00%(objectname)%00%(upstream:track)%00%(upstream:remotename)%00%(upstream:remoteref) refs/heads/master refs/remotes/master [3ms]
[2022-08-06T16:51:23.710Z] > git for-each-ref --sort -committerdate --format %(refname) %(objectname) %(*objectname) [8ms]
[2022-08-06T16:51:23.711Z] > git remote --verbose [2ms]
[2022-08-06T16:51:23.721Z] > git config --get commit.template [2ms]
[2022-08-06T16:51:29.169Z] > git status -z -uall [2ms]
[2022-08-06T16:51:29.179Z] > git symbolic-ref --short HEAD [2ms]
[2022-08-06T16:51:29.187Z] > git for-each-ref --format=%(refname)%00%(upstream:short)%00%(objectname)%00%(upstream:track)%00%(upstream:remotename)%00%(upstream:remoteref) refs/heads/master refs/remotes/master [1ms]
[2022-08-06T16:51:29.204Z] > git for-each-ref --sort -committerdate --format %(refname) %(objectname) %(*objectname) [8ms]
[2022-08-06T16:51:29.204Z] > git remote --verbose [1ms]
[2022-08-06T16:51:29.214Z] > git config --get commit.template [2ms]
[2022-08-06T16:51:34.223Z] > git status -z -uall [2ms]
[2022-08-06T16:51:34.227Z] > git symbolic-ref --short HEAD [1ms]
[2022-08-06T16:51:34.231Z] > git for-each-ref --format=%(refname)%00%(upstream:short)%00%(objectname)%00%(upstream:track)%00%(upstream:remotename)%00%(upstream:remoteref) refs/heads/master refs/remotes/master [1ms]
[2022-08-06T16:51:34.237Z] > git for-each-ref --sort -committerdate --format %(refname) %(objectname) %(*objectname) [3ms]
[2022-08-06T16:51:34.237Z] > git remote --verbose [0ms]
[2022-08-06T16:51:34.242Z] > git config --get commit.template [1ms]
[2022-08-06T16:51:45.650Z] > git status -z -uall [2ms]
[2022-08-06T16:51:45.658Z] > git symbolic-ref --short HEAD [2ms]
[2022-08-06T16:51:45.666Z] > git for-each-ref --format=%(refname)%00%(upstream:short)%00%(objectname)%00%(upstream:track)%00%(upstream:remotename)%00%(upstream:remoteref) refs/heads/master refs/remotes/master [2ms]
[2022-08-06T16:51:45.676Z] > git for-each-ref --sort -committerdate --format %(refname) %(objectname) %(*objectname) [6ms]
[2022-08-06T16:51:45.677Z] > git remote --verbose [2ms]
[2022-08-06T16:51:45.686Z] > git config --get commit.template [1ms]
[2022-08-06T17:14:37.371Z] > git status -z -uall [2ms]
[2022-08-06T17:14:37.379Z] > git symbolic-ref --short HEAD [2ms]
[2022-08-06T17:14:37.387Z] > git for-each-ref --format=%(refname)%00%(upstream:short)%00%(objectname)%00%(upstream:track)%00%(upstream:remotename)%00%(upstream:remoteref) refs/heads/master refs/remotes/master [2ms]
[2022-08-06T17:14:37.397Z] > git for-each-ref --sort -committerdate --format %(refname) %(objectname) %(*objectname) [5ms]
[2022-08-06T17:14:37.397Z] > git remote --verbose [1ms]
[2022-08-06T17:14:37.405Z] > git config --get commit.template [1ms]
[2022-08-06T17:14:47.799Z] > git status -z -uall [3ms]
[2022-08-06T17:14:47.807Z] > git symbolic-ref --short HEAD [1ms]
[2022-08-06T17:14:47.813Z] > git for-each-ref --format=%(refname)%00%(upstream:short)%00%(objectname)%00%(upstream:track)%00%(upstream:remotename)%00%(upstream:remoteref) refs/heads/master refs/remotes/master [2ms]
[2022-08-06T17:14:47.825Z] > git for-each-ref --sort -committerdate --format %(refname) %(objectname) %(*objectname) [6ms]
[2022-08-06T17:14:47.825Z] > git remote --verbose [1ms]
[2022-08-06T17:14:47.834Z] > git config --get commit.template [2ms]
[2022-08-06T17:14:52.849Z] > git status -z -uall [2ms]
[2022-08-06T17:14:52.858Z] > git symbolic-ref --short HEAD [2ms]
[2022-08-06T17:14:52.867Z] > git for-each-ref --format=%(refname)%00%(upstream:short)%00%(objectname)%00%(upstream:track)%00%(upstream:remotename)%00%(upstream:remoteref) refs/heads/master refs/remotes/master [2ms]
[2022-08-06T17:14:52.880Z] > git for-each-ref --sort -committerdate --format %(refname) %(objectname) %(*objectname) [7ms]
[2022-08-06T17:14:52.881Z] > git remote --verbose [2ms]
[2022-08-06T17:14:52.888Z] > git config --get commit.template [1ms]
[2022-08-06T17:14:57.902Z] > git status -z -uall [2ms]
[2022-08-06T17:14:57.910Z] > git symbolic-ref --short HEAD [2ms]
[2022-08-06T17:14:57.919Z] > git for-each-ref --format=%(refname)%00%(upstream:short)%00%(objectname)%00%(upstream:track)%00%(upstream:remotename)%00%(upstream:remoteref) refs/heads/master refs/remotes/master [2ms]
[2022-08-06T17:14:57.928Z] > git for-each-ref --sort -committerdate --format %(refname) %(objectname) %(*objectname) [4ms]
[2022-08-06T17:14:57.928Z] > git remote --verbose [1ms]
[2022-08-06T17:14:57.935Z] > git config --get commit.template [1ms]
[2022-08-06T17:15:02.948Z] > git status -z -uall [2ms]
[2022-08-06T17:15:02.958Z] > git symbolic-ref --short HEAD [2ms]
[2022-08-06T17:15:02.966Z] > git for-each-ref --format=%(refname)%00%(upstream:short)%00%(objectname)%00%(upstream:track)%00%(upstream:remotename)%00%(upstream:remoteref) refs/heads/master refs/remotes/master [2ms]
[2022-08-06T17:15:02.979Z] > git for-each-ref --sort -committerdate --format %(refname) %(objectname) %(*objectname) [6ms]
[2022-08-06T17:15:02.979Z] > git remote --verbose [1ms]
[2022-08-06T17:15:02.989Z] > git config --get commit.template [2ms]
[2022-08-06T17:15:07.999Z] > git status -z -uall [2ms]
[2022-08-06T17:15:08.004Z] > git symbolic-ref --short HEAD [2ms]
[2022-08-06T17:15:08.009Z] > git for-each-ref --format=%(refname)%00%(upstream:short)%00%(objectname)%00%(upstream:track)%00%(upstream:remotename)%00%(upstream:remoteref) refs/heads/master refs/remotes/master [1ms]
[2022-08-06T17:15:08.017Z] > git for-each-ref --sort -committerdate --format %(refname) %(objectname) %(*objectname) [4ms]
[2022-08-06T17:15:08.017Z] > git remote --verbose [1ms]
[2022-08-06T17:15:08.023Z] > git config --get commit.template [1ms]
[2022-08-06T17:15:24.321Z] > git status -z -uall [1ms]
[2022-08-06T17:15:24.327Z] > git symbolic-ref --short HEAD [1ms]
[2022-08-06T17:15:24.334Z] > git for-each-ref --format=%(refname)%00%(upstream:short)%00%(objectname)%00%(upstream:track)%00%(upstream:remotename)%00%(upstream:remoteref) refs/heads/master refs/remotes/master [1ms]
[2022-08-06T17:15:24.349Z] > git for-each-ref --sort -committerdate --format %(refname) %(objectname) %(*objectname) [8ms]
[2022-08-06T17:15:24.350Z] > git remote --verbose [2ms]
[2022-08-06T17:15:24.359Z] > git config --get commit.template [2ms]
[2022-08-06T17:15:29.374Z] > git status -z -uall [2ms]
[2022-08-06T17:15:29.383Z] > git symbolic-ref --short HEAD [2ms]
[2022-08-06T17:15:29.392Z] > git for-each-ref --format=%(refname)%00%(upstream:short)%00%(objectname)%00%(upstream:track)%00%(upstream:remotename)%00%(upstream:remoteref) refs/heads/master refs/remotes/master [2ms]
[2022-08-06T17:15:29.407Z] > git for-each-ref --sort -committerdate --format %(refname) %(objectname) %(*objectname) [7ms]
[2022-08-06T17:15:29.407Z] > git remote --verbose [1ms]
[2022-08-06T17:15:29.417Z] > git config --get commit.template [1ms]
[2022-08-06T17:15:37.558Z] > git status -z -uall [2ms]
[2022-08-06T17:15:37.567Z] > git symbolic-ref --short HEAD [1ms]
[2022-08-06T17:15:37.576Z] > git for-each-ref --format=%(refname)%00%(upstream:short)%00%(objectname)%00%(upstream:track)%00%(upstream:remotename)%00%(upstream:remoteref) refs/heads/master refs/remotes/master [1ms]
[2022-08-06T17:15:37.595Z] > git for-each-ref --sort -committerdate --format %(refname) %(objectname) %(*objectname) [10ms]
[2022-08-06T17:15:37.595Z] > git remote --verbose [1ms]
[2022-08-06T17:15:37.603Z] > git config --get commit.template [2ms]
