[2022-07-05T20:26:33.437Z] Validating found git in: git
[2022-07-05T20:26:33.450Z] Using git 2.36.1 from git
[2022-07-05T20:26:33.510Z] > git rev-parse --git-dir [1ms]
[2022-07-05T20:26:33.519Z] Open repository: /home/gaffclant/Programming/Python/Website
[2022-07-05T20:26:35.748Z] > git ls-files --stage -- /home/gaffclant/Programming/Python/Website/.env [2ms]
[2022-07-05T20:26:35.819Z] > git symbolic-ref --short HEAD [2ms]
[2022-07-05T20:26:35.900Z] > git for-each-ref --format=%(refname)%00%(upstream:short)%00%(objectname)%00%(upstream:track) refs/heads/master refs/remotes/master [72ms]
[2022-07-05T20:26:35.912Z] > git remote --verbose [2ms]
[2022-07-05T20:26:35.958Z] > git for-each-ref --sort -committerdate --format %(refname) %(objectname) %(*objectname) [53ms]
[2022-07-05T20:26:35.968Z] > git config --get commit.template [1ms]
[2022-07-05T20:26:39.464Z] > git ls-files --stage -- /home/gaffclant/Programming/Python/Website/public/css/style.css [1ms]
[2022-07-05T20:26:39.507Z] > git cat-file -s 68aa6c7bef650a82f182a57a5323043b634216b0 [38ms]
[2022-07-05T20:30:19.481Z] > git symbolic-ref --short HEAD [1ms]
[2022-07-05T20:30:19.485Z] > git for-each-ref --format=%(refname)%00%(upstream:short)%00%(objectname)%00%(upstream:track) refs/heads/master refs/remotes/master [1ms]
[2022-07-05T20:30:19.492Z] > git for-each-ref --sort -committerdate --format %(refname) %(objectname) %(*objectname) [4ms]
[2022-07-05T20:30:19.493Z] > git remote --verbose [1ms]
[2022-07-05T20:30:19.500Z] > git config --get commit.template [1ms]
[2022-07-05T20:30:24.521Z] > git symbolic-ref --short HEAD [2ms]
[2022-07-05T20:30:24.525Z] > git for-each-ref --format=%(refname)%00%(upstream:short)%00%(objectname)%00%(upstream:track) refs/heads/master refs/remotes/master [1ms]
[2022-07-05T20:30:24.531Z] > git for-each-ref --sort -committerdate --format %(refname) %(objectname) %(*objectname) [3ms]
[2022-07-05T20:30:24.533Z] > git remote --verbose [3ms]
[2022-07-05T20:30:24.539Z] > git config --get commit.template [1ms]
[2022-07-05T20:30:36.041Z] > git symbolic-ref --short HEAD [1ms]
[2022-07-05T20:30:36.045Z] > git for-each-ref --format=%(refname)%00%(upstream:short)%00%(objectname)%00%(upstream:track) refs/heads/master refs/remotes/master [1ms]
[2022-07-05T20:30:36.052Z] > git for-each-ref --sort -committerdate --format %(refname) %(objectname) %(*objectname) [4ms]
[2022-07-05T20:30:36.052Z] > git remote --verbose [1ms]
[2022-07-05T20:30:36.058Z] > git config --get commit.template [1ms]
[2022-07-05T20:30:53.725Z] > git symbolic-ref --short HEAD [2ms]
[2022-07-05T20:30:53.734Z] > git for-each-ref --format=%(refname)%00%(upstream:short)%00%(objectname)%00%(upstream:track) refs/heads/master refs/remotes/master [2ms]
[2022-07-05T20:30:53.746Z] > git for-each-ref --sort -committerdate --format %(refname) %(objectname) %(*objectname) [7ms]
[2022-07-05T20:30:53.746Z] > git remote --verbose [2ms]
[2022-07-05T20:30:53.754Z] > git config --get commit.template [1ms]
[2022-07-05T20:30:58.771Z] > git symbolic-ref --short HEAD [1ms]
[2022-07-05T20:30:58.776Z] > git for-each-ref --format=%(refname)%00%(upstream:short)%00%(objectname)%00%(upstream:track) refs/heads/master refs/remotes/master [1ms]
[2022-07-05T20:30:58.786Z] > git for-each-ref --sort -committerdate --format %(refname) %(objectname) %(*objectname) [5ms]
[2022-07-05T20:30:58.787Z] > git remote --verbose [2ms]
[2022-07-05T20:30:58.797Z] > git config --get commit.template [3ms]
[2022-07-05T20:31:19.727Z] > git ls-files --stage -- /home/gaffclant/Programming/Python/Website/public/html/about.html [4ms]
[2022-07-05T20:31:19.741Z] > git cat-file -s 47685ec8af84c233fd4511bf4020b6c6c209ec18 [4ms]
[2022-07-05T20:31:20.297Z] > git ls-files --stage -- /home/gaffclant/Programming/Python/Website/public/html/blogpost.html [1ms]
[2022-07-05T20:31:20.304Z] > git cat-file -s 7bef37b9c2e1832bf90983c3f91909570a415d04 [2ms]
[2022-07-05T20:31:21.301Z] > git ls-files --stage -- /home/gaffclant/Programming/Python/Website/public/html/admin.html [2ms]
[2022-07-05T20:31:21.305Z] > git cat-file -s f13c6c6721498d017628bd10b944c70835f5de06 [1ms]
[2022-07-05T20:31:22.090Z] > git ls-files --stage -- /home/gaffclant/Programming/Python/Website/public/html/portfolio.html [1ms]
[2022-07-05T20:31:22.095Z] > git cat-file -s 5cd75d2f1aa2152ca5923bf1f1f38d70a01379ca [1ms]
[2022-07-05T20:31:23.180Z] > git ls-files --stage -- /home/gaffclant/Programming/Python/Website/public/html/index.html [2ms]
[2022-07-05T20:31:23.185Z] > git cat-file -s ed18c44e6f524edf1a3bb7d953a6c7d025a399a2 [1ms]
[2022-07-05T20:39:50.738Z] > git symbolic-ref --short HEAD [2ms]
[2022-07-05T20:39:50.743Z] > git for-each-ref --format=%(refname)%00%(upstream:short)%00%(objectname)%00%(upstream:track) refs/heads/master refs/remotes/master [1ms]
[2022-07-05T20:39:50.749Z] > git for-each-ref --sort -committerdate --format %(refname) %(objectname) %(*objectname) [3ms]
[2022-07-05T20:39:50.750Z] > git remote --verbose [1ms]
[2022-07-05T20:39:50.755Z] > git config --get commit.template [1ms]
