Mono path[0] = '/home/gaffclant/.local/share/Steam/steamapps/common/Helltaker/helltaker_lnx_Data/Managed'
Mono config path = '/home/gaffclant/.local/share/Steam/steamapps/common/Helltaker/helltaker_lnx_Data/MonoBleedingEdge/etc'
Preloaded 'libsteam_api.so'
Preloaded 'ScreenSelector.so'
Display 0 '0': 2880x1620 (primary device).
Preloaded type GtkListStore
Preloaded type GtkWindow
Preloaded type GtkVBox
Preloaded type GtkImage
Preloaded type GtkNotebook
Preloaded type GtkHBox
Preloaded type GtkFrame
Preloaded type GtkAlignment
Preloaded type GtkTreeView
Preloaded type GtkLabel
Preloaded type GtkCheckButton
Preloaded type GtkScrolledWindow
Preloaded type GtkComboBox
Couldn't find OnScreenSelectorQuit in main module; checking child
Couldn't find OnScreenSelectorOK in main module; checking child
Couldn't find OnScreenSelectorQuit in main module; checking child
Couldn't find OnInputListRowActivated in main module; checking child
Couldn't find OnSelectedDisplayChanged in main module; checking child
Desktop is 2880 x 1620 @ 60 Hz
Initialize engine version: 2019.2.9f1 (ebce4d76e6e8)
[XR] Discovering subsystems at path /home/gaffclant/.local/share/Steam/steamapps/common/Helltaker/helltaker_lnx_Data/UnitySubsystems
GfxDevice: creating device client; threaded=1
Renderer: Mesa Intel(R) HD Graphics 4600 (HSW GT2)
Vendor:   Intel
Version:  4.6 (Core Profile) Mesa 22.1.3
GLES:     0
 GL_3DFX_texture_compression_FXT1 GL_AMD_conservative_depth GL_AMD_draw_buffers_blend GL_AMD_multi_draw_indirect GL_AMD_performance_monitor GL_AMD_pinned_memory GL_AMD_query_buffer_object GL_AMD_seamless_cubemap_per_texture GL_AMD_shader_trinary_minmax GL_AMD_texture_texture4 GL_AMD_vertex_shader_layer GL_AMD_vertex_shader_viewport_index GL_ANGLE_texture_compression_dxt3 GL_ANGLE_texture_compression_dxt5 GL_ARB_ES2_compatibility GL_ARB_ES3_1_compatibility GL_ARB_ES3_2_compatibility GL_ARB_ES3_compatibility GL_ARB_arrays_of_arrays GL_ARB_base_instance GL_ARB_blend_func_extended GL_ARB_buffer_storage GL_ARB_clear_buffer_object GL_ARB_clear_texture GL_ARB_clip_control GL_ARB_compressed_texture_pixel_storage GL_ARB_compute_shader GL_ARB_compute_variable_group_size GL_ARB_conditional_render_inverted GL_ARB_conservative_depth GL_ARB_copy_buffer GL_ARB_copy_image GL_ARB_cull_distance GL_ARB_debug_output GL_ARB_depth_buffer_float GL_ARB_depth_clamp GL_ARB_derivative_control GL_ARB_direct_state_access GL_ARB_draw_buf
fers GL_ARB_draw_buffers_blend GL_ARB_draw_elements_base_vertex GL_ARB_draw_indirect GL_ARB_draw_instanced GL_ARB_enhanced_layouts GL_ARB_explicit_attrib_location GL_ARB_explicit_uniform_location GL_ARB_fragment_coord_conventions GL_ARB_fragment_layer_viewport GL_ARB_fragment_shader GL_ARB_framebuffer_no_attachments GL_ARB_framebuffer_object GL_ARB_framebuffer_sRGB GL_ARB_get_program_binary GL_ARB_get_texture_sub_image GL_ARB_gl_spirv GL_ARB_gpu_shader5 GL_ARB_gpu_shader_fp64 GL_ARB_half_float_pixel GL_ARB_half_float_vertex GL_ARB_indirect_parameters GL_ARB_instanced_arrays GL_ARB_internalformat_query GL_ARB_internalformat_query2 GL_ARB_invalidate_subdata GL_ARB_map_buffer_alignment GL_ARB_map_buffer_range GL_ARB_multi_bind GL_ARB_multi_draw_indirect GL_ARB_occlusion_query2 GL_ARB_parallel_shader_compile GL_ARB_pipeline_statistics_query GL_ARB_pixel_buffer_object GL_ARB_point_sprite GL_ARB_polygon_offset_clamp GL_ARB_program_interface_query GL_ARB_provoking_vertex GL_ARB_query_buffer_object GL_ARB_robust_buf
fer_access_behavior GL_ARB_robustness GL_ARB_sample_shading GL_ARB_sampler_objects GL_ARB_seamless_cube_map GL_ARB_seamless_cubemap_per_texture GL_ARB_separate_shader_objects GL_ARB_shader_atomic_counter_ops GL_ARB_shader_atomic_counters GL_ARB_shader_bit_encoding GL_ARB_shader_clock GL_ARB_shader_draw_parameters GL_ARB_shader_group_vote GL_ARB_shader_image_load_store GL_ARB_shader_image_size GL_ARB_shader_objects GL_ARB_shader_precision GL_ARB_shader_storage_buffer_object GL_ARB_shader_subroutine GL_ARB_shader_texture_image_samples GL_ARB_shader_texture_lod GL_ARB_shader_viewport_layer_array GL_ARB_shading_language_420pack GL_ARB_shading_language_include GL_ARB_shading_language_packing GL_ARB_spirv_extensions GL_ARB_stencil_texturing GL_ARB_sync GL_ARB_tessellation_shader GL_ARB_texture_barrier GL_ARB_texture_buffer_object GL_ARB_texture_buffer_object_rgb32 GL_ARB_texture_buffer_range GL_ARB_texture_compression_bptc GL_ARB_texture_compression_rgtc GL_ARB_texture_cube_map_array GL_ARB_texture_filter_anisotro
pic GL_ARB_texture_float GL_ARB_texture_gather GL_ARB_texture_mirror_clamp_to_edge GL_ARB_texture_multisample GL_ARB_texture_non_power_of_two GL_ARB_texture_query_levels GL_ARB_texture_query_lod GL_ARB_texture_rectangle GL_ARB_texture_rg GL_ARB_texture_rgb10_a2ui GL_ARB_texture_stencil8 GL_ARB_texture_storage GL_ARB_texture_storage_multisample GL_ARB_texture_swizzle GL_ARB_texture_view GL_ARB_timer_query GL_ARB_transform_feedback2 GL_ARB_transform_feedback3 GL_ARB_transform_feedback_instanced GL_ARB_transform_feedback_overflow_query GL_ARB_uniform_buffer_object GL_ARB_vertex_array_bgra GL_ARB_vertex_array_object GL_ARB_vertex_attrib_64bit GL_ARB_vertex_attrib_binding GL_ARB_vertex_buffer_object GL_ARB_vertex_shader GL_ARB_vertex_type_10f_11f_11f_rev GL_ARB_vertex_type_2_10_10_10_rev GL_ARB_viewport_array GL_ATI_blend_equation_separate GL_ATI_texture_float GL_EXT_EGL_image_storage GL_EXT_EGL_sync GL_EXT_abgr GL_EXT_blend_equation_separate GL_EXT_demote_to_helper_invocation GL_EXT_draw_buffers2 GL_EXT_draw_ins
tanced GL_EXT_framebuffer_blit GL_EXT_framebuffer_multisample GL_EXT_framebuffer_multisample_blit_scaled GL_EXT_framebuffer_object GL_EXT_framebuffer_sRGB GL_EXT_memory_object GL_EXT_memory_object_fd GL_EXT_packed_depth_stencil GL_EXT_packed_float GL_EXT_pixel_buffer_object GL_EXT_polygon_offset_clamp GL_EXT_provoking_vertex GL_EXT_semaphore GL_EXT_semaphore_fd GL_EXT_shader_framebuffer_fetch_non_coherent GL_EXT_shader_integer_mix GL_EXT_shader_samples_identical GL_EXT_texture_array GL_EXT_texture_compression_dxt1 GL_EXT_texture_compression_rgtc GL_EXT_texture_compression_s3tc GL_EXT_texture_filter_anisotropic GL_EXT_texture_integer GL_EXT_texture_sRGB GL_EXT_texture_sRGB_R8 GL_EXT_texture_sRGB_decode GL_EXT_texture_shadow_lod GL_EXT_texture_shared_exponent GL_EXT_texture_snorm GL_EXT_texture_swizzle GL_EXT_timer_query GL_EXT_transform_feedback GL_EXT_vertex_array_bgra GL_EXT_vertex_attrib_64bit GL_IBM_multimode_draw_arrays GL_INTEL_blackhole_render GL_KHR_blend_equation_advanced GL_KHR_context_flush_control
 GL_KHR_debug GL_KHR_no_error GL_KHR_parallel_shader_compile GL_KHR_robust_buffer_access_behavior GL_KHR_robustness GL_KHR_texture_compression_astc_ldr GL_KHR_texture_compression_astc_sliced_3d GL_MESA_framebuffer_flip_y GL_MESA_pack_invert GL_MESA_shader_integer_functions GL_MESA_texture_signed_rgba GL_NV_compute_shader_derivatives GL_NV_conditional_render GL_NV_copy_image GL_NV_depth_clamp GL_NV_packed_depth_stencil GL_NV_texture_barrier GL_OES_EGL_image GL_S3_s3tc
OPENGL LOG: Creating OpenGL 4.6 graphics device ; Context level  <OpenGL 4.5> ; Context handle 42320624
Begin MonoManager ReloadAssembly
- Completed reload, in  0.518 seconds
Default vsync count 1
requesting resize 2560 x 1440
requesting fullscreen 2560 x 1440 at 0 Hz
Setting up downscaled viewport at 2560 x 1440
Desktop is 2880 x 1620 @ 60 Hz
UnloadTime: 0.739390 ms
MUSIC0.7066667SFX1
 
(Filename: ./Runtime/Export/Debug/Debug.bindings.h Line: 35)

MUSIC0.7066667SFX1
 
(Filename: ./Runtime/Export/Debug/Debug.bindings.h Line: 35)

requesting resize 2560 x 1440
requesting fullscreen 2560 x 1440 at 0 Hz
Setting up downscaled viewport at 2560 x 1440
Desktop is 2880 x 1620 @ 60 Hz
Unloading 7 Unused Serialized files (Serialized files now loaded: 0)
UnloadTime: 23.604456 ms
MUSIC0.7066667SFX1
 
(Filename: ./Runtime/Export/Debug/Debug.bindings.h Line: 35)

MUSIC0.7066667SFX1
 
(Filename: ./Runtime/Export/Debug/Debug.bindings.h Line: 35)


Unloading 31 unused Assets to reduce memory usage. Loaded Objects now: 1729.
Total: 3.475005 ms (FindLiveObjects: 0.850740 ms CreateObjectMapping: 0.194770 ms MarkObjects: 1.930982 ms  DeleteObjects: 0.496888 ms)

Unloading 6 Unused Serialized files (Serialized files now loaded: 0)
UnloadTime: 2.654984 ms
MUSIC0.7066667SFX1
 
(Filename: ./Runtime/Export/Debug/Debug.bindings.h Line: 35)

MUSIC0.7066667SFX1
 
(Filename: ./Runtime/Export/Debug/Debug.bindings.h Line: 35)


Unloading 39 unused Assets to reduce memory usage. Loaded Objects now: 2555.
Total: 1.350213 ms (FindLiveObjects: 0.320530 ms CreateObjectMapping: 0.054083 ms MarkObjects: 0.736137 ms  DeleteObjects: 0.238529 ms)

Unloading 3 Unused Serialized files (Serialized files now loaded: 0)
UnloadTime: 4.050564 ms
MUSIC0.7066667SFX1
 
(Filename: ./Runtime/Export/Debug/Debug.bindings.h Line: 35)

MUSIC0.7066667SFX1
 
(Filename: ./Runtime/Export/Debug/Debug.bindings.h Line: 35)


Unloading 374 unused Assets to reduce memory usage. Loaded Objects now: 1769.
Total: 4.761718 ms (FindLiveObjects: 0.540980 ms CreateObjectMapping: 0.225025 ms MarkObjects: 1.707391 ms  DeleteObjects: 2.287074 ms)

Unloading 4 Unused Serialized files (Serialized files now loaded: 0)
UnloadTime: 2.694806 ms
MUSIC0.7066667SFX1
 
(Filename: ./Runtime/Export/Debug/Debug.bindings.h Line: 35)

MUSIC0.7066667SFX1
 
(Filename: ./Runtime/Export/Debug/Debug.bindings.h Line: 35)


Unloading 55 unused Assets to reduce memory usage. Loaded Objects now: 2223.
Total: 3.432126 ms (FindLiveObjects: 0.741608 ms CreateObjectMapping: 0.182035 ms MarkObjects: 1.951469 ms  DeleteObjects: 0.555223 ms)

Unloading 4 Unused Serialized files (Serialized files now loaded: 0)
UnloadTime: 4.887037 ms
MUSIC0.7066667SFX1
 
(Filename: ./Runtime/Export/Debug/Debug.bindings.h Line: 35)

MUSIC0.7066667SFX1
 
(Filename: ./Runtime/Export/Debug/Debug.bindings.h Line: 35)


Unloading 2 unused Assets to reduce memory usage. Loaded Objects now: 2222.
Total: 2.561809 ms (FindLiveObjects: 0.811064 ms CreateObjectMapping: 0.214402 ms MarkObjects: 1.433701 ms  DeleteObjects: 0.102121 ms)

Unloading 5 Unused Serialized files (Serialized files now loaded: 0)
UnloadTime: 3.371069 ms
MUSIC0.7066667SFX1
 
(Filename: ./Runtime/Export/Debug/Debug.bindings.h Line: 35)

MUSIC0.7066667SFX1
 
(Filename: ./Runtime/Export/Debug/Debug.bindings.h Line: 35)


Unloading 11 unused Assets to reduce memory usage. Loaded Objects now: 2301.
Total: 3.046795 ms (FindLiveObjects: 0.748574 ms CreateObjectMapping: 0.180236 ms MarkObjects: 1.950161 ms  DeleteObjects: 0.166415 ms)

Unloading 5 Unused Serialized files (Serialized files now loaded: 0)
UnloadTime: 1.894547 ms
MUSIC0.7066667SFX1
 
(Filename: ./Runtime/Export/Debug/Debug.bindings.h Line: 35)

MUSIC0.7066667SFX1
 
(Filename: ./Runtime/Export/Debug/Debug.bindings.h Line: 35)


Unloading 1 unused Assets to reduce memory usage. Loaded Objects now: 2301.
Total: 3.192397 ms (FindLiveObjects: 0.783781 ms CreateObjectMapping: 0.234502 ms MarkObjects: 2.151471 ms  DeleteObjects: 0.021274 ms)

Unloading 5 Unused Serialized files (Serialized files now loaded: 0)
UnloadTime: 2.272427 ms
MUSIC0.7066667SFX1
 
(Filename: ./Runtime/Export/Debug/Debug.bindings.h Line: 35)

MUSIC0.7066667SFX1
 
(Filename: ./Runtime/Export/Debug/Debug.bindings.h Line: 35)


Unloading 1 unused Assets to reduce memory usage. Loaded Objects now: 2301.
Total: 2.881358 ms (FindLiveObjects: 0.757089 ms CreateObjectMapping: 0.260955 ms MarkObjects: 1.836879 ms  DeleteObjects: 0.025648 ms)

Unloading 6 Unused Serialized files (Serialized files now loaded: 0)
UnloadTime: 1.306697 ms
MUSIC0.7066667SFX1
 
(Filename: ./Runtime/Export/Debug/Debug.bindings.h Line: 35)

MUSIC0.7066667SFX1
 
(Filename: ./Runtime/Export/Debug/Debug.bindings.h Line: 35)


Unloading 51 unused Assets to reduce memory usage. Loaded Objects now: 2456.
Total: 3.669810 ms (FindLiveObjects: 0.877587 ms CreateObjectMapping: 0.156587 ms MarkObjects: 2.063909 ms  DeleteObjects: 0.570027 ms)

Unloading 7 Unused Serialized files (Serialized files now loaded: 0)
UnloadTime: 1.603152 ms
MUSIC0.7066667SFX1
 
(Filename: ./Runtime/Export/Debug/Debug.bindings.h Line: 35)

MUSIC0.7066667SFX1
 
(Filename: ./Runtime/Export/Debug/Debug.bindings.h Line: 35)


Unloading 181 unused Assets to reduce memory usage. Loaded Objects now: 2186.
Total: 1.496009 ms (FindLiveObjects: 0.344592 ms CreateObjectMapping: 0.050782 ms MarkObjects: 0.687606 ms  DeleteObjects: 0.412586 ms)

Unloading 8 Unused Serialized files (Serialized files now loaded: 0)
UnloadTime: 3.342709 ms
MUSIC0.7066667SFX1
 
(Filename: ./Runtime/Export/Debug/Debug.bindings.h Line: 35)

MUSIC0.7066667SFX1
 
(Filename: ./Runtime/Export/Debug/Debug.bindings.h Line: 35)


Unloading 44 unused Assets to reduce memory usage. Loaded Objects now: 2354.
Total: 3.696607 ms (FindLiveObjects: 0.965571 ms CreateObjectMapping: 0.152022 ms MarkObjects: 2.116470 ms  DeleteObjects: 0.460759 ms)

Unloading 9 Unused Serialized files (Serialized files now loaded: 0)
UnloadTime: 3.619639 ms
MUSIC0.7066667SFX1
 
(Filename: ./Runtime/Export/Debug/Debug.bindings.h Line: 35)

MUSIC0.7066667SFX1
 
(Filename: ./Runtime/Export/Debug/Debug.bindings.h Line: 35)


Unloading 38 unused Assets to reduce memory usage. Loaded Objects now: 2478.
Total: 1.270274 ms (FindLiveObjects: 0.313521 ms CreateObjectMapping: 0.045490 ms MarkObjects: 0.756294 ms  DeleteObjects: 0.154599 ms)

Unloading 9 Unused Serialized files (Serialized files now loaded: 0)
UnloadTime: 4.251138 ms
MUSIC0.7066667SFX1
 
(Filename: ./Runtime/Export/Debug/Debug.bindings.h Line: 35)

MUSIC0.7066667SFX1
 
(Filename: ./Runtime/Export/Debug/Debug.bindings.h Line: 35)


Unloading 1 unused Assets to reduce memory usage. Loaded Objects now: 2478.
Total: 1.084973 ms (FindLiveObjects: 0.330524 ms CreateObjectMapping: 0.046943 ms MarkObjects: 0.696801 ms  DeleteObjects: 0.010314 ms)

Unloading 9 Unused Serialized files (Serialized files now loaded: 0)
UnloadTime: 3.073469 ms
MUSIC0.7066667SFX1
 
(Filename: ./Runtime/Export/Debug/Debug.bindings.h Line: 35)

MUSIC0.7066667SFX1
 
(Filename: ./Runtime/Export/Debug/Debug.bindings.h Line: 35)


Unloading 1 unused Assets to reduce memory usage. Loaded Objects now: 2478.
Total: 3.632794 ms (FindLiveObjects: 0.908048 ms CreateObjectMapping: 0.252904 ms MarkObjects: 2.446167 ms  DeleteObjects: 0.024541 ms)

Unloading 9 Unused Serialized files (Serialized files now loaded: 0)
UnloadTime: 1.534559 ms
MUSIC0.7066667SFX1
 
(Filename: ./Runtime/Export/Debug/Debug.bindings.h Line: 35)

MUSIC0.7066667SFX1
 
(Filename: ./Runtime/Export/Debug/Debug.bindings.h Line: 35)


Unloading 109 unused Assets to reduce memory usage. Loaded Objects now: 2350.
Total: 3.076133 ms (FindLiveObjects: 0.691882 ms CreateObjectMapping: 0.121574 ms MarkObjects: 1.569313 ms  DeleteObjects: 0.692314 ms)

Setting up 4 worker threads for Enlighten.
  Thread -> id: 7f59593ff640 -> priority: 1 
  Thread -> id: 7f5967cff640 -> priority: 1 
  Thread -> id: 7f5958bfe640 -> priority: 1 
  Thread -> id: 7f5951fff640 -> priority: 1 
