[2022-08-15 14:23:48.899] [exthost] [info] Extension host with pid 13174 started
[2022-08-15 14:23:48.900] [exthost] [info] Skipping acquiring lock for /home/gaffclant/.config/VSCodium/User/workspaceStorage/e5cb21c4546ead14eef9b8874dcbfdb3.
[2022-08-15 14:23:49.058] [exthost] [info] ExtensionService#_doActivateExtension rust-lang.rust, startup: false, activationEvent: 'onLanguage:rust'
[2022-08-15 14:23:49.124] [exthost] [info] ExtensionService#_doActivateExtension vscode.debug-auto-launch, startup: true, activationEvent: '*'
[2022-08-15 14:23:49.128] [exthost] [info] ExtensionService#_doActivateExtension vscode.git-base, startup: true, activationEvent: '*', root cause: vscode.git
[2022-08-15 14:23:49.132] [exthost] [info] ExtensionService#_doActivateExtension vscode.ipynb, startup: true, activationEvent: '*'
[2022-08-15 14:23:49.303] [exthost] [info] ExtensionService#_doActivateExtension vscode.git, startup: true, activationEvent: '*'
[2022-08-15 14:23:49.329] [exthost] [info] ExtensionService#_doActivateExtension vscode.github, startup: true, activationEvent: '*'
[2022-08-15 14:23:49.421] [exthost] [info] Eager extensions activated
[2022-08-15 14:23:49.541] [exthost] [info] ExtensionService#_doActivateExtension vscode.emmet, startup: false, activationEvent: 'onStartupFinished'
[2022-08-15 14:23:49.550] [exthost] [info] ExtensionService#_doActivateExtension vscode.merge-conflict, startup: false, activationEvent: 'onStartupFinished'
[2022-08-15 14:24:17.903] [exthost] [info] ExtensionService#_doActivateExtension vscode.configuration-editing, startup: false, activationEvent: 'onLanguage:jsonc'
[2022-08-15 14:24:18.060] [exthost] [info] ExtensionService#_doActivateExtension vscode.json-language-features, startup: false, activationEvent: 'onLanguage:jsonc'
[2022-08-15 14:24:18.157] [exthost] [info] ExtensionService#_doActivateExtension vscode.typescript-language-features, startup: false, activationEvent: 'onLanguage:jsonc'
[2022-08-15 14:25:47.674] [exthost] [error] [rust-lang.rust] provider FAILED
[2022-08-15 14:25:47.675] [exthost] [error] TypeError: Cannot read properties of undefined (reading 'value')
	at SignatureHelpProvider.hoverToSignatureHelp (/home/gaffclant/.vscode-oss/extensions/rust-lang.rust-0.7.8/out/src/providers/signatureHelpProvider.js:75:41)
	at /home/gaffclant/.vscode-oss/extensions/rust-lang.rust-0.7.8/out/src/providers/signatureHelpProvider.js:15:105
	at async ge.provideSignatureHelp (/usr/share/codium/resources/app/out/vs/workbench/api/node/extensionHostProcess.js:87:57823)
[2022-08-15 14:26:05.570] [exthost] [error] [rust-lang.rust] provider FAILED
[2022-08-15 14:26:05.570] [exthost] [error] TypeError: Cannot read properties of undefined (reading 'value')
	at SignatureHelpProvider.hoverToSignatureHelp (/home/gaffclant/.vscode-oss/extensions/rust-lang.rust-0.7.8/out/src/providers/signatureHelpProvider.js:75:41)
	at /home/gaffclant/.vscode-oss/extensions/rust-lang.rust-0.7.8/out/src/providers/signatureHelpProvider.js:15:105
	at async ge.provideSignatureHelp (/usr/share/codium/resources/app/out/vs/workbench/api/node/extensionHostProcess.js:87:57823)
[2022-08-15 14:26:14.476] [exthost] [error] [rust-lang.rust] provider FAILED
[2022-08-15 14:26:14.476] [exthost] [error] TypeError: Cannot read properties of undefined (reading 'value')
	at SignatureHelpProvider.hoverToSignatureHelp (/home/gaffclant/.vscode-oss/extensions/rust-lang.rust-0.7.8/out/src/providers/signatureHelpProvider.js:75:41)
	at /home/gaffclant/.vscode-oss/extensions/rust-lang.rust-0.7.8/out/src/providers/signatureHelpProvider.js:15:105
	at async ge.provideSignatureHelp (/usr/share/codium/resources/app/out/vs/workbench/api/node/extensionHostProcess.js:87:57823)
[2022-08-15 14:37:06.722] [exthost] [info] Extension host terminating: received terminate message from renderer
[2022-08-15 14:37:06.735] [exthost] [info] Extension host with pid 13174 exiting with code 0
