Mono path[0] = '/home/gaffclant/.local/share/Steam/steamapps/common/Fly Dangerous/flydangerous_Data/Managed'
Mono config path = '/home/gaffclant/.local/share/Steam/steamapps/common/Fly Dangerous/flydangerous_Data/MonoBleedingEdge/etc'
Preloaded 'lib_burst_generated.so'
Preloaded 'libsteam_api.so'
Preloaded 'libsteam_api64.so'
Unable to preload the following plugins:
	libNativePlugins.so
Display 0 '0': 2880x1620 (primary device).
Unable to load player prefs
Desktop is 2880 x 1620 @ 60 Hz
Initialize engine version: 2021.2.19f1 (602ecdbb2fb0)
[Subsystems] Discovering subsystems at path /home/gaffclant/.local/share/Steam/steamapps/common/Fly Dangerous/flydangerous_Data/UnitySubsystems
[Subsystems] No descriptors matched for  examples in UnitySubsystems/UnityMockHMD/UnitySubsystemsManifest.json.
[Subsystems] 1 'inputs' descriptors matched in UnitySubsystems/UnityMockHMD/UnitySubsystemsManifest.json
[Subsystems] 1 'displays' descriptors matched in UnitySubsystems/UnityMockHMD/UnitySubsystemsManifest.json
[Subsystems] No descriptors matched for  meshings in UnitySubsystems/UnityMockHMD/UnitySubsystemsManifest.json.
[Subsystems] No descriptors matched for  examples in UnitySubsystems/UnityOpenXR/UnitySubsystemsManifest.json.
[Subsystems] 1 'inputs' descriptors matched in UnitySubsystems/UnityOpenXR/UnitySubsystemsManifest.json
[Subsystems] 1 'displays' descriptors matched in UnitySubsystems/UnityOpenXR/UnitySubsystemsManifest.json
[Subsystems] No descriptors matched for  meshings in UnitySubsystems/UnityOpenXR/UnitySubsystemsManifest.json.
GfxDevice: creating device client; threaded=1; jobified=1
Renderer: Mesa Intel(R) HD Graphics 4600 (HSW GT2)
Vendor:   Intel
Version:  4.6 (Core Profile) Mesa 22.1.3
GLES:     0
 GL_3DFX_texture_compression_FXT1 GL_AMD_conservative_depth GL_AMD_draw_buffers_blend GL_AMD_multi_draw_indirect GL_AMD_performance_monitor GL_AMD_pinned_memory GL_AMD_query_buffer_object GL_AMD_seamless_cubemap_per_texture GL_AMD_shader_trinary_minmax GL_AMD_texture_texture4 GL_AMD_vertex_shader_layer GL_AMD_vertex_shader_viewport_index GL_ANGLE_texture_compression_dxt3 GL_ANGLE_texture_compression_dxt5 GL_ARB_ES2_compatibility GL_ARB_ES3_1_compatibility GL_ARB_ES3_2_compatibility GL_ARB_ES3_compatibility GL_ARB_arrays_of_arrays GL_ARB_base_instance GL_ARB_blend_func_extended GL_ARB_buffer_storage GL_ARB_clear_buffer_object GL_ARB_clear_texture GL_ARB_clip_control GL_ARB_compressed_texture_pixel_storage GL_ARB_compute_shader GL_ARB_compute_variable_group_size GL_ARB_conditional_render_inverted GL_ARB_conservative_depth GL_ARB_copy_buffer GL_ARB_copy_image GL_ARB_cull_distance GL_ARB_debug_output GL_ARB_depth_buffer_float GL_ARB_depth_clamp GL_ARB_derivative_control GL_ARB_direct_state_access GL_ARB_draw_buf
fers GL_ARB_draw_buffers_blend GL_ARB_draw_elements_base_vertex GL_ARB_draw_indirect GL_ARB_draw_instanced GL_ARB_enhanced_layouts GL_ARB_explicit_attrib_location GL_ARB_explicit_uniform_location GL_ARB_fragment_coord_conventions GL_ARB_fragment_layer_viewport GL_ARB_fragment_shader GL_ARB_framebuffer_no_attachments GL_ARB_framebuffer_object GL_ARB_framebuffer_sRGB GL_ARB_get_program_binary GL_ARB_get_texture_sub_image GL_ARB_gl_spirv GL_ARB_gpu_shader5 GL_ARB_gpu_shader_fp64 GL_ARB_half_float_pixel GL_ARB_half_float_vertex GL_ARB_indirect_parameters GL_ARB_instanced_arrays GL_ARB_internalformat_query GL_ARB_internalformat_query2 GL_ARB_invalidate_subdata GL_ARB_map_buffer_alignment GL_ARB_map_buffer_range GL_ARB_multi_bind GL_ARB_multi_draw_indirect GL_ARB_occlusion_query2 GL_ARB_parallel_shader_compile GL_ARB_pipeline_statistics_query GL_ARB_pixel_buffer_object GL_ARB_point_sprite GL_ARB_polygon_offset_clamp GL_ARB_program_interface_query GL_ARB_provoking_vertex GL_ARB_query_buffer_object GL_ARB_robust_buf
fer_access_behavior GL_ARB_robustness GL_ARB_sample_shading GL_ARB_sampler_objects GL_ARB_seamless_cube_map GL_ARB_seamless_cubemap_per_texture GL_ARB_separate_shader_objects GL_ARB_shader_atomic_counter_ops GL_ARB_shader_atomic_counters GL_ARB_shader_bit_encoding GL_ARB_shader_clock GL_ARB_shader_draw_parameters GL_ARB_shader_group_vote GL_ARB_shader_image_load_store GL_ARB_shader_image_size GL_ARB_shader_objects GL_ARB_shader_precision GL_ARB_shader_storage_buffer_object GL_ARB_shader_subroutine GL_ARB_shader_texture_image_samples GL_ARB_shader_texture_lod GL_ARB_shader_viewport_layer_array GL_ARB_shading_language_420pack GL_ARB_shading_language_include GL_ARB_shading_language_packing GL_ARB_spirv_extensions GL_ARB_stencil_texturing GL_ARB_sync GL_ARB_tessellation_shader GL_ARB_texture_barrier GL_ARB_texture_buffer_object GL_ARB_texture_buffer_object_rgb32 GL_ARB_texture_buffer_range GL_ARB_texture_compression_bptc GL_ARB_texture_compression_rgtc GL_ARB_texture_cube_map_array GL_ARB_texture_filter_anisotro
pic GL_ARB_texture_float GL_ARB_texture_gather GL_ARB_texture_mirror_clamp_to_edge GL_ARB_texture_multisample GL_ARB_texture_non_power_of_two GL_ARB_texture_query_levels GL_ARB_texture_query_lod GL_ARB_texture_rectangle GL_ARB_texture_rg GL_ARB_texture_rgb10_a2ui GL_ARB_texture_stencil8 GL_ARB_texture_storage GL_ARB_texture_storage_multisample GL_ARB_texture_swizzle GL_ARB_texture_view GL_ARB_timer_query GL_ARB_transform_feedback2 GL_ARB_transform_feedback3 GL_ARB_transform_feedback_instanced GL_ARB_transform_feedback_overflow_query GL_ARB_uniform_buffer_object GL_ARB_vertex_array_bgra GL_ARB_vertex_array_object GL_ARB_vertex_attrib_64bit GL_ARB_vertex_attrib_binding GL_ARB_vertex_buffer_object GL_ARB_vertex_shader GL_ARB_vertex_type_10f_11f_11f_rev GL_ARB_vertex_type_2_10_10_10_rev GL_ARB_viewport_array GL_ATI_blend_equation_separate GL_ATI_texture_float GL_EXT_EGL_image_storage GL_EXT_EGL_sync GL_EXT_abgr GL_EXT_blend_equation_separate GL_EXT_demote_to_helper_invocation GL_EXT_draw_buffers2 GL_EXT_draw_ins
tanced GL_EXT_framebuffer_blit GL_EXT_framebuffer_multisample GL_EXT_framebuffer_multisample_blit_scaled GL_EXT_framebuffer_object GL_EXT_framebuffer_sRGB GL_EXT_memory_object GL_EXT_memory_object_fd GL_EXT_packed_depth_stencil GL_EXT_packed_float GL_EXT_pixel_buffer_object GL_EXT_polygon_offset_clamp GL_EXT_provoking_vertex GL_EXT_semaphore GL_EXT_semaphore_fd GL_EXT_shader_framebuffer_fetch_non_coherent GL_EXT_shader_integer_mix GL_EXT_shader_samples_identical GL_EXT_texture_array GL_EXT_texture_compression_dxt1 GL_EXT_texture_compression_rgtc GL_EXT_texture_compression_s3tc GL_EXT_texture_filter_anisotropic GL_EXT_texture_integer GL_EXT_texture_sRGB GL_EXT_texture_sRGB_R8 GL_EXT_texture_sRGB_decode GL_EXT_texture_shadow_lod GL_EXT_texture_shared_exponent GL_EXT_texture_snorm GL_EXT_texture_swizzle GL_EXT_timer_query GL_EXT_transform_feedback GL_EXT_vertex_array_bgra GL_EXT_vertex_attrib_64bit GL_IBM_multimode_draw_arrays GL_INTEL_blackhole_render GL_KHR_blend_equation_advanced GL_KHR_context_flush_control
 GL_KHR_debug GL_KHR_no_error GL_KHR_parallel_shader_compile GL_KHR_robust_buffer_access_behavior GL_KHR_robustness GL_KHR_texture_compression_astc_ldr GL_KHR_texture_compression_astc_sliced_3d GL_MESA_framebuffer_flip_y GL_MESA_pack_invert GL_MESA_shader_integer_functions GL_MESA_texture_signed_rgba GL_NV_compute_shader_derivatives GL_NV_conditional_render GL_NV_copy_image GL_NV_depth_clamp GL_NV_packed_depth_stencil GL_NV_texture_barrier GL_OES_EGL_image GL_S3_s3tc
OPENGL LOG: Creating OpenGL 4.6 graphics device ; Context level  <OpenGL 4.5> ; Context handle 13257104
Begin MonoManager ReloadAssembly
- Completed reload, in  2.943 seconds
Default vsync count 1
requesting resize 2880 x 1620
Using native desktop resolution 2880 x 1620
requesting fullscreen 2880 x 1620 at 0 Hz
Desktop is 2880 x 1620 @ 60 Hz
Disable old input system
Desktop is 2880 x 1620 @ 60 Hz
UnloadTime: 0.679984 ms
Mirror | mirror-networking.com | discord.gg/N9QVxbM
KcpTransport initialized!
Loading from /home/gaffclant/.config/unity3d/StarGoat/FlyDangerous/Save/Preferences.json
Could not find file "/home/gaffclant/.config/unity3d/StarGoat/FlyDangerous/Save/Preferences.json"
Loading default preferences
DontDestroyOnLoad only works for root GameObjects or components on root GameObjects.
 #0 PlayerMain(int, char**)
 #1 std::vector<std::pair<int, unsigned int>, std::allocator<std::pair<int, unsigned int> > >::operator=(std::vector<std::pair<int, unsigned int>, std::allocator<std::pair<int, unsigned int> > > const&)
 #2 std::_Rb_tree<int, int, std::_Identity<int>, std::less<int>, std::allocator<int> >::_M_erase(std::_Rb_tree_node<int>*)
 #3 _fini
 #4  (Mono JIT Code) (wrapper managed-to-native) UnityEngine.Object:DontDestroyOnLoad (UnityEngine.Object)
 #5  (Mono JIT Code) (wrapper runtime-invoke) object:runtime_invoke_void__this__ (object,intptr,intptr,intptr)
 #6 mono_get_runtime_build_info
 #7 mono_runtime_invoke
 #8 mono_runtime_invoke
 #9 void std::vector<unsigned int, std::allocator<unsigned int> >::_M_assign_aux<__gnu_cxx::__normal_iterator<unsigned int*, std::vector<unsigned int, std::allocator<unsigned int> > > >(__gnu_cxx::__normal_iterator<unsigned int*, std::vector<unsigned int, std::allocator<unsigned int> > >, __gnu_cxx::__normal_iterator<unsigned int*, std::vector<unsigned int, std::allocator<unsigned int> > >, std::forward_iterator_tag)
 #10 void std::vector<unsigned int, std::allocator<unsigned int> >::_M_assign_aux<__gnu_cxx::__normal_iterator<unsigned int*, std::vector<unsigned int, std::allocator<unsigned int> > > >(__gnu_cxx::__normal_iterator<unsigned int*, std::vector<unsigned int, std::allocator<unsigned int> > >, __gnu_cxx::__normal_iterator<unsigned int*, std::vector<unsigned int, std::allocator<unsigned int> > >, std::forward_iterator_tag)
 #11 void std::vector<unsigned int, std::allocator<unsigned int> >::_M_assign_aux<__gnu_cxx::__normal_iterator<unsigned int*, std::vector<unsigned int, std::allocator<unsigned int> > > >(__gnu_cxx::__normal_iterator<unsigned int*, std::vector<unsigned int, std::allocator<unsigned int> > >, __gnu_cxx::__normal_iterator<unsigned int*, std::vector<unsigned int, std::allocator<unsigned int> > >, std::forward_iterator_tag)
 #12 void std::vector<unsigned int, std::allocator<unsigned int> >::_M_assign_aux<__gnu_cxx::__normal_iterator<unsigned int*, std::vector<unsigned int, std::allocator<unsigned int> > > >(__gnu_cxx::__normal_iterator<unsigned int*, std::vector<unsigned int, std::allocator<unsigned int> > >, __gnu_cxx::__normal_iterator<unsigned int*, std::vector<unsigned int, std::allocator<unsigned int> > >, std::forward_iterator_tag)
 #13 void std::vector<unsigned int, std::allocator<unsigned int> >::_M_assign_aux<__gnu_cxx::__normal_iterator<unsigned int*, std::vector<unsigned int, std::allocator<unsigned int> > > >(__gnu_cxx::__normal_iterator<unsigned int*, std::vector<unsigned int, std::allocator<unsigned int> > >, __gnu_cxx::__normal_iterator<unsigned int*, std::vector<unsigned int, std::allocator<unsigned int> > >, std::forward_iterator_tag)
 #14 void std::vector<unsigned int, std::allocator<unsigned int> >::_M_assign_aux<__gnu_cxx::__normal_iterator<unsigned int*, std::vector<unsigned int, std::allocator<unsigned int> > > >(__gnu_cxx::__normal_iterator<unsigned int*, std::vector<unsigned int, std::allocator<unsigned int> > >, __gnu_cxx::__normal_iterator<unsigned int*, std::vector<unsigned int, std::allocator<unsigned int> > >, std::forward_iterator_tag)
 #15 void std::vector<unsigned int, std::allocator<unsigned int> >::_M_assign_aux<__gnu_cxx::__normal_iterator<unsigned int*, std::vector<unsigned int, std::allocator<unsigned int> > > >(__gnu_cxx::__normal_iterator<unsigned int*, std::vector<unsigned int, std::allocator<unsigned int> > >, __gnu_cxx::__normal_iterator<unsigned int*, std::vector<unsigned int, std::allocator<unsigned int> > >, std::forward_iterator_tag)
 #16 std::_Rb_tree<int, std::pair<int const, int>, std::_Select1st<std::pair<int const, int> >, std::less<int>, std::allocator<std::pair<int const, int> > >::_M_erase(std::_Rb_tree_node<std::pair<int const, int> >*)
 #17 std::_Rb_tree<int, int, std::_Identity<int>, std::less<int>, std::allocator<int> >::_M_erase(std::_Rb_tree_node<int>*)
 #18 std::_Rb_tree<int, int, std::_Identity<int>, std::less<int>, std::allocator<int> >::_M_erase(std::_Rb_tree_node<int>*)
 #19 std::_Rb_tree<int, int, std::_Identity<int>, std::less<int>, std::allocator<int> >::_M_erase(std::_Rb_tree_node<int>*)
 #20 std::_Rb_tree<int, int, std::_Identity<int>, std::less<int>, std::allocator<int> >::_M_erase(std::_Rb_tree_node<int>*)
 #21 PlayerMain(int, char**)
 #22 __libc_start_main
 #23 ???

[S_API] SteamAPI_Init(): Loaded '/home/gaffclant/.local/share/Steam/linux64/steamclient.so' OK.
Setting breakpad minidump AppID = 1781750
SteamInternal_SetMinidumpSteamID:  Caching Steam ID:  76561198918761722 [API loaded no]
Loading from /home/gaffclant/.config/unity3d/StarGoat/FlyDangerous/Save/Preferences.json
Could not find file "/home/gaffclant/.config/unity3d/StarGoat/FlyDangerous/Save/Preferences.json"
Loading default preferences
Saving to /home/gaffclant/.config/unity3d/StarGoat/FlyDangerous/Save/Preferences.json
Saving to /home/gaffclant/.config/unity3d/StarGoat/FlyDangerous/Save/Preferences.json
Failed to parse enum with name None, returning first element None
Saving to /home/gaffclant/.config/unity3d/StarGoat/FlyDangerous/Save/Preferences.json
Load preferences
Attempted to get preference enableExperimentalTerrain with no default specified
 #0 PlayerMain(int, char**)
 #1 std::vector<std::pair<int, unsigned int>, std::allocator<std::pair<int, unsigned int> > >::operator=(std::vector<std::pair<int, unsigned int>, std::allocator<std::pair<int, unsigned int> > > const&)
 #2 _fini
 #3  (Mono JIT Code) (wrapper managed-to-native) UnityEngine.DebugLogHandler:Internal_Log (UnityEngine.LogType,UnityEngine.LogOption,string,UnityEngine.Object)

Saving to /home/gaffclant/.config/unity3d/StarGoat/FlyDangerous/Save/Preferences.json
[SERVER] PLAYER CONNECT (1 / 128 players)
[CLIENT] LOCAL CLIENT HAS CONNECTED
Saving to /home/gaffclant/.config/unity3d/StarGoat/FlyDangerous/Save/Preferences.json
Unloading 8 Unused Serialized files (Serialized files now loaded: 0)
UnloadTime: 67.829437 ms
Unloading 1051 unused Assets to reduce memory usage. Loaded Objects now: 19094.
Total: 30.495506 ms (FindLiveObjects: 4.095330 ms CreateObjectMapping: 2.721528 ms MarkObjects: 20.027979 ms  DeleteObjects: 3.649446 ms)

REPLACE PLAYER Loading Player(Clone) (Core.Player.LoadingPlayer) connection(0) Ship Player(Clone) (Core.Player.ShipPlayer)
** USER INPUT DISABLED **
** UI INPUT DISABLED **
Loaded level 1a86ae18cbf5325dad7f60805d51c2cfac3cd4018de33431e7033031f0c31e6e
ship at (0.00, 0.00, 0.00)
DontDestroyOnLoad only works for root GameObjects or components on root GameObjects.
 #0 PlayerMain(int, char**)
 #1 std::vector<std::pair<int, unsigned int>, std::allocator<std::pair<int, unsigned int> > >::operator=(std::vector<std::pair<int, unsigned int>, std::allocator<std::pair<int, unsigned int> > > const&)
 #2 std::_Rb_tree<int, int, std::_Identity<int>, std::less<int>, std::allocator<int> >::_M_erase(std::_Rb_tree_node<int>*)
 #3 _fini
 #4  (Mono JIT Code) (wrapper managed-to-native) UnityEngine.Object:DontDestroyOnLoad (UnityEngine.Object)
 #5 mono_get_runtime_build_info
 #6 mono_runtime_invoke
 #7 mono_runtime_invoke
 #8 void std::vector<unsigned int, std::allocator<unsigned int> >::_M_assign_aux<__gnu_cxx::__normal_iterator<unsigned int*, std::vector<unsigned int, std::allocator<unsigned int> > > >(__gnu_cxx::__normal_iterator<unsigned int*, std::vector<unsigned int, std::allocator<unsigned int> > >, __gnu_cxx::__normal_iterator<unsigned int*, std::vector<unsigned int, std::allocator<unsigned int> > >, std::forward_iterator_tag)
 #9 void std::vector<unsigned int, std::allocator<unsigned int> >::_M_assign_aux<__gnu_cxx::__normal_iterator<unsigned int*, std::vector<unsigned int, std::allocator<unsigned int> > > >(__gnu_cxx::__normal_iterator<unsigned int*, std::vector<unsigned int, std::allocator<unsigned int> > >, __gnu_cxx::__normal_iterator<unsigned int*, std::vector<unsigned int, std::allocator<unsigned int> > >, std::forward_iterator_tag)
 #10 void std::vector<unsigned int, std::allocator<unsigned int> >::_M_assign_aux<__gnu_cxx::__normal_iterator<unsigned int*, std::vector<unsigned int, std::allocator<unsigned int> > > >(__gnu_cxx::__normal_iterator<unsigned int*, std::vector<unsigned int, std::allocator<unsigned int> > >, __gnu_cxx::__normal_iterator<unsigned int*, std::vector<unsigned int, std::allocator<unsigned int> > >, std::forward_iterator_tag)
 #11 void std::vector<unsigned int, std::allocator<unsigned int> >::_M_assign_aux<__gnu_cxx::__normal_iterator<unsigned int*, std::vector<unsigned int, std::allocator<unsigned int> > > >(__gnu_cxx::__normal_iterator<unsigned int*, std::vector<unsigned int, std::allocator<unsigned int> > >, __gnu_cxx::__normal_iterator<unsigned int*, std::vector<unsigned int, std::allocator<unsigned int> > >, std::forward_iterator_tag)
 #12 void std::vector<unsigned int, std::allocator<unsigned int> >::_M_assign_aux<__gnu_cxx::__normal_iterator<unsigned int*, std::vector<unsigned int, std::allocator<unsigned int> > > >(__gnu_cxx::__normal_iterator<unsigned int*, std::vector<unsigned int, std::allocator<unsigned int> > >, __gnu_cxx::__normal_iterator<unsigned int*, std::vector<unsigned int, std::allocator<unsigned int> > >, std::forward_iterator_tag)
 #13 std::string __gnu_cxx::__to_xstring<std::string, char>(int (*)(char*, unsigned long, char const*, __va_list_tag*), unsigned long, char const*, ...)
 #14 int* std::_V2::__rotate<int*>(int*, int*, int*, std::random_access_iterator_tag)
 #15 int* std::_V2::__rotate<int*>(int*, int*, int*, std::random_access_iterator_tag)
 #16 int* std::_V2::__rotate<int*>(int*, int*, int*, std::random_access_iterator_tag)
 #17 PlayerMain(int, char**)
 #18 __libc_start_main
 #19 ???

** USER INPUT ENABLED **
Mouse with path </Mouse> detected
Keyboard with path </Keyboard> detected
---
Keyboard paired
Mouse paired
** USER INPUT DISABLED **
** UI INPUT ENABLED **
** USER INPUT ENABLED **
Mouse with path </Mouse> detected
Keyboard with path </Keyboard> detected
---
Keyboard paired
Mouse paired
** UI INPUT DISABLED **
[CLIENT] SERVER SHUTDOWN
Saving to /home/gaffclant/.config/unity3d/StarGoat/FlyDangerous/Save/Preferences.json
** USER INPUT DISABLED **
[CLIENT] LOCAL CLIENT HAS DISCONNECTED
[CLIENT] SERVER SHUTDOWN
SHUTDOWN STEAM
Setting up 4 worker threads for Enlighten.
Memory Statistics:
[ALLOC_TEMP_TLS] TLS Allocator
  StackAllocators : 
    [ALLOC_TEMP_MAIN]
      Peak usage frame count: [2.0 KB-4.0 KB]: 8 frames, [4.0 KB-8.0 KB]: 217 frames, [8.0 KB-16.0 KB]: 59 frames, [16.0 KB-32.0 KB]: 5 frames, [32.0 KB-64.0 KB]: 365 frames, [64.0 KB-128.0 KB]: 1766 frames, [128.0 KB-256.0 KB]: 553 frames, [256.0 KB-0.5 MB]: 37 frames, [1.0 MB-2.0 MB]: 48 frames, [4.0 MB-8.0 MB]: 3 frames
      Initial Block Size 4.0 MB
      Current Block Size 6.8 MB
      Peak Allocated Bytes 6.7 MB
      Overflow Count 0
    [ALLOC_TEMP_Loading.AsyncRead]
      Initial Block Size 64.0 KB
      Current Block Size 64.0 KB
      Peak Allocated Bytes 256 B
      Overflow Count 0
    [ALLOC_TEMP_Loading.PreloadManager]
      Initial Block Size 256.0 KB
      Current Block Size 0.5 MB
      Peak Allocated Bytes 436.4 KB
      Overflow Count 31332
    [ALLOC_TEMP_Background Job.Worker 8]
      Initial Block Size 32.0 KB
      Current Block Size 32.0 KB
      Peak Allocated Bytes 0 B
      Overflow Count 0
    [ALLOC_TEMP_Job.Worker 6]
      Initial Block Size 256.0 KB
      Current Block Size 256.0 KB
      Peak Allocated Bytes 133.6 KB
      Overflow Count 0
    [ALLOC_TEMP_Job.Worker 0]
      Initial Block Size 256.0 KB
      Current Block Size 256.0 KB
      Peak Allocated Bytes 134.1 KB
      Overflow Count 0
    [ALLOC_TEMP_Background Job.Worker 10]
      Initial Block Size 32.0 KB
      Current Block Size 32.0 KB
      Peak Allocated Bytes 0 B
      Overflow Count 0
    [ALLOC_TEMP_Background Job.Worker 9]
      Initial Block Size 32.0 KB
      Current Block Size 32.0 KB
      Peak Allocated Bytes 0 B
      Overflow Count 0
    [ALLOC_TEMP_Job.Worker 5]
      Initial Block Size 256.0 KB
      Current Block Size 256.0 KB
      Peak Allocated Bytes 133.9 KB
      Overflow Count 0
    [ALLOC_TEMP_Background Job.Worker 14]
      Initial Block Size 32.0 KB
      Current Block Size 32.0 KB
      Peak Allocated Bytes 0 B
      Overflow Count 0
    [ALLOC_TEMP_Background Job.Worker 6]
      Initial Block Size 32.0 KB
      Current Block Size 32.0 KB
      Peak Allocated Bytes 0 B
      Overflow Count 0
    [ALLOC_TEMP_Job.Worker 4]
      Initial Block Size 256.0 KB
      Current Block Size 256.0 KB
      Peak Allocated Bytes 133.6 KB
      Overflow Count 0
    [ALLOC_TEMP_Job.Worker 3]
      Initial Block Size 256.0 KB
      Current Block Size 256.0 KB
      Peak Allocated Bytes 133.9 KB
      Overflow Count 0
    [ALLOC_TEMP_Background Job.Worker 12]
      Initial Block Size 32.0 KB
      Current Block Size 32.0 KB
      Peak Allocated Bytes 0 B
      Overflow Count 0
    [ALLOC_TEMP_EnlightenWorker] x 4
      Initial Block Size 64.0 KB
      Current Block Size 64.0 KB
      Peak Allocated Bytes 0 B
      Overflow Count 0
    [ALLOC_TEMP_Background Job.Worker 15]
      Initial Block Size 32.0 KB
      Current Block Size 32.0 KB
      Peak Allocated Bytes 0 B
      Overflow Count 0
    [ALLOC_TEMP_Background Job.Worker 1]
      Initial Block Size 32.0 KB
      Current Block Size 32.0 KB
      Peak Allocated Bytes 0 B
      Overflow Count 0
    [ALLOC_TEMP_Background Job.Worker 2]
      Initial Block Size 32.0 KB
      Current Block Size 32.0 KB
      Peak Allocated Bytes 0 B
      Overflow Count 0
    [ALLOC_TEMP_Background Job.Worker 7]
      Initial Block Size 32.0 KB
      Current Block Size 32.0 KB
      Peak Allocated Bytes 0 B
      Overflow Count 0
    [ALLOC_TEMP_UnityGfxDeviceWorker]
      Initial Block Size 256.0 KB
      Current Block Size 256.0 KB
      Peak Allocated Bytes 76.7 KB
      Overflow Count 0
    [ALLOC_TEMP_AssetGarbageCollectorHelper] x 7
      Initial Block Size 64.0 KB
      Current Block Size 64.0 KB
      Peak Allocated Bytes 0 B
      Overflow Count 0
    [ALLOC_TEMP_Background Job.Worker 5]
      Initial Block Size 32.0 KB
      Current Block Size 32.0 KB
      Peak Allocated Bytes 0 B
      Overflow Count 0
    [ALLOC_TEMP_Background Job.Worker 13]
      Initial Block Size 32.0 KB
      Current Block Size 32.0 KB
      Peak Allocated Bytes 0 B
      Overflow Count 0
    [ALLOC_TEMP_Job.Worker 1]
      Initial Block Size 256.0 KB
      Current Block Size 256.0 KB
      Peak Allocated Bytes 133.6 KB
      Overflow Count 0
    [ALLOC_TEMP_Job.Worker 2]
      Initial Block Size 256.0 KB
      Current Block Size 256.0 KB
      Peak Allocated Bytes 134.4 KB
      Overflow Count 0
    [ALLOC_TEMP_Background Job.Worker 3]
      Initial Block Size 32.0 KB
      Current Block Size 32.0 KB
      Peak Allocated Bytes 0 B
      Overflow Count 0
    [ALLOC_TEMP_Background Job.Worker 11]
      Initial Block Size 32.0 KB
      Current Block Size 32.0 KB
      Peak Allocated Bytes 0 B
      Overflow Count 0
    [ALLOC_TEMP_Background Job.Worker 0]
      Initial Block Size 32.0 KB
      Current Block Size 32.0 KB
      Peak Allocated Bytes 0 B
      Overflow Count 0
    [ALLOC_TEMP_Background Job.Worker 4]
      Initial Block Size 32.0 KB
      Current Block Size 32.0 KB
      Peak Allocated Bytes 0 B
      Overflow Count 0
    [ALLOC_TEMP_BatchDeleteObjects]
      Initial Block Size 64.0 KB
      Current Block Size 64.0 KB
      Peak Allocated Bytes 0 B
      Overflow Count 0
[ALLOC_DEFAULT] Dual Thread Allocator
  Peak main deferred allocation count 12283
    [ALLOC_BUCKET]
      Large Block size 4.0 MB
      Used Block count 1
      Peak Allocated bytes 4.0 MB
      Failed Allocations. Bucket layout:
        16B: 15 Subsections = 15360 buckets. Failed count: 90357
        32B: 24 Subsections = 12288 buckets. Failed count: 143858
        48B: 33 Subsections = 11264 buckets. Failed count: 894728
        64B: 54 Subsections = 13824 buckets. Failed count: 188567
        80B: 28 Subsections = 5734 buckets. Failed count: 415226
        96B: 3 Subsections = 512 buckets. Failed count: 23567
        112B: 55 Subsections = 8045 buckets. Failed count: 28356
        128B: 44 Subsections = 5632 buckets. Failed count: 22943
    [ALLOC_DEFAULT_MAIN]
      Peak usage frame count: [32.0 MB-64.0 MB]: 3059 frames, [64.0 MB-128.0 MB]: 2 frames
      Requested Block Size 16.0 MB
      Peak Block count 4
      Peak Allocated memory 103.2 MB
      Peak Large allocation bytes 65.6 MB
    [ALLOC_DEFAULT_THREAD]
      Peak usage frame count: [32.0 MB-64.0 MB]: 3015 frames, [64.0 MB-128.0 MB]: 5 frames, [128.0 MB-256.0 MB]: 41 frames
      Requested Block Size 16.0 MB
      Peak Block count 2
      Peak Allocated memory 214.1 MB
      Peak Large allocation bytes 191.2 MB
[ALLOC_TEMP_JOB_1_FRAME]
  Initial Block Size 2.0 MB
  Used Block Count 1
  Overflow Count (too large) 0
  Overflow Count (full) 0
[ALLOC_TEMP_JOB_2_FRAMES]
  Initial Block Size 2.0 MB
  Used Block Count 1
  Overflow Count (too large) 0
  Overflow Count (full) 0
[ALLOC_TEMP_JOB_4_FRAMES (JobTemp)]
  Initial Block Size 2.0 MB
  Used Block Count 5
  Overflow Count (too large) 0
  Overflow Count (full) 0
[ALLOC_TEMP_JOB_ASYNC (Background)]
  Initial Block Size 1.0 MB
  Used Block Count 6
  Overflow Count (too large) 0
  Overflow Count (full) 0
[ALLOC_GFX] Dual Thread Allocator
  Peak main deferred allocation count 81
    [ALLOC_BUCKET]
      Large Block size 4.0 MB
      Used Block count 1
      Peak Allocated bytes 4.0 MB
      Failed Allocations. Bucket layout:
        16B: 15 Subsections = 15360 buckets. Failed count: 90357
        32B: 24 Subsections = 12288 buckets. Failed count: 143858
        48B: 33 Subsections = 11264 buckets. Failed count: 894728
        64B: 54 Subsections = 13824 buckets. Failed count: 188567
        80B: 28 Subsections = 5734 buckets. Failed count: 415226
        96B: 3 Subsections = 512 buckets. Failed count: 23567
        112B: 55 Subsections = 8045 buckets. Failed count: 28356
        128B: 44 Subsections = 5632 buckets. Failed count: 22943
    [ALLOC_GFX_MAIN]
      Peak usage frame count: [64.0 KB-128.0 KB]: 52 frames, [128.0 KB-256.0 KB]: 264 frames, [256.0 KB-0.5 MB]: 831 frames, [0.5 MB-1.0 MB]: 276 frames, [1.0 MB-2.0 MB]: 520 frames, [2.0 MB-4.0 MB]: 188 frames, [4.0 MB-8.0 MB]: 28 frames, [8.0 MB-16.0 MB]: 52 frames, [16.0 MB-32.0 MB]: 850 frames
      Requested Block Size 16.0 MB
      Peak Block count 3
      Peak Allocated memory 28.7 MB
      Peak Large allocation bytes 0 B
    [ALLOC_GFX_THREAD]
      Peak usage frame count: [2.0 MB-4.0 MB]: 1891 frames, [4.0 MB-8.0 MB]: 1170 frames
      Requested Block Size 16.0 MB
      Peak Block count 1
      Peak Allocated memory 6.1 MB
      Peak Large allocation bytes 0 B
[ALLOC_CACHEOBJECTS] Dual Thread Allocator
  Peak main deferred allocation count 763
    [ALLOC_BUCKET]
      Large Block size 4.0 MB
      Used Block count 1
      Peak Allocated bytes 4.0 MB
      Failed Allocations. Bucket layout:
        16B: 15 Subsections = 15360 buckets. Failed count: 90357
        32B: 24 Subsections = 12288 buckets. Failed count: 143858
        48B: 33 Subsections = 11264 buckets. Failed count: 894728
        64B: 54 Subsections = 13824 buckets. Failed count: 188567
        80B: 28 Subsections = 5734 buckets. Failed count: 415226
        96B: 3 Subsections = 512 buckets. Failed count: 23567
        112B: 55 Subsections = 8045 buckets. Failed count: 28356
        128B: 44 Subsections = 5632 buckets. Failed count: 22943
    [ALLOC_CACHEOBJECTS_MAIN]
      Peak usage frame count: [64.0 MB-128.0 MB]: 1929 frames, [128.0 MB-256.0 MB]: 1132 frames
      Requested Block Size 4.0 MB
      Peak Block count 49
      Peak Allocated memory 188.4 MB
      Peak Large allocation bytes 3.2 MB
    [ALLOC_CACHEOBJECTS_THREAD]
      Peak usage frame count: [32.0 MB-64.0 MB]: 1883 frames, [64.0 MB-128.0 MB]: 1178 frames
      Requested Block Size 4.0 MB
      Peak Block count 33
      Peak Allocated memory 125.4 MB
      Peak Large allocation bytes 0 B
[ALLOC_TYPETREE] Dual Thread Allocator
  Peak main deferred allocation count 0
    [ALLOC_BUCKET]
      Large Block size 4.0 MB
      Used Block count 1
      Peak Allocated bytes 4.0 MB
      Failed Allocations. Bucket layout:
        16B: 15 Subsections = 15360 buckets. Failed count: 90357
        32B: 24 Subsections = 12288 buckets. Failed count: 143858
        48B: 33 Subsections = 11264 buckets. Failed count: 894728
        64B: 54 Subsections = 13824 buckets. Failed count: 188567
        80B: 28 Subsections = 5734 buckets. Failed count: 415226
        96B: 3 Subsections = 512 buckets. Failed count: 23567
        112B: 55 Subsections = 8045 buckets. Failed count: 28356
        128B: 44 Subsections = 5632 buckets. Failed count: 22943
    [ALLOC_TYPETREE_MAIN]
      Peak usage frame count: [0-1.0 KB]: 2 frames, [4.0 KB-8.0 KB]: 1927 frames, [8.0 KB-16.0 KB]: 1132 frames
      Requested Block Size 2.0 MB
      Peak Block count 1
      Peak Allocated memory 9.1 KB
      Peak Large allocation bytes 0 B
    [ALLOC_TYPETREE_THREAD]
      Peak usage frame count: [16.0 KB-32.0 KB]: 1886 frames, [32.0 KB-64.0 KB]: 1175 frames
      Requested Block Size 2.0 MB
      Peak Block count 1
      Peak Allocated memory 38.2 KB
      Peak Large allocation bytes 0 B
