[2022-06-08T22:37:53.450Z] Validating found git in: git
[2022-06-08T22:37:53.463Z] Using git 2.36.1 from git
[2022-06-08T22:37:53.589Z] > git rev-parse --git-dir [1ms]
[2022-06-08T22:37:53.596Z] Open repository: /home/gaffclant/Programming/Rust/nvlope
[2022-06-08T22:37:53.865Z] > git symbolic-ref --short HEAD [1ms]
[2022-06-08T22:37:53.912Z] > git for-each-ref --format=%(refname)%00%(upstream:short)%00%(objectname)%00%(upstream:track) refs/heads/master refs/remotes/master [44ms]
[2022-06-08T22:37:53.921Z] > git remote --verbose [2ms]
[2022-06-08T22:37:53.921Z] > git for-each-ref --sort -committerdate --format %(refname) %(objectname) %(*objectname) [5ms]
[2022-06-08T22:37:53.930Z] > git config --get commit.template [1ms]
[2022-06-08T22:37:57.739Z] > git ls-files --stage -- /home/gaffclant/Programming/Rust/nvlope/.gitignore [49ms]
[2022-06-08T22:37:58.708Z] > git ls-files --stage -- /home/gaffclant/Programming/Rust/nvlope/src/main.rs [2ms]
[2022-06-08T22:38:18.764Z] > git log --format=%H%n%aN%n%aE%n%at%n%ct%n%P%n%B -z -n21 -- /home/gaffclant/Programming/Rust/nvlope/src/main.rs [2ms]
[2022-06-08T22:38:18.764Z] fatal: your current branch 'master' does not have any commits yet
[2022-06-08T22:39:01.922Z] > git ls-files --stage -- /home/gaffclant/Programming/Rust/nvlope/src/main.rs [2ms]
[2022-06-08T22:39:43.901Z] > git symbolic-ref --short HEAD [2ms]
[2022-06-08T22:39:43.907Z] > git for-each-ref --format=%(refname)%00%(upstream:short)%00%(objectname)%00%(upstream:track) refs/heads/master refs/remotes/master [1ms]
[2022-06-08T22:39:43.919Z] > git for-each-ref --sort -committerdate --format %(refname) %(objectname) %(*objectname) [6ms]
[2022-06-08T22:39:43.919Z] > git remote --verbose [1ms]
[2022-06-08T22:39:43.925Z] > git config --get commit.template [1ms]
[2022-06-08T22:39:52.727Z] > git symbolic-ref --short HEAD [1ms]
[2022-06-08T22:39:52.730Z] > git for-each-ref --format=%(refname)%00%(upstream:short)%00%(objectname)%00%(upstream:track) refs/heads/master refs/remotes/master [1ms]
[2022-06-08T22:39:52.734Z] > git for-each-ref --sort -committerdate --format %(refname) %(objectname) %(*objectname) [2ms]
[2022-06-08T22:39:52.734Z] > git remote --verbose [1ms]
[2022-06-08T22:39:52.738Z] > git config --get commit.template [1ms]
[2022-06-08T22:40:56.553Z] > git ls-files --stage -- /home/gaffclant/Programming/Rust/nvlope/src/main.rs [2ms]
[2022-06-08T22:41:01.225Z] > git symbolic-ref --short HEAD [1ms]
[2022-06-08T22:41:01.230Z] > git for-each-ref --format=%(refname)%00%(upstream:short)%00%(objectname)%00%(upstream:track) refs/heads/master refs/remotes/master [2ms]
[2022-06-08T22:41:01.237Z] > git for-each-ref --sort -committerdate --format %(refname) %(objectname) %(*objectname) [4ms]
[2022-06-08T22:41:01.237Z] > git remote --verbose [1ms]
[2022-06-08T22:41:01.245Z] > git config --get commit.template [2ms]
[2022-06-08T22:41:06.258Z] > git symbolic-ref --short HEAD [1ms]
[2022-06-08T22:41:06.262Z] > git for-each-ref --format=%(refname)%00%(upstream:short)%00%(objectname)%00%(upstream:track) refs/heads/master refs/remotes/master [1ms]
[2022-06-08T22:41:06.269Z] > git for-each-ref --sort -committerdate --format %(refname) %(objectname) %(*objectname) [3ms]
[2022-06-08T22:41:06.269Z] > git remote --verbose [1ms]
[2022-06-08T22:41:06.274Z] > git config --get commit.template [1ms]
[2022-06-08T22:41:30.835Z] > git symbolic-ref --short HEAD [1ms]
[2022-06-08T22:41:30.839Z] > git for-each-ref --format=%(refname)%00%(upstream:short)%00%(objectname)%00%(upstream:track) refs/heads/master refs/remotes/master [1ms]
[2022-06-08T22:41:30.845Z] > git for-each-ref --sort -committerdate --format %(refname) %(objectname) %(*objectname) [3ms]
[2022-06-08T22:41:30.846Z] > git remote --verbose [2ms]
[2022-06-08T22:41:30.852Z] > git config --get commit.template [2ms]
[2022-06-08T22:55:45.147Z] > git ls-files --stage -- /home/gaffclant/Programming/Rust/nvlope/src/main.rs [1ms]
[2022-06-08T22:55:48.891Z] > git symbolic-ref --short HEAD [1ms]
[2022-06-08T22:55:48.895Z] > git for-each-ref --format=%(refname)%00%(upstream:short)%00%(objectname)%00%(upstream:track) refs/heads/master refs/remotes/master [1ms]
[2022-06-08T22:55:48.901Z] > git for-each-ref --sort -committerdate --format %(refname) %(objectname) %(*objectname) [3ms]
[2022-06-08T22:55:48.902Z] > git remote --verbose [1ms]
[2022-06-08T22:55:48.907Z] > git config --get commit.template [1ms]
[2022-06-08T22:55:54.386Z] > git symbolic-ref --short HEAD [2ms]
[2022-06-08T22:55:54.390Z] > git for-each-ref --format=%(refname)%00%(upstream:short)%00%(objectname)%00%(upstream:track) refs/heads/master refs/remotes/master [1ms]
[2022-06-08T22:55:54.395Z] > git for-each-ref --sort -committerdate --format %(refname) %(objectname) %(*objectname) [3ms]
[2022-06-08T22:55:54.395Z] > git remote --verbose [1ms]
[2022-06-08T22:55:54.399Z] > git config --get commit.template [1ms]
