[2022-08-06T15:56:55.335Z] Log level: Info
[2022-08-06T15:56:55.336Z] [info] Validating found git in: git
[2022-08-06T15:56:55.354Z] [info] Using git 2.37.1 from git
[2022-08-06T15:56:55.373Z] > git rev-parse --show-toplevel [4ms]
[2022-08-06T15:56:55.391Z] > git rev-parse --git-dir --git-common-dir [5ms]
[2022-08-06T15:56:55.401Z] [info] Open repository: /home/gaffclant/Programming/Rust/testing
[2022-08-06T15:56:55.414Z] > git status -z -uall [3ms]
[2022-08-06T15:56:55.423Z] > git symbolic-ref --short HEAD [2ms]
[2022-08-06T15:56:55.435Z] > git for-each-ref --format=%(refname)%00%(upstream:short)%00%(objectname)%00%(upstream:track)%00%(upstream:remotename)%00%(upstream:remoteref) refs/heads/master refs/remotes/master [3ms]
[2022-08-06T15:56:55.457Z] > git remote --verbose [3ms]
[2022-08-06T15:56:55.458Z] > git for-each-ref --sort -committerdate --format %(refname) %(objectname) %(*objectname) [12ms]
[2022-08-06T15:56:55.470Z] > git config --get commit.template [1ms]
[2022-08-06T15:56:55.484Z] > git status -z -uall [1ms]
[2022-08-06T15:56:55.496Z] > git symbolic-ref --short HEAD [3ms]
[2022-08-06T15:56:55.509Z] > git for-each-ref --format=%(refname)%00%(upstream:short)%00%(objectname)%00%(upstream:track)%00%(upstream:remotename)%00%(upstream:remoteref) refs/heads/master refs/remotes/master [5ms]
[2022-08-06T15:56:55.523Z] > git for-each-ref --sort -committerdate --format %(refname) %(objectname) %(*objectname) [7ms]
[2022-08-06T15:56:55.523Z] > git remote --verbose [2ms]
[2022-08-06T15:56:55.534Z] > git config --get commit.template [2ms]
[2022-08-06T15:56:55.963Z] > git check-ignore -v -z --stdin [1ms]
[2022-08-06T15:56:59.009Z] > git check-ignore -v -z --stdin [2ms]
[2022-08-06T15:56:59.527Z] > git show --textconv :src/main.rs [10ms]
[2022-08-06T15:56:59.529Z] > git ls-files --stage -- /home/gaffclant/Programming/Rust/testing/src/main.rs [3ms]
[2022-08-06T15:57:01.028Z] > git check-ignore -v -z --stdin [6ms]
[2022-08-06T15:57:01.708Z] > git status -z -uall [2ms]
[2022-08-06T15:57:01.720Z] > git symbolic-ref --short HEAD [2ms]
[2022-08-06T15:57:01.731Z] > git for-each-ref --format=%(refname)%00%(upstream:short)%00%(objectname)%00%(upstream:track)%00%(upstream:remotename)%00%(upstream:remoteref) refs/heads/master refs/remotes/master [2ms]
[2022-08-06T15:57:01.750Z] > git for-each-ref --sort -committerdate --format %(refname) %(objectname) %(*objectname) [11ms]
[2022-08-06T15:57:01.751Z] > git remote --verbose [2ms]
[2022-08-06T15:57:01.765Z] > git config --get commit.template [2ms]
[2022-08-06T15:57:09.146Z] > git status -z -uall [2ms]
[2022-08-06T15:57:09.156Z] > git symbolic-ref --short HEAD [2ms]
[2022-08-06T15:57:09.165Z] > git for-each-ref --format=%(refname)%00%(upstream:short)%00%(objectname)%00%(upstream:track)%00%(upstream:remotename)%00%(upstream:remoteref) refs/heads/master refs/remotes/master [2ms]
[2022-08-06T15:57:09.179Z] > git for-each-ref --sort -committerdate --format %(refname) %(objectname) %(*objectname) [7ms]
[2022-08-06T15:57:09.179Z] > git remote --verbose [1ms]
[2022-08-06T15:57:09.189Z] > git config --get commit.template [1ms]
[2022-08-06T15:57:17.985Z] > git status -z -uall [4ms]
[2022-08-06T15:57:17.989Z] > git symbolic-ref --short HEAD [1ms]
[2022-08-06T15:57:17.994Z] > git for-each-ref --format=%(refname)%00%(upstream:short)%00%(objectname)%00%(upstream:track)%00%(upstream:remotename)%00%(upstream:remoteref) refs/heads/master refs/remotes/master [1ms]
[2022-08-06T15:57:18.000Z] > git for-each-ref --sort -committerdate --format %(refname) %(objectname) %(*objectname) [4ms]
[2022-08-06T15:57:18.000Z] > git remote --verbose [1ms]
[2022-08-06T15:57:18.005Z] > git config --get commit.template [1ms]
[2022-08-06T15:57:23.018Z] > git status -z -uall [2ms]
[2022-08-06T15:57:23.027Z] > git symbolic-ref --short HEAD [2ms]
[2022-08-06T15:57:23.033Z] > git for-each-ref --format=%(refname)%00%(upstream:short)%00%(objectname)%00%(upstream:track)%00%(upstream:remotename)%00%(upstream:remoteref) refs/heads/master refs/remotes/master [2ms]
[2022-08-06T15:57:23.044Z] > git for-each-ref --sort -committerdate --format %(refname) %(objectname) %(*objectname) [5ms]
[2022-08-06T15:57:23.044Z] > git remote --verbose [1ms]
[2022-08-06T15:57:23.052Z] > git config --get commit.template [2ms]
[2022-08-06T15:57:32.665Z] > git status -z -uall [3ms]
[2022-08-06T15:57:32.674Z] > git symbolic-ref --short HEAD [2ms]
[2022-08-06T15:57:32.683Z] > git for-each-ref --format=%(refname)%00%(upstream:short)%00%(objectname)%00%(upstream:track)%00%(upstream:remotename)%00%(upstream:remoteref) refs/heads/master refs/remotes/master [2ms]
[2022-08-06T15:57:32.693Z] > git for-each-ref --sort -committerdate --format %(refname) %(objectname) %(*objectname) [5ms]
[2022-08-06T15:57:32.693Z] > git remote --verbose [1ms]
[2022-08-06T15:57:32.699Z] > git config --get commit.template [1ms]
[2022-08-06T15:57:37.708Z] > git status -z -uall [2ms]
[2022-08-06T15:57:37.716Z] > git symbolic-ref --short HEAD [1ms]
[2022-08-06T15:57:37.724Z] > git for-each-ref --format=%(refname)%00%(upstream:short)%00%(objectname)%00%(upstream:track)%00%(upstream:remotename)%00%(upstream:remoteref) refs/heads/master refs/remotes/master [1ms]
[2022-08-06T15:57:37.737Z] > git for-each-ref --sort -committerdate --format %(refname) %(objectname) %(*objectname) [7ms]
[2022-08-06T15:57:37.737Z] > git remote --verbose [1ms]
[2022-08-06T15:57:37.746Z] > git config --get commit.template [2ms]
[2022-08-06T15:57:42.760Z] > git status -z -uall [3ms]
[2022-08-06T15:57:42.767Z] > git symbolic-ref --short HEAD [1ms]
[2022-08-06T15:57:42.776Z] > git for-each-ref --format=%(refname)%00%(upstream:short)%00%(objectname)%00%(upstream:track)%00%(upstream:remotename)%00%(upstream:remoteref) refs/heads/master refs/remotes/master [1ms]
[2022-08-06T15:57:42.786Z] > git for-each-ref --sort -committerdate --format %(refname) %(objectname) %(*objectname) [6ms]
[2022-08-06T15:57:42.786Z] > git remote --verbose [2ms]
[2022-08-06T15:57:42.795Z] > git config --get commit.template [1ms]
[2022-08-06T15:57:47.810Z] > git status -z -uall [2ms]
[2022-08-06T15:57:47.819Z] > git symbolic-ref --short HEAD [2ms]
[2022-08-06T15:57:47.828Z] > git for-each-ref --format=%(refname)%00%(upstream:short)%00%(objectname)%00%(upstream:track)%00%(upstream:remotename)%00%(upstream:remoteref) refs/heads/master refs/remotes/master [2ms]
[2022-08-06T15:57:47.845Z] > git for-each-ref --sort -committerdate --format %(refname) %(objectname) %(*objectname) [9ms]
[2022-08-06T15:57:47.845Z] > git remote --verbose [1ms]
[2022-08-06T15:57:47.857Z] > git config --get commit.template [2ms]
[2022-08-06T15:57:52.872Z] > git status -z -uall [2ms]
[2022-08-06T15:57:52.881Z] > git symbolic-ref --short HEAD [2ms]
[2022-08-06T15:57:52.889Z] > git for-each-ref --format=%(refname)%00%(upstream:short)%00%(objectname)%00%(upstream:track)%00%(upstream:remotename)%00%(upstream:remoteref) refs/heads/master refs/remotes/master [2ms]
[2022-08-06T15:57:52.901Z] > git for-each-ref --sort -committerdate --format %(refname) %(objectname) %(*objectname) [6ms]
[2022-08-06T15:57:52.902Z] > git remote --verbose [2ms]
[2022-08-06T15:57:52.912Z] > git config --get commit.template [2ms]
[2022-08-06T15:57:57.925Z] > git status -z -uall [3ms]
[2022-08-06T15:57:57.934Z] > git symbolic-ref --short HEAD [2ms]
[2022-08-06T15:57:57.943Z] > git for-each-ref --format=%(refname)%00%(upstream:short)%00%(objectname)%00%(upstream:track)%00%(upstream:remotename)%00%(upstream:remoteref) refs/heads/master refs/remotes/master [2ms]
[2022-08-06T15:57:57.960Z] > git for-each-ref --sort -committerdate --format %(refname) %(objectname) %(*objectname) [10ms]
[2022-08-06T15:57:57.961Z] > git remote --verbose [4ms]
[2022-08-06T15:57:57.970Z] > git config --get commit.template [2ms]
[2022-08-06T15:58:03.112Z] > git status -z -uall [1ms]
[2022-08-06T15:58:03.122Z] > git symbolic-ref --short HEAD [2ms]
[2022-08-06T15:58:03.131Z] > git for-each-ref --format=%(refname)%00%(upstream:short)%00%(objectname)%00%(upstream:track)%00%(upstream:remotename)%00%(upstream:remoteref) refs/heads/master refs/remotes/master [2ms]
[2022-08-06T15:58:03.144Z] > git for-each-ref --sort -committerdate --format %(refname) %(objectname) %(*objectname) [6ms]
[2022-08-06T15:58:03.144Z] > git remote --verbose [1ms]
[2022-08-06T15:58:03.155Z] > git config --get commit.template [2ms]
[2022-08-06T15:58:08.164Z] > git status -z -uall [1ms]
[2022-08-06T15:58:08.168Z] > git symbolic-ref --short HEAD [1ms]
[2022-08-06T15:58:08.171Z] > git for-each-ref --format=%(refname)%00%(upstream:short)%00%(objectname)%00%(upstream:track)%00%(upstream:remotename)%00%(upstream:remoteref) refs/heads/master refs/remotes/master [1ms]
[2022-08-06T15:58:08.176Z] > git for-each-ref --sort -committerdate --format %(refname) %(objectname) %(*objectname) [2ms]
[2022-08-06T15:58:08.177Z] > git remote --verbose [1ms]
[2022-08-06T15:58:08.181Z] > git config --get commit.template [1ms]
[2022-08-06T15:58:13.198Z] > git status -z -uall [2ms]
[2022-08-06T15:58:13.208Z] > git symbolic-ref --short HEAD [2ms]
[2022-08-06T15:58:13.215Z] > git for-each-ref --format=%(refname)%00%(upstream:short)%00%(objectname)%00%(upstream:track)%00%(upstream:remotename)%00%(upstream:remoteref) refs/heads/master refs/remotes/master [1ms]
[2022-08-06T15:58:13.228Z] > git for-each-ref --sort -committerdate --format %(refname) %(objectname) %(*objectname) [7ms]
[2022-08-06T15:58:13.228Z] > git remote --verbose [1ms]
[2022-08-06T15:58:13.236Z] > git config --get commit.template [2ms]
[2022-08-06T15:58:18.243Z] > git status -z -uall [2ms]
[2022-08-06T15:58:18.247Z] > git symbolic-ref --short HEAD [1ms]
[2022-08-06T15:58:18.251Z] > git for-each-ref --format=%(refname)%00%(upstream:short)%00%(objectname)%00%(upstream:track)%00%(upstream:remotename)%00%(upstream:remoteref) refs/heads/master refs/remotes/master [1ms]
[2022-08-06T15:58:18.257Z] > git for-each-ref --sort -committerdate --format %(refname) %(objectname) %(*objectname) [3ms]
[2022-08-06T15:58:18.258Z] > git remote --verbose [1ms]
[2022-08-06T15:58:18.262Z] > git config --get commit.template [1ms]
[2022-08-06T15:58:23.659Z] > git status -z -uall [2ms]
[2022-08-06T15:58:23.670Z] > git symbolic-ref --short HEAD [3ms]
[2022-08-06T15:58:23.677Z] > git for-each-ref --format=%(refname)%00%(upstream:short)%00%(objectname)%00%(upstream:track)%00%(upstream:remotename)%00%(upstream:remoteref) refs/heads/master refs/remotes/master [2ms]
[2022-08-06T15:58:23.690Z] > git for-each-ref --sort -committerdate --format %(refname) %(objectname) %(*objectname) [6ms]
[2022-08-06T15:58:23.690Z] > git remote --verbose [2ms]
[2022-08-06T15:58:23.697Z] > git config --get commit.template [2ms]
[2022-08-06T15:58:28.712Z] > git status -z -uall [3ms]
[2022-08-06T15:58:28.721Z] > git symbolic-ref --short HEAD [2ms]
[2022-08-06T15:58:28.729Z] > git for-each-ref --format=%(refname)%00%(upstream:short)%00%(objectname)%00%(upstream:track)%00%(upstream:remotename)%00%(upstream:remoteref) refs/heads/master refs/remotes/master [1ms]
[2022-08-06T15:58:28.740Z] > git for-each-ref --sort -committerdate --format %(refname) %(objectname) %(*objectname) [4ms]
[2022-08-06T15:58:28.741Z] > git remote --verbose [1ms]
[2022-08-06T15:58:28.751Z] > git config --get commit.template [3ms]
[2022-08-06T15:58:39.512Z] > git status -z -uall [2ms]
[2022-08-06T15:58:39.526Z] > git symbolic-ref --short HEAD [3ms]
[2022-08-06T15:58:39.537Z] > git for-each-ref --format=%(refname)%00%(upstream:short)%00%(objectname)%00%(upstream:track)%00%(upstream:remotename)%00%(upstream:remoteref) refs/heads/master refs/remotes/master [2ms]
[2022-08-06T15:58:39.554Z] > git for-each-ref --sort -committerdate --format %(refname) %(objectname) %(*objectname) [9ms]
[2022-08-06T15:58:39.555Z] > git remote --verbose [3ms]
[2022-08-06T15:58:39.565Z] > git config --get commit.template [2ms]
[2022-08-06T15:58:44.577Z] > git status -z -uall [3ms]
[2022-08-06T15:58:44.586Z] > git symbolic-ref --short HEAD [3ms]
[2022-08-06T15:58:44.597Z] > git for-each-ref --format=%(refname)%00%(upstream:short)%00%(objectname)%00%(upstream:track)%00%(upstream:remotename)%00%(upstream:remoteref) refs/heads/master refs/remotes/master [2ms]
[2022-08-06T15:58:44.613Z] > git for-each-ref --sort -committerdate --format %(refname) %(objectname) %(*objectname) [8ms]
[2022-08-06T15:58:44.614Z] > git remote --verbose [2ms]
[2022-08-06T15:58:44.624Z] > git config --get commit.template [2ms]
[2022-08-06T15:58:49.635Z] > git status -z -uall [2ms]
[2022-08-06T15:58:49.644Z] > git symbolic-ref --short HEAD [2ms]
[2022-08-06T15:58:49.651Z] > git for-each-ref --format=%(refname)%00%(upstream:short)%00%(objectname)%00%(upstream:track)%00%(upstream:remotename)%00%(upstream:remoteref) refs/heads/master refs/remotes/master [1ms]
[2022-08-06T15:58:49.663Z] > git for-each-ref --sort -committerdate --format %(refname) %(objectname) %(*objectname) [7ms]
[2022-08-06T15:58:49.664Z] > git remote --verbose [4ms]
[2022-08-06T15:58:49.673Z] > git config --get commit.template [1ms]
[2022-08-06T15:58:54.688Z] > git status -z -uall [2ms]
[2022-08-06T15:58:54.698Z] > git symbolic-ref --short HEAD [2ms]
[2022-08-06T15:58:54.707Z] > git for-each-ref --format=%(refname)%00%(upstream:short)%00%(objectname)%00%(upstream:track)%00%(upstream:remotename)%00%(upstream:remoteref) refs/heads/master refs/remotes/master [1ms]
[2022-08-06T15:58:54.719Z] > git for-each-ref --sort -committerdate --format %(refname) %(objectname) %(*objectname) [6ms]
[2022-08-06T15:58:54.719Z] > git remote --verbose [1ms]
[2022-08-06T15:58:54.724Z] > git config --get commit.template [1ms]
[2022-08-06T15:58:59.738Z] > git status -z -uall [3ms]
[2022-08-06T15:58:59.747Z] > git symbolic-ref --short HEAD [3ms]
[2022-08-06T15:58:59.756Z] > git for-each-ref --format=%(refname)%00%(upstream:short)%00%(objectname)%00%(upstream:track)%00%(upstream:remotename)%00%(upstream:remoteref) refs/heads/master refs/remotes/master [2ms]
[2022-08-06T15:58:59.768Z] > git for-each-ref --sort -committerdate --format %(refname) %(objectname) %(*objectname) [6ms]
[2022-08-06T15:58:59.769Z] > git remote --verbose [2ms]
[2022-08-06T15:58:59.776Z] > git config --get commit.template [2ms]
[2022-08-06T15:59:05.527Z] > git status -z -uall [3ms]
[2022-08-06T15:59:05.536Z] > git symbolic-ref --short HEAD [1ms]
[2022-08-06T15:59:05.544Z] > git for-each-ref --format=%(refname)%00%(upstream:short)%00%(objectname)%00%(upstream:track)%00%(upstream:remotename)%00%(upstream:remoteref) refs/heads/master refs/remotes/master [1ms]
[2022-08-06T15:59:05.558Z] > git for-each-ref --sort -committerdate --format %(refname) %(objectname) %(*objectname) [6ms]
[2022-08-06T15:59:05.558Z] > git remote --verbose [1ms]
[2022-08-06T15:59:05.566Z] > git config --get commit.template [2ms]
[2022-08-06T15:59:10.576Z] > git status -z -uall [2ms]
[2022-08-06T15:59:10.581Z] > git symbolic-ref --short HEAD [1ms]
[2022-08-06T15:59:10.588Z] > git for-each-ref --format=%(refname)%00%(upstream:short)%00%(objectname)%00%(upstream:track)%00%(upstream:remotename)%00%(upstream:remoteref) refs/heads/master refs/remotes/master [1ms]
[2022-08-06T15:59:10.601Z] > git for-each-ref --sort -committerdate --format %(refname) %(objectname) %(*objectname) [7ms]
[2022-08-06T15:59:10.601Z] > git remote --verbose [2ms]
[2022-08-06T15:59:10.609Z] > git config --get commit.template [1ms]
[2022-08-06T15:59:16.306Z] > git status -z -uall [1ms]
[2022-08-06T15:59:16.313Z] > git symbolic-ref --short HEAD [1ms]
[2022-08-06T15:59:16.321Z] > git for-each-ref --format=%(refname)%00%(upstream:short)%00%(objectname)%00%(upstream:track)%00%(upstream:remotename)%00%(upstream:remoteref) refs/heads/master refs/remotes/master [2ms]
[2022-08-06T15:59:16.335Z] > git for-each-ref --sort -committerdate --format %(refname) %(objectname) %(*objectname) [9ms]
[2022-08-06T15:59:16.335Z] > git remote --verbose [1ms]
[2022-08-06T15:59:16.342Z] > git config --get commit.template [2ms]
[2022-08-06T15:59:30.273Z] > git status -z -uall [2ms]
[2022-08-06T15:59:30.280Z] > git symbolic-ref --short HEAD [1ms]
[2022-08-06T15:59:30.288Z] > git for-each-ref --format=%(refname)%00%(upstream:short)%00%(objectname)%00%(upstream:track)%00%(upstream:remotename)%00%(upstream:remoteref) refs/heads/master refs/remotes/master [2ms]
[2022-08-06T15:59:30.300Z] > git for-each-ref --sort -committerdate --format %(refname) %(objectname) %(*objectname) [5ms]
[2022-08-06T15:59:30.301Z] > git remote --verbose [2ms]
[2022-08-06T15:59:30.308Z] > git config --get commit.template [1ms]
[2022-08-06T15:59:38.877Z] > git status -z -uall [3ms]
[2022-08-06T15:59:38.887Z] > git symbolic-ref --short HEAD [2ms]
[2022-08-06T15:59:38.895Z] > git for-each-ref --format=%(refname)%00%(upstream:short)%00%(objectname)%00%(upstream:track)%00%(upstream:remotename)%00%(upstream:remoteref) refs/heads/master refs/remotes/master [2ms]
[2022-08-06T15:59:38.908Z] > git for-each-ref --sort -committerdate --format %(refname) %(objectname) %(*objectname) [7ms]
[2022-08-06T15:59:38.908Z] > git remote --verbose [1ms]
[2022-08-06T15:59:38.917Z] > git config --get commit.template [1ms]
[2022-08-06T15:59:43.928Z] > git status -z -uall [3ms]
[2022-08-06T15:59:43.934Z] > git symbolic-ref --short HEAD [1ms]
[2022-08-06T15:59:43.938Z] > git for-each-ref --format=%(refname)%00%(upstream:short)%00%(objectname)%00%(upstream:track)%00%(upstream:remotename)%00%(upstream:remoteref) refs/heads/master refs/remotes/master [1ms]
[2022-08-06T15:59:43.945Z] > git for-each-ref --sort -committerdate --format %(refname) %(objectname) %(*objectname) [4ms]
[2022-08-06T15:59:43.946Z] > git remote --verbose [2ms]
[2022-08-06T15:59:43.950Z] > git config --get commit.template [1ms]
[2022-08-06T15:59:48.966Z] > git status -z -uall [3ms]
[2022-08-06T15:59:48.975Z] > git symbolic-ref --short HEAD [2ms]
[2022-08-06T15:59:48.984Z] > git for-each-ref --format=%(refname)%00%(upstream:short)%00%(objectname)%00%(upstream:track)%00%(upstream:remotename)%00%(upstream:remoteref) refs/heads/master refs/remotes/master [2ms]
[2022-08-06T15:59:49.000Z] > git for-each-ref --sort -committerdate --format %(refname) %(objectname) %(*objectname) [9ms]
[2022-08-06T15:59:49.000Z] > git remote --verbose [2ms]
[2022-08-06T15:59:49.010Z] > git config --get commit.template [2ms]
[2022-08-06T15:59:54.016Z] > git status -z -uall [1ms]
[2022-08-06T15:59:54.021Z] > git symbolic-ref --short HEAD [1ms]
[2022-08-06T15:59:54.026Z] > git for-each-ref --format=%(refname)%00%(upstream:short)%00%(objectname)%00%(upstream:track)%00%(upstream:remotename)%00%(upstream:remoteref) refs/heads/master refs/remotes/master [1ms]
[2022-08-06T15:59:54.032Z] > git for-each-ref --sort -committerdate --format %(refname) %(objectname) %(*objectname) [3ms]
[2022-08-06T15:59:54.032Z] > git remote --verbose [1ms]
[2022-08-06T15:59:54.037Z] > git config --get commit.template [1ms]
[2022-08-06T15:59:59.052Z] > git status -z -uall [2ms]
[2022-08-06T15:59:59.061Z] > git symbolic-ref --short HEAD [2ms]
[2022-08-06T15:59:59.070Z] > git for-each-ref --format=%(refname)%00%(upstream:short)%00%(objectname)%00%(upstream:track)%00%(upstream:remotename)%00%(upstream:remoteref) refs/heads/master refs/remotes/master [2ms]
[2022-08-06T15:59:59.084Z] > git for-each-ref --sort -committerdate --format %(refname) %(objectname) %(*objectname) [8ms]
[2022-08-06T15:59:59.085Z] > git remote --verbose [2ms]
[2022-08-06T15:59:59.093Z] > git config --get commit.template [2ms]
[2022-08-06T16:00:04.100Z] > git status -z -uall [1ms]
[2022-08-06T16:00:04.107Z] > git symbolic-ref --short HEAD [2ms]
[2022-08-06T16:00:04.115Z] > git for-each-ref --format=%(refname)%00%(upstream:short)%00%(objectname)%00%(upstream:track)%00%(upstream:remotename)%00%(upstream:remoteref) refs/heads/master refs/remotes/master [1ms]
[2022-08-06T16:00:04.128Z] > git for-each-ref --sort -committerdate --format %(refname) %(objectname) %(*objectname) [9ms]
[2022-08-06T16:00:04.128Z] > git remote --verbose [3ms]
[2022-08-06T16:00:04.133Z] > git config --get commit.template [1ms]
[2022-08-06T16:00:09.147Z] > git status -z -uall [2ms]
[2022-08-06T16:00:09.156Z] > git symbolic-ref --short HEAD [2ms]
[2022-08-06T16:00:09.166Z] > git for-each-ref --format=%(refname)%00%(upstream:short)%00%(objectname)%00%(upstream:track)%00%(upstream:remotename)%00%(upstream:remoteref) refs/heads/master refs/remotes/master [2ms]
[2022-08-06T16:00:09.177Z] > git for-each-ref --sort -committerdate --format %(refname) %(objectname) %(*objectname) [5ms]
[2022-08-06T16:00:09.178Z] > git remote --verbose [2ms]
[2022-08-06T16:00:09.187Z] > git config --get commit.template [2ms]
[2022-08-06T16:00:16.587Z] > git status -z -uall [2ms]
[2022-08-06T16:00:16.596Z] > git symbolic-ref --short HEAD [2ms]
[2022-08-06T16:00:16.605Z] > git for-each-ref --format=%(refname)%00%(upstream:short)%00%(objectname)%00%(upstream:track)%00%(upstream:remotename)%00%(upstream:remoteref) refs/heads/master refs/remotes/master [2ms]
[2022-08-06T16:00:16.616Z] > git for-each-ref --sort -committerdate --format %(refname) %(objectname) %(*objectname) [5ms]
[2022-08-06T16:00:16.617Z] > git remote --verbose [2ms]
[2022-08-06T16:00:16.626Z] > git config --get commit.template [1ms]
[2022-08-06T16:00:34.777Z] > git status -z -uall [3ms]
[2022-08-06T16:00:34.788Z] > git symbolic-ref --short HEAD [2ms]
[2022-08-06T16:00:34.798Z] > git for-each-ref --format=%(refname)%00%(upstream:short)%00%(objectname)%00%(upstream:track)%00%(upstream:remotename)%00%(upstream:remoteref) refs/heads/master refs/remotes/master [2ms]
[2022-08-06T16:00:34.813Z] > git for-each-ref --sort -committerdate --format %(refname) %(objectname) %(*objectname) [9ms]
[2022-08-06T16:00:34.814Z] > git remote --verbose [2ms]
[2022-08-06T16:00:34.824Z] > git config --get commit.template [2ms]
[2022-08-06T16:00:39.841Z] > git status -z -uall [3ms]
[2022-08-06T16:00:39.850Z] > git symbolic-ref --short HEAD [2ms]
[2022-08-06T16:00:39.859Z] > git for-each-ref --format=%(refname)%00%(upstream:short)%00%(objectname)%00%(upstream:track)%00%(upstream:remotename)%00%(upstream:remoteref) refs/heads/master refs/remotes/master [2ms]
[2022-08-06T16:00:39.877Z] > git for-each-ref --sort -committerdate --format %(refname) %(objectname) %(*objectname) [10ms]
[2022-08-06T16:00:39.877Z] > git remote --verbose [2ms]
[2022-08-06T16:00:39.889Z] > git config --get commit.template [1ms]
[2022-08-06T16:00:44.904Z] > git status -z -uall [2ms]
[2022-08-06T16:00:44.915Z] > git symbolic-ref --short HEAD [2ms]
[2022-08-06T16:00:44.926Z] > git for-each-ref --format=%(refname)%00%(upstream:short)%00%(objectname)%00%(upstream:track)%00%(upstream:remotename)%00%(upstream:remoteref) refs/heads/master refs/remotes/master [2ms]
[2022-08-06T16:00:44.940Z] > git for-each-ref --sort -committerdate --format %(refname) %(objectname) %(*objectname) [6ms]
[2022-08-06T16:00:44.941Z] > git remote --verbose [1ms]
[2022-08-06T16:00:44.951Z] > git config --get commit.template [2ms]
[2022-08-06T16:00:52.631Z] > git status -z -uall [5ms]
[2022-08-06T16:00:52.641Z] > git symbolic-ref --short HEAD [2ms]
[2022-08-06T16:00:52.649Z] > git for-each-ref --format=%(refname)%00%(upstream:short)%00%(objectname)%00%(upstream:track)%00%(upstream:remotename)%00%(upstream:remoteref) refs/heads/master refs/remotes/master [2ms]
[2022-08-06T16:00:52.667Z] > git for-each-ref --sort -committerdate --format %(refname) %(objectname) %(*objectname) [10ms]
[2022-08-06T16:00:52.668Z] > git remote --verbose [2ms]
[2022-08-06T16:00:52.677Z] > git config --get commit.template [2ms]
[2022-08-06T16:00:57.694Z] > git status -z -uall [3ms]
[2022-08-06T16:00:57.704Z] > git symbolic-ref --short HEAD [2ms]
[2022-08-06T16:00:57.714Z] > git for-each-ref --format=%(refname)%00%(upstream:short)%00%(objectname)%00%(upstream:track)%00%(upstream:remotename)%00%(upstream:remoteref) refs/heads/master refs/remotes/master [2ms]
[2022-08-06T16:00:57.727Z] > git for-each-ref --sort -committerdate --format %(refname) %(objectname) %(*objectname) [7ms]
[2022-08-06T16:00:57.728Z] > git remote --verbose [2ms]
[2022-08-06T16:00:57.737Z] > git config --get commit.template [2ms]
[2022-08-06T16:01:02.754Z] > git status -z -uall [1ms]
[2022-08-06T16:01:02.765Z] > git symbolic-ref --short HEAD [2ms]
[2022-08-06T16:01:02.773Z] > git for-each-ref --format=%(refname)%00%(upstream:short)%00%(objectname)%00%(upstream:track)%00%(upstream:remotename)%00%(upstream:remoteref) refs/heads/master refs/remotes/master [2ms]
[2022-08-06T16:01:02.789Z] > git for-each-ref --sort -committerdate --format %(refname) %(objectname) %(*objectname) [7ms]
[2022-08-06T16:01:02.789Z] > git remote --verbose [2ms]
[2022-08-06T16:01:02.799Z] > git config --get commit.template [2ms]
[2022-08-06T16:01:10.161Z] > git status -z -uall [2ms]
[2022-08-06T16:01:10.166Z] > git symbolic-ref --short HEAD [1ms]
[2022-08-06T16:01:10.170Z] > git for-each-ref --format=%(refname)%00%(upstream:short)%00%(objectname)%00%(upstream:track)%00%(upstream:remotename)%00%(upstream:remoteref) refs/heads/master refs/remotes/master [1ms]
[2022-08-06T16:01:10.174Z] > git for-each-ref --sort -committerdate --format %(refname) %(objectname) %(*objectname) [2ms]
[2022-08-06T16:01:10.175Z] > git remote --verbose [0ms]
[2022-08-06T16:01:10.179Z] > git config --get commit.template [1ms]
[2022-08-06T16:01:31.435Z] > git status -z -uall [2ms]
[2022-08-06T16:01:31.445Z] > git symbolic-ref --short HEAD [2ms]
[2022-08-06T16:01:31.453Z] > git for-each-ref --format=%(refname)%00%(upstream:short)%00%(objectname)%00%(upstream:track)%00%(upstream:remotename)%00%(upstream:remoteref) refs/heads/master refs/remotes/master [1ms]
[2022-08-06T16:01:31.467Z] > git for-each-ref --sort -committerdate --format %(refname) %(objectname) %(*objectname) [7ms]
[2022-08-06T16:01:31.467Z] > git remote --verbose [1ms]
[2022-08-06T16:01:31.476Z] > git config --get commit.template [2ms]
[2022-08-06T16:01:45.937Z] > git status -z -uall [1ms]
[2022-08-06T16:01:45.943Z] > git symbolic-ref --short HEAD [1ms]
[2022-08-06T16:01:45.948Z] > git for-each-ref --format=%(refname)%00%(upstream:short)%00%(objectname)%00%(upstream:track)%00%(upstream:remotename)%00%(upstream:remoteref) refs/heads/master refs/remotes/master [1ms]
[2022-08-06T16:01:45.956Z] > git for-each-ref --sort -committerdate --format %(refname) %(objectname) %(*objectname) [4ms]
[2022-08-06T16:01:45.956Z] > git remote --verbose [1ms]
[2022-08-06T16:01:45.961Z] > git config --get commit.template [1ms]
[2022-08-06T16:01:50.973Z] > git status -z -uall [2ms]
[2022-08-06T16:01:50.983Z] > git symbolic-ref --short HEAD [2ms]
[2022-08-06T16:01:50.993Z] > git for-each-ref --format=%(refname)%00%(upstream:short)%00%(objectname)%00%(upstream:track)%00%(upstream:remotename)%00%(upstream:remoteref) refs/heads/master refs/remotes/master [3ms]
[2022-08-06T16:01:51.010Z] > git for-each-ref --sort -committerdate --format %(refname) %(objectname) %(*objectname) [10ms]
[2022-08-06T16:01:51.011Z] > git remote --verbose [3ms]
[2022-08-06T16:01:51.023Z] > git config --get commit.template [2ms]
[2022-08-06T16:01:56.032Z] > git status -z -uall [1ms]
[2022-08-06T16:01:56.036Z] > git symbolic-ref --short HEAD [0ms]
[2022-08-06T16:01:56.040Z] > git for-each-ref --format=%(refname)%00%(upstream:short)%00%(objectname)%00%(upstream:track)%00%(upstream:remotename)%00%(upstream:remoteref) refs/heads/master refs/remotes/master [1ms]
[2022-08-06T16:01:56.046Z] > git for-each-ref --sort -committerdate --format %(refname) %(objectname) %(*objectname) [3ms]
[2022-08-06T16:01:56.047Z] > git remote --verbose [1ms]
[2022-08-06T16:01:56.051Z] > git config --get commit.template [1ms]
[2022-08-06T16:02:01.067Z] > git status -z -uall [1ms]
[2022-08-06T16:02:01.077Z] > git symbolic-ref --short HEAD [2ms]
[2022-08-06T16:02:01.084Z] > git for-each-ref --format=%(refname)%00%(upstream:short)%00%(objectname)%00%(upstream:track)%00%(upstream:remotename)%00%(upstream:remoteref) refs/heads/master refs/remotes/master [1ms]
[2022-08-06T16:02:01.100Z] > git for-each-ref --sort -committerdate --format %(refname) %(objectname) %(*objectname) [10ms]
[2022-08-06T16:02:01.101Z] > git remote --verbose [2ms]
[2022-08-06T16:02:01.111Z] > git config --get commit.template [2ms]
[2022-08-06T16:02:06.123Z] > git status -z -uall [2ms]
[2022-08-06T16:02:06.132Z] > git symbolic-ref --short HEAD [2ms]
[2022-08-06T16:02:06.138Z] > git for-each-ref --format=%(refname)%00%(upstream:short)%00%(objectname)%00%(upstream:track)%00%(upstream:remotename)%00%(upstream:remoteref) refs/heads/master refs/remotes/master [1ms]
[2022-08-06T16:02:06.149Z] > git for-each-ref --sort -committerdate --format %(refname) %(objectname) %(*objectname) [8ms]
[2022-08-06T16:02:06.149Z] > git remote --verbose [1ms]
[2022-08-06T16:02:06.155Z] > git config --get commit.template [1ms]
[2022-08-06T16:02:11.168Z] > git status -z -uall [1ms]
[2022-08-06T16:02:11.178Z] > git symbolic-ref --short HEAD [3ms]
[2022-08-06T16:02:11.186Z] > git for-each-ref --format=%(refname)%00%(upstream:short)%00%(objectname)%00%(upstream:track)%00%(upstream:remotename)%00%(upstream:remoteref) refs/heads/master refs/remotes/master [2ms]
[2022-08-06T16:02:11.201Z] > git for-each-ref --sort -committerdate --format %(refname) %(objectname) %(*objectname) [7ms]
[2022-08-06T16:02:11.201Z] > git remote --verbose [1ms]
[2022-08-06T16:02:11.211Z] > git config --get commit.template [2ms]
[2022-08-06T16:02:25.040Z] > git status -z -uall [3ms]
[2022-08-06T16:02:25.052Z] > git symbolic-ref --short HEAD [2ms]
[2022-08-06T16:02:25.061Z] > git for-each-ref --format=%(refname)%00%(upstream:short)%00%(objectname)%00%(upstream:track)%00%(upstream:remotename)%00%(upstream:remoteref) refs/heads/master refs/remotes/master [2ms]
[2022-08-06T16:02:25.078Z] > git for-each-ref --sort -committerdate --format %(refname) %(objectname) %(*objectname) [10ms]
[2022-08-06T16:02:25.078Z] > git remote --verbose [2ms]
[2022-08-06T16:02:25.088Z] > git config --get commit.template [2ms]
[2022-08-06T16:02:44.937Z] > git status -z -uall [2ms]
[2022-08-06T16:02:44.947Z] > git symbolic-ref --short HEAD [2ms]
[2022-08-06T16:02:44.956Z] > git for-each-ref --format=%(refname)%00%(upstream:short)%00%(objectname)%00%(upstream:track)%00%(upstream:remotename)%00%(upstream:remoteref) refs/heads/master refs/remotes/master [2ms]
[2022-08-06T16:02:44.972Z] > git for-each-ref --sort -committerdate --format %(refname) %(objectname) %(*objectname) [9ms]
[2022-08-06T16:02:44.972Z] > git remote --verbose [2ms]
[2022-08-06T16:02:44.982Z] > git config --get commit.template [2ms]
[2022-08-06T16:03:27.375Z] > git status -z -uall [2ms]
[2022-08-06T16:03:27.385Z] > git symbolic-ref --short HEAD [1ms]
[2022-08-06T16:03:27.396Z] > git for-each-ref --format=%(refname)%00%(upstream:short)%00%(objectname)%00%(upstream:track)%00%(upstream:remotename)%00%(upstream:remoteref) refs/heads/master refs/remotes/master [2ms]
[2022-08-06T16:03:27.409Z] > git remote --verbose [1ms]
[2022-08-06T16:03:27.410Z] > git for-each-ref --sort -committerdate --format %(refname) %(objectname) %(*objectname) [7ms]
[2022-08-06T16:03:27.418Z] > git config --get commit.template [1ms]
[2022-08-06T16:03:32.433Z] > git status -z -uall [2ms]
[2022-08-06T16:03:32.443Z] > git symbolic-ref --short HEAD [2ms]
[2022-08-06T16:03:32.451Z] > git for-each-ref --format=%(refname)%00%(upstream:short)%00%(objectname)%00%(upstream:track)%00%(upstream:remotename)%00%(upstream:remoteref) refs/heads/master refs/remotes/master [1ms]
[2022-08-06T16:03:32.466Z] > git for-each-ref --sort -committerdate --format %(refname) %(objectname) %(*objectname) [8ms]
[2022-08-06T16:03:32.467Z] > git remote --verbose [3ms]
[2022-08-06T16:03:32.477Z] > git config --get commit.template [2ms]
[2022-08-06T16:03:37.495Z] > git status -z -uall [2ms]
[2022-08-06T16:03:37.507Z] > git symbolic-ref --short HEAD [3ms]
[2022-08-06T16:03:37.517Z] > git for-each-ref --format=%(refname)%00%(upstream:short)%00%(objectname)%00%(upstream:track)%00%(upstream:remotename)%00%(upstream:remoteref) refs/heads/master refs/remotes/master [2ms]
[2022-08-06T16:03:37.534Z] > git for-each-ref --sort -committerdate --format %(refname) %(objectname) %(*objectname) [8ms]
[2022-08-06T16:03:37.535Z] > git remote --verbose [2ms]
[2022-08-06T16:03:37.545Z] > git config --get commit.template [2ms]
[2022-08-06T16:03:42.562Z] > git status -z -uall [2ms]
[2022-08-06T16:03:42.571Z] > git symbolic-ref --short HEAD [2ms]
[2022-08-06T16:03:42.579Z] > git for-each-ref --format=%(refname)%00%(upstream:short)%00%(objectname)%00%(upstream:track)%00%(upstream:remotename)%00%(upstream:remoteref) refs/heads/master refs/remotes/master [1ms]
[2022-08-06T16:03:42.592Z] > git for-each-ref --sort -committerdate --format %(refname) %(objectname) %(*objectname) [7ms]
[2022-08-06T16:03:42.593Z] > git remote --verbose [2ms]
[2022-08-06T16:03:42.598Z] > git config --get commit.template [1ms]
[2022-08-06T16:03:47.610Z] > git status -z -uall [2ms]
[2022-08-06T16:03:47.618Z] > git symbolic-ref --short HEAD [2ms]
[2022-08-06T16:03:47.626Z] > git for-each-ref --format=%(refname)%00%(upstream:short)%00%(objectname)%00%(upstream:track)%00%(upstream:remotename)%00%(upstream:remoteref) refs/heads/master refs/remotes/master [1ms]
[2022-08-06T16:03:47.637Z] > git for-each-ref --sort -committerdate --format %(refname) %(objectname) %(*objectname) [6ms]
[2022-08-06T16:03:47.638Z] > git remote --verbose [2ms]
[2022-08-06T16:03:47.647Z] > git config --get commit.template [2ms]
[2022-08-06T16:03:57.824Z] > git status -z -uall [3ms]
[2022-08-06T16:03:57.832Z] > git symbolic-ref --short HEAD [2ms]
[2022-08-06T16:03:57.840Z] > git for-each-ref --format=%(refname)%00%(upstream:short)%00%(objectname)%00%(upstream:track)%00%(upstream:remotename)%00%(upstream:remoteref) refs/heads/master refs/remotes/master [1ms]
[2022-08-06T16:03:57.856Z] > git for-each-ref --sort -committerdate --format %(refname) %(objectname) %(*objectname) [9ms]
[2022-08-06T16:03:57.857Z] > git remote --verbose [2ms]
[2022-08-06T16:03:57.867Z] > git config --get commit.template [1ms]
[2022-08-06T16:04:02.881Z] > git status -z -uall [3ms]
[2022-08-06T16:04:02.891Z] > git symbolic-ref --short HEAD [2ms]
[2022-08-06T16:04:02.899Z] > git for-each-ref --format=%(refname)%00%(upstream:short)%00%(objectname)%00%(upstream:track)%00%(upstream:remotename)%00%(upstream:remoteref) refs/heads/master refs/remotes/master [2ms]
[2022-08-06T16:04:02.912Z] > git for-each-ref --sort -committerdate --format %(refname) %(objectname) %(*objectname) [6ms]
[2022-08-06T16:04:02.913Z] > git remote --verbose [2ms]
[2022-08-06T16:04:02.924Z] > git config --get commit.template [2ms]
[2022-08-06T16:04:07.937Z] > git status -z -uall [3ms]
[2022-08-06T16:04:07.943Z] > git symbolic-ref --short HEAD [1ms]
[2022-08-06T16:04:07.948Z] > git for-each-ref --format=%(refname)%00%(upstream:short)%00%(objectname)%00%(upstream:track)%00%(upstream:remotename)%00%(upstream:remoteref) refs/heads/master refs/remotes/master [1ms]
[2022-08-06T16:04:07.957Z] > git for-each-ref --sort -committerdate --format %(refname) %(objectname) %(*objectname) [4ms]
[2022-08-06T16:04:07.957Z] > git remote --verbose [1ms]
[2022-08-06T16:04:07.963Z] > git config --get commit.template [2ms]
[2022-08-06T16:04:12.975Z] > git status -z -uall [2ms]
[2022-08-06T16:04:12.987Z] > git symbolic-ref --short HEAD [3ms]
[2022-08-06T16:04:12.999Z] > git for-each-ref --format=%(refname)%00%(upstream:short)%00%(objectname)%00%(upstream:track)%00%(upstream:remotename)%00%(upstream:remoteref) refs/heads/master refs/remotes/master [3ms]
[2022-08-06T16:04:13.014Z] > git for-each-ref --sort -committerdate --format %(refname) %(objectname) %(*objectname) [7ms]
[2022-08-06T16:04:13.014Z] > git remote --verbose [1ms]
[2022-08-06T16:04:13.025Z] > git config --get commit.template [1ms]
[2022-08-06T16:04:18.037Z] > git status -z -uall [2ms]
[2022-08-06T16:04:18.042Z] > git symbolic-ref --short HEAD [1ms]
[2022-08-06T16:04:18.048Z] > git for-each-ref --format=%(refname)%00%(upstream:short)%00%(objectname)%00%(upstream:track)%00%(upstream:remotename)%00%(upstream:remoteref) refs/heads/master refs/remotes/master [1ms]
[2022-08-06T16:04:18.056Z] > git for-each-ref --sort -committerdate --format %(refname) %(objectname) %(*objectname) [4ms]
[2022-08-06T16:04:18.056Z] > git remote --verbose [1ms]
[2022-08-06T16:04:18.061Z] > git config --get commit.template [1ms]
[2022-08-06T16:04:23.074Z] > git status -z -uall [3ms]
[2022-08-06T16:04:23.084Z] > git symbolic-ref --short HEAD [1ms]
[2022-08-06T16:04:23.095Z] > git for-each-ref --format=%(refname)%00%(upstream:short)%00%(objectname)%00%(upstream:track)%00%(upstream:remotename)%00%(upstream:remoteref) refs/heads/master refs/remotes/master [2ms]
[2022-08-06T16:04:23.111Z] > git for-each-ref --sort -committerdate --format %(refname) %(objectname) %(*objectname) [10ms]
[2022-08-06T16:04:23.111Z] > git remote --verbose [2ms]
[2022-08-06T16:04:23.122Z] > git config --get commit.template [2ms]
[2022-08-06T16:04:28.132Z] > git status -z -uall [1ms]
[2022-08-06T16:04:28.137Z] > git symbolic-ref --short HEAD [1ms]
[2022-08-06T16:04:28.142Z] > git for-each-ref --format=%(refname)%00%(upstream:short)%00%(objectname)%00%(upstream:track)%00%(upstream:remotename)%00%(upstream:remoteref) refs/heads/master refs/remotes/master [1ms]
[2022-08-06T16:04:28.149Z] > git for-each-ref --sort -committerdate --format %(refname) %(objectname) %(*objectname) [4ms]
[2022-08-06T16:04:28.150Z] > git remote --verbose [1ms]
[2022-08-06T16:04:28.155Z] > git config --get commit.template [1ms]
[2022-08-06T16:04:33.166Z] > git status -z -uall [3ms]
[2022-08-06T16:04:33.175Z] > git symbolic-ref --short HEAD [1ms]
[2022-08-06T16:04:33.184Z] > git for-each-ref --format=%(refname)%00%(upstream:short)%00%(objectname)%00%(upstream:track)%00%(upstream:remotename)%00%(upstream:remoteref) refs/heads/master refs/remotes/master [2ms]
[2022-08-06T16:04:33.195Z] > git for-each-ref --sort -committerdate --format %(refname) %(objectname) %(*objectname) [4ms]
[2022-08-06T16:04:33.196Z] > git remote --verbose [1ms]
[2022-08-06T16:04:33.205Z] > git config --get commit.template [2ms]
[2022-08-06T16:04:38.214Z] > git status -z -uall [2ms]
[2022-08-06T16:04:38.218Z] > git symbolic-ref --short HEAD [1ms]
[2022-08-06T16:04:38.223Z] > git for-each-ref --format=%(refname)%00%(upstream:short)%00%(objectname)%00%(upstream:track)%00%(upstream:remotename)%00%(upstream:remoteref) refs/heads/master refs/remotes/master [1ms]
[2022-08-06T16:04:38.229Z] > git for-each-ref --sort -committerdate --format %(refname) %(objectname) %(*objectname) [3ms]
[2022-08-06T16:04:38.229Z] > git remote --verbose [0ms]
[2022-08-06T16:04:38.235Z] > git config --get commit.template [1ms]
[2022-08-06T16:04:43.250Z] > git status -z -uall [2ms]
[2022-08-06T16:04:43.264Z] > git symbolic-ref --short HEAD [3ms]
[2022-08-06T16:04:43.275Z] > git for-each-ref --format=%(refname)%00%(upstream:short)%00%(objectname)%00%(upstream:track)%00%(upstream:remotename)%00%(upstream:remoteref) refs/heads/master refs/remotes/master [2ms]
[2022-08-06T16:04:43.287Z] > git for-each-ref --sort -committerdate --format %(refname) %(objectname) %(*objectname) [6ms]
[2022-08-06T16:04:43.288Z] > git remote --verbose [1ms]
[2022-08-06T16:04:43.296Z] > git config --get commit.template [1ms]
[2022-08-06T16:04:48.310Z] > git status -z -uall [2ms]
[2022-08-06T16:04:48.316Z] > git symbolic-ref --short HEAD [1ms]
[2022-08-06T16:04:48.325Z] > git for-each-ref --format=%(refname)%00%(upstream:short)%00%(objectname)%00%(upstream:track)%00%(upstream:remotename)%00%(upstream:remoteref) refs/heads/master refs/remotes/master [2ms]
[2022-08-06T16:04:48.340Z] > git for-each-ref --sort -committerdate --format %(refname) %(objectname) %(*objectname) [8ms]
[2022-08-06T16:04:48.340Z] > git remote --verbose [2ms]
[2022-08-06T16:04:48.349Z] > git config --get commit.template [1ms]
[2022-08-06T16:04:53.366Z] > git status -z -uall [2ms]
[2022-08-06T16:04:53.378Z] > git symbolic-ref --short HEAD [3ms]
[2022-08-06T16:04:53.388Z] > git for-each-ref --format=%(refname)%00%(upstream:short)%00%(objectname)%00%(upstream:track)%00%(upstream:remotename)%00%(upstream:remoteref) refs/heads/master refs/remotes/master [2ms]
[2022-08-06T16:04:53.403Z] > git for-each-ref --sort -committerdate --format %(refname) %(objectname) %(*objectname) [8ms]
[2022-08-06T16:04:53.404Z] > git remote --verbose [2ms]
[2022-08-06T16:04:53.414Z] > git config --get commit.template [2ms]
[2022-08-06T16:05:00.060Z] > git status -z -uall [2ms]
[2022-08-06T16:05:00.068Z] > git symbolic-ref --short HEAD [3ms]
[2022-08-06T16:05:00.077Z] > git for-each-ref --format=%(refname)%00%(upstream:short)%00%(objectname)%00%(upstream:track)%00%(upstream:remotename)%00%(upstream:remoteref) refs/heads/master refs/remotes/master [2ms]
[2022-08-06T16:05:00.086Z] > git for-each-ref --sort -committerdate --format %(refname) %(objectname) %(*objectname) [6ms]
[2022-08-06T16:05:00.086Z] > git remote --verbose [2ms]
[2022-08-06T16:05:00.093Z] > git config --get commit.template [2ms]
[2022-08-06T16:05:05.105Z] > git status -z -uall [2ms]
[2022-08-06T16:05:05.115Z] > git symbolic-ref --short HEAD [2ms]
[2022-08-06T16:05:05.125Z] > git for-each-ref --format=%(refname)%00%(upstream:short)%00%(objectname)%00%(upstream:track)%00%(upstream:remotename)%00%(upstream:remoteref) refs/heads/master refs/remotes/master [1ms]
[2022-08-06T16:05:05.140Z] > git for-each-ref --sort -committerdate --format %(refname) %(objectname) %(*objectname) [8ms]
[2022-08-06T16:05:05.141Z] > git remote --verbose [2ms]
[2022-08-06T16:05:05.149Z] > git config --get commit.template [2ms]
[2022-08-06T16:05:10.155Z] > git status -z -uall [1ms]
[2022-08-06T16:05:10.163Z] > git symbolic-ref --short HEAD [1ms]
[2022-08-06T16:05:10.169Z] > git for-each-ref --format=%(refname)%00%(upstream:short)%00%(objectname)%00%(upstream:track)%00%(upstream:remotename)%00%(upstream:remoteref) refs/heads/master refs/remotes/master [1ms]
[2022-08-06T16:05:10.179Z] > git for-each-ref --sort -committerdate --format %(refname) %(objectname) %(*objectname) [5ms]
[2022-08-06T16:05:10.180Z] > git remote --verbose [2ms]
[2022-08-06T16:05:10.186Z] > git config --get commit.template [2ms]
[2022-08-06T16:05:15.201Z] > git status -z -uall [3ms]
[2022-08-06T16:05:15.210Z] > git symbolic-ref --short HEAD [1ms]
[2022-08-06T16:05:15.220Z] > git for-each-ref --format=%(refname)%00%(upstream:short)%00%(objectname)%00%(upstream:track)%00%(upstream:remotename)%00%(upstream:remoteref) refs/heads/master refs/remotes/master [2ms]
[2022-08-06T16:05:15.233Z] > git for-each-ref --sort -committerdate --format %(refname) %(objectname) %(*objectname) [7ms]
[2022-08-06T16:05:15.234Z] > git remote --verbose [2ms]
[2022-08-06T16:05:15.243Z] > git config --get commit.template [1ms]
[2022-08-06T16:05:31.219Z] > git status -z -uall [2ms]
[2022-08-06T16:05:31.227Z] > git symbolic-ref --short HEAD [1ms]
[2022-08-06T16:05:31.237Z] > git for-each-ref --format=%(refname)%00%(upstream:short)%00%(objectname)%00%(upstream:track)%00%(upstream:remotename)%00%(upstream:remoteref) refs/heads/master refs/remotes/master [2ms]
[2022-08-06T16:05:31.254Z] > git for-each-ref --sort -committerdate --format %(refname) %(objectname) %(*objectname) [10ms]
[2022-08-06T16:05:31.255Z] > git remote --verbose [2ms]
[2022-08-06T16:05:31.263Z] > git config --get commit.template [2ms]
[2022-08-06T16:05:42.648Z] > git status -z -uall [2ms]
[2022-08-06T16:05:42.659Z] > git symbolic-ref --short HEAD [1ms]
[2022-08-06T16:05:42.667Z] > git for-each-ref --format=%(refname)%00%(upstream:short)%00%(objectname)%00%(upstream:track)%00%(upstream:remotename)%00%(upstream:remoteref) refs/heads/master refs/remotes/master [2ms]
[2022-08-06T16:05:42.680Z] > git for-each-ref --sort -committerdate --format %(refname) %(objectname) %(*objectname) [7ms]
[2022-08-06T16:05:42.681Z] > git remote --verbose [2ms]
[2022-08-06T16:05:42.692Z] > git config --get commit.template [2ms]
[2022-08-06T16:05:47.707Z] > git status -z -uall [1ms]
[2022-08-06T16:05:47.717Z] > git symbolic-ref --short HEAD [2ms]
[2022-08-06T16:05:47.725Z] > git for-each-ref --format=%(refname)%00%(upstream:short)%00%(objectname)%00%(upstream:track)%00%(upstream:remotename)%00%(upstream:remoteref) refs/heads/master refs/remotes/master [2ms]
[2022-08-06T16:05:47.739Z] > git for-each-ref --sort -committerdate --format %(refname) %(objectname) %(*objectname) [8ms]
[2022-08-06T16:05:47.739Z] > git remote --verbose [2ms]
[2022-08-06T16:05:47.751Z] > git config --get commit.template [2ms]
[2022-08-06T16:05:52.763Z] > git status -z -uall [3ms]
[2022-08-06T16:05:52.773Z] > git symbolic-ref --short HEAD [1ms]
[2022-08-06T16:05:52.780Z] > git for-each-ref --format=%(refname)%00%(upstream:short)%00%(objectname)%00%(upstream:track)%00%(upstream:remotename)%00%(upstream:remoteref) refs/heads/master refs/remotes/master [2ms]
[2022-08-06T16:05:52.791Z] > git for-each-ref --sort -committerdate --format %(refname) %(objectname) %(*objectname) [5ms]
[2022-08-06T16:05:52.791Z] > git remote --verbose [1ms]
[2022-08-06T16:05:52.800Z] > git config --get commit.template [2ms]
[2022-08-06T16:05:57.810Z] > git status -z -uall [2ms]
[2022-08-06T16:05:57.817Z] > git symbolic-ref --short HEAD [2ms]
[2022-08-06T16:05:57.822Z] > git for-each-ref --format=%(refname)%00%(upstream:short)%00%(objectname)%00%(upstream:track)%00%(upstream:remotename)%00%(upstream:remoteref) refs/heads/master refs/remotes/master [2ms]
[2022-08-06T16:05:57.834Z] > git for-each-ref --sort -committerdate --format %(refname) %(objectname) %(*objectname) [6ms]
[2022-08-06T16:05:57.835Z] > git remote --verbose [2ms]
[2022-08-06T16:05:57.842Z] > git config --get commit.template [1ms]
[2022-08-06T16:06:02.859Z] > git status -z -uall [2ms]
[2022-08-06T16:06:02.872Z] > git symbolic-ref --short HEAD [3ms]
[2022-08-06T16:06:02.880Z] > git for-each-ref --format=%(refname)%00%(upstream:short)%00%(objectname)%00%(upstream:track)%00%(upstream:remotename)%00%(upstream:remoteref) refs/heads/master refs/remotes/master [1ms]
[2022-08-06T16:06:02.896Z] > git for-each-ref --sort -committerdate --format %(refname) %(objectname) %(*objectname) [7ms]
[2022-08-06T16:06:02.896Z] > git remote --verbose [2ms]
[2022-08-06T16:06:02.907Z] > git config --get commit.template [2ms]
[2022-08-06T16:14:16.015Z] > git status -z -uall [1ms]
[2022-08-06T16:14:16.019Z] > git symbolic-ref --short HEAD [1ms]
[2022-08-06T16:14:16.023Z] > git for-each-ref --format=%(refname)%00%(upstream:short)%00%(objectname)%00%(upstream:track)%00%(upstream:remotename)%00%(upstream:remoteref) refs/heads/master refs/remotes/master [1ms]
[2022-08-06T16:14:16.029Z] > git for-each-ref --sort -committerdate --format %(refname) %(objectname) %(*objectname) [3ms]
[2022-08-06T16:14:16.029Z] > git remote --verbose [0ms]
[2022-08-06T16:14:16.034Z] > git config --get commit.template [1ms]
[2022-08-06T16:14:21.048Z] > git status -z -uall [3ms]
[2022-08-06T16:14:21.056Z] > git symbolic-ref --short HEAD [2ms]
[2022-08-06T16:14:21.063Z] > git for-each-ref --format=%(refname)%00%(upstream:short)%00%(objectname)%00%(upstream:track)%00%(upstream:remotename)%00%(upstream:remoteref) refs/heads/master refs/remotes/master [2ms]
[2022-08-06T16:14:21.077Z] > git for-each-ref --sort -committerdate --format %(refname) %(objectname) %(*objectname) [7ms]
[2022-08-06T16:14:21.077Z] > git remote --verbose [1ms]
[2022-08-06T16:14:21.088Z] > git config --get commit.template [2ms]
[2022-08-06T16:14:58.551Z] > git status -z -uall [2ms]
[2022-08-06T16:14:58.562Z] > git symbolic-ref --short HEAD [2ms]
[2022-08-06T16:14:58.572Z] > git for-each-ref --format=%(refname)%00%(upstream:short)%00%(objectname)%00%(upstream:track)%00%(upstream:remotename)%00%(upstream:remoteref) refs/heads/master refs/remotes/master [2ms]
[2022-08-06T16:14:58.588Z] > git for-each-ref --sort -committerdate --format %(refname) %(objectname) %(*objectname) [7ms]
[2022-08-06T16:14:58.588Z] > git remote --verbose [2ms]
[2022-08-06T16:14:58.597Z] > git config --get commit.template [1ms]
