[2022-07-30T17:45:27.652Z] Log level: Info
[2022-07-30T17:45:27.654Z] [info] Validating found git in: git
[2022-07-30T17:45:27.671Z] [info] Using git 2.37.0 from git
[2022-07-30T17:45:27.687Z] > git rev-parse --show-toplevel [3ms]
[2022-07-30T17:45:27.697Z] > git rev-parse --git-dir --git-common-dir [1ms]
[2022-07-30T17:45:27.703Z] [info] Open repository: /home/gaffclant/Programming/Rust/guessing_game
[2022-07-30T17:45:27.720Z] > git status -z -uall [6ms]
[2022-07-30T17:45:27.728Z] > git symbolic-ref --short HEAD [2ms]
[2022-07-30T17:45:27.735Z] > git for-each-ref --format=%(refname)%00%(upstream:short)%00%(objectname)%00%(upstream:track)%00%(upstream:remotename)%00%(upstream:remoteref) refs/heads/master refs/remotes/master [2ms]
[2022-07-30T17:45:27.745Z] > git remote --verbose [2ms]
[2022-07-30T17:45:27.745Z] > git for-each-ref --sort -committerdate --format %(refname) %(objectname) %(*objectname) [6ms]
[2022-07-30T17:45:27.755Z] > git config --get commit.template [2ms]
[2022-07-30T17:45:27.765Z] > git status -z -uall [2ms]
[2022-07-30T17:45:27.771Z] > git symbolic-ref --short HEAD [2ms]
[2022-07-30T17:45:27.779Z] > git for-each-ref --format=%(refname)%00%(upstream:short)%00%(objectname)%00%(upstream:track)%00%(upstream:remotename)%00%(upstream:remoteref) refs/heads/master refs/remotes/master [1ms]
[2022-07-30T17:45:27.792Z] > git for-each-ref --sort -committerdate --format %(refname) %(objectname) %(*objectname) [6ms]
[2022-07-30T17:45:27.792Z] > git remote --verbose [1ms]
[2022-07-30T17:45:27.808Z] > git config --get commit.template [7ms]
[2022-07-30T17:45:28.304Z] > git show --textconv :src/main.rs [11ms]
[2022-07-30T17:45:28.306Z] > git ls-files --stage -- /home/gaffclant/Programming/Rust/guessing_game/src/main.rs [3ms]
[2022-07-30T17:45:28.659Z] > git check-ignore -v -z --stdin [1ms]
[2022-07-30T17:45:29.140Z] > git status -z -uall [1ms]
[2022-07-30T17:45:29.144Z] > git symbolic-ref --short HEAD [1ms]
[2022-07-30T17:45:29.149Z] > git for-each-ref --format=%(refname)%00%(upstream:short)%00%(objectname)%00%(upstream:track)%00%(upstream:remotename)%00%(upstream:remoteref) refs/heads/master refs/remotes/master [1ms]
[2022-07-30T17:45:29.158Z] > git for-each-ref --sort -committerdate --format %(refname) %(objectname) %(*objectname) [5ms]
[2022-07-30T17:45:29.158Z] > git remote --verbose [1ms]
[2022-07-30T17:45:29.165Z] > git config --get commit.template [1ms]
[2022-07-30T17:45:39.474Z] > git status -z -uall [1ms]
[2022-07-30T17:45:39.479Z] > git symbolic-ref --short HEAD [1ms]
[2022-07-30T17:45:39.487Z] > git for-each-ref --format=%(refname)%00%(upstream:short)%00%(objectname)%00%(upstream:track)%00%(upstream:remotename)%00%(upstream:remoteref) refs/heads/master refs/remotes/master [5ms]
[2022-07-30T17:45:39.494Z] > git for-each-ref --sort -committerdate --format %(refname) %(objectname) %(*objectname) [4ms]
[2022-07-30T17:45:39.494Z] > git remote --verbose [1ms]
[2022-07-30T17:45:39.499Z] > git config --get commit.template [1ms]
[2022-07-30T17:45:44.504Z] > git status -z -uall [1ms]
[2022-07-30T17:45:44.508Z] > git symbolic-ref --short HEAD [1ms]
[2022-07-30T17:45:44.511Z] > git for-each-ref --format=%(refname)%00%(upstream:short)%00%(objectname)%00%(upstream:track)%00%(upstream:remotename)%00%(upstream:remoteref) refs/heads/master refs/remotes/master [1ms]
[2022-07-30T17:45:44.518Z] > git for-each-ref --sort -committerdate --format %(refname) %(objectname) %(*objectname) [4ms]
[2022-07-30T17:45:44.518Z] > git remote --verbose [1ms]
[2022-07-30T17:45:44.524Z] > git config --get commit.template [1ms]
[2022-07-30T17:45:49.532Z] > git status -z -uall [2ms]
[2022-07-30T17:45:49.537Z] > git symbolic-ref --short HEAD [1ms]
[2022-07-30T17:45:49.540Z] > git for-each-ref --format=%(refname)%00%(upstream:short)%00%(objectname)%00%(upstream:track)%00%(upstream:remotename)%00%(upstream:remoteref) refs/heads/master refs/remotes/master [1ms]
[2022-07-30T17:45:49.545Z] > git for-each-ref --sort -committerdate --format %(refname) %(objectname) %(*objectname) [3ms]
[2022-07-30T17:45:49.545Z] > git remote --verbose [1ms]
[2022-07-30T17:45:49.549Z] > git config --get commit.template [1ms]
[2022-07-30T17:45:54.557Z] > git status -z -uall [2ms]
[2022-07-30T17:45:54.561Z] > git symbolic-ref --short HEAD [1ms]
[2022-07-30T17:45:54.565Z] > git for-each-ref --format=%(refname)%00%(upstream:short)%00%(objectname)%00%(upstream:track)%00%(upstream:remotename)%00%(upstream:remoteref) refs/heads/master refs/remotes/master [1ms]
[2022-07-30T17:45:54.571Z] > git for-each-ref --sort -committerdate --format %(refname) %(objectname) %(*objectname) [3ms]
[2022-07-30T17:45:54.572Z] > git remote --verbose [1ms]
[2022-07-30T17:45:54.576Z] > git config --get commit.template [0ms]
[2022-07-30T17:45:59.586Z] > git status -z -uall [1ms]
[2022-07-30T17:45:59.590Z] > git symbolic-ref --short HEAD [1ms]
[2022-07-30T17:45:59.594Z] > git for-each-ref --format=%(refname)%00%(upstream:short)%00%(objectname)%00%(upstream:track)%00%(upstream:remotename)%00%(upstream:remoteref) refs/heads/master refs/remotes/master [1ms]
[2022-07-30T17:45:59.600Z] > git for-each-ref --sort -committerdate --format %(refname) %(objectname) %(*objectname) [3ms]
[2022-07-30T17:45:59.600Z] > git remote --verbose [1ms]
[2022-07-30T17:45:59.604Z] > git config --get commit.template [1ms]
[2022-07-30T17:46:27.245Z] > git show --textconv :src/main.rs [4ms]
[2022-07-30T17:46:27.246Z] > git ls-files --stage -- /home/gaffclant/Programming/Rust/guessing_game/src/main.rs [1ms]
[2022-07-30T17:46:37.866Z] > git show --textconv :src/main.rs [5ms]
[2022-07-30T17:46:37.866Z] > git ls-files --stage -- /home/gaffclant/Programming/Rust/guessing_game/src/main.rs [2ms]
[2022-07-30T17:46:41.431Z] > git show --textconv :src/main.rs [8ms]
[2022-07-30T17:46:41.432Z] > git ls-files --stage -- /home/gaffclant/Programming/Rust/guessing_game/src/main.rs [2ms]
[2022-07-30T17:46:51.630Z] > git status -z -uall [2ms]
[2022-07-30T17:46:51.640Z] > git symbolic-ref --short HEAD [2ms]
[2022-07-30T17:46:51.650Z] > git for-each-ref --format=%(refname)%00%(upstream:short)%00%(objectname)%00%(upstream:track)%00%(upstream:remotename)%00%(upstream:remoteref) refs/heads/master refs/remotes/master [2ms]
[2022-07-30T17:46:51.663Z] > git for-each-ref --sort -committerdate --format %(refname) %(objectname) %(*objectname) [6ms]
[2022-07-30T17:46:51.664Z] > git remote --verbose [2ms]
[2022-07-30T17:46:51.673Z] > git config --get commit.template [1ms]
[2022-07-30T17:47:27.244Z] > git check-ignore -v -z --stdin [1ms]
[2022-07-30T17:48:05.480Z] > git show --textconv :src/main.rs [7ms]
[2022-07-30T17:48:05.481Z] > git ls-files --stage -- /home/gaffclant/Programming/Rust/guessing_game/src/main.rs [2ms]
[2022-07-30T17:49:54.455Z] > git rev-parse --show-toplevel [1ms]
[2022-07-30T17:49:54.455Z] fatal: not a git repository (or any parent up to mount point /)
Stopping at filesystem boundary (GIT_DISCOVERY_ACROSS_FILESYSTEM not set).
[2022-07-30T17:50:16.114Z] > git status -z -uall [1ms]
[2022-07-30T17:50:16.118Z] > git symbolic-ref --short HEAD [1ms]
[2022-07-30T17:50:16.122Z] > git for-each-ref --format=%(refname)%00%(upstream:short)%00%(objectname)%00%(upstream:track)%00%(upstream:remotename)%00%(upstream:remoteref) refs/heads/master refs/remotes/master [1ms]
[2022-07-30T17:50:16.128Z] > git for-each-ref --sort -committerdate --format %(refname) %(objectname) %(*objectname) [3ms]
[2022-07-30T17:50:16.128Z] > git remote --verbose [1ms]
[2022-07-30T17:50:16.132Z] > git config --get commit.template [0ms]
[2022-07-30T17:51:33.591Z] > git show --textconv :Cargo.toml [3ms]
[2022-07-30T17:51:33.592Z] > git ls-files --stage -- /home/gaffclant/Programming/Rust/guessing_game/Cargo.toml [1ms]
[2022-07-30T17:51:38.085Z] > git show --textconv :Cargo.lock [3ms]
[2022-07-30T17:51:38.085Z] > git ls-files --stage -- /home/gaffclant/Programming/Rust/guessing_game/Cargo.lock [1ms]
[2022-07-30T17:51:38.756Z] > git show --textconv :Cargo.toml [5ms]
[2022-07-30T17:51:38.757Z] > git ls-files --stage -- /home/gaffclant/Programming/Rust/guessing_game/Cargo.toml [1ms]
[2022-07-30T17:51:39.302Z] > git show --textconv :Cargo.lock [4ms]
[2022-07-30T17:51:39.303Z] > git ls-files --stage -- /home/gaffclant/Programming/Rust/guessing_game/Cargo.lock [2ms]
[2022-07-30T17:51:56.154Z] > git show --textconv :Cargo.toml [4ms]
[2022-07-30T17:51:56.155Z] > git ls-files --stage -- /home/gaffclant/Programming/Rust/guessing_game/Cargo.toml [1ms]
[2022-07-30T17:52:14.816Z] > git status -z -uall [2ms]
[2022-07-30T17:52:14.823Z] > git symbolic-ref --short HEAD [1ms]
[2022-07-30T17:52:14.828Z] > git for-each-ref --format=%(refname)%00%(upstream:short)%00%(objectname)%00%(upstream:track)%00%(upstream:remotename)%00%(upstream:remoteref) refs/heads/master refs/remotes/master [1ms]
[2022-07-30T17:52:14.836Z] > git for-each-ref --sort -committerdate --format %(refname) %(objectname) %(*objectname) [4ms]
[2022-07-30T17:52:14.837Z] > git remote --verbose [2ms]
[2022-07-30T17:52:14.842Z] > git config --get commit.template [1ms]
[2022-07-30T17:52:54.015Z] > git status -z -uall [1ms]
[2022-07-30T17:52:54.020Z] > git symbolic-ref --short HEAD [1ms]
[2022-07-30T17:52:54.028Z] > git for-each-ref --format=%(refname)%00%(upstream:short)%00%(objectname)%00%(upstream:track)%00%(upstream:remotename)%00%(upstream:remoteref) refs/heads/master refs/remotes/master [1ms]
[2022-07-30T17:52:54.036Z] > git for-each-ref --sort -committerdate --format %(refname) %(objectname) %(*objectname) [4ms]
[2022-07-30T17:52:54.036Z] > git remote --verbose [1ms]
[2022-07-30T17:52:54.043Z] > git config --get commit.template [2ms]
[2022-07-30T17:53:23.970Z] > git show --textconv :Cargo.lock [3ms]
[2022-07-30T17:53:23.971Z] > git ls-files --stage -- /home/gaffclant/Programming/Rust/guessing_game/Cargo.lock [1ms]
[2022-07-30T17:53:25.728Z] > git show --textconv :Cargo.toml [3ms]
[2022-07-30T17:53:25.728Z] > git ls-files --stage -- /home/gaffclant/Programming/Rust/guessing_game/Cargo.toml [1ms]
[2022-07-30T17:53:26.776Z] > git show --textconv :Cargo.lock [2ms]
[2022-07-30T17:53:26.777Z] > git ls-files --stage -- /home/gaffclant/Programming/Rust/guessing_game/Cargo.lock [1ms]
[2022-07-30T17:53:29.437Z] > git show --textconv :Cargo.toml [3ms]
[2022-07-30T17:53:29.438Z] > git ls-files --stage -- /home/gaffclant/Programming/Rust/guessing_game/Cargo.toml [2ms]
[2022-07-30T17:56:48.306Z] > git status -z -uall [2ms]
[2022-07-30T17:56:48.310Z] > git symbolic-ref --short HEAD [1ms]
[2022-07-30T17:56:48.315Z] > git for-each-ref --format=%(refname)%00%(upstream:short)%00%(objectname)%00%(upstream:track)%00%(upstream:remotename)%00%(upstream:remoteref) refs/heads/master refs/remotes/master [1ms]
[2022-07-30T17:56:48.320Z] > git for-each-ref --sort -committerdate --format %(refname) %(objectname) %(*objectname) [2ms]
[2022-07-30T17:56:48.321Z] > git remote --verbose [1ms]
[2022-07-30T17:56:48.325Z] > git config --get commit.template [1ms]
