{"artifact":"/home/gaffclant/Programming/Rust/guessing_game/target/rls/debug/build/libc-1c19ff79802f6d09/build_script_build-1c19ff79802f6d09.d","emit":"dep-info"}
{"artifact":"/home/gaffclant/Programming/Rust/guessing_game/target/rls/debug/deps/cfg_if-d376b8a80bfae17a.d","emit":"dep-info"}
{"artifact":"/home/gaffclant/Programming/Rust/guessing_game/target/rls/debug/deps/save-analysis/libcfg_if-d376b8a80bfae17a.json","emit":"save-analysis"}
{"artifact":"/home/gaffclant/Programming/Rust/guessing_game/target/rls/debug/deps/libcfg_if-d376b8a80bfae17a.rmeta","emit":"metadata"}
{"artifact":"/home/gaffclant/Programming/Rust/guessing_game/target/rls/debug/build/libc-1c19ff79802f6d09/save-analysis/build_script_build-1c19ff79802f6d09.json","emit":"save-analysis"}
{"artifact":"/home/gaffclant/Programming/Rust/guessing_game/target/rls/debug/deps/ppv_lite86-afe4aee21b83226f.d","emit":"dep-info"}
{"artifact":"/home/gaffclant/Programming/Rust/guessing_game/target/rls/debug/build/libc-1c19ff79802f6d09/build_script_build-1c19ff79802f6d09","emit":"link"}
{"artifact":"/home/gaffclant/Programming/Rust/guessing_game/target/rls/debug/deps/save-analysis/libppv_lite86-afe4aee21b83226f.json","emit":"save-analysis"}
{"artifact":"/home/gaffclant/Programming/Rust/guessing_game/target/rls/debug/deps/libppv_lite86-afe4aee21b83226f.rmeta","emit":"metadata"}
{"artifact":"/home/gaffclant/Programming/Rust/guessing_game/target/rls/debug/deps/libc-42a07a9fd653cfdc.d","emit":"dep-info"}
{"artifact":"/home/gaffclant/Programming/Rust/guessing_game/target/rls/debug/deps/liblibc-42a07a9fd653cfdc.rmeta","emit":"metadata"}
{"artifact":"/home/gaffclant/Programming/Rust/guessing_game/target/rls/debug/deps/getrandom-5315293faccd36b4.d","emit":"dep-info"}
{"artifact":"/home/gaffclant/Programming/Rust/guessing_game/target/rls/debug/deps/save-analysis/libgetrandom-5315293faccd36b4.json","emit":"save-analysis"}
{"artifact":"/home/gaffclant/Programming/Rust/guessing_game/target/rls/debug/deps/libgetrandom-5315293faccd36b4.rmeta","emit":"metadata"}
{"artifact":"/home/gaffclant/Programming/Rust/guessing_game/target/rls/debug/deps/rand_core-a5e2f46192c44da0.d","emit":"dep-info"}
{"artifact":"/home/gaffclant/Programming/Rust/guessing_game/target/rls/debug/deps/save-analysis/librand_core-a5e2f46192c44da0.json","emit":"save-analysis"}
{"artifact":"/home/gaffclant/Programming/Rust/guessing_game/target/rls/debug/deps/librand_core-a5e2f46192c44da0.rmeta","emit":"metadata"}
{"artifact":"/home/gaffclant/Programming/Rust/guessing_game/target/rls/debug/deps/rand_chacha-84aacd400d624003.d","emit":"dep-info"}
{"artifact":"/home/gaffclant/Programming/Rust/guessing_game/target/rls/debug/deps/save-analysis/librand_chacha-84aacd400d624003.json","emit":"save-analysis"}
{"artifact":"/home/gaffclant/Programming/Rust/guessing_game/target/rls/debug/deps/librand_chacha-84aacd400d624003.rmeta","emit":"metadata"}
{"artifact":"/home/gaffclant/Programming/Rust/guessing_game/target/rls/debug/deps/rand-ac9657d301e22ed2.d","emit":"dep-info"}
{"artifact":"/home/gaffclant/Programming/Rust/guessing_game/target/rls/debug/deps/save-analysis/librand-ac9657d301e22ed2.json","emit":"save-analysis"}
{"artifact":"/home/gaffclant/Programming/Rust/guessing_game/target/rls/debug/deps/librand-ac9657d301e22ed2.rmeta","emit":"metadata"}
