[2022-07-05 15:25:59.187] [main] [info] window#load: attempt to load window (id: 1)
[2022-07-05 15:25:59.196] [main] [info] update#ctor - updates are disabled as there is no update URL
[2022-07-05 15:25:59.218] [main] [info] ExtensionHostStarterWorker created
[2022-07-05 15:26:02.292] [main] [info] window#load: window reported ready (id: 1)
[2022-07-05 15:26:02.619] [main] [info] Starting extension host with pid 25826 (fork() took 15 ms).
[2022-07-05 15:26:02.619] [main] [info] ExtensionHostStarterWorker.start() took 17 ms.
[2022-07-05 15:26:29.917] [main] [info] window#load: attempt to load window (id: 1)
[2022-07-05 15:26:29.949] [main] [info] Extension host with pid 25826 exited with code: 0, signal: null.
[2022-07-05 15:26:31.072] [main] [info] window#load: window reported ready (id: 1)
[2022-07-05 15:26:31.383] [main] [info] Starting extension host with pid 26570 (fork() took 12 ms).
[2022-07-05 15:26:31.384] [main] [info] ExtensionHostStarterWorker.start() took 15 ms.
[2022-07-05 15:39:57.232] [main] [info] window#load: attempt to load window (id: 3)
[2022-07-05 15:39:58.924] [main] [info] window#load: window reported ready (id: 3)
[2022-07-05 15:39:59.177] [main] [info] Starting extension host with pid 12803 (fork() took 17 ms).
[2022-07-05 15:39:59.179] [main] [info] ExtensionHostStarterWorker.start() took 26 ms.
[2022-07-05 15:39:59.477] [main] [info] Extension host with pid 26570 exited with code: 0, signal: null.
[2022-07-05 15:40:13.281] [main] [info] window#load: attempt to load window (id: 3)
[2022-07-05 15:40:13.287] [main] [info] Extension host with pid 12803 exited with code: 0, signal: null.
[2022-07-05 15:40:13.877] [main] [info] window#load: window reported ready (id: 3)
[2022-07-05 15:40:14.033] [main] [info] Starting extension host with pid 13194 (fork() took 9 ms).
[2022-07-05 15:40:14.033] [main] [info] ExtensionHostStarterWorker.start() took 9 ms.
[2022-07-05 15:40:17.864] [main] [info] Enabling inspect port on extension host with pid 13194.
[2022-07-05 15:42:40.968] [main] [info] Waiting for extension host with pid 13194 to exit.
[2022-07-05 15:42:40.968] [main] [info] Extension host with pid 13194 exited with code: 0, signal: null.
